[2023-04-02T20:54:34.000+0000] {processor.py:153} INFO - Started process (PID=26) to work on /opt/airflow/dags/dag_dbt_manifest.py
[2023-04-02T20:54:34.016+0000] {processor.py:743} INFO - Processing file /opt/airflow/dags/dag_dbt_manifest.py for tasks to queue
[2023-04-02T20:54:34.023+0000] {logging_mixin.py:137} INFO - [2023-04-02T20:54:34.023+0000] {dagbag.py:532} INFO - Filling up the DagBag from /opt/airflow/dags/dag_dbt_manifest.py
[2023-04-02T20:54:34.086+0000] {logging_mixin.py:137} INFO - [2023-04-02T20:54:34.083+0000] {dagbag.py:341} ERROR - Failed to import: /opt/airflow/dags/dag_dbt_manifest.py
Traceback (most recent call last):
  File "/home/airflow/.local/lib/python3.10/site-packages/airflow/models/dagbag.py", line 337, in parse
    loader.exec_module(new_module)
  File "<frozen importlib._bootstrap_external>", line 883, in exec_module
  File "<frozen importlib._bootstrap>", line 241, in _call_with_frames_removed
  File "/opt/airflow/dags/dag_dbt_manifest.py", line 65, in <module>
    data = load_manifest()
  File "/opt/airflow/dags/dag_dbt_manifest.py", line 31, in load_manifest
    with open(local_filepath) as f:
FileNotFoundError: [Errno 2] No such file or directory: '/mnt/dbt-repo/dbt-model-profiles/dbt_project_1/target/manifest.json'
[2023-04-02T20:54:34.087+0000] {processor.py:755} WARNING - No viable dags retrieved from /opt/airflow/dags/dag_dbt_manifest.py
[2023-04-02T20:54:34.159+0000] {processor.py:175} INFO - Processing /opt/airflow/dags/dag_dbt_manifest.py took 0.182 seconds
[2023-04-02T20:55:04.610+0000] {processor.py:153} INFO - Started process (PID=35) to work on /opt/airflow/dags/dag_dbt_manifest.py
[2023-04-02T20:55:04.613+0000] {processor.py:743} INFO - Processing file /opt/airflow/dags/dag_dbt_manifest.py for tasks to queue
[2023-04-02T20:55:04.615+0000] {logging_mixin.py:137} INFO - [2023-04-02T20:55:04.614+0000] {dagbag.py:532} INFO - Filling up the DagBag from /opt/airflow/dags/dag_dbt_manifest.py
[2023-04-02T20:55:04.641+0000] {logging_mixin.py:137} INFO - [2023-04-02T20:55:04.637+0000] {dagbag.py:341} ERROR - Failed to import: /opt/airflow/dags/dag_dbt_manifest.py
Traceback (most recent call last):
  File "/home/airflow/.local/lib/python3.10/site-packages/airflow/models/dagbag.py", line 337, in parse
    loader.exec_module(new_module)
  File "<frozen importlib._bootstrap_external>", line 883, in exec_module
  File "<frozen importlib._bootstrap>", line 241, in _call_with_frames_removed
  File "/opt/airflow/dags/dag_dbt_manifest.py", line 65, in <module>
    data = load_manifest()
  File "/opt/airflow/dags/dag_dbt_manifest.py", line 31, in load_manifest
    with open(local_filepath) as f:
FileNotFoundError: [Errno 2] No such file or directory: '/mnt/dbt-repo/dbt-model-profiles/dbt_project_1/target/manifest.json'
[2023-04-02T20:55:04.642+0000] {processor.py:755} WARNING - No viable dags retrieved from /opt/airflow/dags/dag_dbt_manifest.py
[2023-04-02T20:55:04.702+0000] {processor.py:175} INFO - Processing /opt/airflow/dags/dag_dbt_manifest.py took 0.108 seconds
[2023-04-02T20:55:35.184+0000] {processor.py:153} INFO - Started process (PID=44) to work on /opt/airflow/dags/dag_dbt_manifest.py
[2023-04-02T20:55:35.187+0000] {processor.py:743} INFO - Processing file /opt/airflow/dags/dag_dbt_manifest.py for tasks to queue
[2023-04-02T20:55:35.189+0000] {logging_mixin.py:137} INFO - [2023-04-02T20:55:35.188+0000] {dagbag.py:532} INFO - Filling up the DagBag from /opt/airflow/dags/dag_dbt_manifest.py
[2023-04-02T20:55:35.216+0000] {logging_mixin.py:137} INFO - [2023-04-02T20:55:35.213+0000] {dagbag.py:341} ERROR - Failed to import: /opt/airflow/dags/dag_dbt_manifest.py
Traceback (most recent call last):
  File "/home/airflow/.local/lib/python3.10/site-packages/airflow/models/dagbag.py", line 337, in parse
    loader.exec_module(new_module)
  File "<frozen importlib._bootstrap_external>", line 883, in exec_module
  File "<frozen importlib._bootstrap>", line 241, in _call_with_frames_removed
  File "/opt/airflow/dags/dag_dbt_manifest.py", line 65, in <module>
    data = load_manifest()
  File "/opt/airflow/dags/dag_dbt_manifest.py", line 31, in load_manifest
    with open(local_filepath) as f:
FileNotFoundError: [Errno 2] No such file or directory: '/mnt/dbt-repo/dbt-model-profiles/dbt_project_1/target/manifest.json'
[2023-04-02T20:55:35.219+0000] {processor.py:755} WARNING - No viable dags retrieved from /opt/airflow/dags/dag_dbt_manifest.py
[2023-04-02T20:55:35.249+0000] {processor.py:175} INFO - Processing /opt/airflow/dags/dag_dbt_manifest.py took 0.084 seconds
[2023-04-02T20:56:05.887+0000] {processor.py:153} INFO - Started process (PID=53) to work on /opt/airflow/dags/dag_dbt_manifest.py
[2023-04-02T20:56:05.890+0000] {processor.py:743} INFO - Processing file /opt/airflow/dags/dag_dbt_manifest.py for tasks to queue
[2023-04-02T20:56:05.894+0000] {logging_mixin.py:137} INFO - [2023-04-02T20:56:05.894+0000] {dagbag.py:532} INFO - Filling up the DagBag from /opt/airflow/dags/dag_dbt_manifest.py
[2023-04-02T20:56:05.937+0000] {logging_mixin.py:137} INFO - [2023-04-02T20:56:05.933+0000] {dagbag.py:341} ERROR - Failed to import: /opt/airflow/dags/dag_dbt_manifest.py
Traceback (most recent call last):
  File "/home/airflow/.local/lib/python3.10/site-packages/airflow/models/dagbag.py", line 337, in parse
    loader.exec_module(new_module)
  File "<frozen importlib._bootstrap_external>", line 883, in exec_module
  File "<frozen importlib._bootstrap>", line 241, in _call_with_frames_removed
  File "/opt/airflow/dags/dag_dbt_manifest.py", line 65, in <module>
    data = load_manifest()
  File "/opt/airflow/dags/dag_dbt_manifest.py", line 31, in load_manifest
    with open(local_filepath) as f:
FileNotFoundError: [Errno 2] No such file or directory: '/mnt/dbt-repo/dbt-model-profiles/dbt_project_1/target/manifest.json'
[2023-04-02T20:56:05.938+0000] {processor.py:755} WARNING - No viable dags retrieved from /opt/airflow/dags/dag_dbt_manifest.py
[2023-04-02T20:56:05.995+0000] {processor.py:175} INFO - Processing /opt/airflow/dags/dag_dbt_manifest.py took 0.116 seconds
[2023-04-02T20:56:22.326+0000] {processor.py:153} INFO - Started process (PID=63) to work on /opt/airflow/dags/dag_dbt_manifest.py
[2023-04-02T20:56:22.329+0000] {processor.py:743} INFO - Processing file /opt/airflow/dags/dag_dbt_manifest.py for tasks to queue
[2023-04-02T20:56:22.330+0000] {logging_mixin.py:137} INFO - [2023-04-02T20:56:22.330+0000] {dagbag.py:532} INFO - Filling up the DagBag from /opt/airflow/dags/dag_dbt_manifest.py
[2023-04-02T20:56:22.435+0000] {processor.py:753} INFO - DAG(s) dict_keys(['dag_dbt_manifest']) retrieved from /opt/airflow/dags/dag_dbt_manifest.py
[2023-04-02T20:56:22.979+0000] {logging_mixin.py:137} INFO - [2023-04-02T20:56:22.979+0000] {manager.py:504} INFO - Created Permission View: can read on DAG:dag_dbt_manifest
[2023-04-02T20:56:22.991+0000] {logging_mixin.py:137} INFO - [2023-04-02T20:56:22.991+0000] {manager.py:504} INFO - Created Permission View: can delete on DAG:dag_dbt_manifest
[2023-04-02T20:56:22.996+0000] {logging_mixin.py:137} INFO - [2023-04-02T20:56:22.996+0000] {manager.py:504} INFO - Created Permission View: can edit on DAG:dag_dbt_manifest
[2023-04-02T20:56:22.997+0000] {logging_mixin.py:137} INFO - [2023-04-02T20:56:22.997+0000] {dag.py:2693} INFO - Sync 1 DAGs
[2023-04-02T20:56:23.007+0000] {logging_mixin.py:137} INFO - [2023-04-02T20:56:23.007+0000] {dag.py:2714} INFO - Creating ORM DAG for dag_dbt_manifest
[2023-04-02T20:56:23.018+0000] {logging_mixin.py:137} INFO - [2023-04-02T20:56:23.018+0000] {dag.py:3440} INFO - Setting next_dagrun for dag_dbt_manifest to 2020-12-23T00:00:00+00:00, run_after=2020-12-24T00:00:00+00:00
[2023-04-02T20:56:23.034+0000] {processor.py:175} INFO - Processing /opt/airflow/dags/dag_dbt_manifest.py took 0.717 seconds
[2023-04-02T20:56:53.441+0000] {processor.py:153} INFO - Started process (PID=72) to work on /opt/airflow/dags/dag_dbt_manifest.py
[2023-04-02T20:56:53.444+0000] {processor.py:743} INFO - Processing file /opt/airflow/dags/dag_dbt_manifest.py for tasks to queue
[2023-04-02T20:56:53.445+0000] {logging_mixin.py:137} INFO - [2023-04-02T20:56:53.445+0000] {dagbag.py:532} INFO - Filling up the DagBag from /opt/airflow/dags/dag_dbt_manifest.py
[2023-04-02T20:56:53.502+0000] {processor.py:753} INFO - DAG(s) dict_keys(['dag_dbt_manifest']) retrieved from /opt/airflow/dags/dag_dbt_manifest.py
[2023-04-02T20:56:53.547+0000] {logging_mixin.py:137} INFO - [2023-04-02T20:56:53.547+0000] {dag.py:2693} INFO - Sync 1 DAGs
[2023-04-02T20:56:53.571+0000] {logging_mixin.py:137} INFO - [2023-04-02T20:56:53.571+0000] {dag.py:3440} INFO - Setting next_dagrun for dag_dbt_manifest to 2020-12-23T00:00:00+00:00, run_after=2020-12-24T00:00:00+00:00
[2023-04-02T20:56:53.587+0000] {processor.py:175} INFO - Processing /opt/airflow/dags/dag_dbt_manifest.py took 0.153 seconds
[2023-04-02T20:57:24.076+0000] {processor.py:153} INFO - Started process (PID=81) to work on /opt/airflow/dags/dag_dbt_manifest.py
[2023-04-02T20:57:24.086+0000] {processor.py:743} INFO - Processing file /opt/airflow/dags/dag_dbt_manifest.py for tasks to queue
[2023-04-02T20:57:24.088+0000] {logging_mixin.py:137} INFO - [2023-04-02T20:57:24.088+0000] {dagbag.py:532} INFO - Filling up the DagBag from /opt/airflow/dags/dag_dbt_manifest.py
[2023-04-02T20:57:24.144+0000] {processor.py:753} INFO - DAG(s) dict_keys(['dag_dbt_manifest']) retrieved from /opt/airflow/dags/dag_dbt_manifest.py
[2023-04-02T20:57:24.187+0000] {logging_mixin.py:137} INFO - [2023-04-02T20:57:24.187+0000] {dag.py:2693} INFO - Sync 1 DAGs
[2023-04-02T20:57:24.220+0000] {logging_mixin.py:137} INFO - [2023-04-02T20:57:24.220+0000] {dag.py:3440} INFO - Setting next_dagrun for dag_dbt_manifest to 2020-12-23T00:00:00+00:00, run_after=2020-12-24T00:00:00+00:00
[2023-04-02T20:57:24.478+0000] {processor.py:175} INFO - Processing /opt/airflow/dags/dag_dbt_manifest.py took 0.413 seconds
[2023-04-02T20:57:54.716+0000] {processor.py:153} INFO - Started process (PID=90) to work on /opt/airflow/dags/dag_dbt_manifest.py
[2023-04-02T20:57:54.721+0000] {processor.py:743} INFO - Processing file /opt/airflow/dags/dag_dbt_manifest.py for tasks to queue
[2023-04-02T20:57:54.723+0000] {logging_mixin.py:137} INFO - [2023-04-02T20:57:54.723+0000] {dagbag.py:532} INFO - Filling up the DagBag from /opt/airflow/dags/dag_dbt_manifest.py
[2023-04-02T20:57:54.805+0000] {processor.py:753} INFO - DAG(s) dict_keys(['dag_dbt_manifest']) retrieved from /opt/airflow/dags/dag_dbt_manifest.py
[2023-04-02T20:57:54.875+0000] {logging_mixin.py:137} INFO - [2023-04-02T20:57:54.875+0000] {dag.py:2693} INFO - Sync 1 DAGs
[2023-04-02T20:57:55.148+0000] {logging_mixin.py:137} INFO - [2023-04-02T20:57:55.148+0000] {dag.py:3440} INFO - Setting next_dagrun for dag_dbt_manifest to 2020-12-23T00:00:00+00:00, run_after=2020-12-24T00:00:00+00:00
[2023-04-02T20:57:55.165+0000] {processor.py:175} INFO - Processing /opt/airflow/dags/dag_dbt_manifest.py took 0.460 seconds
[2023-04-02T20:58:25.653+0000] {processor.py:153} INFO - Started process (PID=99) to work on /opt/airflow/dags/dag_dbt_manifest.py
[2023-04-02T20:58:25.656+0000] {processor.py:743} INFO - Processing file /opt/airflow/dags/dag_dbt_manifest.py for tasks to queue
[2023-04-02T20:58:25.657+0000] {logging_mixin.py:137} INFO - [2023-04-02T20:58:25.657+0000] {dagbag.py:532} INFO - Filling up the DagBag from /opt/airflow/dags/dag_dbt_manifest.py
[2023-04-02T20:58:25.737+0000] {processor.py:753} INFO - DAG(s) dict_keys(['dag_dbt_manifest']) retrieved from /opt/airflow/dags/dag_dbt_manifest.py
[2023-04-02T20:58:25.786+0000] {logging_mixin.py:137} INFO - [2023-04-02T20:58:25.786+0000] {dag.py:2693} INFO - Sync 1 DAGs
[2023-04-02T20:58:26.088+0000] {logging_mixin.py:137} INFO - [2023-04-02T20:58:26.088+0000] {dag.py:3440} INFO - Setting next_dagrun for dag_dbt_manifest to 2020-12-23T00:00:00+00:00, run_after=2020-12-24T00:00:00+00:00
[2023-04-02T20:58:26.101+0000] {processor.py:175} INFO - Processing /opt/airflow/dags/dag_dbt_manifest.py took 0.456 seconds
[2023-04-02T20:58:56.537+0000] {processor.py:153} INFO - Started process (PID=108) to work on /opt/airflow/dags/dag_dbt_manifest.py
[2023-04-02T20:58:56.541+0000] {processor.py:743} INFO - Processing file /opt/airflow/dags/dag_dbt_manifest.py for tasks to queue
[2023-04-02T20:58:56.547+0000] {logging_mixin.py:137} INFO - [2023-04-02T20:58:56.547+0000] {dagbag.py:532} INFO - Filling up the DagBag from /opt/airflow/dags/dag_dbt_manifest.py
[2023-04-02T20:58:56.610+0000] {processor.py:753} INFO - DAG(s) dict_keys(['dag_dbt_manifest']) retrieved from /opt/airflow/dags/dag_dbt_manifest.py
[2023-04-02T20:58:56.868+0000] {logging_mixin.py:137} INFO - [2023-04-02T20:58:56.868+0000] {dag.py:2693} INFO - Sync 1 DAGs
[2023-04-02T20:58:56.886+0000] {logging_mixin.py:137} INFO - [2023-04-02T20:58:56.886+0000] {dag.py:3440} INFO - Setting next_dagrun for dag_dbt_manifest to 2020-12-23T00:00:00+00:00, run_after=2020-12-24T00:00:00+00:00
[2023-04-02T20:58:56.899+0000] {processor.py:175} INFO - Processing /opt/airflow/dags/dag_dbt_manifest.py took 0.377 seconds
[2023-04-02T20:59:27.286+0000] {processor.py:153} INFO - Started process (PID=117) to work on /opt/airflow/dags/dag_dbt_manifest.py
[2023-04-02T20:59:27.289+0000] {processor.py:743} INFO - Processing file /opt/airflow/dags/dag_dbt_manifest.py for tasks to queue
[2023-04-02T20:59:27.290+0000] {logging_mixin.py:137} INFO - [2023-04-02T20:59:27.290+0000] {dagbag.py:532} INFO - Filling up the DagBag from /opt/airflow/dags/dag_dbt_manifest.py
[2023-04-02T20:59:27.617+0000] {processor.py:753} INFO - DAG(s) dict_keys(['dag_dbt_manifest']) retrieved from /opt/airflow/dags/dag_dbt_manifest.py
[2023-04-02T20:59:27.644+0000] {logging_mixin.py:137} INFO - [2023-04-02T20:59:27.644+0000] {dag.py:2693} INFO - Sync 1 DAGs
[2023-04-02T20:59:27.662+0000] {logging_mixin.py:137} INFO - [2023-04-02T20:59:27.661+0000] {dag.py:3440} INFO - Setting next_dagrun for dag_dbt_manifest to 2020-12-23T00:00:00+00:00, run_after=2020-12-24T00:00:00+00:00
[2023-04-02T20:59:27.685+0000] {processor.py:175} INFO - Processing /opt/airflow/dags/dag_dbt_manifest.py took 0.418 seconds
[2023-04-02T20:59:58.150+0000] {processor.py:153} INFO - Started process (PID=126) to work on /opt/airflow/dags/dag_dbt_manifest.py
[2023-04-02T20:59:58.155+0000] {processor.py:743} INFO - Processing file /opt/airflow/dags/dag_dbt_manifest.py for tasks to queue
[2023-04-02T20:59:58.157+0000] {logging_mixin.py:137} INFO - [2023-04-02T20:59:58.156+0000] {dagbag.py:532} INFO - Filling up the DagBag from /opt/airflow/dags/dag_dbt_manifest.py
[2023-04-02T20:59:58.502+0000] {processor.py:753} INFO - DAG(s) dict_keys(['dag_dbt_manifest']) retrieved from /opt/airflow/dags/dag_dbt_manifest.py
[2023-04-02T20:59:58.528+0000] {logging_mixin.py:137} INFO - [2023-04-02T20:59:58.528+0000] {dag.py:2693} INFO - Sync 1 DAGs
[2023-04-02T20:59:58.545+0000] {logging_mixin.py:137} INFO - [2023-04-02T20:59:58.545+0000] {dag.py:3440} INFO - Setting next_dagrun for dag_dbt_manifest to 2020-12-23T00:00:00+00:00, run_after=2020-12-24T00:00:00+00:00
[2023-04-02T20:59:58.558+0000] {processor.py:175} INFO - Processing /opt/airflow/dags/dag_dbt_manifest.py took 0.415 seconds
[2023-04-02T21:00:28.966+0000] {processor.py:153} INFO - Started process (PID=135) to work on /opt/airflow/dags/dag_dbt_manifest.py
[2023-04-02T21:00:28.972+0000] {processor.py:743} INFO - Processing file /opt/airflow/dags/dag_dbt_manifest.py for tasks to queue
[2023-04-02T21:00:28.974+0000] {logging_mixin.py:137} INFO - [2023-04-02T21:00:28.974+0000] {dagbag.py:532} INFO - Filling up the DagBag from /opt/airflow/dags/dag_dbt_manifest.py
[2023-04-02T21:00:29.307+0000] {processor.py:753} INFO - DAG(s) dict_keys(['dag_dbt_manifest']) retrieved from /opt/airflow/dags/dag_dbt_manifest.py
[2023-04-02T21:00:29.334+0000] {logging_mixin.py:137} INFO - [2023-04-02T21:00:29.334+0000] {dag.py:2693} INFO - Sync 1 DAGs
[2023-04-02T21:00:29.351+0000] {logging_mixin.py:137} INFO - [2023-04-02T21:00:29.351+0000] {dag.py:3440} INFO - Setting next_dagrun for dag_dbt_manifest to 2020-12-23T00:00:00+00:00, run_after=2020-12-24T00:00:00+00:00
[2023-04-02T21:00:29.364+0000] {processor.py:175} INFO - Processing /opt/airflow/dags/dag_dbt_manifest.py took 0.414 seconds
[2023-04-02T21:01:00.152+0000] {processor.py:153} INFO - Started process (PID=144) to work on /opt/airflow/dags/dag_dbt_manifest.py
[2023-04-02T21:01:00.156+0000] {processor.py:743} INFO - Processing file /opt/airflow/dags/dag_dbt_manifest.py for tasks to queue
[2023-04-02T21:01:00.157+0000] {logging_mixin.py:137} INFO - [2023-04-02T21:01:00.157+0000] {dagbag.py:532} INFO - Filling up the DagBag from /opt/airflow/dags/dag_dbt_manifest.py
[2023-04-02T21:01:00.195+0000] {processor.py:753} INFO - DAG(s) dict_keys(['dag_dbt_manifest']) retrieved from /opt/airflow/dags/dag_dbt_manifest.py
[2023-04-02T21:01:00.238+0000] {logging_mixin.py:137} INFO - [2023-04-02T21:01:00.237+0000] {dag.py:2693} INFO - Sync 1 DAGs
[2023-04-02T21:01:00.270+0000] {logging_mixin.py:137} INFO - [2023-04-02T21:01:00.270+0000] {dag.py:3440} INFO - Setting next_dagrun for dag_dbt_manifest to 2020-12-23T00:00:00+00:00, run_after=2020-12-24T00:00:00+00:00
[2023-04-02T21:01:00.285+0000] {processor.py:175} INFO - Processing /opt/airflow/dags/dag_dbt_manifest.py took 0.141 seconds
[2023-04-02T21:01:12.436+0000] {processor.py:153} INFO - Started process (PID=145) to work on /opt/airflow/dags/dag_dbt_manifest.py
[2023-04-02T21:01:12.440+0000] {processor.py:743} INFO - Processing file /opt/airflow/dags/dag_dbt_manifest.py for tasks to queue
[2023-04-02T21:01:12.442+0000] {logging_mixin.py:137} INFO - [2023-04-02T21:01:12.442+0000] {dagbag.py:532} INFO - Filling up the DagBag from /opt/airflow/dags/dag_dbt_manifest.py
[2023-04-02T21:01:12.520+0000] {logging_mixin.py:137} INFO - [2023-04-02T21:01:12.517+0000] {dagbag.py:341} ERROR - Failed to import: /opt/airflow/dags/dag_dbt_manifest.py
Traceback (most recent call last):
  File "/home/airflow/.local/lib/python3.10/site-packages/airflow/models/dagbag.py", line 337, in parse
    loader.exec_module(new_module)
  File "<frozen importlib._bootstrap_external>", line 883, in exec_module
  File "<frozen importlib._bootstrap>", line 241, in _call_with_frames_removed
  File "/opt/airflow/dags/dag_dbt_manifest.py", line 80, in <module>
    dbt_tasks[node] >> dbt_tasks[node_test]
KeyError: 'test.dbt_project_1.my_first_dbt_test'
[2023-04-02T21:01:12.521+0000] {processor.py:755} WARNING - No viable dags retrieved from /opt/airflow/dags/dag_dbt_manifest.py
[2023-04-02T21:01:12.581+0000] {processor.py:175} INFO - Processing /opt/airflow/dags/dag_dbt_manifest.py took 0.156 seconds
[2023-04-02T21:01:19.731+0000] {processor.py:153} INFO - Started process (PID=147) to work on /opt/airflow/dags/dag_dbt_manifest.py
[2023-04-02T21:01:19.735+0000] {processor.py:743} INFO - Processing file /opt/airflow/dags/dag_dbt_manifest.py for tasks to queue
[2023-04-02T21:01:19.736+0000] {logging_mixin.py:137} INFO - [2023-04-02T21:01:19.736+0000] {dagbag.py:532} INFO - Filling up the DagBag from /opt/airflow/dags/dag_dbt_manifest.py
[2023-04-02T21:01:19.818+0000] {processor.py:753} INFO - DAG(s) dict_keys(['dag_dbt_manifest']) retrieved from /opt/airflow/dags/dag_dbt_manifest.py
[2023-04-02T21:01:19.916+0000] {logging_mixin.py:137} INFO - [2023-04-02T21:01:19.915+0000] {dag.py:2693} INFO - Sync 1 DAGs
[2023-04-02T21:01:19.947+0000] {logging_mixin.py:137} INFO - [2023-04-02T21:01:19.947+0000] {dag.py:3440} INFO - Setting next_dagrun for dag_dbt_manifest to 2020-12-23T00:00:00+00:00, run_after=2020-12-24T00:00:00+00:00
[2023-04-02T21:01:19.975+0000] {processor.py:175} INFO - Processing /opt/airflow/dags/dag_dbt_manifest.py took 0.253 seconds
[2023-04-02T21:01:25.111+0000] {processor.py:153} INFO - Started process (PID=155) to work on /opt/airflow/dags/dag_dbt_manifest.py
[2023-04-02T21:01:25.115+0000] {processor.py:743} INFO - Processing file /opt/airflow/dags/dag_dbt_manifest.py for tasks to queue
[2023-04-02T21:01:25.117+0000] {logging_mixin.py:137} INFO - [2023-04-02T21:01:25.117+0000] {dagbag.py:532} INFO - Filling up the DagBag from /opt/airflow/dags/dag_dbt_manifest.py
[2023-04-02T21:01:25.132+0000] {logging_mixin.py:137} INFO - [2023-04-02T21:01:25.130+0000] {dagbag.py:341} ERROR - Failed to import: /opt/airflow/dags/dag_dbt_manifest.py
Traceback (most recent call last):
  File "/home/airflow/.local/lib/python3.10/site-packages/airflow/models/dagbag.py", line 337, in parse
    loader.exec_module(new_module)
  File "<frozen importlib._bootstrap_external>", line 879, in exec_module
  File "<frozen importlib._bootstrap_external>", line 1017, in get_code
  File "<frozen importlib._bootstrap_external>", line 947, in source_to_code
  File "<frozen importlib._bootstrap>", line 241, in _call_with_frames_removed
  File "/opt/airflow/dags/dag_dbt_manifest.py", line 87
    # dbt_tasks[upstream_node] >> dbt_tasks[node]
                                                 ^
IndentationError: expected an indented block after 'if' statement on line 86
[2023-04-02T21:01:25.133+0000] {processor.py:755} WARNING - No viable dags retrieved from /opt/airflow/dags/dag_dbt_manifest.py
[2023-04-02T21:01:25.189+0000] {processor.py:175} INFO - Processing /opt/airflow/dags/dag_dbt_manifest.py took 0.093 seconds
[2023-04-02T21:01:33.318+0000] {processor.py:153} INFO - Started process (PID=156) to work on /opt/airflow/dags/dag_dbt_manifest.py
[2023-04-02T21:01:33.322+0000] {processor.py:743} INFO - Processing file /opt/airflow/dags/dag_dbt_manifest.py for tasks to queue
[2023-04-02T21:01:33.329+0000] {logging_mixin.py:137} INFO - [2023-04-02T21:01:33.328+0000] {dagbag.py:532} INFO - Filling up the DagBag from /opt/airflow/dags/dag_dbt_manifest.py
[2023-04-02T21:01:33.458+0000] {processor.py:753} INFO - DAG(s) dict_keys(['dag_dbt_manifest']) retrieved from /opt/airflow/dags/dag_dbt_manifest.py
[2023-04-02T21:01:33.569+0000] {logging_mixin.py:137} INFO - [2023-04-02T21:01:33.568+0000] {dag.py:2693} INFO - Sync 1 DAGs
[2023-04-02T21:01:33.643+0000] {logging_mixin.py:137} INFO - [2023-04-02T21:01:33.643+0000] {dag.py:3440} INFO - Setting next_dagrun for dag_dbt_manifest to 2020-12-23T00:00:00+00:00, run_after=2020-12-24T00:00:00+00:00
[2023-04-02T21:01:33.699+0000] {processor.py:175} INFO - Processing /opt/airflow/dags/dag_dbt_manifest.py took 0.395 seconds
[2023-04-02T21:02:04.210+0000] {processor.py:153} INFO - Started process (PID=165) to work on /opt/airflow/dags/dag_dbt_manifest.py
[2023-04-02T21:02:04.214+0000] {processor.py:743} INFO - Processing file /opt/airflow/dags/dag_dbt_manifest.py for tasks to queue
[2023-04-02T21:02:04.216+0000] {logging_mixin.py:137} INFO - [2023-04-02T21:02:04.216+0000] {dagbag.py:532} INFO - Filling up the DagBag from /opt/airflow/dags/dag_dbt_manifest.py
[2023-04-02T21:02:04.273+0000] {processor.py:753} INFO - DAG(s) dict_keys(['dag_dbt_manifest']) retrieved from /opt/airflow/dags/dag_dbt_manifest.py
[2023-04-02T21:02:04.350+0000] {logging_mixin.py:137} INFO - [2023-04-02T21:02:04.350+0000] {dag.py:2693} INFO - Sync 1 DAGs
[2023-04-02T21:02:04.373+0000] {logging_mixin.py:137} INFO - [2023-04-02T21:02:04.373+0000] {dag.py:3440} INFO - Setting next_dagrun for dag_dbt_manifest to 2020-12-23T00:00:00+00:00, run_after=2020-12-24T00:00:00+00:00
[2023-04-02T21:02:04.395+0000] {processor.py:175} INFO - Processing /opt/airflow/dags/dag_dbt_manifest.py took 0.200 seconds
[2023-04-02T21:02:34.935+0000] {processor.py:153} INFO - Started process (PID=174) to work on /opt/airflow/dags/dag_dbt_manifest.py
[2023-04-02T21:02:34.938+0000] {processor.py:743} INFO - Processing file /opt/airflow/dags/dag_dbt_manifest.py for tasks to queue
[2023-04-02T21:02:34.940+0000] {logging_mixin.py:137} INFO - [2023-04-02T21:02:34.940+0000] {dagbag.py:532} INFO - Filling up the DagBag from /opt/airflow/dags/dag_dbt_manifest.py
[2023-04-02T21:02:34.986+0000] {processor.py:753} INFO - DAG(s) dict_keys(['dag_dbt_manifest']) retrieved from /opt/airflow/dags/dag_dbt_manifest.py
[2023-04-02T21:02:35.026+0000] {logging_mixin.py:137} INFO - [2023-04-02T21:02:35.026+0000] {dag.py:2693} INFO - Sync 1 DAGs
[2023-04-02T21:02:35.050+0000] {logging_mixin.py:137} INFO - [2023-04-02T21:02:35.050+0000] {dag.py:3440} INFO - Setting next_dagrun for dag_dbt_manifest to 2020-12-23T00:00:00+00:00, run_after=2020-12-24T00:00:00+00:00
[2023-04-02T21:02:35.066+0000] {processor.py:175} INFO - Processing /opt/airflow/dags/dag_dbt_manifest.py took 0.147 seconds
[2023-04-02T21:03:05.536+0000] {processor.py:153} INFO - Started process (PID=183) to work on /opt/airflow/dags/dag_dbt_manifest.py
[2023-04-02T21:03:05.540+0000] {processor.py:743} INFO - Processing file /opt/airflow/dags/dag_dbt_manifest.py for tasks to queue
[2023-04-02T21:03:05.541+0000] {logging_mixin.py:137} INFO - [2023-04-02T21:03:05.541+0000] {dagbag.py:532} INFO - Filling up the DagBag from /opt/airflow/dags/dag_dbt_manifest.py
[2023-04-02T21:03:05.605+0000] {processor.py:753} INFO - DAG(s) dict_keys(['dag_dbt_manifest']) retrieved from /opt/airflow/dags/dag_dbt_manifest.py
[2023-04-02T21:03:05.656+0000] {logging_mixin.py:137} INFO - [2023-04-02T21:03:05.656+0000] {dag.py:2693} INFO - Sync 1 DAGs
[2023-04-02T21:03:05.680+0000] {logging_mixin.py:137} INFO - [2023-04-02T21:03:05.680+0000] {dag.py:3440} INFO - Setting next_dagrun for dag_dbt_manifest to 2020-12-23T00:00:00+00:00, run_after=2020-12-24T00:00:00+00:00
[2023-04-02T21:03:05.696+0000] {processor.py:175} INFO - Processing /opt/airflow/dags/dag_dbt_manifest.py took 0.168 seconds
[2023-04-02T21:03:36.220+0000] {processor.py:153} INFO - Started process (PID=192) to work on /opt/airflow/dags/dag_dbt_manifest.py
[2023-04-02T21:03:36.224+0000] {processor.py:743} INFO - Processing file /opt/airflow/dags/dag_dbt_manifest.py for tasks to queue
[2023-04-02T21:03:36.226+0000] {logging_mixin.py:137} INFO - [2023-04-02T21:03:36.226+0000] {dagbag.py:532} INFO - Filling up the DagBag from /opt/airflow/dags/dag_dbt_manifest.py
[2023-04-02T21:03:36.291+0000] {processor.py:753} INFO - DAG(s) dict_keys(['dag_dbt_manifest']) retrieved from /opt/airflow/dags/dag_dbt_manifest.py
[2023-04-02T21:03:36.380+0000] {logging_mixin.py:137} INFO - [2023-04-02T21:03:36.380+0000] {dag.py:2693} INFO - Sync 1 DAGs
[2023-04-02T21:03:36.404+0000] {logging_mixin.py:137} INFO - [2023-04-02T21:03:36.404+0000] {dag.py:3440} INFO - Setting next_dagrun for dag_dbt_manifest to 2020-12-23T00:00:00+00:00, run_after=2020-12-24T00:00:00+00:00
[2023-04-02T21:03:36.430+0000] {processor.py:175} INFO - Processing /opt/airflow/dags/dag_dbt_manifest.py took 0.220 seconds
[2023-04-02T21:04:06.950+0000] {processor.py:153} INFO - Started process (PID=201) to work on /opt/airflow/dags/dag_dbt_manifest.py
[2023-04-02T21:04:06.953+0000] {processor.py:743} INFO - Processing file /opt/airflow/dags/dag_dbt_manifest.py for tasks to queue
[2023-04-02T21:04:06.955+0000] {logging_mixin.py:137} INFO - [2023-04-02T21:04:06.955+0000] {dagbag.py:532} INFO - Filling up the DagBag from /opt/airflow/dags/dag_dbt_manifest.py
[2023-04-02T21:04:07.023+0000] {processor.py:753} INFO - DAG(s) dict_keys(['dag_dbt_manifest']) retrieved from /opt/airflow/dags/dag_dbt_manifest.py
[2023-04-02T21:04:07.056+0000] {logging_mixin.py:137} INFO - [2023-04-02T21:04:07.056+0000] {dag.py:2693} INFO - Sync 1 DAGs
[2023-04-02T21:04:07.079+0000] {logging_mixin.py:137} INFO - [2023-04-02T21:04:07.079+0000] {dag.py:3440} INFO - Setting next_dagrun for dag_dbt_manifest to 2020-12-23T00:00:00+00:00, run_after=2020-12-24T00:00:00+00:00
[2023-04-02T21:04:07.093+0000] {processor.py:175} INFO - Processing /opt/airflow/dags/dag_dbt_manifest.py took 0.149 seconds
[2023-04-02T21:04:37.486+0000] {processor.py:153} INFO - Started process (PID=210) to work on /opt/airflow/dags/dag_dbt_manifest.py
[2023-04-02T21:04:37.489+0000] {processor.py:743} INFO - Processing file /opt/airflow/dags/dag_dbt_manifest.py for tasks to queue
[2023-04-02T21:04:37.490+0000] {logging_mixin.py:137} INFO - [2023-04-02T21:04:37.490+0000] {dagbag.py:532} INFO - Filling up the DagBag from /opt/airflow/dags/dag_dbt_manifest.py
[2023-04-02T21:04:37.539+0000] {processor.py:753} INFO - DAG(s) dict_keys(['dag_dbt_manifest']) retrieved from /opt/airflow/dags/dag_dbt_manifest.py
[2023-04-02T21:04:37.585+0000] {logging_mixin.py:137} INFO - [2023-04-02T21:04:37.585+0000] {dag.py:2693} INFO - Sync 1 DAGs
[2023-04-02T21:04:37.632+0000] {logging_mixin.py:137} INFO - [2023-04-02T21:04:37.632+0000] {dag.py:3440} INFO - Setting next_dagrun for dag_dbt_manifest to 2020-12-23T00:00:00+00:00, run_after=2020-12-24T00:00:00+00:00
[2023-04-02T21:04:37.650+0000] {processor.py:175} INFO - Processing /opt/airflow/dags/dag_dbt_manifest.py took 0.172 seconds
[2023-04-02T21:05:00.135+0000] {processor.py:153} INFO - Started process (PID=220) to work on /opt/airflow/dags/dag_dbt_manifest.py
[2023-04-02T21:05:00.141+0000] {processor.py:743} INFO - Processing file /opt/airflow/dags/dag_dbt_manifest.py for tasks to queue
[2023-04-02T21:05:00.143+0000] {logging_mixin.py:137} INFO - [2023-04-02T21:05:00.143+0000] {dagbag.py:532} INFO - Filling up the DagBag from /opt/airflow/dags/dag_dbt_manifest.py
[2023-04-02T21:05:00.215+0000] {processor.py:753} INFO - DAG(s) dict_keys(['dag_dbt_manifest']) retrieved from /opt/airflow/dags/dag_dbt_manifest.py
[2023-04-02T21:05:00.304+0000] {logging_mixin.py:137} INFO - [2023-04-02T21:05:00.304+0000] {dag.py:2693} INFO - Sync 1 DAGs
[2023-04-02T21:05:00.326+0000] {logging_mixin.py:137} INFO - [2023-04-02T21:05:00.326+0000] {dag.py:3440} INFO - Setting next_dagrun for dag_dbt_manifest to 2020-12-23T00:00:00+00:00, run_after=2020-12-24T00:00:00+00:00
[2023-04-02T21:05:00.345+0000] {processor.py:175} INFO - Processing /opt/airflow/dags/dag_dbt_manifest.py took 0.226 seconds
[2023-04-02T21:05:15.545+0000] {processor.py:153} INFO - Started process (PID=221) to work on /opt/airflow/dags/dag_dbt_manifest.py
[2023-04-02T21:05:15.547+0000] {processor.py:743} INFO - Processing file /opt/airflow/dags/dag_dbt_manifest.py for tasks to queue
[2023-04-02T21:05:15.549+0000] {logging_mixin.py:137} INFO - [2023-04-02T21:05:15.549+0000] {dagbag.py:532} INFO - Filling up the DagBag from /opt/airflow/dags/dag_dbt_manifest.py
[2023-04-02T21:05:15.605+0000] {logging_mixin.py:137} INFO - [2023-04-02T21:05:15.602+0000] {dagbag.py:341} ERROR - Failed to import: /opt/airflow/dags/dag_dbt_manifest.py
Traceback (most recent call last):
  File "/home/airflow/.local/lib/python3.10/site-packages/airflow/models/dagbag.py", line 337, in parse
    loader.exec_module(new_module)
  File "<frozen importlib._bootstrap_external>", line 883, in exec_module
  File "<frozen importlib._bootstrap>", line 241, in _call_with_frames_removed
  File "/opt/airflow/dags/dag_dbt_manifest.py", line 80, in <module>
    dbt_tasks[node] >> dbt_tasks[node_test]
KeyError: 'test.dbt_project_1.n_orders'
[2023-04-02T21:05:15.606+0000] {processor.py:755} WARNING - No viable dags retrieved from /opt/airflow/dags/dag_dbt_manifest.py
[2023-04-02T21:05:15.660+0000] {processor.py:175} INFO - Processing /opt/airflow/dags/dag_dbt_manifest.py took 0.124 seconds
[2023-04-02T21:05:20.690+0000] {processor.py:153} INFO - Started process (PID=223) to work on /opt/airflow/dags/dag_dbt_manifest.py
[2023-04-02T21:05:20.692+0000] {processor.py:743} INFO - Processing file /opt/airflow/dags/dag_dbt_manifest.py for tasks to queue
[2023-04-02T21:05:20.694+0000] {logging_mixin.py:137} INFO - [2023-04-02T21:05:20.694+0000] {dagbag.py:532} INFO - Filling up the DagBag from /opt/airflow/dags/dag_dbt_manifest.py
[2023-04-02T21:05:20.760+0000] {processor.py:753} INFO - DAG(s) dict_keys(['dag_dbt_manifest']) retrieved from /opt/airflow/dags/dag_dbt_manifest.py
[2023-04-02T21:05:20.787+0000] {logging_mixin.py:137} INFO - [2023-04-02T21:05:20.787+0000] {dag.py:2693} INFO - Sync 1 DAGs
[2023-04-02T21:05:20.808+0000] {logging_mixin.py:137} INFO - [2023-04-02T21:05:20.808+0000] {dag.py:3440} INFO - Setting next_dagrun for dag_dbt_manifest to 2020-12-23T00:00:00+00:00, run_after=2020-12-24T00:00:00+00:00
[2023-04-02T21:05:20.825+0000] {processor.py:175} INFO - Processing /opt/airflow/dags/dag_dbt_manifest.py took 0.146 seconds
[2023-04-02T21:05:25.933+0000] {processor.py:153} INFO - Started process (PID=230) to work on /opt/airflow/dags/dag_dbt_manifest.py
[2023-04-02T21:05:25.936+0000] {processor.py:743} INFO - Processing file /opt/airflow/dags/dag_dbt_manifest.py for tasks to queue
[2023-04-02T21:05:25.938+0000] {logging_mixin.py:137} INFO - [2023-04-02T21:05:25.938+0000] {dagbag.py:532} INFO - Filling up the DagBag from /opt/airflow/dags/dag_dbt_manifest.py
[2023-04-02T21:05:26.005+0000] {processor.py:753} INFO - DAG(s) dict_keys(['dag_dbt_manifest']) retrieved from /opt/airflow/dags/dag_dbt_manifest.py
[2023-04-02T21:05:26.037+0000] {logging_mixin.py:137} INFO - [2023-04-02T21:05:26.037+0000] {dag.py:2693} INFO - Sync 1 DAGs
[2023-04-02T21:05:26.072+0000] {logging_mixin.py:137} INFO - [2023-04-02T21:05:26.072+0000] {dag.py:3440} INFO - Setting next_dagrun for dag_dbt_manifest to 2020-12-23T00:00:00+00:00, run_after=2020-12-24T00:00:00+00:00
[2023-04-02T21:05:26.092+0000] {processor.py:175} INFO - Processing /opt/airflow/dags/dag_dbt_manifest.py took 0.170 seconds
[2023-04-02T21:05:56.540+0000] {processor.py:153} INFO - Started process (PID=239) to work on /opt/airflow/dags/dag_dbt_manifest.py
[2023-04-02T21:05:56.550+0000] {processor.py:743} INFO - Processing file /opt/airflow/dags/dag_dbt_manifest.py for tasks to queue
[2023-04-02T21:05:56.552+0000] {logging_mixin.py:137} INFO - [2023-04-02T21:05:56.552+0000] {dagbag.py:532} INFO - Filling up the DagBag from /opt/airflow/dags/dag_dbt_manifest.py
[2023-04-02T21:05:56.606+0000] {processor.py:753} INFO - DAG(s) dict_keys(['dag_dbt_manifest']) retrieved from /opt/airflow/dags/dag_dbt_manifest.py
[2023-04-02T21:05:56.694+0000] {logging_mixin.py:137} INFO - [2023-04-02T21:05:56.694+0000] {dag.py:2693} INFO - Sync 1 DAGs
[2023-04-02T21:05:56.715+0000] {logging_mixin.py:137} INFO - [2023-04-02T21:05:56.715+0000] {dag.py:3440} INFO - Setting next_dagrun for dag_dbt_manifest to 2020-12-23T00:00:00+00:00, run_after=2020-12-24T00:00:00+00:00
[2023-04-02T21:05:56.730+0000] {processor.py:175} INFO - Processing /opt/airflow/dags/dag_dbt_manifest.py took 0.224 seconds
[2023-04-02T21:06:27.109+0000] {processor.py:153} INFO - Started process (PID=249) to work on /opt/airflow/dags/dag_dbt_manifest.py
[2023-04-02T21:06:27.113+0000] {processor.py:743} INFO - Processing file /opt/airflow/dags/dag_dbt_manifest.py for tasks to queue
[2023-04-02T21:06:27.115+0000] {logging_mixin.py:137} INFO - [2023-04-02T21:06:27.115+0000] {dagbag.py:532} INFO - Filling up the DagBag from /opt/airflow/dags/dag_dbt_manifest.py
[2023-04-02T21:06:27.187+0000] {processor.py:753} INFO - DAG(s) dict_keys(['dag_dbt_manifest']) retrieved from /opt/airflow/dags/dag_dbt_manifest.py
[2023-04-02T21:06:27.232+0000] {logging_mixin.py:137} INFO - [2023-04-02T21:06:27.232+0000] {dag.py:2693} INFO - Sync 1 DAGs
[2023-04-02T21:06:27.269+0000] {logging_mixin.py:137} INFO - [2023-04-02T21:06:27.269+0000] {dag.py:3440} INFO - Setting next_dagrun for dag_dbt_manifest to 2020-12-23T00:00:00+00:00, run_after=2020-12-24T00:00:00+00:00
[2023-04-02T21:06:27.285+0000] {processor.py:175} INFO - Processing /opt/airflow/dags/dag_dbt_manifest.py took 0.188 seconds
[2023-04-02T21:06:46.465+0000] {processor.py:153} INFO - Started process (PID=250) to work on /opt/airflow/dags/dag_dbt_manifest.py
[2023-04-02T21:06:46.467+0000] {processor.py:743} INFO - Processing file /opt/airflow/dags/dag_dbt_manifest.py for tasks to queue
[2023-04-02T21:06:46.469+0000] {logging_mixin.py:137} INFO - [2023-04-02T21:06:46.469+0000] {dagbag.py:532} INFO - Filling up the DagBag from /opt/airflow/dags/dag_dbt_manifest.py
[2023-04-02T21:06:46.521+0000] {processor.py:753} INFO - DAG(s) dict_keys(['dag_dbt_manifest']) retrieved from /opt/airflow/dags/dag_dbt_manifest.py
[2023-04-02T21:06:46.626+0000] {logging_mixin.py:137} INFO - [2023-04-02T21:06:46.626+0000] {dag.py:2693} INFO - Sync 1 DAGs
[2023-04-02T21:06:46.654+0000] {logging_mixin.py:137} INFO - [2023-04-02T21:06:46.654+0000] {dag.py:3440} INFO - Setting next_dagrun for dag_dbt_manifest to 2020-12-23T00:00:00+00:00, run_after=2020-12-24T00:00:00+00:00
[2023-04-02T21:06:46.688+0000] {processor.py:175} INFO - Processing /opt/airflow/dags/dag_dbt_manifest.py took 0.234 seconds
[2023-04-02T21:06:50.673+0000] {processor.py:153} INFO - Started process (PID=251) to work on /opt/airflow/dags/dag_dbt_manifest.py
[2023-04-02T21:06:50.676+0000] {processor.py:743} INFO - Processing file /opt/airflow/dags/dag_dbt_manifest.py for tasks to queue
[2023-04-02T21:06:50.677+0000] {logging_mixin.py:137} INFO - [2023-04-02T21:06:50.677+0000] {dagbag.py:532} INFO - Filling up the DagBag from /opt/airflow/dags/dag_dbt_manifest.py
[2023-04-02T21:06:50.735+0000] {processor.py:753} INFO - DAG(s) dict_keys(['dag_dbt_manifest']) retrieved from /opt/airflow/dags/dag_dbt_manifest.py
[2023-04-02T21:06:50.758+0000] {logging_mixin.py:137} INFO - [2023-04-02T21:06:50.758+0000] {dag.py:2693} INFO - Sync 1 DAGs
[2023-04-02T21:06:50.786+0000] {logging_mixin.py:137} INFO - [2023-04-02T21:06:50.786+0000] {dag.py:3440} INFO - Setting next_dagrun for dag_dbt_manifest to 2020-12-23T00:00:00+00:00, run_after=2020-12-24T00:00:00+00:00
[2023-04-02T21:06:50.810+0000] {processor.py:175} INFO - Processing /opt/airflow/dags/dag_dbt_manifest.py took 0.149 seconds
[2023-04-02T21:07:21.312+0000] {processor.py:153} INFO - Started process (PID=260) to work on /opt/airflow/dags/dag_dbt_manifest.py
[2023-04-02T21:07:21.316+0000] {processor.py:743} INFO - Processing file /opt/airflow/dags/dag_dbt_manifest.py for tasks to queue
[2023-04-02T21:07:21.318+0000] {logging_mixin.py:137} INFO - [2023-04-02T21:07:21.318+0000] {dagbag.py:532} INFO - Filling up the DagBag from /opt/airflow/dags/dag_dbt_manifest.py
[2023-04-02T21:07:21.370+0000] {processor.py:753} INFO - DAG(s) dict_keys(['dag_dbt_manifest']) retrieved from /opt/airflow/dags/dag_dbt_manifest.py
[2023-04-02T21:07:21.447+0000] {logging_mixin.py:137} INFO - [2023-04-02T21:07:21.447+0000] {dag.py:2693} INFO - Sync 1 DAGs
[2023-04-02T21:07:21.471+0000] {logging_mixin.py:137} INFO - [2023-04-02T21:07:21.471+0000] {dag.py:3440} INFO - Setting next_dagrun for dag_dbt_manifest to 2020-12-23T00:00:00+00:00, run_after=2020-12-24T00:00:00+00:00
[2023-04-02T21:07:21.506+0000] {processor.py:175} INFO - Processing /opt/airflow/dags/dag_dbt_manifest.py took 0.210 seconds
[2023-04-02T21:07:51.998+0000] {processor.py:153} INFO - Started process (PID=269) to work on /opt/airflow/dags/dag_dbt_manifest.py
[2023-04-02T21:07:52.001+0000] {processor.py:743} INFO - Processing file /opt/airflow/dags/dag_dbt_manifest.py for tasks to queue
[2023-04-02T21:07:52.007+0000] {logging_mixin.py:137} INFO - [2023-04-02T21:07:52.006+0000] {dagbag.py:532} INFO - Filling up the DagBag from /opt/airflow/dags/dag_dbt_manifest.py
[2023-04-02T21:07:52.073+0000] {processor.py:753} INFO - DAG(s) dict_keys(['dag_dbt_manifest']) retrieved from /opt/airflow/dags/dag_dbt_manifest.py
[2023-04-02T21:07:52.134+0000] {logging_mixin.py:137} INFO - [2023-04-02T21:07:52.134+0000] {dag.py:2693} INFO - Sync 1 DAGs
[2023-04-02T21:07:52.174+0000] {logging_mixin.py:137} INFO - [2023-04-02T21:07:52.174+0000] {dag.py:3440} INFO - Setting next_dagrun for dag_dbt_manifest to 2020-12-23T00:00:00+00:00, run_after=2020-12-24T00:00:00+00:00
[2023-04-02T21:07:52.210+0000] {processor.py:175} INFO - Processing /opt/airflow/dags/dag_dbt_manifest.py took 0.231 seconds
[2023-04-02T21:08:22.728+0000] {processor.py:153} INFO - Started process (PID=278) to work on /opt/airflow/dags/dag_dbt_manifest.py
[2023-04-02T21:08:22.731+0000] {processor.py:743} INFO - Processing file /opt/airflow/dags/dag_dbt_manifest.py for tasks to queue
[2023-04-02T21:08:22.733+0000] {logging_mixin.py:137} INFO - [2023-04-02T21:08:22.733+0000] {dagbag.py:532} INFO - Filling up the DagBag from /opt/airflow/dags/dag_dbt_manifest.py
[2023-04-02T21:08:22.779+0000] {processor.py:753} INFO - DAG(s) dict_keys(['dag_dbt_manifest']) retrieved from /opt/airflow/dags/dag_dbt_manifest.py
[2023-04-02T21:08:22.828+0000] {logging_mixin.py:137} INFO - [2023-04-02T21:08:22.828+0000] {dag.py:2693} INFO - Sync 1 DAGs
[2023-04-02T21:08:22.864+0000] {logging_mixin.py:137} INFO - [2023-04-02T21:08:22.864+0000] {dag.py:3440} INFO - Setting next_dagrun for dag_dbt_manifest to 2020-12-23T00:00:00+00:00, run_after=2020-12-24T00:00:00+00:00
[2023-04-02T21:08:22.882+0000] {processor.py:175} INFO - Processing /opt/airflow/dags/dag_dbt_manifest.py took 0.183 seconds
[2023-04-02T21:08:53.400+0000] {processor.py:153} INFO - Started process (PID=293) to work on /opt/airflow/dags/dag_dbt_manifest.py
[2023-04-02T21:08:53.403+0000] {processor.py:743} INFO - Processing file /opt/airflow/dags/dag_dbt_manifest.py for tasks to queue
[2023-04-02T21:08:53.406+0000] {logging_mixin.py:137} INFO - [2023-04-02T21:08:53.406+0000] {dagbag.py:532} INFO - Filling up the DagBag from /opt/airflow/dags/dag_dbt_manifest.py
[2023-04-02T21:08:53.442+0000] {processor.py:753} INFO - DAG(s) dict_keys(['dag_dbt_manifest']) retrieved from /opt/airflow/dags/dag_dbt_manifest.py
[2023-04-02T21:08:53.489+0000] {logging_mixin.py:137} INFO - [2023-04-02T21:08:53.489+0000] {dag.py:2693} INFO - Sync 1 DAGs
[2023-04-02T21:08:53.515+0000] {logging_mixin.py:137} INFO - [2023-04-02T21:08:53.514+0000] {dag.py:3440} INFO - Setting next_dagrun for dag_dbt_manifest to 2020-12-23T00:00:00+00:00, run_after=2020-12-24T00:00:00+00:00
[2023-04-02T21:08:53.531+0000] {processor.py:175} INFO - Processing /opt/airflow/dags/dag_dbt_manifest.py took 0.141 seconds
[2023-04-02T21:09:24.142+0000] {processor.py:153} INFO - Started process (PID=302) to work on /opt/airflow/dags/dag_dbt_manifest.py
[2023-04-02T21:09:24.146+0000] {processor.py:743} INFO - Processing file /opt/airflow/dags/dag_dbt_manifest.py for tasks to queue
[2023-04-02T21:09:24.148+0000] {logging_mixin.py:137} INFO - [2023-04-02T21:09:24.148+0000] {dagbag.py:532} INFO - Filling up the DagBag from /opt/airflow/dags/dag_dbt_manifest.py
[2023-04-02T21:09:24.196+0000] {processor.py:753} INFO - DAG(s) dict_keys(['dag_dbt_manifest']) retrieved from /opt/airflow/dags/dag_dbt_manifest.py
[2023-04-02T21:09:24.248+0000] {logging_mixin.py:137} INFO - [2023-04-02T21:09:24.247+0000] {dag.py:2693} INFO - Sync 1 DAGs
[2023-04-02T21:09:24.283+0000] {logging_mixin.py:137} INFO - [2023-04-02T21:09:24.283+0000] {dag.py:3440} INFO - Setting next_dagrun for dag_dbt_manifest to 2020-12-23T00:00:00+00:00, run_after=2020-12-24T00:00:00+00:00
[2023-04-02T21:09:24.300+0000] {processor.py:175} INFO - Processing /opt/airflow/dags/dag_dbt_manifest.py took 0.168 seconds
[2023-04-02T21:09:54.680+0000] {processor.py:153} INFO - Started process (PID=311) to work on /opt/airflow/dags/dag_dbt_manifest.py
[2023-04-02T21:09:54.684+0000] {processor.py:743} INFO - Processing file /opt/airflow/dags/dag_dbt_manifest.py for tasks to queue
[2023-04-02T21:09:54.686+0000] {logging_mixin.py:137} INFO - [2023-04-02T21:09:54.685+0000] {dagbag.py:532} INFO - Filling up the DagBag from /opt/airflow/dags/dag_dbt_manifest.py
[2023-04-02T21:09:54.735+0000] {processor.py:753} INFO - DAG(s) dict_keys(['dag_dbt_manifest']) retrieved from /opt/airflow/dags/dag_dbt_manifest.py
[2023-04-02T21:09:54.776+0000] {logging_mixin.py:137} INFO - [2023-04-02T21:09:54.776+0000] {dag.py:2693} INFO - Sync 1 DAGs
[2023-04-02T21:09:54.812+0000] {logging_mixin.py:137} INFO - [2023-04-02T21:09:54.812+0000] {dag.py:3440} INFO - Setting next_dagrun for dag_dbt_manifest to 2020-12-23T00:00:00+00:00, run_after=2020-12-24T00:00:00+00:00
[2023-04-02T21:09:54.830+0000] {processor.py:175} INFO - Processing /opt/airflow/dags/dag_dbt_manifest.py took 0.162 seconds
[2023-04-02T21:10:25.300+0000] {processor.py:153} INFO - Started process (PID=320) to work on /opt/airflow/dags/dag_dbt_manifest.py
[2023-04-02T21:10:25.304+0000] {processor.py:743} INFO - Processing file /opt/airflow/dags/dag_dbt_manifest.py for tasks to queue
[2023-04-02T21:10:25.305+0000] {logging_mixin.py:137} INFO - [2023-04-02T21:10:25.305+0000] {dagbag.py:532} INFO - Filling up the DagBag from /opt/airflow/dags/dag_dbt_manifest.py
[2023-04-02T21:10:25.342+0000] {processor.py:753} INFO - DAG(s) dict_keys(['dag_dbt_manifest']) retrieved from /opt/airflow/dags/dag_dbt_manifest.py
[2023-04-02T21:10:25.398+0000] {logging_mixin.py:137} INFO - [2023-04-02T21:10:25.398+0000] {dag.py:2693} INFO - Sync 1 DAGs
[2023-04-02T21:10:25.429+0000] {logging_mixin.py:137} INFO - [2023-04-02T21:10:25.429+0000] {dag.py:3440} INFO - Setting next_dagrun for dag_dbt_manifest to 2020-12-23T00:00:00+00:00, run_after=2020-12-24T00:00:00+00:00
[2023-04-02T21:10:25.447+0000] {processor.py:175} INFO - Processing /opt/airflow/dags/dag_dbt_manifest.py took 0.165 seconds
[2023-04-02T21:10:55.758+0000] {processor.py:153} INFO - Started process (PID=329) to work on /opt/airflow/dags/dag_dbt_manifest.py
[2023-04-02T21:10:55.763+0000] {processor.py:743} INFO - Processing file /opt/airflow/dags/dag_dbt_manifest.py for tasks to queue
[2023-04-02T21:10:55.764+0000] {logging_mixin.py:137} INFO - [2023-04-02T21:10:55.764+0000] {dagbag.py:532} INFO - Filling up the DagBag from /opt/airflow/dags/dag_dbt_manifest.py
[2023-04-02T21:10:55.801+0000] {processor.py:753} INFO - DAG(s) dict_keys(['dag_dbt_manifest']) retrieved from /opt/airflow/dags/dag_dbt_manifest.py
[2023-04-02T21:10:55.856+0000] {logging_mixin.py:137} INFO - [2023-04-02T21:10:55.856+0000] {dag.py:2693} INFO - Sync 1 DAGs
[2023-04-02T21:10:55.885+0000] {logging_mixin.py:137} INFO - [2023-04-02T21:10:55.885+0000] {dag.py:3440} INFO - Setting next_dagrun for dag_dbt_manifest to 2020-12-23T00:00:00+00:00, run_after=2020-12-24T00:00:00+00:00
[2023-04-02T21:10:55.902+0000] {processor.py:175} INFO - Processing /opt/airflow/dags/dag_dbt_manifest.py took 0.166 seconds
[2023-04-02T21:11:26.219+0000] {processor.py:153} INFO - Started process (PID=338) to work on /opt/airflow/dags/dag_dbt_manifest.py
[2023-04-02T21:11:26.222+0000] {processor.py:743} INFO - Processing file /opt/airflow/dags/dag_dbt_manifest.py for tasks to queue
[2023-04-02T21:11:26.224+0000] {logging_mixin.py:137} INFO - [2023-04-02T21:11:26.224+0000] {dagbag.py:532} INFO - Filling up the DagBag from /opt/airflow/dags/dag_dbt_manifest.py
[2023-04-02T21:11:26.270+0000] {processor.py:753} INFO - DAG(s) dict_keys(['dag_dbt_manifest']) retrieved from /opt/airflow/dags/dag_dbt_manifest.py
[2023-04-02T21:11:26.310+0000] {logging_mixin.py:137} INFO - [2023-04-02T21:11:26.310+0000] {dag.py:2693} INFO - Sync 1 DAGs
[2023-04-02T21:11:26.340+0000] {logging_mixin.py:137} INFO - [2023-04-02T21:11:26.340+0000] {dag.py:3440} INFO - Setting next_dagrun for dag_dbt_manifest to 2020-12-23T00:00:00+00:00, run_after=2020-12-24T00:00:00+00:00
[2023-04-02T21:11:26.357+0000] {processor.py:175} INFO - Processing /opt/airflow/dags/dag_dbt_manifest.py took 0.147 seconds
[2023-04-02T21:11:56.841+0000] {processor.py:153} INFO - Started process (PID=347) to work on /opt/airflow/dags/dag_dbt_manifest.py
[2023-04-02T21:11:56.845+0000] {processor.py:743} INFO - Processing file /opt/airflow/dags/dag_dbt_manifest.py for tasks to queue
[2023-04-02T21:11:56.847+0000] {logging_mixin.py:137} INFO - [2023-04-02T21:11:56.846+0000] {dagbag.py:532} INFO - Filling up the DagBag from /opt/airflow/dags/dag_dbt_manifest.py
[2023-04-02T21:11:56.885+0000] {processor.py:753} INFO - DAG(s) dict_keys(['dag_dbt_manifest']) retrieved from /opt/airflow/dags/dag_dbt_manifest.py
[2023-04-02T21:11:56.938+0000] {logging_mixin.py:137} INFO - [2023-04-02T21:11:56.938+0000] {dag.py:2693} INFO - Sync 1 DAGs
[2023-04-02T21:11:56.965+0000] {logging_mixin.py:137} INFO - [2023-04-02T21:11:56.964+0000] {dag.py:3440} INFO - Setting next_dagrun for dag_dbt_manifest to 2020-12-23T00:00:00+00:00, run_after=2020-12-24T00:00:00+00:00
[2023-04-02T21:11:56.982+0000] {processor.py:175} INFO - Processing /opt/airflow/dags/dag_dbt_manifest.py took 0.160 seconds
[2023-04-02T21:12:27.313+0000] {processor.py:153} INFO - Started process (PID=357) to work on /opt/airflow/dags/dag_dbt_manifest.py
[2023-04-02T21:12:27.317+0000] {processor.py:743} INFO - Processing file /opt/airflow/dags/dag_dbt_manifest.py for tasks to queue
[2023-04-02T21:12:27.318+0000] {logging_mixin.py:137} INFO - [2023-04-02T21:12:27.318+0000] {dagbag.py:532} INFO - Filling up the DagBag from /opt/airflow/dags/dag_dbt_manifest.py
[2023-04-02T21:12:27.354+0000] {processor.py:753} INFO - DAG(s) dict_keys(['dag_dbt_manifest']) retrieved from /opt/airflow/dags/dag_dbt_manifest.py
[2023-04-02T21:12:27.403+0000] {logging_mixin.py:137} INFO - [2023-04-02T21:12:27.403+0000] {dag.py:2693} INFO - Sync 1 DAGs
[2023-04-02T21:12:27.430+0000] {logging_mixin.py:137} INFO - [2023-04-02T21:12:27.429+0000] {dag.py:3440} INFO - Setting next_dagrun for dag_dbt_manifest to 2020-12-23T00:00:00+00:00, run_after=2020-12-24T00:00:00+00:00
[2023-04-02T21:12:27.448+0000] {processor.py:175} INFO - Processing /opt/airflow/dags/dag_dbt_manifest.py took 0.147 seconds
[2023-04-02T21:12:57.757+0000] {processor.py:153} INFO - Started process (PID=366) to work on /opt/airflow/dags/dag_dbt_manifest.py
[2023-04-02T21:12:57.760+0000] {processor.py:743} INFO - Processing file /opt/airflow/dags/dag_dbt_manifest.py for tasks to queue
[2023-04-02T21:12:57.761+0000] {logging_mixin.py:137} INFO - [2023-04-02T21:12:57.761+0000] {dagbag.py:532} INFO - Filling up the DagBag from /opt/airflow/dags/dag_dbt_manifest.py
[2023-04-02T21:12:57.810+0000] {processor.py:753} INFO - DAG(s) dict_keys(['dag_dbt_manifest']) retrieved from /opt/airflow/dags/dag_dbt_manifest.py
[2023-04-02T21:12:57.849+0000] {logging_mixin.py:137} INFO - [2023-04-02T21:12:57.849+0000] {dag.py:2693} INFO - Sync 1 DAGs
[2023-04-02T21:12:57.875+0000] {logging_mixin.py:137} INFO - [2023-04-02T21:12:57.875+0000] {dag.py:3440} INFO - Setting next_dagrun for dag_dbt_manifest to 2020-12-23T00:00:00+00:00, run_after=2020-12-24T00:00:00+00:00
[2023-04-02T21:12:57.892+0000] {processor.py:175} INFO - Processing /opt/airflow/dags/dag_dbt_manifest.py took 0.142 seconds
[2023-04-02T21:13:28.326+0000] {processor.py:153} INFO - Started process (PID=375) to work on /opt/airflow/dags/dag_dbt_manifest.py
[2023-04-02T21:13:28.329+0000] {processor.py:743} INFO - Processing file /opt/airflow/dags/dag_dbt_manifest.py for tasks to queue
[2023-04-02T21:13:28.331+0000] {logging_mixin.py:137} INFO - [2023-04-02T21:13:28.331+0000] {dagbag.py:532} INFO - Filling up the DagBag from /opt/airflow/dags/dag_dbt_manifest.py
[2023-04-02T21:13:28.367+0000] {processor.py:753} INFO - DAG(s) dict_keys(['dag_dbt_manifest']) retrieved from /opt/airflow/dags/dag_dbt_manifest.py
[2023-04-02T21:13:28.416+0000] {logging_mixin.py:137} INFO - [2023-04-02T21:13:28.416+0000] {dag.py:2693} INFO - Sync 1 DAGs
[2023-04-02T21:13:28.441+0000] {logging_mixin.py:137} INFO - [2023-04-02T21:13:28.441+0000] {dag.py:3440} INFO - Setting next_dagrun for dag_dbt_manifest to 2020-12-23T00:00:00+00:00, run_after=2020-12-24T00:00:00+00:00
[2023-04-02T21:13:28.457+0000] {processor.py:175} INFO - Processing /opt/airflow/dags/dag_dbt_manifest.py took 0.155 seconds
[2023-04-02T21:13:58.778+0000] {processor.py:153} INFO - Started process (PID=384) to work on /opt/airflow/dags/dag_dbt_manifest.py
[2023-04-02T21:13:58.780+0000] {processor.py:743} INFO - Processing file /opt/airflow/dags/dag_dbt_manifest.py for tasks to queue
[2023-04-02T21:13:58.781+0000] {logging_mixin.py:137} INFO - [2023-04-02T21:13:58.781+0000] {dagbag.py:532} INFO - Filling up the DagBag from /opt/airflow/dags/dag_dbt_manifest.py
[2023-04-02T21:13:58.821+0000] {processor.py:753} INFO - DAG(s) dict_keys(['dag_dbt_manifest']) retrieved from /opt/airflow/dags/dag_dbt_manifest.py
[2023-04-02T21:13:58.870+0000] {logging_mixin.py:137} INFO - [2023-04-02T21:13:58.870+0000] {dag.py:2693} INFO - Sync 1 DAGs
[2023-04-02T21:13:58.896+0000] {logging_mixin.py:137} INFO - [2023-04-02T21:13:58.896+0000] {dag.py:3440} INFO - Setting next_dagrun for dag_dbt_manifest to 2020-12-23T00:00:00+00:00, run_after=2020-12-24T00:00:00+00:00
[2023-04-02T21:13:58.919+0000] {processor.py:175} INFO - Processing /opt/airflow/dags/dag_dbt_manifest.py took 0.151 seconds
[2023-04-02T21:14:29.170+0000] {processor.py:153} INFO - Started process (PID=393) to work on /opt/airflow/dags/dag_dbt_manifest.py
[2023-04-02T21:14:29.174+0000] {processor.py:743} INFO - Processing file /opt/airflow/dags/dag_dbt_manifest.py for tasks to queue
[2023-04-02T21:14:29.178+0000] {logging_mixin.py:137} INFO - [2023-04-02T21:14:29.177+0000] {dagbag.py:532} INFO - Filling up the DagBag from /opt/airflow/dags/dag_dbt_manifest.py
[2023-04-02T21:14:29.224+0000] {processor.py:753} INFO - DAG(s) dict_keys(['dag_dbt_manifest']) retrieved from /opt/airflow/dags/dag_dbt_manifest.py
[2023-04-02T21:14:29.270+0000] {logging_mixin.py:137} INFO - [2023-04-02T21:14:29.269+0000] {dag.py:2693} INFO - Sync 1 DAGs
[2023-04-02T21:14:29.295+0000] {logging_mixin.py:137} INFO - [2023-04-02T21:14:29.295+0000] {dag.py:3440} INFO - Setting next_dagrun for dag_dbt_manifest to 2020-12-23T00:00:00+00:00, run_after=2020-12-24T00:00:00+00:00
[2023-04-02T21:14:29.311+0000] {processor.py:175} INFO - Processing /opt/airflow/dags/dag_dbt_manifest.py took 0.152 seconds
[2023-04-02T21:14:59.671+0000] {processor.py:153} INFO - Started process (PID=402) to work on /opt/airflow/dags/dag_dbt_manifest.py
[2023-04-02T21:14:59.674+0000] {processor.py:743} INFO - Processing file /opt/airflow/dags/dag_dbt_manifest.py for tasks to queue
[2023-04-02T21:14:59.676+0000] {logging_mixin.py:137} INFO - [2023-04-02T21:14:59.676+0000] {dagbag.py:532} INFO - Filling up the DagBag from /opt/airflow/dags/dag_dbt_manifest.py
[2023-04-02T21:14:59.719+0000] {processor.py:753} INFO - DAG(s) dict_keys(['dag_dbt_manifest']) retrieved from /opt/airflow/dags/dag_dbt_manifest.py
[2023-04-02T21:14:59.764+0000] {logging_mixin.py:137} INFO - [2023-04-02T21:14:59.764+0000] {dag.py:2693} INFO - Sync 1 DAGs
[2023-04-02T21:14:59.790+0000] {logging_mixin.py:137} INFO - [2023-04-02T21:14:59.790+0000] {dag.py:3440} INFO - Setting next_dagrun for dag_dbt_manifest to 2020-12-23T00:00:00+00:00, run_after=2020-12-24T00:00:00+00:00
[2023-04-02T21:14:59.806+0000] {processor.py:175} INFO - Processing /opt/airflow/dags/dag_dbt_manifest.py took 0.147 seconds
[2023-04-02T21:15:30.346+0000] {processor.py:153} INFO - Started process (PID=411) to work on /opt/airflow/dags/dag_dbt_manifest.py
[2023-04-02T21:15:30.350+0000] {processor.py:743} INFO - Processing file /opt/airflow/dags/dag_dbt_manifest.py for tasks to queue
[2023-04-02T21:15:30.352+0000] {logging_mixin.py:137} INFO - [2023-04-02T21:15:30.351+0000] {dagbag.py:532} INFO - Filling up the DagBag from /opt/airflow/dags/dag_dbt_manifest.py
[2023-04-02T21:15:30.391+0000] {processor.py:753} INFO - DAG(s) dict_keys(['dag_dbt_manifest']) retrieved from /opt/airflow/dags/dag_dbt_manifest.py
[2023-04-02T21:15:30.443+0000] {logging_mixin.py:137} INFO - [2023-04-02T21:15:30.443+0000] {dag.py:2693} INFO - Sync 1 DAGs
[2023-04-02T21:15:30.470+0000] {logging_mixin.py:137} INFO - [2023-04-02T21:15:30.469+0000] {dag.py:3440} INFO - Setting next_dagrun for dag_dbt_manifest to 2020-12-23T00:00:00+00:00, run_after=2020-12-24T00:00:00+00:00
[2023-04-02T21:15:30.491+0000] {processor.py:175} INFO - Processing /opt/airflow/dags/dag_dbt_manifest.py took 0.155 seconds
[2023-04-02T23:55:50.491+0000] {processor.py:153} INFO - Started process (PID=26) to work on /opt/airflow/dags/dag_dbt_manifest.py
[2023-04-02T23:55:50.495+0000] {processor.py:743} INFO - Processing file /opt/airflow/dags/dag_dbt_manifest.py for tasks to queue
[2023-04-02T23:55:50.498+0000] {logging_mixin.py:137} INFO - [2023-04-02T23:55:50.498+0000] {dagbag.py:532} INFO - Filling up the DagBag from /opt/airflow/dags/dag_dbt_manifest.py
[2023-04-02T23:55:50.614+0000] {processor.py:753} INFO - DAG(s) dict_keys(['dag_dbt_manifest']) retrieved from /opt/airflow/dags/dag_dbt_manifest.py
[2023-04-02T23:55:50.790+0000] {logging_mixin.py:137} INFO - [2023-04-02T23:55:50.789+0000] {dag.py:2693} INFO - Sync 1 DAGs
[2023-04-02T23:55:50.848+0000] {logging_mixin.py:137} INFO - [2023-04-02T23:55:50.847+0000] {dag.py:3440} INFO - Setting next_dagrun for dag_dbt_manifest to 2020-12-23T00:00:00+00:00, run_after=2020-12-24T00:00:00+00:00
[2023-04-02T23:55:50.892+0000] {processor.py:175} INFO - Processing /opt/airflow/dags/dag_dbt_manifest.py took 0.413 seconds
[2023-04-02T23:56:21.351+0000] {processor.py:153} INFO - Started process (PID=33) to work on /opt/airflow/dags/dag_dbt_manifest.py
[2023-04-02T23:56:21.353+0000] {processor.py:743} INFO - Processing file /opt/airflow/dags/dag_dbt_manifest.py for tasks to queue
[2023-04-02T23:56:21.355+0000] {logging_mixin.py:137} INFO - [2023-04-02T23:56:21.355+0000] {dagbag.py:532} INFO - Filling up the DagBag from /opt/airflow/dags/dag_dbt_manifest.py
[2023-04-02T23:56:21.417+0000] {processor.py:753} INFO - DAG(s) dict_keys(['dag_dbt_manifest']) retrieved from /opt/airflow/dags/dag_dbt_manifest.py
[2023-04-02T23:56:21.464+0000] {logging_mixin.py:137} INFO - [2023-04-02T23:56:21.464+0000] {dag.py:2693} INFO - Sync 1 DAGs
[2023-04-02T23:56:21.496+0000] {logging_mixin.py:137} INFO - [2023-04-02T23:56:21.496+0000] {dag.py:3440} INFO - Setting next_dagrun for dag_dbt_manifest to 2020-12-23T00:00:00+00:00, run_after=2020-12-24T00:00:00+00:00
[2023-04-02T23:56:21.509+0000] {processor.py:175} INFO - Processing /opt/airflow/dags/dag_dbt_manifest.py took 0.166 seconds
[2023-04-02T23:56:51.759+0000] {processor.py:153} INFO - Started process (PID=41) to work on /opt/airflow/dags/dag_dbt_manifest.py
[2023-04-02T23:56:51.761+0000] {processor.py:743} INFO - Processing file /opt/airflow/dags/dag_dbt_manifest.py for tasks to queue
[2023-04-02T23:56:51.763+0000] {logging_mixin.py:137} INFO - [2023-04-02T23:56:51.762+0000] {dagbag.py:532} INFO - Filling up the DagBag from /opt/airflow/dags/dag_dbt_manifest.py
[2023-04-02T23:56:51.810+0000] {processor.py:753} INFO - DAG(s) dict_keys(['dag_dbt_manifest']) retrieved from /opt/airflow/dags/dag_dbt_manifest.py
[2023-04-02T23:56:51.887+0000] {logging_mixin.py:137} INFO - [2023-04-02T23:56:51.886+0000] {dag.py:2693} INFO - Sync 1 DAGs
[2023-04-02T23:56:51.939+0000] {logging_mixin.py:137} INFO - [2023-04-02T23:56:51.938+0000] {dag.py:3440} INFO - Setting next_dagrun for dag_dbt_manifest to 2020-12-23T00:00:00+00:00, run_after=2020-12-24T00:00:00+00:00
[2023-04-02T23:56:51.958+0000] {processor.py:175} INFO - Processing /opt/airflow/dags/dag_dbt_manifest.py took 0.206 seconds
[2023-04-02T23:57:22.124+0000] {processor.py:153} INFO - Started process (PID=49) to work on /opt/airflow/dags/dag_dbt_manifest.py
[2023-04-02T23:57:22.126+0000] {processor.py:743} INFO - Processing file /opt/airflow/dags/dag_dbt_manifest.py for tasks to queue
[2023-04-02T23:57:22.127+0000] {logging_mixin.py:137} INFO - [2023-04-02T23:57:22.127+0000] {dagbag.py:532} INFO - Filling up the DagBag from /opt/airflow/dags/dag_dbt_manifest.py
[2023-04-02T23:57:22.185+0000] {processor.py:753} INFO - DAG(s) dict_keys(['dag_dbt_manifest']) retrieved from /opt/airflow/dags/dag_dbt_manifest.py
[2023-04-02T23:57:22.234+0000] {logging_mixin.py:137} INFO - [2023-04-02T23:57:22.234+0000] {dag.py:2693} INFO - Sync 1 DAGs
[2023-04-02T23:57:22.264+0000] {logging_mixin.py:137} INFO - [2023-04-02T23:57:22.264+0000] {dag.py:3440} INFO - Setting next_dagrun for dag_dbt_manifest to 2020-12-23T00:00:00+00:00, run_after=2020-12-24T00:00:00+00:00
[2023-04-02T23:57:22.285+0000] {processor.py:175} INFO - Processing /opt/airflow/dags/dag_dbt_manifest.py took 0.167 seconds
