[2023-03-19T13:32:59.617+0000] {processor.py:153} INFO - Started process (PID=45) to work on /home/airflow/.local/lib/python3.7/site-packages/airflow/example_dags/example_short_circuit_decorator.py
[2023-03-19T13:32:59.620+0000] {processor.py:743} INFO - Processing file /home/airflow/.local/lib/python3.7/site-packages/airflow/example_dags/example_short_circuit_decorator.py for tasks to queue
[2023-03-19T13:32:59.622+0000] {logging_mixin.py:137} INFO - [2023-03-19T13:32:59.622+0000] {dagbag.py:532} INFO - Filling up the DagBag from /home/airflow/.local/lib/python3.7/site-packages/airflow/example_dags/example_short_circuit_decorator.py
[2023-03-19T13:32:59.656+0000] {processor.py:753} INFO - DAG(s) dict_keys(['example_short_circuit_decorator']) retrieved from /home/airflow/.local/lib/python3.7/site-packages/airflow/example_dags/example_short_circuit_decorator.py
[2023-03-19T13:32:59.674+0000] {logging_mixin.py:137} INFO - [2023-03-19T13:32:59.674+0000] {dag.py:2693} INFO - Sync 1 DAGs
[2023-03-19T13:32:59.712+0000] {logging_mixin.py:137} INFO - [2023-03-19T13:32:59.712+0000] {dag.py:3444} INFO - Setting next_dagrun for example_short_circuit_decorator to 2023-03-18T13:32:59.711791+00:00, run_after=2023-03-19T13:32:59.711791+00:00
[2023-03-19T13:32:59.739+0000] {processor.py:175} INFO - Processing /home/airflow/.local/lib/python3.7/site-packages/airflow/example_dags/example_short_circuit_decorator.py took 0.139 seconds
[2023-03-19T13:33:29.923+0000] {processor.py:153} INFO - Started process (PID=95) to work on /home/airflow/.local/lib/python3.7/site-packages/airflow/example_dags/example_short_circuit_decorator.py
[2023-03-19T13:33:29.924+0000] {processor.py:743} INFO - Processing file /home/airflow/.local/lib/python3.7/site-packages/airflow/example_dags/example_short_circuit_decorator.py for tasks to queue
[2023-03-19T13:33:29.925+0000] {logging_mixin.py:137} INFO - [2023-03-19T13:33:29.925+0000] {dagbag.py:532} INFO - Filling up the DagBag from /home/airflow/.local/lib/python3.7/site-packages/airflow/example_dags/example_short_circuit_decorator.py
[2023-03-19T13:33:29.939+0000] {processor.py:753} INFO - DAG(s) dict_keys(['example_short_circuit_decorator']) retrieved from /home/airflow/.local/lib/python3.7/site-packages/airflow/example_dags/example_short_circuit_decorator.py
[2023-03-19T13:33:29.957+0000] {logging_mixin.py:137} INFO - [2023-03-19T13:33:29.957+0000] {dag.py:2693} INFO - Sync 1 DAGs
[2023-03-19T13:33:29.971+0000] {logging_mixin.py:137} INFO - [2023-03-19T13:33:29.971+0000] {dag.py:3444} INFO - Setting next_dagrun for example_short_circuit_decorator to 2023-03-18T13:33:29.971464+00:00, run_after=2023-03-19T13:33:29.971464+00:00
[2023-03-19T13:33:29.981+0000] {processor.py:175} INFO - Processing /home/airflow/.local/lib/python3.7/site-packages/airflow/example_dags/example_short_circuit_decorator.py took 0.060 seconds
[2023-03-19T13:34:00.208+0000] {processor.py:153} INFO - Started process (PID=144) to work on /home/airflow/.local/lib/python3.7/site-packages/airflow/example_dags/example_short_circuit_decorator.py
[2023-03-19T13:34:00.209+0000] {processor.py:743} INFO - Processing file /home/airflow/.local/lib/python3.7/site-packages/airflow/example_dags/example_short_circuit_decorator.py for tasks to queue
[2023-03-19T13:34:00.209+0000] {logging_mixin.py:137} INFO - [2023-03-19T13:34:00.209+0000] {dagbag.py:532} INFO - Filling up the DagBag from /home/airflow/.local/lib/python3.7/site-packages/airflow/example_dags/example_short_circuit_decorator.py
[2023-03-19T13:34:00.224+0000] {processor.py:753} INFO - DAG(s) dict_keys(['example_short_circuit_decorator']) retrieved from /home/airflow/.local/lib/python3.7/site-packages/airflow/example_dags/example_short_circuit_decorator.py
[2023-03-19T13:34:00.242+0000] {logging_mixin.py:137} INFO - [2023-03-19T13:34:00.242+0000] {dag.py:2693} INFO - Sync 1 DAGs
[2023-03-19T13:34:00.256+0000] {logging_mixin.py:137} INFO - [2023-03-19T13:34:00.256+0000] {dag.py:3444} INFO - Setting next_dagrun for example_short_circuit_decorator to 2023-03-18T13:34:00.256453+00:00, run_after=2023-03-19T13:34:00.256453+00:00
[2023-03-19T13:34:00.265+0000] {processor.py:175} INFO - Processing /home/airflow/.local/lib/python3.7/site-packages/airflow/example_dags/example_short_circuit_decorator.py took 0.060 seconds
[2023-03-19T13:34:30.463+0000] {processor.py:153} INFO - Started process (PID=193) to work on /home/airflow/.local/lib/python3.7/site-packages/airflow/example_dags/example_short_circuit_decorator.py
[2023-03-19T13:34:30.466+0000] {processor.py:743} INFO - Processing file /home/airflow/.local/lib/python3.7/site-packages/airflow/example_dags/example_short_circuit_decorator.py for tasks to queue
[2023-03-19T13:34:30.467+0000] {logging_mixin.py:137} INFO - [2023-03-19T13:34:30.467+0000] {dagbag.py:532} INFO - Filling up the DagBag from /home/airflow/.local/lib/python3.7/site-packages/airflow/example_dags/example_short_circuit_decorator.py
[2023-03-19T13:34:30.492+0000] {processor.py:753} INFO - DAG(s) dict_keys(['example_short_circuit_decorator']) retrieved from /home/airflow/.local/lib/python3.7/site-packages/airflow/example_dags/example_short_circuit_decorator.py
[2023-03-19T13:34:30.513+0000] {logging_mixin.py:137} INFO - [2023-03-19T13:34:30.513+0000] {dag.py:2693} INFO - Sync 1 DAGs
[2023-03-19T13:34:30.530+0000] {logging_mixin.py:137} INFO - [2023-03-19T13:34:30.530+0000] {dag.py:3444} INFO - Setting next_dagrun for example_short_circuit_decorator to 2023-03-18T13:34:30.529879+00:00, run_after=2023-03-19T13:34:30.529879+00:00
[2023-03-19T13:34:30.539+0000] {processor.py:175} INFO - Processing /home/airflow/.local/lib/python3.7/site-packages/airflow/example_dags/example_short_circuit_decorator.py took 0.080 seconds
[2023-03-19T13:35:01.160+0000] {processor.py:153} INFO - Started process (PID=242) to work on /home/airflow/.local/lib/python3.7/site-packages/airflow/example_dags/example_short_circuit_decorator.py
[2023-03-19T13:35:01.162+0000] {processor.py:743} INFO - Processing file /home/airflow/.local/lib/python3.7/site-packages/airflow/example_dags/example_short_circuit_decorator.py for tasks to queue
[2023-03-19T13:35:01.163+0000] {logging_mixin.py:137} INFO - [2023-03-19T13:35:01.163+0000] {dagbag.py:532} INFO - Filling up the DagBag from /home/airflow/.local/lib/python3.7/site-packages/airflow/example_dags/example_short_circuit_decorator.py
[2023-03-19T13:35:01.183+0000] {processor.py:753} INFO - DAG(s) dict_keys(['example_short_circuit_decorator']) retrieved from /home/airflow/.local/lib/python3.7/site-packages/airflow/example_dags/example_short_circuit_decorator.py
[2023-03-19T13:35:01.210+0000] {logging_mixin.py:137} INFO - [2023-03-19T13:35:01.210+0000] {dag.py:2693} INFO - Sync 1 DAGs
[2023-03-19T13:35:01.231+0000] {logging_mixin.py:137} INFO - [2023-03-19T13:35:01.231+0000] {dag.py:3444} INFO - Setting next_dagrun for example_short_circuit_decorator to 2023-03-18T13:35:01.231562+00:00, run_after=2023-03-19T13:35:01.231562+00:00
[2023-03-19T13:35:01.245+0000] {processor.py:175} INFO - Processing /home/airflow/.local/lib/python3.7/site-packages/airflow/example_dags/example_short_circuit_decorator.py took 0.088 seconds
[2023-03-19T13:35:31.372+0000] {processor.py:153} INFO - Started process (PID=290) to work on /home/airflow/.local/lib/python3.7/site-packages/airflow/example_dags/example_short_circuit_decorator.py
[2023-03-19T13:35:31.373+0000] {processor.py:743} INFO - Processing file /home/airflow/.local/lib/python3.7/site-packages/airflow/example_dags/example_short_circuit_decorator.py for tasks to queue
[2023-03-19T13:35:31.374+0000] {logging_mixin.py:137} INFO - [2023-03-19T13:35:31.374+0000] {dagbag.py:532} INFO - Filling up the DagBag from /home/airflow/.local/lib/python3.7/site-packages/airflow/example_dags/example_short_circuit_decorator.py
[2023-03-19T13:35:31.389+0000] {processor.py:753} INFO - DAG(s) dict_keys(['example_short_circuit_decorator']) retrieved from /home/airflow/.local/lib/python3.7/site-packages/airflow/example_dags/example_short_circuit_decorator.py
[2023-03-19T13:35:31.408+0000] {logging_mixin.py:137} INFO - [2023-03-19T13:35:31.408+0000] {dag.py:2693} INFO - Sync 1 DAGs
[2023-03-19T13:35:31.422+0000] {logging_mixin.py:137} INFO - [2023-03-19T13:35:31.422+0000] {dag.py:3444} INFO - Setting next_dagrun for example_short_circuit_decorator to 2023-03-18T13:35:31.422266+00:00, run_after=2023-03-19T13:35:31.422266+00:00
[2023-03-19T13:35:31.431+0000] {processor.py:175} INFO - Processing /home/airflow/.local/lib/python3.7/site-packages/airflow/example_dags/example_short_circuit_decorator.py took 0.062 seconds
[2023-03-19T14:05:51.713+0000] {processor.py:153} INFO - Started process (PID=45) to work on /home/airflow/.local/lib/python3.7/site-packages/airflow/example_dags/example_short_circuit_decorator.py
[2023-03-19T14:05:51.715+0000] {processor.py:743} INFO - Processing file /home/airflow/.local/lib/python3.7/site-packages/airflow/example_dags/example_short_circuit_decorator.py for tasks to queue
[2023-03-19T14:05:51.715+0000] {logging_mixin.py:137} INFO - [2023-03-19T14:05:51.715+0000] {dagbag.py:532} INFO - Filling up the DagBag from /home/airflow/.local/lib/python3.7/site-packages/airflow/example_dags/example_short_circuit_decorator.py
[2023-03-19T14:05:51.766+0000] {processor.py:753} INFO - DAG(s) dict_keys(['example_short_circuit_decorator']) retrieved from /home/airflow/.local/lib/python3.7/site-packages/airflow/example_dags/example_short_circuit_decorator.py
[2023-03-19T14:05:51.796+0000] {logging_mixin.py:137} INFO - [2023-03-19T14:05:51.796+0000] {dag.py:2693} INFO - Sync 1 DAGs
[2023-03-19T14:05:51.836+0000] {logging_mixin.py:137} INFO - [2023-03-19T14:05:51.836+0000] {dag.py:3444} INFO - Setting next_dagrun for example_short_circuit_decorator to 2023-03-18T14:05:51.835612+00:00, run_after=2023-03-19T14:05:51.835612+00:00
[2023-03-19T14:05:51.856+0000] {processor.py:175} INFO - Processing /home/airflow/.local/lib/python3.7/site-packages/airflow/example_dags/example_short_circuit_decorator.py took 0.148 seconds
[2023-03-19T14:06:22.053+0000] {processor.py:153} INFO - Started process (PID=94) to work on /home/airflow/.local/lib/python3.7/site-packages/airflow/example_dags/example_short_circuit_decorator.py
[2023-03-19T14:06:22.054+0000] {processor.py:743} INFO - Processing file /home/airflow/.local/lib/python3.7/site-packages/airflow/example_dags/example_short_circuit_decorator.py for tasks to queue
[2023-03-19T14:06:22.055+0000] {logging_mixin.py:137} INFO - [2023-03-19T14:06:22.055+0000] {dagbag.py:532} INFO - Filling up the DagBag from /home/airflow/.local/lib/python3.7/site-packages/airflow/example_dags/example_short_circuit_decorator.py
[2023-03-19T14:06:22.069+0000] {processor.py:753} INFO - DAG(s) dict_keys(['example_short_circuit_decorator']) retrieved from /home/airflow/.local/lib/python3.7/site-packages/airflow/example_dags/example_short_circuit_decorator.py
[2023-03-19T14:06:22.093+0000] {logging_mixin.py:137} INFO - [2023-03-19T14:06:22.092+0000] {dag.py:2693} INFO - Sync 1 DAGs
[2023-03-19T14:06:22.110+0000] {logging_mixin.py:137} INFO - [2023-03-19T14:06:22.110+0000] {dag.py:3444} INFO - Setting next_dagrun for example_short_circuit_decorator to 2023-03-18T14:06:22.109679+00:00, run_after=2023-03-19T14:06:22.109679+00:00
[2023-03-19T14:06:22.121+0000] {processor.py:175} INFO - Processing /home/airflow/.local/lib/python3.7/site-packages/airflow/example_dags/example_short_circuit_decorator.py took 0.070 seconds
[2023-03-19T14:06:52.443+0000] {processor.py:153} INFO - Started process (PID=143) to work on /home/airflow/.local/lib/python3.7/site-packages/airflow/example_dags/example_short_circuit_decorator.py
[2023-03-19T14:06:52.444+0000] {processor.py:743} INFO - Processing file /home/airflow/.local/lib/python3.7/site-packages/airflow/example_dags/example_short_circuit_decorator.py for tasks to queue
[2023-03-19T14:06:52.444+0000] {logging_mixin.py:137} INFO - [2023-03-19T14:06:52.444+0000] {dagbag.py:532} INFO - Filling up the DagBag from /home/airflow/.local/lib/python3.7/site-packages/airflow/example_dags/example_short_circuit_decorator.py
[2023-03-19T14:06:52.458+0000] {processor.py:753} INFO - DAG(s) dict_keys(['example_short_circuit_decorator']) retrieved from /home/airflow/.local/lib/python3.7/site-packages/airflow/example_dags/example_short_circuit_decorator.py
[2023-03-19T14:06:52.477+0000] {logging_mixin.py:137} INFO - [2023-03-19T14:06:52.477+0000] {dag.py:2693} INFO - Sync 1 DAGs
[2023-03-19T14:06:52.490+0000] {logging_mixin.py:137} INFO - [2023-03-19T14:06:52.490+0000] {dag.py:3444} INFO - Setting next_dagrun for example_short_circuit_decorator to 2023-03-18T14:06:52.490520+00:00, run_after=2023-03-19T14:06:52.490520+00:00
[2023-03-19T14:06:52.500+0000] {processor.py:175} INFO - Processing /home/airflow/.local/lib/python3.7/site-packages/airflow/example_dags/example_short_circuit_decorator.py took 0.060 seconds
[2023-03-19T14:07:22.785+0000] {processor.py:153} INFO - Started process (PID=192) to work on /home/airflow/.local/lib/python3.7/site-packages/airflow/example_dags/example_short_circuit_decorator.py
[2023-03-19T14:07:22.786+0000] {processor.py:743} INFO - Processing file /home/airflow/.local/lib/python3.7/site-packages/airflow/example_dags/example_short_circuit_decorator.py for tasks to queue
[2023-03-19T14:07:22.787+0000] {logging_mixin.py:137} INFO - [2023-03-19T14:07:22.787+0000] {dagbag.py:532} INFO - Filling up the DagBag from /home/airflow/.local/lib/python3.7/site-packages/airflow/example_dags/example_short_circuit_decorator.py
[2023-03-19T14:07:22.801+0000] {processor.py:753} INFO - DAG(s) dict_keys(['example_short_circuit_decorator']) retrieved from /home/airflow/.local/lib/python3.7/site-packages/airflow/example_dags/example_short_circuit_decorator.py
[2023-03-19T14:07:22.820+0000] {logging_mixin.py:137} INFO - [2023-03-19T14:07:22.820+0000] {dag.py:2693} INFO - Sync 1 DAGs
[2023-03-19T14:07:22.835+0000] {logging_mixin.py:137} INFO - [2023-03-19T14:07:22.835+0000] {dag.py:3444} INFO - Setting next_dagrun for example_short_circuit_decorator to 2023-03-18T14:07:22.835340+00:00, run_after=2023-03-19T14:07:22.835340+00:00
[2023-03-19T14:07:22.844+0000] {processor.py:175} INFO - Processing /home/airflow/.local/lib/python3.7/site-packages/airflow/example_dags/example_short_circuit_decorator.py took 0.062 seconds
[2023-03-19T14:07:53.259+0000] {processor.py:153} INFO - Started process (PID=241) to work on /home/airflow/.local/lib/python3.7/site-packages/airflow/example_dags/example_short_circuit_decorator.py
[2023-03-19T14:07:53.261+0000] {processor.py:743} INFO - Processing file /home/airflow/.local/lib/python3.7/site-packages/airflow/example_dags/example_short_circuit_decorator.py for tasks to queue
[2023-03-19T14:07:53.266+0000] {logging_mixin.py:137} INFO - [2023-03-19T14:07:53.266+0000] {dagbag.py:532} INFO - Filling up the DagBag from /home/airflow/.local/lib/python3.7/site-packages/airflow/example_dags/example_short_circuit_decorator.py
[2023-03-19T14:07:53.282+0000] {processor.py:753} INFO - DAG(s) dict_keys(['example_short_circuit_decorator']) retrieved from /home/airflow/.local/lib/python3.7/site-packages/airflow/example_dags/example_short_circuit_decorator.py
[2023-03-19T14:07:53.301+0000] {logging_mixin.py:137} INFO - [2023-03-19T14:07:53.301+0000] {dag.py:2693} INFO - Sync 1 DAGs
[2023-03-19T14:07:53.316+0000] {logging_mixin.py:137} INFO - [2023-03-19T14:07:53.316+0000] {dag.py:3444} INFO - Setting next_dagrun for example_short_circuit_decorator to 2023-03-18T14:07:53.316704+00:00, run_after=2023-03-19T14:07:53.316704+00:00
[2023-03-19T14:07:53.325+0000] {processor.py:175} INFO - Processing /home/airflow/.local/lib/python3.7/site-packages/airflow/example_dags/example_short_circuit_decorator.py took 0.068 seconds
[2023-03-19T14:08:23.992+0000] {processor.py:153} INFO - Started process (PID=291) to work on /home/airflow/.local/lib/python3.7/site-packages/airflow/example_dags/example_short_circuit_decorator.py
[2023-03-19T14:08:23.994+0000] {processor.py:743} INFO - Processing file /home/airflow/.local/lib/python3.7/site-packages/airflow/example_dags/example_short_circuit_decorator.py for tasks to queue
[2023-03-19T14:08:23.995+0000] {logging_mixin.py:137} INFO - [2023-03-19T14:08:23.995+0000] {dagbag.py:532} INFO - Filling up the DagBag from /home/airflow/.local/lib/python3.7/site-packages/airflow/example_dags/example_short_circuit_decorator.py
[2023-03-19T14:08:24.016+0000] {processor.py:753} INFO - DAG(s) dict_keys(['example_short_circuit_decorator']) retrieved from /home/airflow/.local/lib/python3.7/site-packages/airflow/example_dags/example_short_circuit_decorator.py
[2023-03-19T14:08:24.058+0000] {logging_mixin.py:137} INFO - [2023-03-19T14:08:24.058+0000] {dag.py:2693} INFO - Sync 1 DAGs
[2023-03-19T14:08:24.075+0000] {logging_mixin.py:137} INFO - [2023-03-19T14:08:24.075+0000] {dag.py:3444} INFO - Setting next_dagrun for example_short_circuit_decorator to 2023-03-18T14:08:24.075025+00:00, run_after=2023-03-19T14:08:24.075025+00:00
[2023-03-19T14:08:24.086+0000] {processor.py:175} INFO - Processing /home/airflow/.local/lib/python3.7/site-packages/airflow/example_dags/example_short_circuit_decorator.py took 0.096 seconds
[2023-03-19T14:09:09.200+0000] {processor.py:153} INFO - Started process (PID=44) to work on /home/airflow/.local/lib/python3.7/site-packages/airflow/example_dags/example_short_circuit_decorator.py
[2023-03-19T14:09:09.203+0000] {processor.py:743} INFO - Processing file /home/airflow/.local/lib/python3.7/site-packages/airflow/example_dags/example_short_circuit_decorator.py for tasks to queue
[2023-03-19T14:09:09.204+0000] {logging_mixin.py:137} INFO - [2023-03-19T14:09:09.204+0000] {dagbag.py:532} INFO - Filling up the DagBag from /home/airflow/.local/lib/python3.7/site-packages/airflow/example_dags/example_short_circuit_decorator.py
[2023-03-19T14:09:09.243+0000] {processor.py:753} INFO - DAG(s) dict_keys(['example_short_circuit_decorator']) retrieved from /home/airflow/.local/lib/python3.7/site-packages/airflow/example_dags/example_short_circuit_decorator.py
[2023-03-19T14:09:09.263+0000] {logging_mixin.py:137} INFO - [2023-03-19T14:09:09.263+0000] {dag.py:2693} INFO - Sync 1 DAGs
[2023-03-19T14:09:09.309+0000] {logging_mixin.py:137} INFO - [2023-03-19T14:09:09.309+0000] {dag.py:3444} INFO - Setting next_dagrun for example_short_circuit_decorator to 2023-03-18T14:09:09.308605+00:00, run_after=2023-03-19T14:09:09.308605+00:00
[2023-03-19T14:09:09.333+0000] {processor.py:175} INFO - Processing /home/airflow/.local/lib/python3.7/site-packages/airflow/example_dags/example_short_circuit_decorator.py took 0.139 seconds
[2023-03-19T14:09:40.127+0000] {processor.py:153} INFO - Started process (PID=93) to work on /home/airflow/.local/lib/python3.7/site-packages/airflow/example_dags/example_short_circuit_decorator.py
[2023-03-19T14:09:40.128+0000] {processor.py:743} INFO - Processing file /home/airflow/.local/lib/python3.7/site-packages/airflow/example_dags/example_short_circuit_decorator.py for tasks to queue
[2023-03-19T14:09:40.129+0000] {logging_mixin.py:137} INFO - [2023-03-19T14:09:40.129+0000] {dagbag.py:532} INFO - Filling up the DagBag from /home/airflow/.local/lib/python3.7/site-packages/airflow/example_dags/example_short_circuit_decorator.py
[2023-03-19T14:09:40.145+0000] {processor.py:753} INFO - DAG(s) dict_keys(['example_short_circuit_decorator']) retrieved from /home/airflow/.local/lib/python3.7/site-packages/airflow/example_dags/example_short_circuit_decorator.py
[2023-03-19T14:09:40.167+0000] {logging_mixin.py:137} INFO - [2023-03-19T14:09:40.167+0000] {dag.py:2693} INFO - Sync 1 DAGs
[2023-03-19T14:09:40.182+0000] {logging_mixin.py:137} INFO - [2023-03-19T14:09:40.182+0000] {dag.py:3444} INFO - Setting next_dagrun for example_short_circuit_decorator to 2023-03-18T14:09:40.182470+00:00, run_after=2023-03-19T14:09:40.182470+00:00
[2023-03-19T14:09:40.195+0000] {processor.py:175} INFO - Processing /home/airflow/.local/lib/python3.7/site-packages/airflow/example_dags/example_short_circuit_decorator.py took 0.071 seconds
[2023-03-19T14:10:10.811+0000] {processor.py:153} INFO - Started process (PID=141) to work on /home/airflow/.local/lib/python3.7/site-packages/airflow/example_dags/example_short_circuit_decorator.py
[2023-03-19T14:10:10.812+0000] {processor.py:743} INFO - Processing file /home/airflow/.local/lib/python3.7/site-packages/airflow/example_dags/example_short_circuit_decorator.py for tasks to queue
[2023-03-19T14:10:10.813+0000] {logging_mixin.py:137} INFO - [2023-03-19T14:10:10.813+0000] {dagbag.py:532} INFO - Filling up the DagBag from /home/airflow/.local/lib/python3.7/site-packages/airflow/example_dags/example_short_circuit_decorator.py
[2023-03-19T14:10:10.829+0000] {processor.py:753} INFO - DAG(s) dict_keys(['example_short_circuit_decorator']) retrieved from /home/airflow/.local/lib/python3.7/site-packages/airflow/example_dags/example_short_circuit_decorator.py
[2023-03-19T14:10:10.848+0000] {logging_mixin.py:137} INFO - [2023-03-19T14:10:10.848+0000] {dag.py:2693} INFO - Sync 1 DAGs
[2023-03-19T14:10:10.862+0000] {logging_mixin.py:137} INFO - [2023-03-19T14:10:10.862+0000] {dag.py:3444} INFO - Setting next_dagrun for example_short_circuit_decorator to 2023-03-18T14:10:10.862079+00:00, run_after=2023-03-19T14:10:10.862079+00:00
[2023-03-19T14:10:10.872+0000] {processor.py:175} INFO - Processing /home/airflow/.local/lib/python3.7/site-packages/airflow/example_dags/example_short_circuit_decorator.py took 0.064 seconds
[2023-03-19T14:10:41.807+0000] {processor.py:153} INFO - Started process (PID=190) to work on /home/airflow/.local/lib/python3.7/site-packages/airflow/example_dags/example_short_circuit_decorator.py
[2023-03-19T14:10:41.810+0000] {processor.py:743} INFO - Processing file /home/airflow/.local/lib/python3.7/site-packages/airflow/example_dags/example_short_circuit_decorator.py for tasks to queue
[2023-03-19T14:10:41.811+0000] {logging_mixin.py:137} INFO - [2023-03-19T14:10:41.811+0000] {dagbag.py:532} INFO - Filling up the DagBag from /home/airflow/.local/lib/python3.7/site-packages/airflow/example_dags/example_short_circuit_decorator.py
[2023-03-19T14:10:41.824+0000] {processor.py:753} INFO - DAG(s) dict_keys(['example_short_circuit_decorator']) retrieved from /home/airflow/.local/lib/python3.7/site-packages/airflow/example_dags/example_short_circuit_decorator.py
[2023-03-19T14:10:41.842+0000] {logging_mixin.py:137} INFO - [2023-03-19T14:10:41.842+0000] {dag.py:2693} INFO - Sync 1 DAGs
[2023-03-19T14:10:41.856+0000] {logging_mixin.py:137} INFO - [2023-03-19T14:10:41.856+0000] {dag.py:3444} INFO - Setting next_dagrun for example_short_circuit_decorator to 2023-03-18T14:10:41.855940+00:00, run_after=2023-03-19T14:10:41.855940+00:00
[2023-03-19T14:10:41.867+0000] {processor.py:175} INFO - Processing /home/airflow/.local/lib/python3.7/site-packages/airflow/example_dags/example_short_circuit_decorator.py took 0.063 seconds
[2023-03-19T14:11:12.252+0000] {processor.py:153} INFO - Started process (PID=239) to work on /home/airflow/.local/lib/python3.7/site-packages/airflow/example_dags/example_short_circuit_decorator.py
[2023-03-19T14:11:12.254+0000] {processor.py:743} INFO - Processing file /home/airflow/.local/lib/python3.7/site-packages/airflow/example_dags/example_short_circuit_decorator.py for tasks to queue
[2023-03-19T14:11:12.254+0000] {logging_mixin.py:137} INFO - [2023-03-19T14:11:12.254+0000] {dagbag.py:532} INFO - Filling up the DagBag from /home/airflow/.local/lib/python3.7/site-packages/airflow/example_dags/example_short_circuit_decorator.py
[2023-03-19T14:11:12.271+0000] {processor.py:753} INFO - DAG(s) dict_keys(['example_short_circuit_decorator']) retrieved from /home/airflow/.local/lib/python3.7/site-packages/airflow/example_dags/example_short_circuit_decorator.py
[2023-03-19T14:11:12.302+0000] {logging_mixin.py:137} INFO - [2023-03-19T14:11:12.302+0000] {dag.py:2693} INFO - Sync 1 DAGs
[2023-03-19T14:11:12.327+0000] {logging_mixin.py:137} INFO - [2023-03-19T14:11:12.327+0000] {dag.py:3444} INFO - Setting next_dagrun for example_short_circuit_decorator to 2023-03-18T14:11:12.326836+00:00, run_after=2023-03-19T14:11:12.326836+00:00
[2023-03-19T14:11:12.343+0000] {processor.py:175} INFO - Processing /home/airflow/.local/lib/python3.7/site-packages/airflow/example_dags/example_short_circuit_decorator.py took 0.093 seconds
[2023-03-19T14:11:42.700+0000] {processor.py:153} INFO - Started process (PID=288) to work on /home/airflow/.local/lib/python3.7/site-packages/airflow/example_dags/example_short_circuit_decorator.py
[2023-03-19T14:11:42.704+0000] {processor.py:743} INFO - Processing file /home/airflow/.local/lib/python3.7/site-packages/airflow/example_dags/example_short_circuit_decorator.py for tasks to queue
[2023-03-19T14:11:42.705+0000] {logging_mixin.py:137} INFO - [2023-03-19T14:11:42.705+0000] {dagbag.py:532} INFO - Filling up the DagBag from /home/airflow/.local/lib/python3.7/site-packages/airflow/example_dags/example_short_circuit_decorator.py
[2023-03-19T14:11:42.731+0000] {processor.py:753} INFO - DAG(s) dict_keys(['example_short_circuit_decorator']) retrieved from /home/airflow/.local/lib/python3.7/site-packages/airflow/example_dags/example_short_circuit_decorator.py
[2023-03-19T14:11:42.754+0000] {logging_mixin.py:137} INFO - [2023-03-19T14:11:42.754+0000] {dag.py:2693} INFO - Sync 1 DAGs
[2023-03-19T14:11:42.769+0000] {logging_mixin.py:137} INFO - [2023-03-19T14:11:42.769+0000] {dag.py:3444} INFO - Setting next_dagrun for example_short_circuit_decorator to 2023-03-18T14:11:42.769370+00:00, run_after=2023-03-19T14:11:42.769370+00:00
[2023-03-19T14:11:42.781+0000] {processor.py:175} INFO - Processing /home/airflow/.local/lib/python3.7/site-packages/airflow/example_dags/example_short_circuit_decorator.py took 0.083 seconds
[2023-03-19T14:12:13.041+0000] {processor.py:153} INFO - Started process (PID=337) to work on /home/airflow/.local/lib/python3.7/site-packages/airflow/example_dags/example_short_circuit_decorator.py
[2023-03-19T14:12:13.042+0000] {processor.py:743} INFO - Processing file /home/airflow/.local/lib/python3.7/site-packages/airflow/example_dags/example_short_circuit_decorator.py for tasks to queue
[2023-03-19T14:12:13.044+0000] {logging_mixin.py:137} INFO - [2023-03-19T14:12:13.044+0000] {dagbag.py:532} INFO - Filling up the DagBag from /home/airflow/.local/lib/python3.7/site-packages/airflow/example_dags/example_short_circuit_decorator.py
[2023-03-19T14:12:13.067+0000] {processor.py:753} INFO - DAG(s) dict_keys(['example_short_circuit_decorator']) retrieved from /home/airflow/.local/lib/python3.7/site-packages/airflow/example_dags/example_short_circuit_decorator.py
[2023-03-19T14:12:13.099+0000] {logging_mixin.py:137} INFO - [2023-03-19T14:12:13.099+0000] {dag.py:2693} INFO - Sync 1 DAGs
[2023-03-19T14:12:13.138+0000] {logging_mixin.py:137} INFO - [2023-03-19T14:12:13.138+0000] {dag.py:3444} INFO - Setting next_dagrun for example_short_circuit_decorator to 2023-03-18T14:12:13.137756+00:00, run_after=2023-03-19T14:12:13.137756+00:00
[2023-03-19T14:12:13.156+0000] {processor.py:175} INFO - Processing /home/airflow/.local/lib/python3.7/site-packages/airflow/example_dags/example_short_circuit_decorator.py took 0.120 seconds
