[2023-03-19T13:32:59.011+0000] {processor.py:153} INFO - Started process (PID=39) to work on /home/airflow/.local/lib/python3.7/site-packages/airflow/example_dags/example_params_ui_tutorial.py
[2023-03-19T13:32:59.011+0000] {processor.py:743} INFO - Processing file /home/airflow/.local/lib/python3.7/site-packages/airflow/example_dags/example_params_ui_tutorial.py for tasks to queue
[2023-03-19T13:32:59.012+0000] {logging_mixin.py:137} INFO - [2023-03-19T13:32:59.012+0000] {dagbag.py:532} INFO - Filling up the DagBag from /home/airflow/.local/lib/python3.7/site-packages/airflow/example_dags/example_params_ui_tutorial.py
[2023-03-19T13:32:59.065+0000] {processor.py:753} INFO - DAG(s) dict_keys(['example_params_ui_tutorial']) retrieved from /home/airflow/.local/lib/python3.7/site-packages/airflow/example_dags/example_params_ui_tutorial.py
[2023-03-19T13:32:59.077+0000] {logging_mixin.py:137} INFO - [2023-03-19T13:32:59.077+0000] {dag.py:2693} INFO - Sync 1 DAGs
[2023-03-19T13:32:59.096+0000] {logging_mixin.py:137} INFO - [2023-03-19T13:32:59.096+0000] {dag.py:3444} INFO - Setting next_dagrun for example_params_ui_tutorial to None, run_after=None
[2023-03-19T13:32:59.110+0000] {processor.py:175} INFO - Processing /home/airflow/.local/lib/python3.7/site-packages/airflow/example_dags/example_params_ui_tutorial.py took 0.102 seconds
[2023-03-19T13:33:29.642+0000] {processor.py:153} INFO - Started process (PID=88) to work on /home/airflow/.local/lib/python3.7/site-packages/airflow/example_dags/example_params_ui_tutorial.py
[2023-03-19T13:33:29.643+0000] {processor.py:743} INFO - Processing file /home/airflow/.local/lib/python3.7/site-packages/airflow/example_dags/example_params_ui_tutorial.py for tasks to queue
[2023-03-19T13:33:29.644+0000] {logging_mixin.py:137} INFO - [2023-03-19T13:33:29.644+0000] {dagbag.py:532} INFO - Filling up the DagBag from /home/airflow/.local/lib/python3.7/site-packages/airflow/example_dags/example_params_ui_tutorial.py
[2023-03-19T13:33:29.677+0000] {processor.py:753} INFO - DAG(s) dict_keys(['example_params_ui_tutorial']) retrieved from /home/airflow/.local/lib/python3.7/site-packages/airflow/example_dags/example_params_ui_tutorial.py
[2023-03-19T13:33:29.714+0000] {logging_mixin.py:137} INFO - [2023-03-19T13:33:29.714+0000] {dag.py:2693} INFO - Sync 1 DAGs
[2023-03-19T13:33:29.728+0000] {logging_mixin.py:137} INFO - [2023-03-19T13:33:29.728+0000] {dag.py:3444} INFO - Setting next_dagrun for example_params_ui_tutorial to None, run_after=None
[2023-03-19T13:33:29.737+0000] {processor.py:175} INFO - Processing /home/airflow/.local/lib/python3.7/site-packages/airflow/example_dags/example_params_ui_tutorial.py took 0.098 seconds
[2023-03-19T13:33:59.956+0000] {processor.py:153} INFO - Started process (PID=138) to work on /home/airflow/.local/lib/python3.7/site-packages/airflow/example_dags/example_params_ui_tutorial.py
[2023-03-19T13:33:59.958+0000] {processor.py:743} INFO - Processing file /home/airflow/.local/lib/python3.7/site-packages/airflow/example_dags/example_params_ui_tutorial.py for tasks to queue
[2023-03-19T13:33:59.959+0000] {logging_mixin.py:137} INFO - [2023-03-19T13:33:59.959+0000] {dagbag.py:532} INFO - Filling up the DagBag from /home/airflow/.local/lib/python3.7/site-packages/airflow/example_dags/example_params_ui_tutorial.py
[2023-03-19T13:33:59.993+0000] {processor.py:753} INFO - DAG(s) dict_keys(['example_params_ui_tutorial']) retrieved from /home/airflow/.local/lib/python3.7/site-packages/airflow/example_dags/example_params_ui_tutorial.py
[2023-03-19T13:34:00.030+0000] {logging_mixin.py:137} INFO - [2023-03-19T13:34:00.030+0000] {dag.py:2693} INFO - Sync 1 DAGs
[2023-03-19T13:34:00.045+0000] {logging_mixin.py:137} INFO - [2023-03-19T13:34:00.045+0000] {dag.py:3444} INFO - Setting next_dagrun for example_params_ui_tutorial to None, run_after=None
[2023-03-19T13:34:00.056+0000] {processor.py:175} INFO - Processing /home/airflow/.local/lib/python3.7/site-packages/airflow/example_dags/example_params_ui_tutorial.py took 0.104 seconds
[2023-03-19T13:34:30.248+0000] {processor.py:153} INFO - Started process (PID=188) to work on /home/airflow/.local/lib/python3.7/site-packages/airflow/example_dags/example_params_ui_tutorial.py
[2023-03-19T13:34:30.250+0000] {processor.py:743} INFO - Processing file /home/airflow/.local/lib/python3.7/site-packages/airflow/example_dags/example_params_ui_tutorial.py for tasks to queue
[2023-03-19T13:34:30.251+0000] {logging_mixin.py:137} INFO - [2023-03-19T13:34:30.250+0000] {dagbag.py:532} INFO - Filling up the DagBag from /home/airflow/.local/lib/python3.7/site-packages/airflow/example_dags/example_params_ui_tutorial.py
[2023-03-19T13:34:30.283+0000] {processor.py:753} INFO - DAG(s) dict_keys(['example_params_ui_tutorial']) retrieved from /home/airflow/.local/lib/python3.7/site-packages/airflow/example_dags/example_params_ui_tutorial.py
[2023-03-19T13:34:30.324+0000] {logging_mixin.py:137} INFO - [2023-03-19T13:34:30.324+0000] {dag.py:2693} INFO - Sync 1 DAGs
[2023-03-19T13:34:30.340+0000] {logging_mixin.py:137} INFO - [2023-03-19T13:34:30.340+0000] {dag.py:3444} INFO - Setting next_dagrun for example_params_ui_tutorial to None, run_after=None
[2023-03-19T13:34:30.349+0000] {processor.py:175} INFO - Processing /home/airflow/.local/lib/python3.7/site-packages/airflow/example_dags/example_params_ui_tutorial.py took 0.106 seconds
[2023-03-19T13:35:00.745+0000] {processor.py:153} INFO - Started process (PID=236) to work on /home/airflow/.local/lib/python3.7/site-packages/airflow/example_dags/example_params_ui_tutorial.py
[2023-03-19T13:35:00.746+0000] {processor.py:743} INFO - Processing file /home/airflow/.local/lib/python3.7/site-packages/airflow/example_dags/example_params_ui_tutorial.py for tasks to queue
[2023-03-19T13:35:00.746+0000] {logging_mixin.py:137} INFO - [2023-03-19T13:35:00.746+0000] {dagbag.py:532} INFO - Filling up the DagBag from /home/airflow/.local/lib/python3.7/site-packages/airflow/example_dags/example_params_ui_tutorial.py
[2023-03-19T13:35:00.782+0000] {processor.py:753} INFO - DAG(s) dict_keys(['example_params_ui_tutorial']) retrieved from /home/airflow/.local/lib/python3.7/site-packages/airflow/example_dags/example_params_ui_tutorial.py
[2023-03-19T13:35:00.823+0000] {logging_mixin.py:137} INFO - [2023-03-19T13:35:00.823+0000] {dag.py:2693} INFO - Sync 1 DAGs
[2023-03-19T13:35:00.839+0000] {logging_mixin.py:137} INFO - [2023-03-19T13:35:00.839+0000] {dag.py:3444} INFO - Setting next_dagrun for example_params_ui_tutorial to None, run_after=None
[2023-03-19T13:35:00.849+0000] {processor.py:175} INFO - Processing /home/airflow/.local/lib/python3.7/site-packages/airflow/example_dags/example_params_ui_tutorial.py took 0.106 seconds
[2023-03-19T13:35:31.133+0000] {processor.py:153} INFO - Started process (PID=284) to work on /home/airflow/.local/lib/python3.7/site-packages/airflow/example_dags/example_params_ui_tutorial.py
[2023-03-19T13:35:31.134+0000] {processor.py:743} INFO - Processing file /home/airflow/.local/lib/python3.7/site-packages/airflow/example_dags/example_params_ui_tutorial.py for tasks to queue
[2023-03-19T13:35:31.134+0000] {logging_mixin.py:137} INFO - [2023-03-19T13:35:31.134+0000] {dagbag.py:532} INFO - Filling up the DagBag from /home/airflow/.local/lib/python3.7/site-packages/airflow/example_dags/example_params_ui_tutorial.py
[2023-03-19T13:35:31.167+0000] {processor.py:753} INFO - DAG(s) dict_keys(['example_params_ui_tutorial']) retrieved from /home/airflow/.local/lib/python3.7/site-packages/airflow/example_dags/example_params_ui_tutorial.py
[2023-03-19T13:35:31.201+0000] {logging_mixin.py:137} INFO - [2023-03-19T13:35:31.201+0000] {dag.py:2693} INFO - Sync 1 DAGs
[2023-03-19T13:35:31.217+0000] {logging_mixin.py:137} INFO - [2023-03-19T13:35:31.217+0000] {dag.py:3444} INFO - Setting next_dagrun for example_params_ui_tutorial to None, run_after=None
[2023-03-19T13:35:31.227+0000] {processor.py:175} INFO - Processing /home/airflow/.local/lib/python3.7/site-packages/airflow/example_dags/example_params_ui_tutorial.py took 0.097 seconds
[2023-03-19T14:05:51.058+0000] {processor.py:153} INFO - Started process (PID=39) to work on /home/airflow/.local/lib/python3.7/site-packages/airflow/example_dags/example_params_ui_tutorial.py
[2023-03-19T14:05:51.061+0000] {processor.py:743} INFO - Processing file /home/airflow/.local/lib/python3.7/site-packages/airflow/example_dags/example_params_ui_tutorial.py for tasks to queue
[2023-03-19T14:05:51.062+0000] {logging_mixin.py:137} INFO - [2023-03-19T14:05:51.062+0000] {dagbag.py:532} INFO - Filling up the DagBag from /home/airflow/.local/lib/python3.7/site-packages/airflow/example_dags/example_params_ui_tutorial.py
[2023-03-19T14:05:51.139+0000] {processor.py:753} INFO - DAG(s) dict_keys(['example_params_ui_tutorial']) retrieved from /home/airflow/.local/lib/python3.7/site-packages/airflow/example_dags/example_params_ui_tutorial.py
[2023-03-19T14:05:51.154+0000] {logging_mixin.py:137} INFO - [2023-03-19T14:05:51.154+0000] {dag.py:2693} INFO - Sync 1 DAGs
[2023-03-19T14:05:51.178+0000] {logging_mixin.py:137} INFO - [2023-03-19T14:05:51.178+0000] {dag.py:3444} INFO - Setting next_dagrun for example_params_ui_tutorial to None, run_after=None
[2023-03-19T14:05:51.213+0000] {processor.py:175} INFO - Processing /home/airflow/.local/lib/python3.7/site-packages/airflow/example_dags/example_params_ui_tutorial.py took 0.159 seconds
[2023-03-19T14:06:21.716+0000] {processor.py:153} INFO - Started process (PID=88) to work on /home/airflow/.local/lib/python3.7/site-packages/airflow/example_dags/example_params_ui_tutorial.py
[2023-03-19T14:06:21.717+0000] {processor.py:743} INFO - Processing file /home/airflow/.local/lib/python3.7/site-packages/airflow/example_dags/example_params_ui_tutorial.py for tasks to queue
[2023-03-19T14:06:21.717+0000] {logging_mixin.py:137} INFO - [2023-03-19T14:06:21.717+0000] {dagbag.py:532} INFO - Filling up the DagBag from /home/airflow/.local/lib/python3.7/site-packages/airflow/example_dags/example_params_ui_tutorial.py
[2023-03-19T14:06:21.756+0000] {processor.py:753} INFO - DAG(s) dict_keys(['example_params_ui_tutorial']) retrieved from /home/airflow/.local/lib/python3.7/site-packages/airflow/example_dags/example_params_ui_tutorial.py
[2023-03-19T14:06:21.789+0000] {logging_mixin.py:137} INFO - [2023-03-19T14:06:21.789+0000] {dag.py:2693} INFO - Sync 1 DAGs
[2023-03-19T14:06:21.801+0000] {logging_mixin.py:137} INFO - [2023-03-19T14:06:21.801+0000] {dag.py:3444} INFO - Setting next_dagrun for example_params_ui_tutorial to None, run_after=None
[2023-03-19T14:06:21.811+0000] {processor.py:175} INFO - Processing /home/airflow/.local/lib/python3.7/site-packages/airflow/example_dags/example_params_ui_tutorial.py took 0.097 seconds
[2023-03-19T14:06:52.158+0000] {processor.py:153} INFO - Started process (PID=137) to work on /home/airflow/.local/lib/python3.7/site-packages/airflow/example_dags/example_params_ui_tutorial.py
[2023-03-19T14:06:52.159+0000] {processor.py:743} INFO - Processing file /home/airflow/.local/lib/python3.7/site-packages/airflow/example_dags/example_params_ui_tutorial.py for tasks to queue
[2023-03-19T14:06:52.160+0000] {logging_mixin.py:137} INFO - [2023-03-19T14:06:52.160+0000] {dagbag.py:532} INFO - Filling up the DagBag from /home/airflow/.local/lib/python3.7/site-packages/airflow/example_dags/example_params_ui_tutorial.py
[2023-03-19T14:06:52.191+0000] {processor.py:753} INFO - DAG(s) dict_keys(['example_params_ui_tutorial']) retrieved from /home/airflow/.local/lib/python3.7/site-packages/airflow/example_dags/example_params_ui_tutorial.py
[2023-03-19T14:06:52.224+0000] {logging_mixin.py:137} INFO - [2023-03-19T14:06:52.224+0000] {dag.py:2693} INFO - Sync 1 DAGs
[2023-03-19T14:06:52.238+0000] {logging_mixin.py:137} INFO - [2023-03-19T14:06:52.238+0000] {dag.py:3444} INFO - Setting next_dagrun for example_params_ui_tutorial to None, run_after=None
[2023-03-19T14:06:52.247+0000] {processor.py:175} INFO - Processing /home/airflow/.local/lib/python3.7/site-packages/airflow/example_dags/example_params_ui_tutorial.py took 0.092 seconds
[2023-03-19T14:07:22.517+0000] {processor.py:153} INFO - Started process (PID=186) to work on /home/airflow/.local/lib/python3.7/site-packages/airflow/example_dags/example_params_ui_tutorial.py
[2023-03-19T14:07:22.518+0000] {processor.py:743} INFO - Processing file /home/airflow/.local/lib/python3.7/site-packages/airflow/example_dags/example_params_ui_tutorial.py for tasks to queue
[2023-03-19T14:07:22.519+0000] {logging_mixin.py:137} INFO - [2023-03-19T14:07:22.519+0000] {dagbag.py:532} INFO - Filling up the DagBag from /home/airflow/.local/lib/python3.7/site-packages/airflow/example_dags/example_params_ui_tutorial.py
[2023-03-19T14:07:22.575+0000] {processor.py:753} INFO - DAG(s) dict_keys(['example_params_ui_tutorial']) retrieved from /home/airflow/.local/lib/python3.7/site-packages/airflow/example_dags/example_params_ui_tutorial.py
[2023-03-19T14:07:22.614+0000] {logging_mixin.py:137} INFO - [2023-03-19T14:07:22.614+0000] {dag.py:2693} INFO - Sync 1 DAGs
[2023-03-19T14:07:22.628+0000] {logging_mixin.py:137} INFO - [2023-03-19T14:07:22.628+0000] {dag.py:3444} INFO - Setting next_dagrun for example_params_ui_tutorial to None, run_after=None
[2023-03-19T14:07:22.638+0000] {processor.py:175} INFO - Processing /home/airflow/.local/lib/python3.7/site-packages/airflow/example_dags/example_params_ui_tutorial.py took 0.124 seconds
[2023-03-19T14:07:53.053+0000] {processor.py:153} INFO - Started process (PID=236) to work on /home/airflow/.local/lib/python3.7/site-packages/airflow/example_dags/example_params_ui_tutorial.py
[2023-03-19T14:07:53.054+0000] {processor.py:743} INFO - Processing file /home/airflow/.local/lib/python3.7/site-packages/airflow/example_dags/example_params_ui_tutorial.py for tasks to queue
[2023-03-19T14:07:53.055+0000] {logging_mixin.py:137} INFO - [2023-03-19T14:07:53.055+0000] {dagbag.py:532} INFO - Filling up the DagBag from /home/airflow/.local/lib/python3.7/site-packages/airflow/example_dags/example_params_ui_tutorial.py
[2023-03-19T14:07:53.088+0000] {processor.py:753} INFO - DAG(s) dict_keys(['example_params_ui_tutorial']) retrieved from /home/airflow/.local/lib/python3.7/site-packages/airflow/example_dags/example_params_ui_tutorial.py
[2023-03-19T14:07:53.130+0000] {logging_mixin.py:137} INFO - [2023-03-19T14:07:53.130+0000] {dag.py:2693} INFO - Sync 1 DAGs
[2023-03-19T14:07:53.145+0000] {logging_mixin.py:137} INFO - [2023-03-19T14:07:53.145+0000] {dag.py:3444} INFO - Setting next_dagrun for example_params_ui_tutorial to None, run_after=None
[2023-03-19T14:07:53.154+0000] {processor.py:175} INFO - Processing /home/airflow/.local/lib/python3.7/site-packages/airflow/example_dags/example_params_ui_tutorial.py took 0.103 seconds
[2023-03-19T14:08:23.547+0000] {processor.py:153} INFO - Started process (PID=285) to work on /home/airflow/.local/lib/python3.7/site-packages/airflow/example_dags/example_params_ui_tutorial.py
[2023-03-19T14:08:23.548+0000] {processor.py:743} INFO - Processing file /home/airflow/.local/lib/python3.7/site-packages/airflow/example_dags/example_params_ui_tutorial.py for tasks to queue
[2023-03-19T14:08:23.550+0000] {logging_mixin.py:137} INFO - [2023-03-19T14:08:23.550+0000] {dagbag.py:532} INFO - Filling up the DagBag from /home/airflow/.local/lib/python3.7/site-packages/airflow/example_dags/example_params_ui_tutorial.py
[2023-03-19T14:08:23.592+0000] {processor.py:753} INFO - DAG(s) dict_keys(['example_params_ui_tutorial']) retrieved from /home/airflow/.local/lib/python3.7/site-packages/airflow/example_dags/example_params_ui_tutorial.py
[2023-03-19T14:08:23.632+0000] {logging_mixin.py:137} INFO - [2023-03-19T14:08:23.632+0000] {dag.py:2693} INFO - Sync 1 DAGs
[2023-03-19T14:08:23.649+0000] {logging_mixin.py:137} INFO - [2023-03-19T14:08:23.649+0000] {dag.py:3444} INFO - Setting next_dagrun for example_params_ui_tutorial to None, run_after=None
[2023-03-19T14:08:23.662+0000] {processor.py:175} INFO - Processing /home/airflow/.local/lib/python3.7/site-packages/airflow/example_dags/example_params_ui_tutorial.py took 0.118 seconds
[2023-03-19T14:09:08.066+0000] {processor.py:153} INFO - Started process (PID=38) to work on /home/airflow/.local/lib/python3.7/site-packages/airflow/example_dags/example_params_ui_tutorial.py
[2023-03-19T14:09:08.068+0000] {processor.py:743} INFO - Processing file /home/airflow/.local/lib/python3.7/site-packages/airflow/example_dags/example_params_ui_tutorial.py for tasks to queue
[2023-03-19T14:09:08.069+0000] {logging_mixin.py:137} INFO - [2023-03-19T14:09:08.069+0000] {dagbag.py:532} INFO - Filling up the DagBag from /home/airflow/.local/lib/python3.7/site-packages/airflow/example_dags/example_params_ui_tutorial.py
[2023-03-19T14:09:08.132+0000] {processor.py:753} INFO - DAG(s) dict_keys(['example_params_ui_tutorial']) retrieved from /home/airflow/.local/lib/python3.7/site-packages/airflow/example_dags/example_params_ui_tutorial.py
[2023-03-19T14:09:08.158+0000] {logging_mixin.py:137} INFO - [2023-03-19T14:09:08.158+0000] {dag.py:2693} INFO - Sync 1 DAGs
[2023-03-19T14:09:08.188+0000] {logging_mixin.py:137} INFO - [2023-03-19T14:09:08.188+0000] {dag.py:3444} INFO - Setting next_dagrun for example_params_ui_tutorial to None, run_after=None
[2023-03-19T14:09:08.251+0000] {processor.py:175} INFO - Processing /home/airflow/.local/lib/python3.7/site-packages/airflow/example_dags/example_params_ui_tutorial.py took 0.188 seconds
[2023-03-19T14:09:38.747+0000] {processor.py:153} INFO - Started process (PID=87) to work on /home/airflow/.local/lib/python3.7/site-packages/airflow/example_dags/example_params_ui_tutorial.py
[2023-03-19T14:09:38.748+0000] {processor.py:743} INFO - Processing file /home/airflow/.local/lib/python3.7/site-packages/airflow/example_dags/example_params_ui_tutorial.py for tasks to queue
[2023-03-19T14:09:38.749+0000] {logging_mixin.py:137} INFO - [2023-03-19T14:09:38.749+0000] {dagbag.py:532} INFO - Filling up the DagBag from /home/airflow/.local/lib/python3.7/site-packages/airflow/example_dags/example_params_ui_tutorial.py
[2023-03-19T14:09:38.782+0000] {processor.py:753} INFO - DAG(s) dict_keys(['example_params_ui_tutorial']) retrieved from /home/airflow/.local/lib/python3.7/site-packages/airflow/example_dags/example_params_ui_tutorial.py
[2023-03-19T14:09:38.815+0000] {logging_mixin.py:137} INFO - [2023-03-19T14:09:38.815+0000] {dag.py:2693} INFO - Sync 1 DAGs
[2023-03-19T14:09:38.829+0000] {logging_mixin.py:137} INFO - [2023-03-19T14:09:38.829+0000] {dag.py:3444} INFO - Setting next_dagrun for example_params_ui_tutorial to None, run_after=None
[2023-03-19T14:09:38.839+0000] {processor.py:175} INFO - Processing /home/airflow/.local/lib/python3.7/site-packages/airflow/example_dags/example_params_ui_tutorial.py took 0.094 seconds
[2023-03-19T14:10:09.475+0000] {processor.py:153} INFO - Started process (PID=135) to work on /home/airflow/.local/lib/python3.7/site-packages/airflow/example_dags/example_params_ui_tutorial.py
[2023-03-19T14:10:09.476+0000] {processor.py:743} INFO - Processing file /home/airflow/.local/lib/python3.7/site-packages/airflow/example_dags/example_params_ui_tutorial.py for tasks to queue
[2023-03-19T14:10:09.476+0000] {logging_mixin.py:137} INFO - [2023-03-19T14:10:09.476+0000] {dagbag.py:532} INFO - Filling up the DagBag from /home/airflow/.local/lib/python3.7/site-packages/airflow/example_dags/example_params_ui_tutorial.py
[2023-03-19T14:10:09.518+0000] {processor.py:753} INFO - DAG(s) dict_keys(['example_params_ui_tutorial']) retrieved from /home/airflow/.local/lib/python3.7/site-packages/airflow/example_dags/example_params_ui_tutorial.py
[2023-03-19T14:10:09.554+0000] {logging_mixin.py:137} INFO - [2023-03-19T14:10:09.553+0000] {dag.py:2693} INFO - Sync 1 DAGs
[2023-03-19T14:10:09.572+0000] {logging_mixin.py:137} INFO - [2023-03-19T14:10:09.572+0000] {dag.py:3444} INFO - Setting next_dagrun for example_params_ui_tutorial to None, run_after=None
[2023-03-19T14:10:09.586+0000] {processor.py:175} INFO - Processing /home/airflow/.local/lib/python3.7/site-packages/airflow/example_dags/example_params_ui_tutorial.py took 0.115 seconds
[2023-03-19T14:10:40.505+0000] {processor.py:153} INFO - Started process (PID=184) to work on /home/airflow/.local/lib/python3.7/site-packages/airflow/example_dags/example_params_ui_tutorial.py
[2023-03-19T14:10:40.506+0000] {processor.py:743} INFO - Processing file /home/airflow/.local/lib/python3.7/site-packages/airflow/example_dags/example_params_ui_tutorial.py for tasks to queue
[2023-03-19T14:10:40.507+0000] {logging_mixin.py:137} INFO - [2023-03-19T14:10:40.507+0000] {dagbag.py:532} INFO - Filling up the DagBag from /home/airflow/.local/lib/python3.7/site-packages/airflow/example_dags/example_params_ui_tutorial.py
[2023-03-19T14:10:40.538+0000] {processor.py:753} INFO - DAG(s) dict_keys(['example_params_ui_tutorial']) retrieved from /home/airflow/.local/lib/python3.7/site-packages/airflow/example_dags/example_params_ui_tutorial.py
[2023-03-19T14:10:40.570+0000] {logging_mixin.py:137} INFO - [2023-03-19T14:10:40.570+0000] {dag.py:2693} INFO - Sync 1 DAGs
[2023-03-19T14:10:40.584+0000] {logging_mixin.py:137} INFO - [2023-03-19T14:10:40.584+0000] {dag.py:3444} INFO - Setting next_dagrun for example_params_ui_tutorial to None, run_after=None
[2023-03-19T14:10:40.596+0000] {processor.py:175} INFO - Processing /home/airflow/.local/lib/python3.7/site-packages/airflow/example_dags/example_params_ui_tutorial.py took 0.094 seconds
[2023-03-19T14:11:10.926+0000] {processor.py:153} INFO - Started process (PID=233) to work on /home/airflow/.local/lib/python3.7/site-packages/airflow/example_dags/example_params_ui_tutorial.py
[2023-03-19T14:11:10.927+0000] {processor.py:743} INFO - Processing file /home/airflow/.local/lib/python3.7/site-packages/airflow/example_dags/example_params_ui_tutorial.py for tasks to queue
[2023-03-19T14:11:10.928+0000] {logging_mixin.py:137} INFO - [2023-03-19T14:11:10.928+0000] {dagbag.py:532} INFO - Filling up the DagBag from /home/airflow/.local/lib/python3.7/site-packages/airflow/example_dags/example_params_ui_tutorial.py
[2023-03-19T14:11:10.960+0000] {processor.py:753} INFO - DAG(s) dict_keys(['example_params_ui_tutorial']) retrieved from /home/airflow/.local/lib/python3.7/site-packages/airflow/example_dags/example_params_ui_tutorial.py
[2023-03-19T14:11:11.002+0000] {logging_mixin.py:137} INFO - [2023-03-19T14:11:11.002+0000] {dag.py:2693} INFO - Sync 1 DAGs
[2023-03-19T14:11:11.017+0000] {logging_mixin.py:137} INFO - [2023-03-19T14:11:11.017+0000] {dag.py:3444} INFO - Setting next_dagrun for example_params_ui_tutorial to None, run_after=None
[2023-03-19T14:11:11.027+0000] {processor.py:175} INFO - Processing /home/airflow/.local/lib/python3.7/site-packages/airflow/example_dags/example_params_ui_tutorial.py took 0.104 seconds
[2023-03-19T14:11:41.283+0000] {processor.py:153} INFO - Started process (PID=282) to work on /home/airflow/.local/lib/python3.7/site-packages/airflow/example_dags/example_params_ui_tutorial.py
[2023-03-19T14:11:41.284+0000] {processor.py:743} INFO - Processing file /home/airflow/.local/lib/python3.7/site-packages/airflow/example_dags/example_params_ui_tutorial.py for tasks to queue
[2023-03-19T14:11:41.286+0000] {logging_mixin.py:137} INFO - [2023-03-19T14:11:41.286+0000] {dagbag.py:532} INFO - Filling up the DagBag from /home/airflow/.local/lib/python3.7/site-packages/airflow/example_dags/example_params_ui_tutorial.py
[2023-03-19T14:11:41.331+0000] {processor.py:753} INFO - DAG(s) dict_keys(['example_params_ui_tutorial']) retrieved from /home/airflow/.local/lib/python3.7/site-packages/airflow/example_dags/example_params_ui_tutorial.py
[2023-03-19T14:11:41.384+0000] {logging_mixin.py:137} INFO - [2023-03-19T14:11:41.384+0000] {dag.py:2693} INFO - Sync 1 DAGs
[2023-03-19T14:11:41.435+0000] {logging_mixin.py:137} INFO - [2023-03-19T14:11:41.434+0000] {dag.py:3444} INFO - Setting next_dagrun for example_params_ui_tutorial to None, run_after=None
[2023-03-19T14:11:41.458+0000] {processor.py:175} INFO - Processing /home/airflow/.local/lib/python3.7/site-packages/airflow/example_dags/example_params_ui_tutorial.py took 0.180 seconds
[2023-03-19T14:12:11.635+0000] {processor.py:153} INFO - Started process (PID=331) to work on /home/airflow/.local/lib/python3.7/site-packages/airflow/example_dags/example_params_ui_tutorial.py
[2023-03-19T14:12:11.636+0000] {processor.py:743} INFO - Processing file /home/airflow/.local/lib/python3.7/site-packages/airflow/example_dags/example_params_ui_tutorial.py for tasks to queue
[2023-03-19T14:12:11.637+0000] {logging_mixin.py:137} INFO - [2023-03-19T14:12:11.636+0000] {dagbag.py:532} INFO - Filling up the DagBag from /home/airflow/.local/lib/python3.7/site-packages/airflow/example_dags/example_params_ui_tutorial.py
[2023-03-19T14:12:11.693+0000] {processor.py:753} INFO - DAG(s) dict_keys(['example_params_ui_tutorial']) retrieved from /home/airflow/.local/lib/python3.7/site-packages/airflow/example_dags/example_params_ui_tutorial.py
[2023-03-19T14:12:11.726+0000] {logging_mixin.py:137} INFO - [2023-03-19T14:12:11.725+0000] {dag.py:2693} INFO - Sync 1 DAGs
[2023-03-19T14:12:11.739+0000] {logging_mixin.py:137} INFO - [2023-03-19T14:12:11.739+0000] {dag.py:3444} INFO - Setting next_dagrun for example_params_ui_tutorial to None, run_after=None
[2023-03-19T14:12:11.749+0000] {processor.py:175} INFO - Processing /home/airflow/.local/lib/python3.7/site-packages/airflow/example_dags/example_params_ui_tutorial.py took 0.116 seconds
