[2023-03-19T13:32:59.322+0000] {processor.py:153} INFO - Started process (PID=43) to work on /home/airflow/.local/lib/python3.7/site-packages/airflow/example_dags/example_sla_dag.py
[2023-03-19T13:32:59.325+0000] {processor.py:743} INFO - Processing file /home/airflow/.local/lib/python3.7/site-packages/airflow/example_dags/example_sla_dag.py for tasks to queue
[2023-03-19T13:32:59.326+0000] {logging_mixin.py:137} INFO - [2023-03-19T13:32:59.326+0000] {dagbag.py:532} INFO - Filling up the DagBag from /home/airflow/.local/lib/python3.7/site-packages/airflow/example_dags/example_sla_dag.py
[2023-03-19T13:32:59.367+0000] {processor.py:753} INFO - DAG(s) dict_keys(['example_sla_dag']) retrieved from /home/airflow/.local/lib/python3.7/site-packages/airflow/example_dags/example_sla_dag.py
[2023-03-19T13:32:59.426+0000] {logging_mixin.py:137} INFO - [2023-03-19T13:32:59.426+0000] {dag.py:2693} INFO - Sync 1 DAGs
[2023-03-19T13:32:59.465+0000] {logging_mixin.py:137} INFO - [2023-03-19T13:32:59.465+0000] {dag.py:3444} INFO - Setting next_dagrun for example_sla_dag to 2023-03-19T13:30:00+00:00, run_after=2023-03-19T13:32:00+00:00
[2023-03-19T13:32:59.483+0000] {processor.py:175} INFO - Processing /home/airflow/.local/lib/python3.7/site-packages/airflow/example_dags/example_sla_dag.py took 0.180 seconds
[2023-03-19T13:33:29.800+0000] {processor.py:153} INFO - Started process (PID=92) to work on /home/airflow/.local/lib/python3.7/site-packages/airflow/example_dags/example_sla_dag.py
[2023-03-19T13:33:29.801+0000] {processor.py:743} INFO - Processing file /home/airflow/.local/lib/python3.7/site-packages/airflow/example_dags/example_sla_dag.py for tasks to queue
[2023-03-19T13:33:29.802+0000] {logging_mixin.py:137} INFO - [2023-03-19T13:33:29.802+0000] {dagbag.py:532} INFO - Filling up the DagBag from /home/airflow/.local/lib/python3.7/site-packages/airflow/example_dags/example_sla_dag.py
[2023-03-19T13:33:29.819+0000] {processor.py:753} INFO - DAG(s) dict_keys(['example_sla_dag']) retrieved from /home/airflow/.local/lib/python3.7/site-packages/airflow/example_dags/example_sla_dag.py
[2023-03-19T13:33:29.837+0000] {logging_mixin.py:137} INFO - [2023-03-19T13:33:29.837+0000] {dag.py:2693} INFO - Sync 1 DAGs
[2023-03-19T13:33:29.853+0000] {logging_mixin.py:137} INFO - [2023-03-19T13:33:29.853+0000] {dag.py:3444} INFO - Setting next_dagrun for example_sla_dag to 2023-03-19T13:30:00+00:00, run_after=2023-03-19T13:32:00+00:00
[2023-03-19T13:33:29.862+0000] {processor.py:175} INFO - Processing /home/airflow/.local/lib/python3.7/site-packages/airflow/example_dags/example_sla_dag.py took 0.064 seconds
[2023-03-19T13:34:00.129+0000] {processor.py:153} INFO - Started process (PID=142) to work on /home/airflow/.local/lib/python3.7/site-packages/airflow/example_dags/example_sla_dag.py
[2023-03-19T13:34:00.130+0000] {processor.py:743} INFO - Processing file /home/airflow/.local/lib/python3.7/site-packages/airflow/example_dags/example_sla_dag.py for tasks to queue
[2023-03-19T13:34:00.131+0000] {logging_mixin.py:137} INFO - [2023-03-19T13:34:00.131+0000] {dagbag.py:532} INFO - Filling up the DagBag from /home/airflow/.local/lib/python3.7/site-packages/airflow/example_dags/example_sla_dag.py
[2023-03-19T13:34:00.148+0000] {processor.py:753} INFO - DAG(s) dict_keys(['example_sla_dag']) retrieved from /home/airflow/.local/lib/python3.7/site-packages/airflow/example_dags/example_sla_dag.py
[2023-03-19T13:34:00.165+0000] {logging_mixin.py:137} INFO - [2023-03-19T13:34:00.165+0000] {dag.py:2693} INFO - Sync 1 DAGs
[2023-03-19T13:34:00.181+0000] {logging_mixin.py:137} INFO - [2023-03-19T13:34:00.181+0000] {dag.py:3444} INFO - Setting next_dagrun for example_sla_dag to 2023-03-19T13:32:00+00:00, run_after=2023-03-19T13:34:00+00:00
[2023-03-19T13:34:00.190+0000] {processor.py:175} INFO - Processing /home/airflow/.local/lib/python3.7/site-packages/airflow/example_dags/example_sla_dag.py took 0.064 seconds
[2023-03-19T13:34:30.372+0000] {processor.py:153} INFO - Started process (PID=191) to work on /home/airflow/.local/lib/python3.7/site-packages/airflow/example_dags/example_sla_dag.py
[2023-03-19T13:34:30.373+0000] {processor.py:743} INFO - Processing file /home/airflow/.local/lib/python3.7/site-packages/airflow/example_dags/example_sla_dag.py for tasks to queue
[2023-03-19T13:34:30.374+0000] {logging_mixin.py:137} INFO - [2023-03-19T13:34:30.374+0000] {dagbag.py:532} INFO - Filling up the DagBag from /home/airflow/.local/lib/python3.7/site-packages/airflow/example_dags/example_sla_dag.py
[2023-03-19T13:34:30.390+0000] {processor.py:753} INFO - DAG(s) dict_keys(['example_sla_dag']) retrieved from /home/airflow/.local/lib/python3.7/site-packages/airflow/example_dags/example_sla_dag.py
[2023-03-19T13:34:30.408+0000] {logging_mixin.py:137} INFO - [2023-03-19T13:34:30.408+0000] {dag.py:2693} INFO - Sync 1 DAGs
[2023-03-19T13:34:30.427+0000] {logging_mixin.py:137} INFO - [2023-03-19T13:34:30.427+0000] {dag.py:3444} INFO - Setting next_dagrun for example_sla_dag to 2023-03-19T13:32:00+00:00, run_after=2023-03-19T13:34:00+00:00
[2023-03-19T13:34:30.441+0000] {processor.py:175} INFO - Processing /home/airflow/.local/lib/python3.7/site-packages/airflow/example_dags/example_sla_dag.py took 0.071 seconds
[2023-03-19T13:35:00.954+0000] {processor.py:153} INFO - Started process (PID=240) to work on /home/airflow/.local/lib/python3.7/site-packages/airflow/example_dags/example_sla_dag.py
[2023-03-19T13:35:00.955+0000] {processor.py:743} INFO - Processing file /home/airflow/.local/lib/python3.7/site-packages/airflow/example_dags/example_sla_dag.py for tasks to queue
[2023-03-19T13:35:00.955+0000] {logging_mixin.py:137} INFO - [2023-03-19T13:35:00.955+0000] {dagbag.py:532} INFO - Filling up the DagBag from /home/airflow/.local/lib/python3.7/site-packages/airflow/example_dags/example_sla_dag.py
[2023-03-19T13:35:00.969+0000] {processor.py:753} INFO - DAG(s) dict_keys(['example_sla_dag']) retrieved from /home/airflow/.local/lib/python3.7/site-packages/airflow/example_dags/example_sla_dag.py
[2023-03-19T13:35:00.986+0000] {logging_mixin.py:137} INFO - [2023-03-19T13:35:00.986+0000] {dag.py:2693} INFO - Sync 1 DAGs
[2023-03-19T13:35:01.002+0000] {logging_mixin.py:137} INFO - [2023-03-19T13:35:01.001+0000] {dag.py:3444} INFO - Setting next_dagrun for example_sla_dag to 2023-03-19T13:32:00+00:00, run_after=2023-03-19T13:34:00+00:00
[2023-03-19T13:35:01.010+0000] {processor.py:175} INFO - Processing /home/airflow/.local/lib/python3.7/site-packages/airflow/example_dags/example_sla_dag.py took 0.059 seconds
[2023-03-19T13:35:31.294+0000] {processor.py:153} INFO - Started process (PID=288) to work on /home/airflow/.local/lib/python3.7/site-packages/airflow/example_dags/example_sla_dag.py
[2023-03-19T13:35:31.295+0000] {processor.py:743} INFO - Processing file /home/airflow/.local/lib/python3.7/site-packages/airflow/example_dags/example_sla_dag.py for tasks to queue
[2023-03-19T13:35:31.296+0000] {logging_mixin.py:137} INFO - [2023-03-19T13:35:31.296+0000] {dagbag.py:532} INFO - Filling up the DagBag from /home/airflow/.local/lib/python3.7/site-packages/airflow/example_dags/example_sla_dag.py
[2023-03-19T13:35:31.310+0000] {processor.py:753} INFO - DAG(s) dict_keys(['example_sla_dag']) retrieved from /home/airflow/.local/lib/python3.7/site-packages/airflow/example_dags/example_sla_dag.py
[2023-03-19T13:35:31.329+0000] {logging_mixin.py:137} INFO - [2023-03-19T13:35:31.329+0000] {dag.py:2693} INFO - Sync 1 DAGs
[2023-03-19T13:35:31.344+0000] {logging_mixin.py:137} INFO - [2023-03-19T13:35:31.344+0000] {dag.py:3444} INFO - Setting next_dagrun for example_sla_dag to 2023-03-19T13:32:00+00:00, run_after=2023-03-19T13:34:00+00:00
[2023-03-19T13:35:31.353+0000] {processor.py:175} INFO - Processing /home/airflow/.local/lib/python3.7/site-packages/airflow/example_dags/example_sla_dag.py took 0.061 seconds
[2023-03-19T14:05:51.470+0000] {processor.py:153} INFO - Started process (PID=43) to work on /home/airflow/.local/lib/python3.7/site-packages/airflow/example_dags/example_sla_dag.py
[2023-03-19T14:05:51.472+0000] {processor.py:743} INFO - Processing file /home/airflow/.local/lib/python3.7/site-packages/airflow/example_dags/example_sla_dag.py for tasks to queue
[2023-03-19T14:05:51.473+0000] {logging_mixin.py:137} INFO - [2023-03-19T14:05:51.473+0000] {dagbag.py:532} INFO - Filling up the DagBag from /home/airflow/.local/lib/python3.7/site-packages/airflow/example_dags/example_sla_dag.py
[2023-03-19T14:05:51.508+0000] {processor.py:753} INFO - DAG(s) dict_keys(['example_sla_dag']) retrieved from /home/airflow/.local/lib/python3.7/site-packages/airflow/example_dags/example_sla_dag.py
[2023-03-19T14:05:51.525+0000] {logging_mixin.py:137} INFO - [2023-03-19T14:05:51.525+0000] {dag.py:2693} INFO - Sync 1 DAGs
[2023-03-19T14:05:51.571+0000] {logging_mixin.py:137} INFO - [2023-03-19T14:05:51.571+0000] {dag.py:3444} INFO - Setting next_dagrun for example_sla_dag to 2023-03-19T14:02:00+00:00, run_after=2023-03-19T14:04:00+00:00
[2023-03-19T14:05:51.641+0000] {processor.py:175} INFO - Processing /home/airflow/.local/lib/python3.7/site-packages/airflow/example_dags/example_sla_dag.py took 0.174 seconds
[2023-03-19T14:06:21.977+0000] {processor.py:153} INFO - Started process (PID=92) to work on /home/airflow/.local/lib/python3.7/site-packages/airflow/example_dags/example_sla_dag.py
[2023-03-19T14:06:21.978+0000] {processor.py:743} INFO - Processing file /home/airflow/.local/lib/python3.7/site-packages/airflow/example_dags/example_sla_dag.py for tasks to queue
[2023-03-19T14:06:21.978+0000] {logging_mixin.py:137} INFO - [2023-03-19T14:06:21.978+0000] {dagbag.py:532} INFO - Filling up the DagBag from /home/airflow/.local/lib/python3.7/site-packages/airflow/example_dags/example_sla_dag.py
[2023-03-19T14:06:21.991+0000] {processor.py:753} INFO - DAG(s) dict_keys(['example_sla_dag']) retrieved from /home/airflow/.local/lib/python3.7/site-packages/airflow/example_dags/example_sla_dag.py
[2023-03-19T14:06:22.009+0000] {logging_mixin.py:137} INFO - [2023-03-19T14:06:22.009+0000] {dag.py:2693} INFO - Sync 1 DAGs
[2023-03-19T14:06:22.024+0000] {logging_mixin.py:137} INFO - [2023-03-19T14:06:22.024+0000] {dag.py:3444} INFO - Setting next_dagrun for example_sla_dag to 2023-03-19T14:04:00+00:00, run_after=2023-03-19T14:06:00+00:00
[2023-03-19T14:06:22.033+0000] {processor.py:175} INFO - Processing /home/airflow/.local/lib/python3.7/site-packages/airflow/example_dags/example_sla_dag.py took 0.059 seconds
[2023-03-19T14:06:52.367+0000] {processor.py:153} INFO - Started process (PID=141) to work on /home/airflow/.local/lib/python3.7/site-packages/airflow/example_dags/example_sla_dag.py
[2023-03-19T14:06:52.368+0000] {processor.py:743} INFO - Processing file /home/airflow/.local/lib/python3.7/site-packages/airflow/example_dags/example_sla_dag.py for tasks to queue
[2023-03-19T14:06:52.368+0000] {logging_mixin.py:137} INFO - [2023-03-19T14:06:52.368+0000] {dagbag.py:532} INFO - Filling up the DagBag from /home/airflow/.local/lib/python3.7/site-packages/airflow/example_dags/example_sla_dag.py
[2023-03-19T14:06:52.382+0000] {processor.py:753} INFO - DAG(s) dict_keys(['example_sla_dag']) retrieved from /home/airflow/.local/lib/python3.7/site-packages/airflow/example_dags/example_sla_dag.py
[2023-03-19T14:06:52.399+0000] {logging_mixin.py:137} INFO - [2023-03-19T14:06:52.399+0000] {dag.py:2693} INFO - Sync 1 DAGs
[2023-03-19T14:06:52.413+0000] {logging_mixin.py:137} INFO - [2023-03-19T14:06:52.413+0000] {dag.py:3444} INFO - Setting next_dagrun for example_sla_dag to 2023-03-19T14:04:00+00:00, run_after=2023-03-19T14:06:00+00:00
[2023-03-19T14:06:52.422+0000] {processor.py:175} INFO - Processing /home/airflow/.local/lib/python3.7/site-packages/airflow/example_dags/example_sla_dag.py took 0.058 seconds
[2023-03-19T14:07:22.698+0000] {processor.py:153} INFO - Started process (PID=190) to work on /home/airflow/.local/lib/python3.7/site-packages/airflow/example_dags/example_sla_dag.py
[2023-03-19T14:07:22.699+0000] {processor.py:743} INFO - Processing file /home/airflow/.local/lib/python3.7/site-packages/airflow/example_dags/example_sla_dag.py for tasks to queue
[2023-03-19T14:07:22.700+0000] {logging_mixin.py:137} INFO - [2023-03-19T14:07:22.700+0000] {dagbag.py:532} INFO - Filling up the DagBag from /home/airflow/.local/lib/python3.7/site-packages/airflow/example_dags/example_sla_dag.py
[2023-03-19T14:07:22.718+0000] {processor.py:753} INFO - DAG(s) dict_keys(['example_sla_dag']) retrieved from /home/airflow/.local/lib/python3.7/site-packages/airflow/example_dags/example_sla_dag.py
[2023-03-19T14:07:22.740+0000] {logging_mixin.py:137} INFO - [2023-03-19T14:07:22.740+0000] {dag.py:2693} INFO - Sync 1 DAGs
[2023-03-19T14:07:22.756+0000] {logging_mixin.py:137} INFO - [2023-03-19T14:07:22.756+0000] {dag.py:3444} INFO - Setting next_dagrun for example_sla_dag to 2023-03-19T14:04:00+00:00, run_after=2023-03-19T14:06:00+00:00
[2023-03-19T14:07:22.765+0000] {processor.py:175} INFO - Processing /home/airflow/.local/lib/python3.7/site-packages/airflow/example_dags/example_sla_dag.py took 0.070 seconds
[2023-03-19T14:07:53.174+0000] {processor.py:153} INFO - Started process (PID=239) to work on /home/airflow/.local/lib/python3.7/site-packages/airflow/example_dags/example_sla_dag.py
[2023-03-19T14:07:53.175+0000] {processor.py:743} INFO - Processing file /home/airflow/.local/lib/python3.7/site-packages/airflow/example_dags/example_sla_dag.py for tasks to queue
[2023-03-19T14:07:53.176+0000] {logging_mixin.py:137} INFO - [2023-03-19T14:07:53.176+0000] {dagbag.py:532} INFO - Filling up the DagBag from /home/airflow/.local/lib/python3.7/site-packages/airflow/example_dags/example_sla_dag.py
[2023-03-19T14:07:53.190+0000] {processor.py:753} INFO - DAG(s) dict_keys(['example_sla_dag']) retrieved from /home/airflow/.local/lib/python3.7/site-packages/airflow/example_dags/example_sla_dag.py
[2023-03-19T14:07:53.213+0000] {logging_mixin.py:137} INFO - [2023-03-19T14:07:53.213+0000] {dag.py:2693} INFO - Sync 1 DAGs
[2023-03-19T14:07:53.230+0000] {logging_mixin.py:137} INFO - [2023-03-19T14:07:53.230+0000] {dag.py:3444} INFO - Setting next_dagrun for example_sla_dag to 2023-03-19T14:04:00+00:00, run_after=2023-03-19T14:06:00+00:00
[2023-03-19T14:07:53.239+0000] {processor.py:175} INFO - Processing /home/airflow/.local/lib/python3.7/site-packages/airflow/example_dags/example_sla_dag.py took 0.067 seconds
[2023-03-19T14:08:23.914+0000] {processor.py:153} INFO - Started process (PID=289) to work on /home/airflow/.local/lib/python3.7/site-packages/airflow/example_dags/example_sla_dag.py
[2023-03-19T14:08:23.915+0000] {processor.py:743} INFO - Processing file /home/airflow/.local/lib/python3.7/site-packages/airflow/example_dags/example_sla_dag.py for tasks to queue
[2023-03-19T14:08:23.916+0000] {logging_mixin.py:137} INFO - [2023-03-19T14:08:23.916+0000] {dagbag.py:532} INFO - Filling up the DagBag from /home/airflow/.local/lib/python3.7/site-packages/airflow/example_dags/example_sla_dag.py
[2023-03-19T14:08:23.930+0000] {processor.py:753} INFO - DAG(s) dict_keys(['example_sla_dag']) retrieved from /home/airflow/.local/lib/python3.7/site-packages/airflow/example_dags/example_sla_dag.py
[2023-03-19T14:08:23.948+0000] {logging_mixin.py:137} INFO - [2023-03-19T14:08:23.948+0000] {dag.py:2693} INFO - Sync 1 DAGs
[2023-03-19T14:08:23.963+0000] {logging_mixin.py:137} INFO - [2023-03-19T14:08:23.963+0000] {dag.py:3444} INFO - Setting next_dagrun for example_sla_dag to 2023-03-19T14:06:00+00:00, run_after=2023-03-19T14:08:00+00:00
[2023-03-19T14:08:23.972+0000] {processor.py:175} INFO - Processing /home/airflow/.local/lib/python3.7/site-packages/airflow/example_dags/example_sla_dag.py took 0.061 seconds
[2023-03-19T14:09:08.964+0000] {processor.py:153} INFO - Started process (PID=42) to work on /home/airflow/.local/lib/python3.7/site-packages/airflow/example_dags/example_sla_dag.py
[2023-03-19T14:09:08.977+0000] {processor.py:743} INFO - Processing file /home/airflow/.local/lib/python3.7/site-packages/airflow/example_dags/example_sla_dag.py for tasks to queue
[2023-03-19T14:09:08.981+0000] {logging_mixin.py:137} INFO - [2023-03-19T14:09:08.981+0000] {dagbag.py:532} INFO - Filling up the DagBag from /home/airflow/.local/lib/python3.7/site-packages/airflow/example_dags/example_sla_dag.py
[2023-03-19T14:09:09.030+0000] {processor.py:753} INFO - DAG(s) dict_keys(['example_sla_dag']) retrieved from /home/airflow/.local/lib/python3.7/site-packages/airflow/example_dags/example_sla_dag.py
[2023-03-19T14:09:09.067+0000] {logging_mixin.py:137} INFO - [2023-03-19T14:09:09.067+0000] {dag.py:2693} INFO - Sync 1 DAGs
[2023-03-19T14:09:09.110+0000] {logging_mixin.py:137} INFO - [2023-03-19T14:09:09.110+0000] {dag.py:3444} INFO - Setting next_dagrun for example_sla_dag to 2023-03-19T14:06:00+00:00, run_after=2023-03-19T14:08:00+00:00
[2023-03-19T14:09:09.141+0000] {processor.py:175} INFO - Processing /home/airflow/.local/lib/python3.7/site-packages/airflow/example_dags/example_sla_dag.py took 0.193 seconds
[2023-03-19T14:09:39.959+0000] {processor.py:153} INFO - Started process (PID=91) to work on /home/airflow/.local/lib/python3.7/site-packages/airflow/example_dags/example_sla_dag.py
[2023-03-19T14:09:39.960+0000] {processor.py:743} INFO - Processing file /home/airflow/.local/lib/python3.7/site-packages/airflow/example_dags/example_sla_dag.py for tasks to queue
[2023-03-19T14:09:39.961+0000] {logging_mixin.py:137} INFO - [2023-03-19T14:09:39.960+0000] {dagbag.py:532} INFO - Filling up the DagBag from /home/airflow/.local/lib/python3.7/site-packages/airflow/example_dags/example_sla_dag.py
[2023-03-19T14:09:39.975+0000] {processor.py:753} INFO - DAG(s) dict_keys(['example_sla_dag']) retrieved from /home/airflow/.local/lib/python3.7/site-packages/airflow/example_dags/example_sla_dag.py
[2023-03-19T14:09:39.993+0000] {logging_mixin.py:137} INFO - [2023-03-19T14:09:39.992+0000] {dag.py:2693} INFO - Sync 1 DAGs
[2023-03-19T14:09:40.008+0000] {logging_mixin.py:137} INFO - [2023-03-19T14:09:40.008+0000] {dag.py:3444} INFO - Setting next_dagrun for example_sla_dag to 2023-03-19T14:06:00+00:00, run_after=2023-03-19T14:08:00+00:00
[2023-03-19T14:09:40.018+0000] {processor.py:175} INFO - Processing /home/airflow/.local/lib/python3.7/site-packages/airflow/example_dags/example_sla_dag.py took 0.062 seconds
[2023-03-19T14:10:10.629+0000] {processor.py:153} INFO - Started process (PID=139) to work on /home/airflow/.local/lib/python3.7/site-packages/airflow/example_dags/example_sla_dag.py
[2023-03-19T14:10:10.630+0000] {processor.py:743} INFO - Processing file /home/airflow/.local/lib/python3.7/site-packages/airflow/example_dags/example_sla_dag.py for tasks to queue
[2023-03-19T14:10:10.631+0000] {logging_mixin.py:137} INFO - [2023-03-19T14:10:10.631+0000] {dagbag.py:532} INFO - Filling up the DagBag from /home/airflow/.local/lib/python3.7/site-packages/airflow/example_dags/example_sla_dag.py
[2023-03-19T14:10:10.646+0000] {processor.py:753} INFO - DAG(s) dict_keys(['example_sla_dag']) retrieved from /home/airflow/.local/lib/python3.7/site-packages/airflow/example_dags/example_sla_dag.py
[2023-03-19T14:10:10.667+0000] {logging_mixin.py:137} INFO - [2023-03-19T14:10:10.667+0000] {dag.py:2693} INFO - Sync 1 DAGs
[2023-03-19T14:10:10.683+0000] {logging_mixin.py:137} INFO - [2023-03-19T14:10:10.683+0000] {dag.py:3444} INFO - Setting next_dagrun for example_sla_dag to 2023-03-19T14:08:00+00:00, run_after=2023-03-19T14:10:00+00:00
[2023-03-19T14:10:10.692+0000] {processor.py:175} INFO - Processing /home/airflow/.local/lib/python3.7/site-packages/airflow/example_dags/example_sla_dag.py took 0.066 seconds
[2023-03-19T14:10:41.721+0000] {processor.py:153} INFO - Started process (PID=188) to work on /home/airflow/.local/lib/python3.7/site-packages/airflow/example_dags/example_sla_dag.py
[2023-03-19T14:10:41.722+0000] {processor.py:743} INFO - Processing file /home/airflow/.local/lib/python3.7/site-packages/airflow/example_dags/example_sla_dag.py for tasks to queue
[2023-03-19T14:10:41.727+0000] {logging_mixin.py:137} INFO - [2023-03-19T14:10:41.727+0000] {dagbag.py:532} INFO - Filling up the DagBag from /home/airflow/.local/lib/python3.7/site-packages/airflow/example_dags/example_sla_dag.py
[2023-03-19T14:10:41.741+0000] {processor.py:753} INFO - DAG(s) dict_keys(['example_sla_dag']) retrieved from /home/airflow/.local/lib/python3.7/site-packages/airflow/example_dags/example_sla_dag.py
[2023-03-19T14:10:41.759+0000] {logging_mixin.py:137} INFO - [2023-03-19T14:10:41.759+0000] {dag.py:2693} INFO - Sync 1 DAGs
[2023-03-19T14:10:41.775+0000] {logging_mixin.py:137} INFO - [2023-03-19T14:10:41.775+0000] {dag.py:3444} INFO - Setting next_dagrun for example_sla_dag to 2023-03-19T14:08:00+00:00, run_after=2023-03-19T14:10:00+00:00
[2023-03-19T14:10:41.786+0000] {processor.py:175} INFO - Processing /home/airflow/.local/lib/python3.7/site-packages/airflow/example_dags/example_sla_dag.py took 0.068 seconds
[2023-03-19T14:11:12.067+0000] {processor.py:153} INFO - Started process (PID=237) to work on /home/airflow/.local/lib/python3.7/site-packages/airflow/example_dags/example_sla_dag.py
[2023-03-19T14:11:12.069+0000] {processor.py:743} INFO - Processing file /home/airflow/.local/lib/python3.7/site-packages/airflow/example_dags/example_sla_dag.py for tasks to queue
[2023-03-19T14:11:12.069+0000] {logging_mixin.py:137} INFO - [2023-03-19T14:11:12.069+0000] {dagbag.py:532} INFO - Filling up the DagBag from /home/airflow/.local/lib/python3.7/site-packages/airflow/example_dags/example_sla_dag.py
[2023-03-19T14:11:12.086+0000] {processor.py:753} INFO - DAG(s) dict_keys(['example_sla_dag']) retrieved from /home/airflow/.local/lib/python3.7/site-packages/airflow/example_dags/example_sla_dag.py
[2023-03-19T14:11:12.121+0000] {logging_mixin.py:137} INFO - [2023-03-19T14:11:12.121+0000] {dag.py:2693} INFO - Sync 1 DAGs
[2023-03-19T14:11:12.141+0000] {logging_mixin.py:137} INFO - [2023-03-19T14:11:12.141+0000] {dag.py:3444} INFO - Setting next_dagrun for example_sla_dag to 2023-03-19T14:08:00+00:00, run_after=2023-03-19T14:10:00+00:00
[2023-03-19T14:11:12.152+0000] {processor.py:175} INFO - Processing /home/airflow/.local/lib/python3.7/site-packages/airflow/example_dags/example_sla_dag.py took 0.088 seconds
[2023-03-19T14:11:42.534+0000] {processor.py:153} INFO - Started process (PID=286) to work on /home/airflow/.local/lib/python3.7/site-packages/airflow/example_dags/example_sla_dag.py
[2023-03-19T14:11:42.537+0000] {processor.py:743} INFO - Processing file /home/airflow/.local/lib/python3.7/site-packages/airflow/example_dags/example_sla_dag.py for tasks to queue
[2023-03-19T14:11:42.539+0000] {logging_mixin.py:137} INFO - [2023-03-19T14:11:42.539+0000] {dagbag.py:532} INFO - Filling up the DagBag from /home/airflow/.local/lib/python3.7/site-packages/airflow/example_dags/example_sla_dag.py
[2023-03-19T14:11:42.567+0000] {processor.py:753} INFO - DAG(s) dict_keys(['example_sla_dag']) retrieved from /home/airflow/.local/lib/python3.7/site-packages/airflow/example_dags/example_sla_dag.py
[2023-03-19T14:11:42.597+0000] {logging_mixin.py:137} INFO - [2023-03-19T14:11:42.597+0000] {dag.py:2693} INFO - Sync 1 DAGs
[2023-03-19T14:11:42.621+0000] {logging_mixin.py:137} INFO - [2023-03-19T14:11:42.620+0000] {dag.py:3444} INFO - Setting next_dagrun for example_sla_dag to 2023-03-19T14:08:00+00:00, run_after=2023-03-19T14:10:00+00:00
[2023-03-19T14:11:42.661+0000] {processor.py:175} INFO - Processing /home/airflow/.local/lib/python3.7/site-packages/airflow/example_dags/example_sla_dag.py took 0.140 seconds
[2023-03-19T14:12:12.872+0000] {processor.py:153} INFO - Started process (PID=335) to work on /home/airflow/.local/lib/python3.7/site-packages/airflow/example_dags/example_sla_dag.py
[2023-03-19T14:12:12.874+0000] {processor.py:743} INFO - Processing file /home/airflow/.local/lib/python3.7/site-packages/airflow/example_dags/example_sla_dag.py for tasks to queue
[2023-03-19T14:12:12.876+0000] {logging_mixin.py:137} INFO - [2023-03-19T14:12:12.876+0000] {dagbag.py:532} INFO - Filling up the DagBag from /home/airflow/.local/lib/python3.7/site-packages/airflow/example_dags/example_sla_dag.py
[2023-03-19T14:12:12.901+0000] {processor.py:753} INFO - DAG(s) dict_keys(['example_sla_dag']) retrieved from /home/airflow/.local/lib/python3.7/site-packages/airflow/example_dags/example_sla_dag.py
[2023-03-19T14:12:12.941+0000] {logging_mixin.py:137} INFO - [2023-03-19T14:12:12.941+0000] {dag.py:2693} INFO - Sync 1 DAGs
[2023-03-19T14:12:12.969+0000] {logging_mixin.py:137} INFO - [2023-03-19T14:12:12.969+0000] {dag.py:3444} INFO - Setting next_dagrun for example_sla_dag to 2023-03-19T14:10:00+00:00, run_after=2023-03-19T14:12:00+00:00
[2023-03-19T14:12:12.985+0000] {processor.py:175} INFO - Processing /home/airflow/.local/lib/python3.7/site-packages/airflow/example_dags/example_sla_dag.py took 0.120 seconds
