[2023-03-19T13:32:59.758+0000] {processor.py:153} INFO - Started process (PID=47) to work on /home/airflow/.local/lib/python3.7/site-packages/airflow/example_dags/example_dag_decorator.py
[2023-03-19T13:32:59.759+0000] {processor.py:743} INFO - Processing file /home/airflow/.local/lib/python3.7/site-packages/airflow/example_dags/example_dag_decorator.py for tasks to queue
[2023-03-19T13:32:59.759+0000] {logging_mixin.py:137} INFO - [2023-03-19T13:32:59.759+0000] {dagbag.py:532} INFO - Filling up the DagBag from /home/airflow/.local/lib/python3.7/site-packages/airflow/example_dags/example_dag_decorator.py
[2023-03-19T13:32:59.781+0000] {logging_mixin.py:137} INFO - [2023-03-19T13:32:59.781+0000] {taskmixin.py:211} WARNING - Dependency <Task(_PythonDecoratedOperator): prepare_email>, send_email already registered for DAG: example_dag_decorator
[2023-03-19T13:32:59.781+0000] {logging_mixin.py:137} INFO - [2023-03-19T13:32:59.781+0000] {taskmixin.py:211} WARNING - Dependency <Task(EmailOperator): send_email>, prepare_email already registered for DAG: example_dag_decorator
[2023-03-19T13:32:59.794+0000] {processor.py:753} INFO - DAG(s) dict_keys(['example_dag_decorator']) retrieved from /home/airflow/.local/lib/python3.7/site-packages/airflow/example_dags/example_dag_decorator.py
[2023-03-19T13:32:59.817+0000] {logging_mixin.py:137} INFO - [2023-03-19T13:32:59.817+0000] {dag.py:2693} INFO - Sync 1 DAGs
[2023-03-19T13:32:59.846+0000] {logging_mixin.py:137} INFO - [2023-03-19T13:32:59.846+0000] {dag.py:3444} INFO - Setting next_dagrun for example_dag_decorator to None, run_after=None
[2023-03-19T13:32:59.861+0000] {processor.py:175} INFO - Processing /home/airflow/.local/lib/python3.7/site-packages/airflow/example_dags/example_dag_decorator.py took 0.106 seconds
[2023-03-19T13:33:29.957+0000] {processor.py:153} INFO - Started process (PID=96) to work on /home/airflow/.local/lib/python3.7/site-packages/airflow/example_dags/example_dag_decorator.py
[2023-03-19T13:33:29.958+0000] {processor.py:743} INFO - Processing file /home/airflow/.local/lib/python3.7/site-packages/airflow/example_dags/example_dag_decorator.py for tasks to queue
[2023-03-19T13:33:29.959+0000] {logging_mixin.py:137} INFO - [2023-03-19T13:33:29.959+0000] {dagbag.py:532} INFO - Filling up the DagBag from /home/airflow/.local/lib/python3.7/site-packages/airflow/example_dags/example_dag_decorator.py
[2023-03-19T13:33:29.969+0000] {logging_mixin.py:137} INFO - [2023-03-19T13:33:29.969+0000] {taskmixin.py:211} WARNING - Dependency <Task(_PythonDecoratedOperator): prepare_email>, send_email already registered for DAG: example_dag_decorator
[2023-03-19T13:33:29.970+0000] {logging_mixin.py:137} INFO - [2023-03-19T13:33:29.970+0000] {taskmixin.py:211} WARNING - Dependency <Task(EmailOperator): send_email>, prepare_email already registered for DAG: example_dag_decorator
[2023-03-19T13:33:29.977+0000] {processor.py:753} INFO - DAG(s) dict_keys(['example_dag_decorator']) retrieved from /home/airflow/.local/lib/python3.7/site-packages/airflow/example_dags/example_dag_decorator.py
[2023-03-19T13:33:30.017+0000] {logging_mixin.py:137} INFO - [2023-03-19T13:33:30.017+0000] {dag.py:2693} INFO - Sync 1 DAGs
[2023-03-19T13:33:30.030+0000] {logging_mixin.py:137} INFO - [2023-03-19T13:33:30.030+0000] {dag.py:3444} INFO - Setting next_dagrun for example_dag_decorator to None, run_after=None
[2023-03-19T13:33:30.041+0000] {processor.py:175} INFO - Processing /home/airflow/.local/lib/python3.7/site-packages/airflow/example_dags/example_dag_decorator.py took 0.086 seconds
[2023-03-19T13:34:00.283+0000] {processor.py:153} INFO - Started process (PID=146) to work on /home/airflow/.local/lib/python3.7/site-packages/airflow/example_dags/example_dag_decorator.py
[2023-03-19T13:34:00.284+0000] {processor.py:743} INFO - Processing file /home/airflow/.local/lib/python3.7/site-packages/airflow/example_dags/example_dag_decorator.py for tasks to queue
[2023-03-19T13:34:00.284+0000] {logging_mixin.py:137} INFO - [2023-03-19T13:34:00.284+0000] {dagbag.py:532} INFO - Filling up the DagBag from /home/airflow/.local/lib/python3.7/site-packages/airflow/example_dags/example_dag_decorator.py
[2023-03-19T13:34:00.295+0000] {logging_mixin.py:137} INFO - [2023-03-19T13:34:00.295+0000] {taskmixin.py:211} WARNING - Dependency <Task(_PythonDecoratedOperator): prepare_email>, send_email already registered for DAG: example_dag_decorator
[2023-03-19T13:34:00.295+0000] {logging_mixin.py:137} INFO - [2023-03-19T13:34:00.295+0000] {taskmixin.py:211} WARNING - Dependency <Task(EmailOperator): send_email>, prepare_email already registered for DAG: example_dag_decorator
[2023-03-19T13:34:00.303+0000] {processor.py:753} INFO - DAG(s) dict_keys(['example_dag_decorator']) retrieved from /home/airflow/.local/lib/python3.7/site-packages/airflow/example_dags/example_dag_decorator.py
[2023-03-19T13:34:00.349+0000] {logging_mixin.py:137} INFO - [2023-03-19T13:34:00.349+0000] {dag.py:2693} INFO - Sync 1 DAGs
[2023-03-19T13:34:00.362+0000] {logging_mixin.py:137} INFO - [2023-03-19T13:34:00.362+0000] {dag.py:3444} INFO - Setting next_dagrun for example_dag_decorator to None, run_after=None
[2023-03-19T13:34:00.372+0000] {processor.py:175} INFO - Processing /home/airflow/.local/lib/python3.7/site-packages/airflow/example_dags/example_dag_decorator.py took 0.091 seconds
[2023-03-19T13:34:30.558+0000] {processor.py:153} INFO - Started process (PID=195) to work on /home/airflow/.local/lib/python3.7/site-packages/airflow/example_dags/example_dag_decorator.py
[2023-03-19T13:34:30.559+0000] {processor.py:743} INFO - Processing file /home/airflow/.local/lib/python3.7/site-packages/airflow/example_dags/example_dag_decorator.py for tasks to queue
[2023-03-19T13:34:30.560+0000] {logging_mixin.py:137} INFO - [2023-03-19T13:34:30.560+0000] {dagbag.py:532} INFO - Filling up the DagBag from /home/airflow/.local/lib/python3.7/site-packages/airflow/example_dags/example_dag_decorator.py
[2023-03-19T13:34:30.571+0000] {logging_mixin.py:137} INFO - [2023-03-19T13:34:30.571+0000] {taskmixin.py:211} WARNING - Dependency <Task(_PythonDecoratedOperator): prepare_email>, send_email already registered for DAG: example_dag_decorator
[2023-03-19T13:34:30.571+0000] {logging_mixin.py:137} INFO - [2023-03-19T13:34:30.571+0000] {taskmixin.py:211} WARNING - Dependency <Task(EmailOperator): send_email>, prepare_email already registered for DAG: example_dag_decorator
[2023-03-19T13:34:30.578+0000] {processor.py:753} INFO - DAG(s) dict_keys(['example_dag_decorator']) retrieved from /home/airflow/.local/lib/python3.7/site-packages/airflow/example_dags/example_dag_decorator.py
[2023-03-19T13:34:30.620+0000] {logging_mixin.py:137} INFO - [2023-03-19T13:34:30.620+0000] {dag.py:2693} INFO - Sync 1 DAGs
[2023-03-19T13:34:30.634+0000] {logging_mixin.py:137} INFO - [2023-03-19T13:34:30.634+0000] {dag.py:3444} INFO - Setting next_dagrun for example_dag_decorator to None, run_after=None
[2023-03-19T13:34:30.643+0000] {processor.py:175} INFO - Processing /home/airflow/.local/lib/python3.7/site-packages/airflow/example_dags/example_dag_decorator.py took 0.088 seconds
[2023-03-19T13:35:01.272+0000] {processor.py:153} INFO - Started process (PID=244) to work on /home/airflow/.local/lib/python3.7/site-packages/airflow/example_dags/example_dag_decorator.py
[2023-03-19T13:35:01.273+0000] {processor.py:743} INFO - Processing file /home/airflow/.local/lib/python3.7/site-packages/airflow/example_dags/example_dag_decorator.py for tasks to queue
[2023-03-19T13:35:01.274+0000] {logging_mixin.py:137} INFO - [2023-03-19T13:35:01.274+0000] {dagbag.py:532} INFO - Filling up the DagBag from /home/airflow/.local/lib/python3.7/site-packages/airflow/example_dags/example_dag_decorator.py
[2023-03-19T13:35:01.287+0000] {logging_mixin.py:137} INFO - [2023-03-19T13:35:01.287+0000] {taskmixin.py:211} WARNING - Dependency <Task(_PythonDecoratedOperator): prepare_email>, send_email already registered for DAG: example_dag_decorator
[2023-03-19T13:35:01.288+0000] {logging_mixin.py:137} INFO - [2023-03-19T13:35:01.288+0000] {taskmixin.py:211} WARNING - Dependency <Task(EmailOperator): send_email>, prepare_email already registered for DAG: example_dag_decorator
[2023-03-19T13:35:01.298+0000] {processor.py:753} INFO - DAG(s) dict_keys(['example_dag_decorator']) retrieved from /home/airflow/.local/lib/python3.7/site-packages/airflow/example_dags/example_dag_decorator.py
[2023-03-19T13:35:01.346+0000] {logging_mixin.py:137} INFO - [2023-03-19T13:35:01.346+0000] {dag.py:2693} INFO - Sync 1 DAGs
[2023-03-19T13:35:01.360+0000] {logging_mixin.py:137} INFO - [2023-03-19T13:35:01.359+0000] {dag.py:3444} INFO - Setting next_dagrun for example_dag_decorator to None, run_after=None
[2023-03-19T13:35:01.370+0000] {processor.py:175} INFO - Processing /home/airflow/.local/lib/python3.7/site-packages/airflow/example_dags/example_dag_decorator.py took 0.102 seconds
[2023-03-19T13:35:31.450+0000] {processor.py:153} INFO - Started process (PID=292) to work on /home/airflow/.local/lib/python3.7/site-packages/airflow/example_dags/example_dag_decorator.py
[2023-03-19T13:35:31.451+0000] {processor.py:743} INFO - Processing file /home/airflow/.local/lib/python3.7/site-packages/airflow/example_dags/example_dag_decorator.py for tasks to queue
[2023-03-19T13:35:31.452+0000] {logging_mixin.py:137} INFO - [2023-03-19T13:35:31.452+0000] {dagbag.py:532} INFO - Filling up the DagBag from /home/airflow/.local/lib/python3.7/site-packages/airflow/example_dags/example_dag_decorator.py
[2023-03-19T13:35:31.462+0000] {logging_mixin.py:137} INFO - [2023-03-19T13:35:31.462+0000] {taskmixin.py:211} WARNING - Dependency <Task(_PythonDecoratedOperator): prepare_email>, send_email already registered for DAG: example_dag_decorator
[2023-03-19T13:35:31.463+0000] {logging_mixin.py:137} INFO - [2023-03-19T13:35:31.463+0000] {taskmixin.py:211} WARNING - Dependency <Task(EmailOperator): send_email>, prepare_email already registered for DAG: example_dag_decorator
[2023-03-19T13:35:31.471+0000] {processor.py:753} INFO - DAG(s) dict_keys(['example_dag_decorator']) retrieved from /home/airflow/.local/lib/python3.7/site-packages/airflow/example_dags/example_dag_decorator.py
[2023-03-19T13:35:31.510+0000] {logging_mixin.py:137} INFO - [2023-03-19T13:35:31.510+0000] {dag.py:2693} INFO - Sync 1 DAGs
[2023-03-19T13:35:31.523+0000] {logging_mixin.py:137} INFO - [2023-03-19T13:35:31.522+0000] {dag.py:3444} INFO - Setting next_dagrun for example_dag_decorator to None, run_after=None
[2023-03-19T13:35:31.533+0000] {processor.py:175} INFO - Processing /home/airflow/.local/lib/python3.7/site-packages/airflow/example_dags/example_dag_decorator.py took 0.085 seconds
[2023-03-19T14:05:52.113+0000] {processor.py:153} INFO - Started process (PID=47) to work on /home/airflow/.local/lib/python3.7/site-packages/airflow/example_dags/example_dag_decorator.py
[2023-03-19T14:05:52.115+0000] {processor.py:743} INFO - Processing file /home/airflow/.local/lib/python3.7/site-packages/airflow/example_dags/example_dag_decorator.py for tasks to queue
[2023-03-19T14:05:52.116+0000] {logging_mixin.py:137} INFO - [2023-03-19T14:05:52.116+0000] {dagbag.py:532} INFO - Filling up the DagBag from /home/airflow/.local/lib/python3.7/site-packages/airflow/example_dags/example_dag_decorator.py
[2023-03-19T14:05:52.156+0000] {logging_mixin.py:137} INFO - [2023-03-19T14:05:52.155+0000] {taskmixin.py:211} WARNING - Dependency <Task(_PythonDecoratedOperator): prepare_email>, send_email already registered for DAG: example_dag_decorator
[2023-03-19T14:05:52.157+0000] {logging_mixin.py:137} INFO - [2023-03-19T14:05:52.157+0000] {taskmixin.py:211} WARNING - Dependency <Task(EmailOperator): send_email>, prepare_email already registered for DAG: example_dag_decorator
[2023-03-19T14:05:52.198+0000] {processor.py:753} INFO - DAG(s) dict_keys(['example_dag_decorator']) retrieved from /home/airflow/.local/lib/python3.7/site-packages/airflow/example_dags/example_dag_decorator.py
[2023-03-19T14:05:52.245+0000] {logging_mixin.py:137} INFO - [2023-03-19T14:05:52.245+0000] {dag.py:2693} INFO - Sync 1 DAGs
[2023-03-19T14:05:52.294+0000] {logging_mixin.py:137} INFO - [2023-03-19T14:05:52.294+0000] {dag.py:3444} INFO - Setting next_dagrun for example_dag_decorator to None, run_after=None
[2023-03-19T14:05:52.319+0000] {processor.py:175} INFO - Processing /home/airflow/.local/lib/python3.7/site-packages/airflow/example_dags/example_dag_decorator.py took 0.213 seconds
[2023-03-19T14:06:23.176+0000] {processor.py:153} INFO - Started process (PID=96) to work on /home/airflow/.local/lib/python3.7/site-packages/airflow/example_dags/example_dag_decorator.py
[2023-03-19T14:06:23.178+0000] {processor.py:743} INFO - Processing file /home/airflow/.local/lib/python3.7/site-packages/airflow/example_dags/example_dag_decorator.py for tasks to queue
[2023-03-19T14:06:23.179+0000] {logging_mixin.py:137} INFO - [2023-03-19T14:06:23.179+0000] {dagbag.py:532} INFO - Filling up the DagBag from /home/airflow/.local/lib/python3.7/site-packages/airflow/example_dags/example_dag_decorator.py
[2023-03-19T14:06:23.197+0000] {logging_mixin.py:137} INFO - [2023-03-19T14:06:23.197+0000] {taskmixin.py:211} WARNING - Dependency <Task(_PythonDecoratedOperator): prepare_email>, send_email already registered for DAG: example_dag_decorator
[2023-03-19T14:06:23.198+0000] {logging_mixin.py:137} INFO - [2023-03-19T14:06:23.198+0000] {taskmixin.py:211} WARNING - Dependency <Task(EmailOperator): send_email>, prepare_email already registered for DAG: example_dag_decorator
[2023-03-19T14:06:23.207+0000] {processor.py:753} INFO - DAG(s) dict_keys(['example_dag_decorator']) retrieved from /home/airflow/.local/lib/python3.7/site-packages/airflow/example_dags/example_dag_decorator.py
[2023-03-19T14:06:23.250+0000] {logging_mixin.py:137} INFO - [2023-03-19T14:06:23.250+0000] {dag.py:2693} INFO - Sync 1 DAGs
[2023-03-19T14:06:23.264+0000] {logging_mixin.py:137} INFO - [2023-03-19T14:06:23.264+0000] {dag.py:3444} INFO - Setting next_dagrun for example_dag_decorator to None, run_after=None
[2023-03-19T14:06:23.275+0000] {processor.py:175} INFO - Processing /home/airflow/.local/lib/python3.7/site-packages/airflow/example_dags/example_dag_decorator.py took 0.105 seconds
[2023-03-19T14:06:53.557+0000] {processor.py:153} INFO - Started process (PID=145) to work on /home/airflow/.local/lib/python3.7/site-packages/airflow/example_dags/example_dag_decorator.py
[2023-03-19T14:06:53.559+0000] {processor.py:743} INFO - Processing file /home/airflow/.local/lib/python3.7/site-packages/airflow/example_dags/example_dag_decorator.py for tasks to queue
[2023-03-19T14:06:53.561+0000] {logging_mixin.py:137} INFO - [2023-03-19T14:06:53.561+0000] {dagbag.py:532} INFO - Filling up the DagBag from /home/airflow/.local/lib/python3.7/site-packages/airflow/example_dags/example_dag_decorator.py
[2023-03-19T14:06:53.579+0000] {logging_mixin.py:137} INFO - [2023-03-19T14:06:53.579+0000] {taskmixin.py:211} WARNING - Dependency <Task(_PythonDecoratedOperator): prepare_email>, send_email already registered for DAG: example_dag_decorator
[2023-03-19T14:06:53.580+0000] {logging_mixin.py:137} INFO - [2023-03-19T14:06:53.580+0000] {taskmixin.py:211} WARNING - Dependency <Task(EmailOperator): send_email>, prepare_email already registered for DAG: example_dag_decorator
[2023-03-19T14:06:53.591+0000] {processor.py:753} INFO - DAG(s) dict_keys(['example_dag_decorator']) retrieved from /home/airflow/.local/lib/python3.7/site-packages/airflow/example_dags/example_dag_decorator.py
[2023-03-19T14:06:53.631+0000] {logging_mixin.py:137} INFO - [2023-03-19T14:06:53.631+0000] {dag.py:2693} INFO - Sync 1 DAGs
[2023-03-19T14:06:53.646+0000] {logging_mixin.py:137} INFO - [2023-03-19T14:06:53.646+0000] {dag.py:3444} INFO - Setting next_dagrun for example_dag_decorator to None, run_after=None
[2023-03-19T14:06:53.656+0000] {processor.py:175} INFO - Processing /home/airflow/.local/lib/python3.7/site-packages/airflow/example_dags/example_dag_decorator.py took 0.106 seconds
[2023-03-19T14:07:23.889+0000] {processor.py:153} INFO - Started process (PID=194) to work on /home/airflow/.local/lib/python3.7/site-packages/airflow/example_dags/example_dag_decorator.py
[2023-03-19T14:07:23.891+0000] {processor.py:743} INFO - Processing file /home/airflow/.local/lib/python3.7/site-packages/airflow/example_dags/example_dag_decorator.py for tasks to queue
[2023-03-19T14:07:23.892+0000] {logging_mixin.py:137} INFO - [2023-03-19T14:07:23.892+0000] {dagbag.py:532} INFO - Filling up the DagBag from /home/airflow/.local/lib/python3.7/site-packages/airflow/example_dags/example_dag_decorator.py
[2023-03-19T14:07:23.909+0000] {logging_mixin.py:137} INFO - [2023-03-19T14:07:23.909+0000] {taskmixin.py:211} WARNING - Dependency <Task(_PythonDecoratedOperator): prepare_email>, send_email already registered for DAG: example_dag_decorator
[2023-03-19T14:07:23.910+0000] {logging_mixin.py:137} INFO - [2023-03-19T14:07:23.909+0000] {taskmixin.py:211} WARNING - Dependency <Task(EmailOperator): send_email>, prepare_email already registered for DAG: example_dag_decorator
[2023-03-19T14:07:23.918+0000] {processor.py:753} INFO - DAG(s) dict_keys(['example_dag_decorator']) retrieved from /home/airflow/.local/lib/python3.7/site-packages/airflow/example_dags/example_dag_decorator.py
[2023-03-19T14:07:23.961+0000] {logging_mixin.py:137} INFO - [2023-03-19T14:07:23.961+0000] {dag.py:2693} INFO - Sync 1 DAGs
[2023-03-19T14:07:23.983+0000] {logging_mixin.py:137} INFO - [2023-03-19T14:07:23.982+0000] {dag.py:3444} INFO - Setting next_dagrun for example_dag_decorator to None, run_after=None
[2023-03-19T14:07:23.999+0000] {processor.py:175} INFO - Processing /home/airflow/.local/lib/python3.7/site-packages/airflow/example_dags/example_dag_decorator.py took 0.115 seconds
[2023-03-19T14:07:54.386+0000] {processor.py:153} INFO - Started process (PID=243) to work on /home/airflow/.local/lib/python3.7/site-packages/airflow/example_dags/example_dag_decorator.py
[2023-03-19T14:07:54.388+0000] {processor.py:743} INFO - Processing file /home/airflow/.local/lib/python3.7/site-packages/airflow/example_dags/example_dag_decorator.py for tasks to queue
[2023-03-19T14:07:54.389+0000] {logging_mixin.py:137} INFO - [2023-03-19T14:07:54.389+0000] {dagbag.py:532} INFO - Filling up the DagBag from /home/airflow/.local/lib/python3.7/site-packages/airflow/example_dags/example_dag_decorator.py
[2023-03-19T14:07:54.405+0000] {logging_mixin.py:137} INFO - [2023-03-19T14:07:54.405+0000] {taskmixin.py:211} WARNING - Dependency <Task(_PythonDecoratedOperator): prepare_email>, send_email already registered for DAG: example_dag_decorator
[2023-03-19T14:07:54.406+0000] {logging_mixin.py:137} INFO - [2023-03-19T14:07:54.406+0000] {taskmixin.py:211} WARNING - Dependency <Task(EmailOperator): send_email>, prepare_email already registered for DAG: example_dag_decorator
[2023-03-19T14:07:54.416+0000] {processor.py:753} INFO - DAG(s) dict_keys(['example_dag_decorator']) retrieved from /home/airflow/.local/lib/python3.7/site-packages/airflow/example_dags/example_dag_decorator.py
[2023-03-19T14:07:54.463+0000] {logging_mixin.py:137} INFO - [2023-03-19T14:07:54.463+0000] {dag.py:2693} INFO - Sync 1 DAGs
[2023-03-19T14:07:54.480+0000] {logging_mixin.py:137} INFO - [2023-03-19T14:07:54.480+0000] {dag.py:3444} INFO - Setting next_dagrun for example_dag_decorator to None, run_after=None
[2023-03-19T14:07:54.491+0000] {processor.py:175} INFO - Processing /home/airflow/.local/lib/python3.7/site-packages/airflow/example_dags/example_dag_decorator.py took 0.111 seconds
[2023-03-19T14:08:25.155+0000] {processor.py:153} INFO - Started process (PID=293) to work on /home/airflow/.local/lib/python3.7/site-packages/airflow/example_dags/example_dag_decorator.py
[2023-03-19T14:08:25.158+0000] {processor.py:743} INFO - Processing file /home/airflow/.local/lib/python3.7/site-packages/airflow/example_dags/example_dag_decorator.py for tasks to queue
[2023-03-19T14:08:25.159+0000] {logging_mixin.py:137} INFO - [2023-03-19T14:08:25.159+0000] {dagbag.py:532} INFO - Filling up the DagBag from /home/airflow/.local/lib/python3.7/site-packages/airflow/example_dags/example_dag_decorator.py
[2023-03-19T14:08:25.181+0000] {logging_mixin.py:137} INFO - [2023-03-19T14:08:25.181+0000] {taskmixin.py:211} WARNING - Dependency <Task(_PythonDecoratedOperator): prepare_email>, send_email already registered for DAG: example_dag_decorator
[2023-03-19T14:08:25.182+0000] {logging_mixin.py:137} INFO - [2023-03-19T14:08:25.182+0000] {taskmixin.py:211} WARNING - Dependency <Task(EmailOperator): send_email>, prepare_email already registered for DAG: example_dag_decorator
[2023-03-19T14:08:25.202+0000] {processor.py:753} INFO - DAG(s) dict_keys(['example_dag_decorator']) retrieved from /home/airflow/.local/lib/python3.7/site-packages/airflow/example_dags/example_dag_decorator.py
[2023-03-19T14:08:25.253+0000] {logging_mixin.py:137} INFO - [2023-03-19T14:08:25.253+0000] {dag.py:2693} INFO - Sync 1 DAGs
[2023-03-19T14:08:25.274+0000] {logging_mixin.py:137} INFO - [2023-03-19T14:08:25.274+0000] {dag.py:3444} INFO - Setting next_dagrun for example_dag_decorator to None, run_after=None
[2023-03-19T14:08:25.285+0000] {processor.py:175} INFO - Processing /home/airflow/.local/lib/python3.7/site-packages/airflow/example_dags/example_dag_decorator.py took 0.138 seconds
[2023-03-19T14:09:09.386+0000] {processor.py:153} INFO - Started process (PID=46) to work on /home/airflow/.local/lib/python3.7/site-packages/airflow/example_dags/example_dag_decorator.py
[2023-03-19T14:09:09.387+0000] {processor.py:743} INFO - Processing file /home/airflow/.local/lib/python3.7/site-packages/airflow/example_dags/example_dag_decorator.py for tasks to queue
[2023-03-19T14:09:09.388+0000] {logging_mixin.py:137} INFO - [2023-03-19T14:09:09.388+0000] {dagbag.py:532} INFO - Filling up the DagBag from /home/airflow/.local/lib/python3.7/site-packages/airflow/example_dags/example_dag_decorator.py
[2023-03-19T14:09:09.415+0000] {logging_mixin.py:137} INFO - [2023-03-19T14:09:09.415+0000] {taskmixin.py:211} WARNING - Dependency <Task(_PythonDecoratedOperator): prepare_email>, send_email already registered for DAG: example_dag_decorator
[2023-03-19T14:09:09.417+0000] {logging_mixin.py:137} INFO - [2023-03-19T14:09:09.417+0000] {taskmixin.py:211} WARNING - Dependency <Task(EmailOperator): send_email>, prepare_email already registered for DAG: example_dag_decorator
[2023-03-19T14:09:09.445+0000] {processor.py:753} INFO - DAG(s) dict_keys(['example_dag_decorator']) retrieved from /home/airflow/.local/lib/python3.7/site-packages/airflow/example_dags/example_dag_decorator.py
[2023-03-19T14:09:09.488+0000] {logging_mixin.py:137} INFO - [2023-03-19T14:09:09.487+0000] {dag.py:2693} INFO - Sync 1 DAGs
[2023-03-19T14:09:09.541+0000] {logging_mixin.py:137} INFO - [2023-03-19T14:09:09.541+0000] {dag.py:3444} INFO - Setting next_dagrun for example_dag_decorator to None, run_after=None
[2023-03-19T14:09:09.565+0000] {processor.py:175} INFO - Processing /home/airflow/.local/lib/python3.7/site-packages/airflow/example_dags/example_dag_decorator.py took 0.185 seconds
[2023-03-19T14:09:40.215+0000] {processor.py:153} INFO - Started process (PID=95) to work on /home/airflow/.local/lib/python3.7/site-packages/airflow/example_dags/example_dag_decorator.py
[2023-03-19T14:09:40.216+0000] {processor.py:743} INFO - Processing file /home/airflow/.local/lib/python3.7/site-packages/airflow/example_dags/example_dag_decorator.py for tasks to queue
[2023-03-19T14:09:40.216+0000] {logging_mixin.py:137} INFO - [2023-03-19T14:09:40.216+0000] {dagbag.py:532} INFO - Filling up the DagBag from /home/airflow/.local/lib/python3.7/site-packages/airflow/example_dags/example_dag_decorator.py
[2023-03-19T14:09:40.227+0000] {logging_mixin.py:137} INFO - [2023-03-19T14:09:40.227+0000] {taskmixin.py:211} WARNING - Dependency <Task(_PythonDecoratedOperator): prepare_email>, send_email already registered for DAG: example_dag_decorator
[2023-03-19T14:09:40.227+0000] {logging_mixin.py:137} INFO - [2023-03-19T14:09:40.227+0000] {taskmixin.py:211} WARNING - Dependency <Task(EmailOperator): send_email>, prepare_email already registered for DAG: example_dag_decorator
[2023-03-19T14:09:40.235+0000] {processor.py:753} INFO - DAG(s) dict_keys(['example_dag_decorator']) retrieved from /home/airflow/.local/lib/python3.7/site-packages/airflow/example_dags/example_dag_decorator.py
[2023-03-19T14:09:40.284+0000] {logging_mixin.py:137} INFO - [2023-03-19T14:09:40.284+0000] {dag.py:2693} INFO - Sync 1 DAGs
[2023-03-19T14:09:40.297+0000] {logging_mixin.py:137} INFO - [2023-03-19T14:09:40.297+0000] {dag.py:3444} INFO - Setting next_dagrun for example_dag_decorator to None, run_after=None
[2023-03-19T14:09:40.308+0000] {processor.py:175} INFO - Processing /home/airflow/.local/lib/python3.7/site-packages/airflow/example_dags/example_dag_decorator.py took 0.095 seconds
[2023-03-19T14:10:10.892+0000] {processor.py:153} INFO - Started process (PID=143) to work on /home/airflow/.local/lib/python3.7/site-packages/airflow/example_dags/example_dag_decorator.py
[2023-03-19T14:10:10.893+0000] {processor.py:743} INFO - Processing file /home/airflow/.local/lib/python3.7/site-packages/airflow/example_dags/example_dag_decorator.py for tasks to queue
[2023-03-19T14:10:10.894+0000] {logging_mixin.py:137} INFO - [2023-03-19T14:10:10.894+0000] {dagbag.py:532} INFO - Filling up the DagBag from /home/airflow/.local/lib/python3.7/site-packages/airflow/example_dags/example_dag_decorator.py
[2023-03-19T14:10:10.904+0000] {logging_mixin.py:137} INFO - [2023-03-19T14:10:10.904+0000] {taskmixin.py:211} WARNING - Dependency <Task(_PythonDecoratedOperator): prepare_email>, send_email already registered for DAG: example_dag_decorator
[2023-03-19T14:10:10.904+0000] {logging_mixin.py:137} INFO - [2023-03-19T14:10:10.904+0000] {taskmixin.py:211} WARNING - Dependency <Task(EmailOperator): send_email>, prepare_email already registered for DAG: example_dag_decorator
[2023-03-19T14:10:10.912+0000] {processor.py:753} INFO - DAG(s) dict_keys(['example_dag_decorator']) retrieved from /home/airflow/.local/lib/python3.7/site-packages/airflow/example_dags/example_dag_decorator.py
[2023-03-19T14:10:10.952+0000] {logging_mixin.py:137} INFO - [2023-03-19T14:10:10.952+0000] {dag.py:2693} INFO - Sync 1 DAGs
[2023-03-19T14:10:10.965+0000] {logging_mixin.py:137} INFO - [2023-03-19T14:10:10.965+0000] {dag.py:3444} INFO - Setting next_dagrun for example_dag_decorator to None, run_after=None
[2023-03-19T14:10:10.975+0000] {processor.py:175} INFO - Processing /home/airflow/.local/lib/python3.7/site-packages/airflow/example_dags/example_dag_decorator.py took 0.086 seconds
[2023-03-19T14:10:41.976+0000] {processor.py:153} INFO - Started process (PID=192) to work on /home/airflow/.local/lib/python3.7/site-packages/airflow/example_dags/example_dag_decorator.py
[2023-03-19T14:10:41.977+0000] {processor.py:743} INFO - Processing file /home/airflow/.local/lib/python3.7/site-packages/airflow/example_dags/example_dag_decorator.py for tasks to queue
[2023-03-19T14:10:41.978+0000] {logging_mixin.py:137} INFO - [2023-03-19T14:10:41.978+0000] {dagbag.py:532} INFO - Filling up the DagBag from /home/airflow/.local/lib/python3.7/site-packages/airflow/example_dags/example_dag_decorator.py
[2023-03-19T14:10:41.990+0000] {logging_mixin.py:137} INFO - [2023-03-19T14:10:41.990+0000] {taskmixin.py:211} WARNING - Dependency <Task(_PythonDecoratedOperator): prepare_email>, send_email already registered for DAG: example_dag_decorator
[2023-03-19T14:10:41.991+0000] {logging_mixin.py:137} INFO - [2023-03-19T14:10:41.991+0000] {taskmixin.py:211} WARNING - Dependency <Task(EmailOperator): send_email>, prepare_email already registered for DAG: example_dag_decorator
[2023-03-19T14:10:42.002+0000] {processor.py:753} INFO - DAG(s) dict_keys(['example_dag_decorator']) retrieved from /home/airflow/.local/lib/python3.7/site-packages/airflow/example_dags/example_dag_decorator.py
[2023-03-19T14:10:42.046+0000] {logging_mixin.py:137} INFO - [2023-03-19T14:10:42.046+0000] {dag.py:2693} INFO - Sync 1 DAGs
[2023-03-19T14:10:42.060+0000] {logging_mixin.py:137} INFO - [2023-03-19T14:10:42.060+0000] {dag.py:3444} INFO - Setting next_dagrun for example_dag_decorator to None, run_after=None
[2023-03-19T14:10:42.071+0000] {processor.py:175} INFO - Processing /home/airflow/.local/lib/python3.7/site-packages/airflow/example_dags/example_dag_decorator.py took 0.098 seconds
[2023-03-19T14:11:12.369+0000] {processor.py:153} INFO - Started process (PID=241) to work on /home/airflow/.local/lib/python3.7/site-packages/airflow/example_dags/example_dag_decorator.py
[2023-03-19T14:11:12.370+0000] {processor.py:743} INFO - Processing file /home/airflow/.local/lib/python3.7/site-packages/airflow/example_dags/example_dag_decorator.py for tasks to queue
[2023-03-19T14:11:12.371+0000] {logging_mixin.py:137} INFO - [2023-03-19T14:11:12.371+0000] {dagbag.py:532} INFO - Filling up the DagBag from /home/airflow/.local/lib/python3.7/site-packages/airflow/example_dags/example_dag_decorator.py
[2023-03-19T14:11:12.381+0000] {logging_mixin.py:137} INFO - [2023-03-19T14:11:12.381+0000] {taskmixin.py:211} WARNING - Dependency <Task(_PythonDecoratedOperator): prepare_email>, send_email already registered for DAG: example_dag_decorator
[2023-03-19T14:11:12.382+0000] {logging_mixin.py:137} INFO - [2023-03-19T14:11:12.382+0000] {taskmixin.py:211} WARNING - Dependency <Task(EmailOperator): send_email>, prepare_email already registered for DAG: example_dag_decorator
[2023-03-19T14:11:12.389+0000] {processor.py:753} INFO - DAG(s) dict_keys(['example_dag_decorator']) retrieved from /home/airflow/.local/lib/python3.7/site-packages/airflow/example_dags/example_dag_decorator.py
[2023-03-19T14:11:12.428+0000] {logging_mixin.py:137} INFO - [2023-03-19T14:11:12.428+0000] {dag.py:2693} INFO - Sync 1 DAGs
[2023-03-19T14:11:12.440+0000] {logging_mixin.py:137} INFO - [2023-03-19T14:11:12.440+0000] {dag.py:3444} INFO - Setting next_dagrun for example_dag_decorator to None, run_after=None
[2023-03-19T14:11:12.450+0000] {processor.py:175} INFO - Processing /home/airflow/.local/lib/python3.7/site-packages/airflow/example_dags/example_dag_decorator.py took 0.084 seconds
[2023-03-19T14:11:42.803+0000] {processor.py:153} INFO - Started process (PID=290) to work on /home/airflow/.local/lib/python3.7/site-packages/airflow/example_dags/example_dag_decorator.py
[2023-03-19T14:11:42.805+0000] {processor.py:743} INFO - Processing file /home/airflow/.local/lib/python3.7/site-packages/airflow/example_dags/example_dag_decorator.py for tasks to queue
[2023-03-19T14:11:42.805+0000] {logging_mixin.py:137} INFO - [2023-03-19T14:11:42.805+0000] {dagbag.py:532} INFO - Filling up the DagBag from /home/airflow/.local/lib/python3.7/site-packages/airflow/example_dags/example_dag_decorator.py
[2023-03-19T14:11:42.816+0000] {logging_mixin.py:137} INFO - [2023-03-19T14:11:42.816+0000] {taskmixin.py:211} WARNING - Dependency <Task(_PythonDecoratedOperator): prepare_email>, send_email already registered for DAG: example_dag_decorator
[2023-03-19T14:11:42.816+0000] {logging_mixin.py:137} INFO - [2023-03-19T14:11:42.816+0000] {taskmixin.py:211} WARNING - Dependency <Task(EmailOperator): send_email>, prepare_email already registered for DAG: example_dag_decorator
[2023-03-19T14:11:42.825+0000] {processor.py:753} INFO - DAG(s) dict_keys(['example_dag_decorator']) retrieved from /home/airflow/.local/lib/python3.7/site-packages/airflow/example_dags/example_dag_decorator.py
[2023-03-19T14:11:42.868+0000] {logging_mixin.py:137} INFO - [2023-03-19T14:11:42.868+0000] {dag.py:2693} INFO - Sync 1 DAGs
[2023-03-19T14:11:42.882+0000] {logging_mixin.py:137} INFO - [2023-03-19T14:11:42.882+0000] {dag.py:3444} INFO - Setting next_dagrun for example_dag_decorator to None, run_after=None
[2023-03-19T14:11:42.893+0000] {processor.py:175} INFO - Processing /home/airflow/.local/lib/python3.7/site-packages/airflow/example_dags/example_dag_decorator.py took 0.092 seconds
[2023-03-19T14:12:13.220+0000] {processor.py:153} INFO - Started process (PID=339) to work on /home/airflow/.local/lib/python3.7/site-packages/airflow/example_dags/example_dag_decorator.py
[2023-03-19T14:12:13.222+0000] {processor.py:743} INFO - Processing file /home/airflow/.local/lib/python3.7/site-packages/airflow/example_dags/example_dag_decorator.py for tasks to queue
[2023-03-19T14:12:13.224+0000] {logging_mixin.py:137} INFO - [2023-03-19T14:12:13.224+0000] {dagbag.py:532} INFO - Filling up the DagBag from /home/airflow/.local/lib/python3.7/site-packages/airflow/example_dags/example_dag_decorator.py
[2023-03-19T14:12:13.242+0000] {logging_mixin.py:137} INFO - [2023-03-19T14:12:13.242+0000] {taskmixin.py:211} WARNING - Dependency <Task(_PythonDecoratedOperator): prepare_email>, send_email already registered for DAG: example_dag_decorator
[2023-03-19T14:12:13.243+0000] {logging_mixin.py:137} INFO - [2023-03-19T14:12:13.243+0000] {taskmixin.py:211} WARNING - Dependency <Task(EmailOperator): send_email>, prepare_email already registered for DAG: example_dag_decorator
[2023-03-19T14:12:13.257+0000] {processor.py:753} INFO - DAG(s) dict_keys(['example_dag_decorator']) retrieved from /home/airflow/.local/lib/python3.7/site-packages/airflow/example_dags/example_dag_decorator.py
[2023-03-19T14:12:13.351+0000] {logging_mixin.py:137} INFO - [2023-03-19T14:12:13.350+0000] {dag.py:2693} INFO - Sync 1 DAGs
[2023-03-19T14:12:13.383+0000] {logging_mixin.py:137} INFO - [2023-03-19T14:12:13.383+0000] {dag.py:3444} INFO - Setting next_dagrun for example_dag_decorator to None, run_after=None
[2023-03-19T14:12:13.407+0000] {processor.py:175} INFO - Processing /home/airflow/.local/lib/python3.7/site-packages/airflow/example_dags/example_dag_decorator.py took 0.193 seconds
