[2023-03-19T13:32:59.926+0000] {processor.py:153} INFO - Started process (PID=50) to work on /home/airflow/.local/lib/python3.7/site-packages/airflow/example_dags/example_datasets.py
[2023-03-19T13:32:59.928+0000] {processor.py:743} INFO - Processing file /home/airflow/.local/lib/python3.7/site-packages/airflow/example_dags/example_datasets.py for tasks to queue
[2023-03-19T13:32:59.929+0000] {logging_mixin.py:137} INFO - [2023-03-19T13:32:59.929+0000] {dagbag.py:532} INFO - Filling up the DagBag from /home/airflow/.local/lib/python3.7/site-packages/airflow/example_dags/example_datasets.py
[2023-03-19T13:32:59.956+0000] {processor.py:753} INFO - DAG(s) dict_keys(['dataset_consumes_1', 'dataset_consumes_1_never_scheduled', 'dataset_produces_1', 'dataset_produces_2', 'dataset_consumes_1_and_2', 'dataset_consumes_unknown_never_scheduled']) retrieved from /home/airflow/.local/lib/python3.7/site-packages/airflow/example_dags/example_datasets.py
[2023-03-19T13:32:59.994+0000] {logging_mixin.py:137} INFO - [2023-03-19T13:32:59.993+0000] {dag.py:2693} INFO - Sync 6 DAGs
[2023-03-19T13:33:00.026+0000] {logging_mixin.py:137} INFO - [2023-03-19T13:33:00.025+0000] {dag.py:3444} INFO - Setting next_dagrun for dataset_consumes_1 to None, run_after=None
[2023-03-19T13:33:00.033+0000] {logging_mixin.py:137} INFO - [2023-03-19T13:33:00.033+0000] {dag.py:3444} INFO - Setting next_dagrun for dataset_consumes_1_and_2 to None, run_after=None
[2023-03-19T13:33:00.034+0000] {logging_mixin.py:137} INFO - [2023-03-19T13:33:00.034+0000] {dag.py:3444} INFO - Setting next_dagrun for dataset_consumes_1_never_scheduled to None, run_after=None
[2023-03-19T13:33:00.036+0000] {logging_mixin.py:137} INFO - [2023-03-19T13:33:00.036+0000] {dag.py:3444} INFO - Setting next_dagrun for dataset_consumes_unknown_never_scheduled to None, run_after=None
[2023-03-19T13:33:00.038+0000] {logging_mixin.py:137} INFO - [2023-03-19T13:33:00.038+0000] {dag.py:3444} INFO - Setting next_dagrun for dataset_produces_1 to 2023-03-18T00:00:00+00:00, run_after=2023-03-19T00:00:00+00:00
[2023-03-19T13:33:00.039+0000] {logging_mixin.py:137} INFO - [2023-03-19T13:33:00.039+0000] {dag.py:3444} INFO - Setting next_dagrun for dataset_produces_2 to None, run_after=None
[2023-03-19T13:33:00.059+0000] {processor.py:175} INFO - Processing /home/airflow/.local/lib/python3.7/site-packages/airflow/example_dags/example_datasets.py took 0.138 seconds
[2023-03-19T13:33:30.102+0000] {processor.py:153} INFO - Started process (PID=99) to work on /home/airflow/.local/lib/python3.7/site-packages/airflow/example_dags/example_datasets.py
[2023-03-19T13:33:30.103+0000] {processor.py:743} INFO - Processing file /home/airflow/.local/lib/python3.7/site-packages/airflow/example_dags/example_datasets.py for tasks to queue
[2023-03-19T13:33:30.104+0000] {logging_mixin.py:137} INFO - [2023-03-19T13:33:30.104+0000] {dagbag.py:532} INFO - Filling up the DagBag from /home/airflow/.local/lib/python3.7/site-packages/airflow/example_dags/example_datasets.py
[2023-03-19T13:33:30.115+0000] {processor.py:753} INFO - DAG(s) dict_keys(['dataset_consumes_1_and_2', 'dataset_consumes_1', 'dataset_produces_1', 'dataset_consumes_1_never_scheduled', 'dataset_consumes_unknown_never_scheduled', 'dataset_produces_2']) retrieved from /home/airflow/.local/lib/python3.7/site-packages/airflow/example_dags/example_datasets.py
[2023-03-19T13:33:30.170+0000] {logging_mixin.py:137} INFO - [2023-03-19T13:33:30.170+0000] {dag.py:2693} INFO - Sync 6 DAGs
[2023-03-19T13:33:30.184+0000] {logging_mixin.py:137} INFO - [2023-03-19T13:33:30.184+0000] {dag.py:3444} INFO - Setting next_dagrun for dataset_consumes_1 to None, run_after=None
[2023-03-19T13:33:30.186+0000] {logging_mixin.py:137} INFO - [2023-03-19T13:33:30.186+0000] {dag.py:3444} INFO - Setting next_dagrun for dataset_consumes_1_and_2 to None, run_after=None
[2023-03-19T13:33:30.187+0000] {logging_mixin.py:137} INFO - [2023-03-19T13:33:30.187+0000] {dag.py:3444} INFO - Setting next_dagrun for dataset_consumes_1_never_scheduled to None, run_after=None
[2023-03-19T13:33:30.188+0000] {logging_mixin.py:137} INFO - [2023-03-19T13:33:30.188+0000] {dag.py:3444} INFO - Setting next_dagrun for dataset_consumes_unknown_never_scheduled to None, run_after=None
[2023-03-19T13:33:30.190+0000] {logging_mixin.py:137} INFO - [2023-03-19T13:33:30.190+0000] {dag.py:3444} INFO - Setting next_dagrun for dataset_produces_1 to 2023-03-18T00:00:00+00:00, run_after=2023-03-19T00:00:00+00:00
[2023-03-19T13:33:30.191+0000] {logging_mixin.py:137} INFO - [2023-03-19T13:33:30.191+0000] {dag.py:3444} INFO - Setting next_dagrun for dataset_produces_2 to None, run_after=None
[2023-03-19T13:33:30.216+0000] {processor.py:175} INFO - Processing /home/airflow/.local/lib/python3.7/site-packages/airflow/example_dags/example_datasets.py took 0.116 seconds
[2023-03-19T13:34:00.415+0000] {processor.py:153} INFO - Started process (PID=149) to work on /home/airflow/.local/lib/python3.7/site-packages/airflow/example_dags/example_datasets.py
[2023-03-19T13:34:00.416+0000] {processor.py:743} INFO - Processing file /home/airflow/.local/lib/python3.7/site-packages/airflow/example_dags/example_datasets.py for tasks to queue
[2023-03-19T13:34:00.416+0000] {logging_mixin.py:137} INFO - [2023-03-19T13:34:00.416+0000] {dagbag.py:532} INFO - Filling up the DagBag from /home/airflow/.local/lib/python3.7/site-packages/airflow/example_dags/example_datasets.py
[2023-03-19T13:34:00.427+0000] {processor.py:753} INFO - DAG(s) dict_keys(['dataset_consumes_1_and_2', 'dataset_consumes_1', 'dataset_produces_2', 'dataset_consumes_unknown_never_scheduled', 'dataset_produces_1', 'dataset_consumes_1_never_scheduled']) retrieved from /home/airflow/.local/lib/python3.7/site-packages/airflow/example_dags/example_datasets.py
[2023-03-19T13:34:00.451+0000] {logging_mixin.py:137} INFO - [2023-03-19T13:34:00.451+0000] {dag.py:2693} INFO - Sync 6 DAGs
[2023-03-19T13:34:00.467+0000] {logging_mixin.py:137} INFO - [2023-03-19T13:34:00.466+0000] {dag.py:3444} INFO - Setting next_dagrun for dataset_consumes_1 to None, run_after=None
[2023-03-19T13:34:00.469+0000] {logging_mixin.py:137} INFO - [2023-03-19T13:34:00.469+0000] {dag.py:3444} INFO - Setting next_dagrun for dataset_consumes_1_and_2 to None, run_after=None
[2023-03-19T13:34:00.470+0000] {logging_mixin.py:137} INFO - [2023-03-19T13:34:00.470+0000] {dag.py:3444} INFO - Setting next_dagrun for dataset_consumes_1_never_scheduled to None, run_after=None
[2023-03-19T13:34:00.471+0000] {logging_mixin.py:137} INFO - [2023-03-19T13:34:00.471+0000] {dag.py:3444} INFO - Setting next_dagrun for dataset_consumes_unknown_never_scheduled to None, run_after=None
[2023-03-19T13:34:00.472+0000] {logging_mixin.py:137} INFO - [2023-03-19T13:34:00.472+0000] {dag.py:3444} INFO - Setting next_dagrun for dataset_produces_1 to 2023-03-18T00:00:00+00:00, run_after=2023-03-19T00:00:00+00:00
[2023-03-19T13:34:00.473+0000] {logging_mixin.py:137} INFO - [2023-03-19T13:34:00.473+0000] {dag.py:3444} INFO - Setting next_dagrun for dataset_produces_2 to None, run_after=None
[2023-03-19T13:34:00.499+0000] {processor.py:175} INFO - Processing /home/airflow/.local/lib/python3.7/site-packages/airflow/example_dags/example_datasets.py took 0.086 seconds
[2023-03-19T13:34:30.691+0000] {processor.py:153} INFO - Started process (PID=198) to work on /home/airflow/.local/lib/python3.7/site-packages/airflow/example_dags/example_datasets.py
[2023-03-19T13:34:30.692+0000] {processor.py:743} INFO - Processing file /home/airflow/.local/lib/python3.7/site-packages/airflow/example_dags/example_datasets.py for tasks to queue
[2023-03-19T13:34:30.692+0000] {logging_mixin.py:137} INFO - [2023-03-19T13:34:30.692+0000] {dagbag.py:532} INFO - Filling up the DagBag from /home/airflow/.local/lib/python3.7/site-packages/airflow/example_dags/example_datasets.py
[2023-03-19T13:34:30.702+0000] {processor.py:753} INFO - DAG(s) dict_keys(['dataset_produces_2', 'dataset_produces_1', 'dataset_consumes_unknown_never_scheduled', 'dataset_consumes_1_and_2', 'dataset_consumes_1_never_scheduled', 'dataset_consumes_1']) retrieved from /home/airflow/.local/lib/python3.7/site-packages/airflow/example_dags/example_datasets.py
[2023-03-19T13:34:30.732+0000] {logging_mixin.py:137} INFO - [2023-03-19T13:34:30.732+0000] {dag.py:2693} INFO - Sync 6 DAGs
[2023-03-19T13:34:30.751+0000] {logging_mixin.py:137} INFO - [2023-03-19T13:34:30.751+0000] {dag.py:3444} INFO - Setting next_dagrun for dataset_consumes_1 to None, run_after=None
[2023-03-19T13:34:30.753+0000] {logging_mixin.py:137} INFO - [2023-03-19T13:34:30.753+0000] {dag.py:3444} INFO - Setting next_dagrun for dataset_consumes_1_and_2 to None, run_after=None
[2023-03-19T13:34:30.754+0000] {logging_mixin.py:137} INFO - [2023-03-19T13:34:30.754+0000] {dag.py:3444} INFO - Setting next_dagrun for dataset_consumes_1_never_scheduled to None, run_after=None
[2023-03-19T13:34:30.754+0000] {logging_mixin.py:137} INFO - [2023-03-19T13:34:30.754+0000] {dag.py:3444} INFO - Setting next_dagrun for dataset_consumes_unknown_never_scheduled to None, run_after=None
[2023-03-19T13:34:30.756+0000] {logging_mixin.py:137} INFO - [2023-03-19T13:34:30.756+0000] {dag.py:3444} INFO - Setting next_dagrun for dataset_produces_1 to 2023-03-18T00:00:00+00:00, run_after=2023-03-19T00:00:00+00:00
[2023-03-19T13:34:30.757+0000] {logging_mixin.py:137} INFO - [2023-03-19T13:34:30.757+0000] {dag.py:3444} INFO - Setting next_dagrun for dataset_produces_2 to None, run_after=None
[2023-03-19T13:34:30.773+0000] {processor.py:175} INFO - Processing /home/airflow/.local/lib/python3.7/site-packages/airflow/example_dags/example_datasets.py took 0.084 seconds
[2023-03-19T13:35:01.487+0000] {processor.py:153} INFO - Started process (PID=247) to work on /home/airflow/.local/lib/python3.7/site-packages/airflow/example_dags/example_datasets.py
[2023-03-19T13:35:01.488+0000] {processor.py:743} INFO - Processing file /home/airflow/.local/lib/python3.7/site-packages/airflow/example_dags/example_datasets.py for tasks to queue
[2023-03-19T13:35:01.489+0000] {logging_mixin.py:137} INFO - [2023-03-19T13:35:01.489+0000] {dagbag.py:532} INFO - Filling up the DagBag from /home/airflow/.local/lib/python3.7/site-packages/airflow/example_dags/example_datasets.py
[2023-03-19T13:35:01.501+0000] {processor.py:753} INFO - DAG(s) dict_keys(['dataset_consumes_unknown_never_scheduled', 'dataset_consumes_1_never_scheduled', 'dataset_consumes_1', 'dataset_produces_1', 'dataset_consumes_1_and_2', 'dataset_produces_2']) retrieved from /home/airflow/.local/lib/python3.7/site-packages/airflow/example_dags/example_datasets.py
[2023-03-19T13:35:01.529+0000] {logging_mixin.py:137} INFO - [2023-03-19T13:35:01.529+0000] {dag.py:2693} INFO - Sync 6 DAGs
[2023-03-19T13:35:01.548+0000] {logging_mixin.py:137} INFO - [2023-03-19T13:35:01.548+0000] {dag.py:3444} INFO - Setting next_dagrun for dataset_consumes_1 to None, run_after=None
[2023-03-19T13:35:01.550+0000] {logging_mixin.py:137} INFO - [2023-03-19T13:35:01.550+0000] {dag.py:3444} INFO - Setting next_dagrun for dataset_consumes_1_and_2 to None, run_after=None
[2023-03-19T13:35:01.551+0000] {logging_mixin.py:137} INFO - [2023-03-19T13:35:01.551+0000] {dag.py:3444} INFO - Setting next_dagrun for dataset_consumes_1_never_scheduled to None, run_after=None
[2023-03-19T13:35:01.552+0000] {logging_mixin.py:137} INFO - [2023-03-19T13:35:01.552+0000] {dag.py:3444} INFO - Setting next_dagrun for dataset_consumes_unknown_never_scheduled to None, run_after=None
[2023-03-19T13:35:01.553+0000] {logging_mixin.py:137} INFO - [2023-03-19T13:35:01.553+0000] {dag.py:3444} INFO - Setting next_dagrun for dataset_produces_1 to 2023-03-18T00:00:00+00:00, run_after=2023-03-19T00:00:00+00:00
[2023-03-19T13:35:01.554+0000] {logging_mixin.py:137} INFO - [2023-03-19T13:35:01.554+0000] {dag.py:3444} INFO - Setting next_dagrun for dataset_produces_2 to None, run_after=None
[2023-03-19T13:35:01.571+0000] {processor.py:175} INFO - Processing /home/airflow/.local/lib/python3.7/site-packages/airflow/example_dags/example_datasets.py took 0.088 seconds
[2023-03-19T13:35:31.621+0000] {processor.py:153} INFO - Started process (PID=295) to work on /home/airflow/.local/lib/python3.7/site-packages/airflow/example_dags/example_datasets.py
[2023-03-19T13:35:31.623+0000] {processor.py:743} INFO - Processing file /home/airflow/.local/lib/python3.7/site-packages/airflow/example_dags/example_datasets.py for tasks to queue
[2023-03-19T13:35:31.623+0000] {logging_mixin.py:137} INFO - [2023-03-19T13:35:31.623+0000] {dagbag.py:532} INFO - Filling up the DagBag from /home/airflow/.local/lib/python3.7/site-packages/airflow/example_dags/example_datasets.py
[2023-03-19T13:35:31.632+0000] {processor.py:753} INFO - DAG(s) dict_keys(['dataset_produces_2', 'dataset_produces_1', 'dataset_consumes_1_and_2', 'dataset_consumes_1_never_scheduled', 'dataset_consumes_1', 'dataset_consumes_unknown_never_scheduled']) retrieved from /home/airflow/.local/lib/python3.7/site-packages/airflow/example_dags/example_datasets.py
[2023-03-19T13:35:31.656+0000] {logging_mixin.py:137} INFO - [2023-03-19T13:35:31.655+0000] {dag.py:2693} INFO - Sync 6 DAGs
[2023-03-19T13:35:31.670+0000] {logging_mixin.py:137} INFO - [2023-03-19T13:35:31.670+0000] {dag.py:3444} INFO - Setting next_dagrun for dataset_consumes_1 to None, run_after=None
[2023-03-19T13:35:31.672+0000] {logging_mixin.py:137} INFO - [2023-03-19T13:35:31.672+0000] {dag.py:3444} INFO - Setting next_dagrun for dataset_consumes_1_and_2 to None, run_after=None
[2023-03-19T13:35:31.672+0000] {logging_mixin.py:137} INFO - [2023-03-19T13:35:31.672+0000] {dag.py:3444} INFO - Setting next_dagrun for dataset_consumes_1_never_scheduled to None, run_after=None
[2023-03-19T13:35:31.673+0000] {logging_mixin.py:137} INFO - [2023-03-19T13:35:31.673+0000] {dag.py:3444} INFO - Setting next_dagrun for dataset_consumes_unknown_never_scheduled to None, run_after=None
[2023-03-19T13:35:31.675+0000] {logging_mixin.py:137} INFO - [2023-03-19T13:35:31.675+0000] {dag.py:3444} INFO - Setting next_dagrun for dataset_produces_1 to 2023-03-18T00:00:00+00:00, run_after=2023-03-19T00:00:00+00:00
[2023-03-19T13:35:31.676+0000] {logging_mixin.py:137} INFO - [2023-03-19T13:35:31.676+0000] {dag.py:3444} INFO - Setting next_dagrun for dataset_produces_2 to None, run_after=None
[2023-03-19T13:35:31.691+0000] {processor.py:175} INFO - Processing /home/airflow/.local/lib/python3.7/site-packages/airflow/example_dags/example_datasets.py took 0.072 seconds
[2023-03-19T14:05:52.558+0000] {processor.py:153} INFO - Started process (PID=50) to work on /home/airflow/.local/lib/python3.7/site-packages/airflow/example_dags/example_datasets.py
[2023-03-19T14:05:52.560+0000] {processor.py:743} INFO - Processing file /home/airflow/.local/lib/python3.7/site-packages/airflow/example_dags/example_datasets.py for tasks to queue
[2023-03-19T14:05:52.561+0000] {logging_mixin.py:137} INFO - [2023-03-19T14:05:52.561+0000] {dagbag.py:532} INFO - Filling up the DagBag from /home/airflow/.local/lib/python3.7/site-packages/airflow/example_dags/example_datasets.py
[2023-03-19T14:05:52.616+0000] {processor.py:753} INFO - DAG(s) dict_keys(['dataset_consumes_1_and_2', 'dataset_consumes_1', 'dataset_consumes_unknown_never_scheduled', 'dataset_produces_1', 'dataset_produces_2', 'dataset_consumes_1_never_scheduled']) retrieved from /home/airflow/.local/lib/python3.7/site-packages/airflow/example_dags/example_datasets.py
[2023-03-19T14:05:52.654+0000] {logging_mixin.py:137} INFO - [2023-03-19T14:05:52.654+0000] {dag.py:2693} INFO - Sync 6 DAGs
[2023-03-19T14:05:52.718+0000] {logging_mixin.py:137} INFO - [2023-03-19T14:05:52.718+0000] {dag.py:3444} INFO - Setting next_dagrun for dataset_consumes_1 to None, run_after=None
[2023-03-19T14:05:52.730+0000] {logging_mixin.py:137} INFO - [2023-03-19T14:05:52.730+0000] {dag.py:3444} INFO - Setting next_dagrun for dataset_consumes_1_and_2 to None, run_after=None
[2023-03-19T14:05:52.734+0000] {logging_mixin.py:137} INFO - [2023-03-19T14:05:52.734+0000] {dag.py:3444} INFO - Setting next_dagrun for dataset_consumes_1_never_scheduled to None, run_after=None
[2023-03-19T14:05:52.737+0000] {logging_mixin.py:137} INFO - [2023-03-19T14:05:52.737+0000] {dag.py:3444} INFO - Setting next_dagrun for dataset_consumes_unknown_never_scheduled to None, run_after=None
[2023-03-19T14:05:52.740+0000] {logging_mixin.py:137} INFO - [2023-03-19T14:05:52.740+0000] {dag.py:3444} INFO - Setting next_dagrun for dataset_produces_1 to 2023-03-18T00:00:00+00:00, run_after=2023-03-19T00:00:00+00:00
[2023-03-19T14:05:52.742+0000] {logging_mixin.py:137} INFO - [2023-03-19T14:05:52.742+0000] {dag.py:3444} INFO - Setting next_dagrun for dataset_produces_2 to None, run_after=None
[2023-03-19T14:05:52.799+0000] {processor.py:175} INFO - Processing /home/airflow/.local/lib/python3.7/site-packages/airflow/example_dags/example_datasets.py took 0.245 seconds
[2023-03-19T14:06:23.368+0000] {processor.py:153} INFO - Started process (PID=99) to work on /home/airflow/.local/lib/python3.7/site-packages/airflow/example_dags/example_datasets.py
[2023-03-19T14:06:23.369+0000] {processor.py:743} INFO - Processing file /home/airflow/.local/lib/python3.7/site-packages/airflow/example_dags/example_datasets.py for tasks to queue
[2023-03-19T14:06:23.369+0000] {logging_mixin.py:137} INFO - [2023-03-19T14:06:23.369+0000] {dagbag.py:532} INFO - Filling up the DagBag from /home/airflow/.local/lib/python3.7/site-packages/airflow/example_dags/example_datasets.py
[2023-03-19T14:06:23.380+0000] {processor.py:753} INFO - DAG(s) dict_keys(['dataset_produces_1', 'dataset_consumes_1_and_2', 'dataset_consumes_1', 'dataset_produces_2', 'dataset_consumes_unknown_never_scheduled', 'dataset_consumes_1_never_scheduled']) retrieved from /home/airflow/.local/lib/python3.7/site-packages/airflow/example_dags/example_datasets.py
[2023-03-19T14:06:23.430+0000] {logging_mixin.py:137} INFO - [2023-03-19T14:06:23.430+0000] {dag.py:2693} INFO - Sync 6 DAGs
[2023-03-19T14:06:23.446+0000] {logging_mixin.py:137} INFO - [2023-03-19T14:06:23.446+0000] {dag.py:3444} INFO - Setting next_dagrun for dataset_consumes_1 to None, run_after=None
[2023-03-19T14:06:23.448+0000] {logging_mixin.py:137} INFO - [2023-03-19T14:06:23.448+0000] {dag.py:3444} INFO - Setting next_dagrun for dataset_consumes_1_and_2 to None, run_after=None
[2023-03-19T14:06:23.449+0000] {logging_mixin.py:137} INFO - [2023-03-19T14:06:23.449+0000] {dag.py:3444} INFO - Setting next_dagrun for dataset_consumes_1_never_scheduled to None, run_after=None
[2023-03-19T14:06:23.451+0000] {logging_mixin.py:137} INFO - [2023-03-19T14:06:23.451+0000] {dag.py:3444} INFO - Setting next_dagrun for dataset_consumes_unknown_never_scheduled to None, run_after=None
[2023-03-19T14:06:23.453+0000] {logging_mixin.py:137} INFO - [2023-03-19T14:06:23.453+0000] {dag.py:3444} INFO - Setting next_dagrun for dataset_produces_1 to 2023-03-18T00:00:00+00:00, run_after=2023-03-19T00:00:00+00:00
[2023-03-19T14:06:23.454+0000] {logging_mixin.py:137} INFO - [2023-03-19T14:06:23.454+0000] {dag.py:3444} INFO - Setting next_dagrun for dataset_produces_2 to None, run_after=None
[2023-03-19T14:06:23.478+0000] {processor.py:175} INFO - Processing /home/airflow/.local/lib/python3.7/site-packages/airflow/example_dags/example_datasets.py took 0.112 seconds
[2023-03-19T14:06:53.678+0000] {processor.py:153} INFO - Started process (PID=148) to work on /home/airflow/.local/lib/python3.7/site-packages/airflow/example_dags/example_datasets.py
[2023-03-19T14:06:53.679+0000] {processor.py:743} INFO - Processing file /home/airflow/.local/lib/python3.7/site-packages/airflow/example_dags/example_datasets.py for tasks to queue
[2023-03-19T14:06:53.679+0000] {logging_mixin.py:137} INFO - [2023-03-19T14:06:53.679+0000] {dagbag.py:532} INFO - Filling up the DagBag from /home/airflow/.local/lib/python3.7/site-packages/airflow/example_dags/example_datasets.py
[2023-03-19T14:06:53.689+0000] {processor.py:753} INFO - DAG(s) dict_keys(['dataset_consumes_1_and_2', 'dataset_consumes_1', 'dataset_produces_2', 'dataset_consumes_unknown_never_scheduled', 'dataset_consumes_1_never_scheduled', 'dataset_produces_1']) retrieved from /home/airflow/.local/lib/python3.7/site-packages/airflow/example_dags/example_datasets.py
[2023-03-19T14:06:53.712+0000] {logging_mixin.py:137} INFO - [2023-03-19T14:06:53.712+0000] {dag.py:2693} INFO - Sync 6 DAGs
[2023-03-19T14:06:53.727+0000] {logging_mixin.py:137} INFO - [2023-03-19T14:06:53.727+0000] {dag.py:3444} INFO - Setting next_dagrun for dataset_consumes_1 to None, run_after=None
[2023-03-19T14:06:53.731+0000] {logging_mixin.py:137} INFO - [2023-03-19T14:06:53.731+0000] {dag.py:3444} INFO - Setting next_dagrun for dataset_consumes_1_and_2 to None, run_after=None
[2023-03-19T14:06:53.732+0000] {logging_mixin.py:137} INFO - [2023-03-19T14:06:53.732+0000] {dag.py:3444} INFO - Setting next_dagrun for dataset_consumes_1_never_scheduled to None, run_after=None
[2023-03-19T14:06:53.733+0000] {logging_mixin.py:137} INFO - [2023-03-19T14:06:53.733+0000] {dag.py:3444} INFO - Setting next_dagrun for dataset_consumes_unknown_never_scheduled to None, run_after=None
[2023-03-19T14:06:53.734+0000] {logging_mixin.py:137} INFO - [2023-03-19T14:06:53.734+0000] {dag.py:3444} INFO - Setting next_dagrun for dataset_produces_1 to 2023-03-18T00:00:00+00:00, run_after=2023-03-19T00:00:00+00:00
[2023-03-19T14:06:53.735+0000] {logging_mixin.py:137} INFO - [2023-03-19T14:06:53.735+0000] {dag.py:3444} INFO - Setting next_dagrun for dataset_produces_2 to None, run_after=None
[2023-03-19T14:06:53.750+0000] {processor.py:175} INFO - Processing /home/airflow/.local/lib/python3.7/site-packages/airflow/example_dags/example_datasets.py took 0.075 seconds
[2023-03-19T14:07:24.028+0000] {processor.py:153} INFO - Started process (PID=197) to work on /home/airflow/.local/lib/python3.7/site-packages/airflow/example_dags/example_datasets.py
[2023-03-19T14:07:24.029+0000] {processor.py:743} INFO - Processing file /home/airflow/.local/lib/python3.7/site-packages/airflow/example_dags/example_datasets.py for tasks to queue
[2023-03-19T14:07:24.032+0000] {logging_mixin.py:137} INFO - [2023-03-19T14:07:24.030+0000] {dagbag.py:532} INFO - Filling up the DagBag from /home/airflow/.local/lib/python3.7/site-packages/airflow/example_dags/example_datasets.py
[2023-03-19T14:07:24.052+0000] {processor.py:753} INFO - DAG(s) dict_keys(['dataset_consumes_1_and_2', 'dataset_consumes_1_never_scheduled', 'dataset_produces_1', 'dataset_consumes_1', 'dataset_produces_2', 'dataset_consumes_unknown_never_scheduled']) retrieved from /home/airflow/.local/lib/python3.7/site-packages/airflow/example_dags/example_datasets.py
[2023-03-19T14:07:24.085+0000] {logging_mixin.py:137} INFO - [2023-03-19T14:07:24.085+0000] {dag.py:2693} INFO - Sync 6 DAGs
[2023-03-19T14:07:24.101+0000] {logging_mixin.py:137} INFO - [2023-03-19T14:07:24.101+0000] {dag.py:3444} INFO - Setting next_dagrun for dataset_consumes_1 to None, run_after=None
[2023-03-19T14:07:24.104+0000] {logging_mixin.py:137} INFO - [2023-03-19T14:07:24.103+0000] {dag.py:3444} INFO - Setting next_dagrun for dataset_consumes_1_and_2 to None, run_after=None
[2023-03-19T14:07:24.104+0000] {logging_mixin.py:137} INFO - [2023-03-19T14:07:24.104+0000] {dag.py:3444} INFO - Setting next_dagrun for dataset_consumes_1_never_scheduled to None, run_after=None
[2023-03-19T14:07:24.105+0000] {logging_mixin.py:137} INFO - [2023-03-19T14:07:24.105+0000] {dag.py:3444} INFO - Setting next_dagrun for dataset_consumes_unknown_never_scheduled to None, run_after=None
[2023-03-19T14:07:24.107+0000] {logging_mixin.py:137} INFO - [2023-03-19T14:07:24.107+0000] {dag.py:3444} INFO - Setting next_dagrun for dataset_produces_1 to 2023-03-18T00:00:00+00:00, run_after=2023-03-19T00:00:00+00:00
[2023-03-19T14:07:24.108+0000] {logging_mixin.py:137} INFO - [2023-03-19T14:07:24.108+0000] {dag.py:3444} INFO - Setting next_dagrun for dataset_produces_2 to None, run_after=None
[2023-03-19T14:07:24.126+0000] {processor.py:175} INFO - Processing /home/airflow/.local/lib/python3.7/site-packages/airflow/example_dags/example_datasets.py took 0.103 seconds
[2023-03-19T14:07:54.511+0000] {processor.py:153} INFO - Started process (PID=246) to work on /home/airflow/.local/lib/python3.7/site-packages/airflow/example_dags/example_datasets.py
[2023-03-19T14:07:54.512+0000] {processor.py:743} INFO - Processing file /home/airflow/.local/lib/python3.7/site-packages/airflow/example_dags/example_datasets.py for tasks to queue
[2023-03-19T14:07:54.513+0000] {logging_mixin.py:137} INFO - [2023-03-19T14:07:54.513+0000] {dagbag.py:532} INFO - Filling up the DagBag from /home/airflow/.local/lib/python3.7/site-packages/airflow/example_dags/example_datasets.py
[2023-03-19T14:07:54.523+0000] {processor.py:753} INFO - DAG(s) dict_keys(['dataset_produces_2', 'dataset_consumes_1_never_scheduled', 'dataset_produces_1', 'dataset_consumes_1_and_2', 'dataset_consumes_unknown_never_scheduled', 'dataset_consumes_1']) retrieved from /home/airflow/.local/lib/python3.7/site-packages/airflow/example_dags/example_datasets.py
[2023-03-19T14:07:54.547+0000] {logging_mixin.py:137} INFO - [2023-03-19T14:07:54.547+0000] {dag.py:2693} INFO - Sync 6 DAGs
[2023-03-19T14:07:54.563+0000] {logging_mixin.py:137} INFO - [2023-03-19T14:07:54.563+0000] {dag.py:3444} INFO - Setting next_dagrun for dataset_consumes_1 to None, run_after=None
[2023-03-19T14:07:54.565+0000] {logging_mixin.py:137} INFO - [2023-03-19T14:07:54.565+0000] {dag.py:3444} INFO - Setting next_dagrun for dataset_consumes_1_and_2 to None, run_after=None
[2023-03-19T14:07:54.566+0000] {logging_mixin.py:137} INFO - [2023-03-19T14:07:54.566+0000] {dag.py:3444} INFO - Setting next_dagrun for dataset_consumes_1_never_scheduled to None, run_after=None
[2023-03-19T14:07:54.567+0000] {logging_mixin.py:137} INFO - [2023-03-19T14:07:54.567+0000] {dag.py:3444} INFO - Setting next_dagrun for dataset_consumes_unknown_never_scheduled to None, run_after=None
[2023-03-19T14:07:54.568+0000] {logging_mixin.py:137} INFO - [2023-03-19T14:07:54.568+0000] {dag.py:3444} INFO - Setting next_dagrun for dataset_produces_1 to 2023-03-18T00:00:00+00:00, run_after=2023-03-19T00:00:00+00:00
[2023-03-19T14:07:54.569+0000] {logging_mixin.py:137} INFO - [2023-03-19T14:07:54.569+0000] {dag.py:3444} INFO - Setting next_dagrun for dataset_produces_2 to None, run_after=None
[2023-03-19T14:07:54.586+0000] {processor.py:175} INFO - Processing /home/airflow/.local/lib/python3.7/site-packages/airflow/example_dags/example_datasets.py took 0.077 seconds
[2023-03-19T14:08:25.306+0000] {processor.py:153} INFO - Started process (PID=296) to work on /home/airflow/.local/lib/python3.7/site-packages/airflow/example_dags/example_datasets.py
[2023-03-19T14:08:25.307+0000] {processor.py:743} INFO - Processing file /home/airflow/.local/lib/python3.7/site-packages/airflow/example_dags/example_datasets.py for tasks to queue
[2023-03-19T14:08:25.307+0000] {logging_mixin.py:137} INFO - [2023-03-19T14:08:25.307+0000] {dagbag.py:532} INFO - Filling up the DagBag from /home/airflow/.local/lib/python3.7/site-packages/airflow/example_dags/example_datasets.py
[2023-03-19T14:08:25.318+0000] {processor.py:753} INFO - DAG(s) dict_keys(['dataset_consumes_1_and_2', 'dataset_consumes_1_never_scheduled', 'dataset_consumes_unknown_never_scheduled', 'dataset_produces_2', 'dataset_consumes_1', 'dataset_produces_1']) retrieved from /home/airflow/.local/lib/python3.7/site-packages/airflow/example_dags/example_datasets.py
[2023-03-19T14:08:25.343+0000] {logging_mixin.py:137} INFO - [2023-03-19T14:08:25.343+0000] {dag.py:2693} INFO - Sync 6 DAGs
[2023-03-19T14:08:25.358+0000] {logging_mixin.py:137} INFO - [2023-03-19T14:08:25.358+0000] {dag.py:3444} INFO - Setting next_dagrun for dataset_consumes_1 to None, run_after=None
[2023-03-19T14:08:25.361+0000] {logging_mixin.py:137} INFO - [2023-03-19T14:08:25.361+0000] {dag.py:3444} INFO - Setting next_dagrun for dataset_consumes_1_and_2 to None, run_after=None
[2023-03-19T14:08:25.362+0000] {logging_mixin.py:137} INFO - [2023-03-19T14:08:25.361+0000] {dag.py:3444} INFO - Setting next_dagrun for dataset_consumes_1_never_scheduled to None, run_after=None
[2023-03-19T14:08:25.362+0000] {logging_mixin.py:137} INFO - [2023-03-19T14:08:25.362+0000] {dag.py:3444} INFO - Setting next_dagrun for dataset_consumes_unknown_never_scheduled to None, run_after=None
[2023-03-19T14:08:25.364+0000] {logging_mixin.py:137} INFO - [2023-03-19T14:08:25.364+0000] {dag.py:3444} INFO - Setting next_dagrun for dataset_produces_1 to 2023-03-18T00:00:00+00:00, run_after=2023-03-19T00:00:00+00:00
[2023-03-19T14:08:25.365+0000] {logging_mixin.py:137} INFO - [2023-03-19T14:08:25.365+0000] {dag.py:3444} INFO - Setting next_dagrun for dataset_produces_2 to None, run_after=None
[2023-03-19T14:08:25.381+0000] {processor.py:175} INFO - Processing /home/airflow/.local/lib/python3.7/site-packages/airflow/example_dags/example_datasets.py took 0.078 seconds
[2023-03-19T14:09:09.914+0000] {processor.py:153} INFO - Started process (PID=49) to work on /home/airflow/.local/lib/python3.7/site-packages/airflow/example_dags/example_datasets.py
[2023-03-19T14:09:09.917+0000] {processor.py:743} INFO - Processing file /home/airflow/.local/lib/python3.7/site-packages/airflow/example_dags/example_datasets.py for tasks to queue
[2023-03-19T14:09:09.919+0000] {logging_mixin.py:137} INFO - [2023-03-19T14:09:09.919+0000] {dagbag.py:532} INFO - Filling up the DagBag from /home/airflow/.local/lib/python3.7/site-packages/airflow/example_dags/example_datasets.py
[2023-03-19T14:09:09.954+0000] {processor.py:753} INFO - DAG(s) dict_keys(['dataset_produces_1', 'dataset_consumes_1', 'dataset_produces_2', 'dataset_consumes_1_never_scheduled', 'dataset_consumes_unknown_never_scheduled', 'dataset_consumes_1_and_2']) retrieved from /home/airflow/.local/lib/python3.7/site-packages/airflow/example_dags/example_datasets.py
[2023-03-19T14:09:10.020+0000] {logging_mixin.py:137} INFO - [2023-03-19T14:09:10.020+0000] {dag.py:2693} INFO - Sync 6 DAGs
[2023-03-19T14:09:10.110+0000] {logging_mixin.py:137} INFO - [2023-03-19T14:09:10.110+0000] {dag.py:3444} INFO - Setting next_dagrun for dataset_consumes_1 to None, run_after=None
[2023-03-19T14:09:10.117+0000] {logging_mixin.py:137} INFO - [2023-03-19T14:09:10.117+0000] {dag.py:3444} INFO - Setting next_dagrun for dataset_consumes_1_and_2 to None, run_after=None
[2023-03-19T14:09:10.118+0000] {logging_mixin.py:137} INFO - [2023-03-19T14:09:10.118+0000] {dag.py:3444} INFO - Setting next_dagrun for dataset_consumes_1_never_scheduled to None, run_after=None
[2023-03-19T14:09:10.120+0000] {logging_mixin.py:137} INFO - [2023-03-19T14:09:10.120+0000] {dag.py:3444} INFO - Setting next_dagrun for dataset_consumes_unknown_never_scheduled to None, run_after=None
[2023-03-19T14:09:10.123+0000] {logging_mixin.py:137} INFO - [2023-03-19T14:09:10.123+0000] {dag.py:3444} INFO - Setting next_dagrun for dataset_produces_1 to 2023-03-18T00:00:00+00:00, run_after=2023-03-19T00:00:00+00:00
[2023-03-19T14:09:10.125+0000] {logging_mixin.py:137} INFO - [2023-03-19T14:09:10.125+0000] {dag.py:3444} INFO - Setting next_dagrun for dataset_produces_2 to None, run_after=None
[2023-03-19T14:09:10.159+0000] {processor.py:175} INFO - Processing /home/airflow/.local/lib/python3.7/site-packages/airflow/example_dags/example_datasets.py took 0.274 seconds
[2023-03-19T14:09:40.408+0000] {processor.py:153} INFO - Started process (PID=98) to work on /home/airflow/.local/lib/python3.7/site-packages/airflow/example_dags/example_datasets.py
[2023-03-19T14:09:40.410+0000] {processor.py:743} INFO - Processing file /home/airflow/.local/lib/python3.7/site-packages/airflow/example_dags/example_datasets.py for tasks to queue
[2023-03-19T14:09:40.411+0000] {logging_mixin.py:137} INFO - [2023-03-19T14:09:40.411+0000] {dagbag.py:532} INFO - Filling up the DagBag from /home/airflow/.local/lib/python3.7/site-packages/airflow/example_dags/example_datasets.py
[2023-03-19T14:09:40.421+0000] {processor.py:753} INFO - DAG(s) dict_keys(['dataset_produces_2', 'dataset_consumes_unknown_never_scheduled', 'dataset_consumes_1', 'dataset_consumes_1_and_2', 'dataset_consumes_1_never_scheduled', 'dataset_produces_1']) retrieved from /home/airflow/.local/lib/python3.7/site-packages/airflow/example_dags/example_datasets.py
[2023-03-19T14:09:40.473+0000] {logging_mixin.py:137} INFO - [2023-03-19T14:09:40.473+0000] {dag.py:2693} INFO - Sync 6 DAGs
[2023-03-19T14:09:40.488+0000] {logging_mixin.py:137} INFO - [2023-03-19T14:09:40.488+0000] {dag.py:3444} INFO - Setting next_dagrun for dataset_consumes_1 to None, run_after=None
[2023-03-19T14:09:40.490+0000] {logging_mixin.py:137} INFO - [2023-03-19T14:09:40.490+0000] {dag.py:3444} INFO - Setting next_dagrun for dataset_consumes_1_and_2 to None, run_after=None
[2023-03-19T14:09:40.492+0000] {logging_mixin.py:137} INFO - [2023-03-19T14:09:40.492+0000] {dag.py:3444} INFO - Setting next_dagrun for dataset_consumes_1_never_scheduled to None, run_after=None
[2023-03-19T14:09:40.493+0000] {logging_mixin.py:137} INFO - [2023-03-19T14:09:40.493+0000] {dag.py:3444} INFO - Setting next_dagrun for dataset_consumes_unknown_never_scheduled to None, run_after=None
[2023-03-19T14:09:40.495+0000] {logging_mixin.py:137} INFO - [2023-03-19T14:09:40.495+0000] {dag.py:3444} INFO - Setting next_dagrun for dataset_produces_1 to 2023-03-18T00:00:00+00:00, run_after=2023-03-19T00:00:00+00:00
[2023-03-19T14:09:40.496+0000] {logging_mixin.py:137} INFO - [2023-03-19T14:09:40.496+0000] {dag.py:3444} INFO - Setting next_dagrun for dataset_produces_2 to None, run_after=None
[2023-03-19T14:09:40.518+0000] {processor.py:175} INFO - Processing /home/airflow/.local/lib/python3.7/site-packages/airflow/example_dags/example_datasets.py took 0.112 seconds
[2023-03-19T14:10:11.073+0000] {processor.py:153} INFO - Started process (PID=146) to work on /home/airflow/.local/lib/python3.7/site-packages/airflow/example_dags/example_datasets.py
[2023-03-19T14:10:11.074+0000] {processor.py:743} INFO - Processing file /home/airflow/.local/lib/python3.7/site-packages/airflow/example_dags/example_datasets.py for tasks to queue
[2023-03-19T14:10:11.075+0000] {logging_mixin.py:137} INFO - [2023-03-19T14:10:11.075+0000] {dagbag.py:532} INFO - Filling up the DagBag from /home/airflow/.local/lib/python3.7/site-packages/airflow/example_dags/example_datasets.py
[2023-03-19T14:10:11.085+0000] {processor.py:753} INFO - DAG(s) dict_keys(['dataset_consumes_1_never_scheduled', 'dataset_consumes_unknown_never_scheduled', 'dataset_consumes_1_and_2', 'dataset_produces_1', 'dataset_produces_2', 'dataset_consumes_1']) retrieved from /home/airflow/.local/lib/python3.7/site-packages/airflow/example_dags/example_datasets.py
[2023-03-19T14:10:11.110+0000] {logging_mixin.py:137} INFO - [2023-03-19T14:10:11.110+0000] {dag.py:2693} INFO - Sync 6 DAGs
[2023-03-19T14:10:11.125+0000] {logging_mixin.py:137} INFO - [2023-03-19T14:10:11.125+0000] {dag.py:3444} INFO - Setting next_dagrun for dataset_consumes_1 to None, run_after=None
[2023-03-19T14:10:11.127+0000] {logging_mixin.py:137} INFO - [2023-03-19T14:10:11.127+0000] {dag.py:3444} INFO - Setting next_dagrun for dataset_consumes_1_and_2 to None, run_after=None
[2023-03-19T14:10:11.128+0000] {logging_mixin.py:137} INFO - [2023-03-19T14:10:11.128+0000] {dag.py:3444} INFO - Setting next_dagrun for dataset_consumes_1_never_scheduled to None, run_after=None
[2023-03-19T14:10:11.129+0000] {logging_mixin.py:137} INFO - [2023-03-19T14:10:11.129+0000] {dag.py:3444} INFO - Setting next_dagrun for dataset_consumes_unknown_never_scheduled to None, run_after=None
[2023-03-19T14:10:11.131+0000] {logging_mixin.py:137} INFO - [2023-03-19T14:10:11.131+0000] {dag.py:3444} INFO - Setting next_dagrun for dataset_produces_1 to 2023-03-18T00:00:00+00:00, run_after=2023-03-19T00:00:00+00:00
[2023-03-19T14:10:11.132+0000] {logging_mixin.py:137} INFO - [2023-03-19T14:10:11.132+0000] {dag.py:3444} INFO - Setting next_dagrun for dataset_produces_2 to None, run_after=None
[2023-03-19T14:10:11.150+0000] {processor.py:175} INFO - Processing /home/airflow/.local/lib/python3.7/site-packages/airflow/example_dags/example_datasets.py took 0.079 seconds
[2023-03-19T14:10:42.093+0000] {processor.py:153} INFO - Started process (PID=195) to work on /home/airflow/.local/lib/python3.7/site-packages/airflow/example_dags/example_datasets.py
[2023-03-19T14:10:42.095+0000] {processor.py:743} INFO - Processing file /home/airflow/.local/lib/python3.7/site-packages/airflow/example_dags/example_datasets.py for tasks to queue
[2023-03-19T14:10:42.095+0000] {logging_mixin.py:137} INFO - [2023-03-19T14:10:42.095+0000] {dagbag.py:532} INFO - Filling up the DagBag from /home/airflow/.local/lib/python3.7/site-packages/airflow/example_dags/example_datasets.py
[2023-03-19T14:10:42.106+0000] {processor.py:753} INFO - DAG(s) dict_keys(['dataset_produces_1', 'dataset_produces_2', 'dataset_consumes_1_and_2', 'dataset_consumes_1', 'dataset_consumes_unknown_never_scheduled', 'dataset_consumes_1_never_scheduled']) retrieved from /home/airflow/.local/lib/python3.7/site-packages/airflow/example_dags/example_datasets.py
[2023-03-19T14:10:42.130+0000] {logging_mixin.py:137} INFO - [2023-03-19T14:10:42.130+0000] {dag.py:2693} INFO - Sync 6 DAGs
[2023-03-19T14:10:42.145+0000] {logging_mixin.py:137} INFO - [2023-03-19T14:10:42.145+0000] {dag.py:3444} INFO - Setting next_dagrun for dataset_consumes_1 to None, run_after=None
[2023-03-19T14:10:42.148+0000] {logging_mixin.py:137} INFO - [2023-03-19T14:10:42.148+0000] {dag.py:3444} INFO - Setting next_dagrun for dataset_consumes_1_and_2 to None, run_after=None
[2023-03-19T14:10:42.148+0000] {logging_mixin.py:137} INFO - [2023-03-19T14:10:42.148+0000] {dag.py:3444} INFO - Setting next_dagrun for dataset_consumes_1_never_scheduled to None, run_after=None
[2023-03-19T14:10:42.149+0000] {logging_mixin.py:137} INFO - [2023-03-19T14:10:42.149+0000] {dag.py:3444} INFO - Setting next_dagrun for dataset_consumes_unknown_never_scheduled to None, run_after=None
[2023-03-19T14:10:42.151+0000] {logging_mixin.py:137} INFO - [2023-03-19T14:10:42.151+0000] {dag.py:3444} INFO - Setting next_dagrun for dataset_produces_1 to 2023-03-18T00:00:00+00:00, run_after=2023-03-19T00:00:00+00:00
[2023-03-19T14:10:42.152+0000] {logging_mixin.py:137} INFO - [2023-03-19T14:10:42.152+0000] {dag.py:3444} INFO - Setting next_dagrun for dataset_produces_2 to None, run_after=None
[2023-03-19T14:10:42.169+0000] {processor.py:175} INFO - Processing /home/airflow/.local/lib/python3.7/site-packages/airflow/example_dags/example_datasets.py took 0.078 seconds
[2023-03-19T14:11:12.551+0000] {processor.py:153} INFO - Started process (PID=244) to work on /home/airflow/.local/lib/python3.7/site-packages/airflow/example_dags/example_datasets.py
[2023-03-19T14:11:12.552+0000] {processor.py:743} INFO - Processing file /home/airflow/.local/lib/python3.7/site-packages/airflow/example_dags/example_datasets.py for tasks to queue
[2023-03-19T14:11:12.553+0000] {logging_mixin.py:137} INFO - [2023-03-19T14:11:12.552+0000] {dagbag.py:532} INFO - Filling up the DagBag from /home/airflow/.local/lib/python3.7/site-packages/airflow/example_dags/example_datasets.py
[2023-03-19T14:11:12.564+0000] {processor.py:753} INFO - DAG(s) dict_keys(['dataset_consumes_1_and_2', 'dataset_consumes_unknown_never_scheduled', 'dataset_produces_1', 'dataset_consumes_1', 'dataset_produces_2', 'dataset_consumes_1_never_scheduled']) retrieved from /home/airflow/.local/lib/python3.7/site-packages/airflow/example_dags/example_datasets.py
[2023-03-19T14:11:12.588+0000] {logging_mixin.py:137} INFO - [2023-03-19T14:11:12.587+0000] {dag.py:2693} INFO - Sync 6 DAGs
[2023-03-19T14:11:12.605+0000] {logging_mixin.py:137} INFO - [2023-03-19T14:11:12.605+0000] {dag.py:3444} INFO - Setting next_dagrun for dataset_consumes_1 to None, run_after=None
[2023-03-19T14:11:12.608+0000] {logging_mixin.py:137} INFO - [2023-03-19T14:11:12.608+0000] {dag.py:3444} INFO - Setting next_dagrun for dataset_consumes_1_and_2 to None, run_after=None
[2023-03-19T14:11:12.608+0000] {logging_mixin.py:137} INFO - [2023-03-19T14:11:12.608+0000] {dag.py:3444} INFO - Setting next_dagrun for dataset_consumes_1_never_scheduled to None, run_after=None
[2023-03-19T14:11:12.609+0000] {logging_mixin.py:137} INFO - [2023-03-19T14:11:12.609+0000] {dag.py:3444} INFO - Setting next_dagrun for dataset_consumes_unknown_never_scheduled to None, run_after=None
[2023-03-19T14:11:12.611+0000] {logging_mixin.py:137} INFO - [2023-03-19T14:11:12.611+0000] {dag.py:3444} INFO - Setting next_dagrun for dataset_produces_1 to 2023-03-18T00:00:00+00:00, run_after=2023-03-19T00:00:00+00:00
[2023-03-19T14:11:12.611+0000] {logging_mixin.py:137} INFO - [2023-03-19T14:11:12.611+0000] {dag.py:3444} INFO - Setting next_dagrun for dataset_produces_2 to None, run_after=None
[2023-03-19T14:11:12.627+0000] {processor.py:175} INFO - Processing /home/airflow/.local/lib/python3.7/site-packages/airflow/example_dags/example_datasets.py took 0.078 seconds
[2023-03-19T14:11:42.961+0000] {processor.py:153} INFO - Started process (PID=293) to work on /home/airflow/.local/lib/python3.7/site-packages/airflow/example_dags/example_datasets.py
[2023-03-19T14:11:42.962+0000] {processor.py:743} INFO - Processing file /home/airflow/.local/lib/python3.7/site-packages/airflow/example_dags/example_datasets.py for tasks to queue
[2023-03-19T14:11:42.963+0000] {logging_mixin.py:137} INFO - [2023-03-19T14:11:42.963+0000] {dagbag.py:532} INFO - Filling up the DagBag from /home/airflow/.local/lib/python3.7/site-packages/airflow/example_dags/example_datasets.py
[2023-03-19T14:11:42.974+0000] {processor.py:753} INFO - DAG(s) dict_keys(['dataset_produces_2', 'dataset_consumes_1', 'dataset_consumes_unknown_never_scheduled', 'dataset_produces_1', 'dataset_consumes_1_and_2', 'dataset_consumes_1_never_scheduled']) retrieved from /home/airflow/.local/lib/python3.7/site-packages/airflow/example_dags/example_datasets.py
[2023-03-19T14:11:42.999+0000] {logging_mixin.py:137} INFO - [2023-03-19T14:11:42.999+0000] {dag.py:2693} INFO - Sync 6 DAGs
[2023-03-19T14:11:43.013+0000] {logging_mixin.py:137} INFO - [2023-03-19T14:11:43.013+0000] {dag.py:3444} INFO - Setting next_dagrun for dataset_consumes_1 to None, run_after=None
[2023-03-19T14:11:43.015+0000] {logging_mixin.py:137} INFO - [2023-03-19T14:11:43.015+0000] {dag.py:3444} INFO - Setting next_dagrun for dataset_consumes_1_and_2 to None, run_after=None
[2023-03-19T14:11:43.016+0000] {logging_mixin.py:137} INFO - [2023-03-19T14:11:43.016+0000] {dag.py:3444} INFO - Setting next_dagrun for dataset_consumes_1_never_scheduled to None, run_after=None
[2023-03-19T14:11:43.017+0000] {logging_mixin.py:137} INFO - [2023-03-19T14:11:43.017+0000] {dag.py:3444} INFO - Setting next_dagrun for dataset_consumes_unknown_never_scheduled to None, run_after=None
[2023-03-19T14:11:43.019+0000] {logging_mixin.py:137} INFO - [2023-03-19T14:11:43.019+0000] {dag.py:3444} INFO - Setting next_dagrun for dataset_produces_1 to 2023-03-18T00:00:00+00:00, run_after=2023-03-19T00:00:00+00:00
[2023-03-19T14:11:43.020+0000] {logging_mixin.py:137} INFO - [2023-03-19T14:11:43.020+0000] {dag.py:3444} INFO - Setting next_dagrun for dataset_produces_2 to None, run_after=None
[2023-03-19T14:11:43.036+0000] {processor.py:175} INFO - Processing /home/airflow/.local/lib/python3.7/site-packages/airflow/example_dags/example_datasets.py took 0.077 seconds
[2023-03-19T14:12:13.595+0000] {processor.py:153} INFO - Started process (PID=342) to work on /home/airflow/.local/lib/python3.7/site-packages/airflow/example_dags/example_datasets.py
[2023-03-19T14:12:13.597+0000] {processor.py:743} INFO - Processing file /home/airflow/.local/lib/python3.7/site-packages/airflow/example_dags/example_datasets.py for tasks to queue
[2023-03-19T14:12:13.599+0000] {logging_mixin.py:137} INFO - [2023-03-19T14:12:13.599+0000] {dagbag.py:532} INFO - Filling up the DagBag from /home/airflow/.local/lib/python3.7/site-packages/airflow/example_dags/example_datasets.py
[2023-03-19T14:12:13.616+0000] {processor.py:753} INFO - DAG(s) dict_keys(['dataset_consumes_1', 'dataset_consumes_1_and_2', 'dataset_produces_1', 'dataset_produces_2', 'dataset_consumes_1_never_scheduled', 'dataset_consumes_unknown_never_scheduled']) retrieved from /home/airflow/.local/lib/python3.7/site-packages/airflow/example_dags/example_datasets.py
[2023-03-19T14:12:13.669+0000] {logging_mixin.py:137} INFO - [2023-03-19T14:12:13.669+0000] {dag.py:2693} INFO - Sync 6 DAGs
[2023-03-19T14:12:13.723+0000] {logging_mixin.py:137} INFO - [2023-03-19T14:12:13.723+0000] {dag.py:3444} INFO - Setting next_dagrun for dataset_consumes_1 to None, run_after=None
[2023-03-19T14:12:13.727+0000] {logging_mixin.py:137} INFO - [2023-03-19T14:12:13.726+0000] {dag.py:3444} INFO - Setting next_dagrun for dataset_consumes_1_and_2 to None, run_after=None
[2023-03-19T14:12:13.728+0000] {logging_mixin.py:137} INFO - [2023-03-19T14:12:13.728+0000] {dag.py:3444} INFO - Setting next_dagrun for dataset_consumes_1_never_scheduled to None, run_after=None
[2023-03-19T14:12:13.730+0000] {logging_mixin.py:137} INFO - [2023-03-19T14:12:13.730+0000] {dag.py:3444} INFO - Setting next_dagrun for dataset_consumes_unknown_never_scheduled to None, run_after=None
[2023-03-19T14:12:13.732+0000] {logging_mixin.py:137} INFO - [2023-03-19T14:12:13.732+0000] {dag.py:3444} INFO - Setting next_dagrun for dataset_produces_1 to 2023-03-18T00:00:00+00:00, run_after=2023-03-19T00:00:00+00:00
[2023-03-19T14:12:13.733+0000] {logging_mixin.py:137} INFO - [2023-03-19T14:12:13.733+0000] {dag.py:3444} INFO - Setting next_dagrun for dataset_produces_2 to None, run_after=None
[2023-03-19T14:12:13.762+0000] {processor.py:175} INFO - Processing /home/airflow/.local/lib/python3.7/site-packages/airflow/example_dags/example_datasets.py took 0.173 seconds
