[2023-03-19T13:33:00.415+0000] {processor.py:153} INFO - Started process (PID=57) to work on /home/airflow/.local/lib/python3.7/site-packages/airflow/example_dags/example_xcomargs.py
[2023-03-19T13:33:00.417+0000] {processor.py:743} INFO - Processing file /home/airflow/.local/lib/python3.7/site-packages/airflow/example_dags/example_xcomargs.py for tasks to queue
[2023-03-19T13:33:00.417+0000] {logging_mixin.py:137} INFO - [2023-03-19T13:33:00.417+0000] {dagbag.py:532} INFO - Filling up the DagBag from /home/airflow/.local/lib/python3.7/site-packages/airflow/example_dags/example_xcomargs.py
[2023-03-19T13:33:00.450+0000] {processor.py:753} INFO - DAG(s) dict_keys(['example_xcom_args_with_operators', 'example_xcom_args']) retrieved from /home/airflow/.local/lib/python3.7/site-packages/airflow/example_dags/example_xcomargs.py
[2023-03-19T13:33:00.473+0000] {logging_mixin.py:137} INFO - [2023-03-19T13:33:00.473+0000] {dag.py:2693} INFO - Sync 2 DAGs
[2023-03-19T13:33:00.501+0000] {logging_mixin.py:137} INFO - [2023-03-19T13:33:00.501+0000] {dag.py:3444} INFO - Setting next_dagrun for example_xcom_args to None, run_after=None
[2023-03-19T13:33:00.505+0000] {logging_mixin.py:137} INFO - [2023-03-19T13:33:00.505+0000] {dag.py:3444} INFO - Setting next_dagrun for example_xcom_args_with_operators to None, run_after=None
[2023-03-19T13:33:00.517+0000] {processor.py:175} INFO - Processing /home/airflow/.local/lib/python3.7/site-packages/airflow/example_dags/example_xcomargs.py took 0.104 seconds
[2023-03-19T13:33:31.501+0000] {processor.py:153} INFO - Started process (PID=106) to work on /home/airflow/.local/lib/python3.7/site-packages/airflow/example_dags/example_xcomargs.py
[2023-03-19T13:33:31.502+0000] {processor.py:743} INFO - Processing file /home/airflow/.local/lib/python3.7/site-packages/airflow/example_dags/example_xcomargs.py for tasks to queue
[2023-03-19T13:33:31.503+0000] {logging_mixin.py:137} INFO - [2023-03-19T13:33:31.503+0000] {dagbag.py:532} INFO - Filling up the DagBag from /home/airflow/.local/lib/python3.7/site-packages/airflow/example_dags/example_xcomargs.py
[2023-03-19T13:33:31.526+0000] {processor.py:753} INFO - DAG(s) dict_keys(['example_xcom_args', 'example_xcom_args_with_operators']) retrieved from /home/airflow/.local/lib/python3.7/site-packages/airflow/example_dags/example_xcomargs.py
[2023-03-19T13:33:31.551+0000] {logging_mixin.py:137} INFO - [2023-03-19T13:33:31.550+0000] {dag.py:2693} INFO - Sync 2 DAGs
[2023-03-19T13:33:31.565+0000] {logging_mixin.py:137} INFO - [2023-03-19T13:33:31.565+0000] {dag.py:3444} INFO - Setting next_dagrun for example_xcom_args to None, run_after=None
[2023-03-19T13:33:31.568+0000] {logging_mixin.py:137} INFO - [2023-03-19T13:33:31.567+0000] {dag.py:3444} INFO - Setting next_dagrun for example_xcom_args_with_operators to None, run_after=None
[2023-03-19T13:33:31.577+0000] {processor.py:175} INFO - Processing /home/airflow/.local/lib/python3.7/site-packages/airflow/example_dags/example_xcomargs.py took 0.081 seconds
[2023-03-19T13:34:01.725+0000] {processor.py:153} INFO - Started process (PID=156) to work on /home/airflow/.local/lib/python3.7/site-packages/airflow/example_dags/example_xcomargs.py
[2023-03-19T13:34:01.727+0000] {processor.py:743} INFO - Processing file /home/airflow/.local/lib/python3.7/site-packages/airflow/example_dags/example_xcomargs.py for tasks to queue
[2023-03-19T13:34:01.728+0000] {logging_mixin.py:137} INFO - [2023-03-19T13:34:01.728+0000] {dagbag.py:532} INFO - Filling up the DagBag from /home/airflow/.local/lib/python3.7/site-packages/airflow/example_dags/example_xcomargs.py
[2023-03-19T13:34:01.750+0000] {processor.py:753} INFO - DAG(s) dict_keys(['example_xcom_args', 'example_xcom_args_with_operators']) retrieved from /home/airflow/.local/lib/python3.7/site-packages/airflow/example_dags/example_xcomargs.py
[2023-03-19T13:34:01.770+0000] {logging_mixin.py:137} INFO - [2023-03-19T13:34:01.770+0000] {dag.py:2693} INFO - Sync 2 DAGs
[2023-03-19T13:34:01.783+0000] {logging_mixin.py:137} INFO - [2023-03-19T13:34:01.783+0000] {dag.py:3444} INFO - Setting next_dagrun for example_xcom_args to None, run_after=None
[2023-03-19T13:34:01.786+0000] {logging_mixin.py:137} INFO - [2023-03-19T13:34:01.785+0000] {dag.py:3444} INFO - Setting next_dagrun for example_xcom_args_with_operators to None, run_after=None
[2023-03-19T13:34:01.793+0000] {processor.py:175} INFO - Processing /home/airflow/.local/lib/python3.7/site-packages/airflow/example_dags/example_xcomargs.py took 0.072 seconds
[2023-03-19T13:34:32.029+0000] {processor.py:153} INFO - Started process (PID=205) to work on /home/airflow/.local/lib/python3.7/site-packages/airflow/example_dags/example_xcomargs.py
[2023-03-19T13:34:32.031+0000] {processor.py:743} INFO - Processing file /home/airflow/.local/lib/python3.7/site-packages/airflow/example_dags/example_xcomargs.py for tasks to queue
[2023-03-19T13:34:32.032+0000] {logging_mixin.py:137} INFO - [2023-03-19T13:34:32.031+0000] {dagbag.py:532} INFO - Filling up the DagBag from /home/airflow/.local/lib/python3.7/site-packages/airflow/example_dags/example_xcomargs.py
[2023-03-19T13:34:32.053+0000] {processor.py:753} INFO - DAG(s) dict_keys(['example_xcom_args', 'example_xcom_args_with_operators']) retrieved from /home/airflow/.local/lib/python3.7/site-packages/airflow/example_dags/example_xcomargs.py
[2023-03-19T13:34:32.072+0000] {logging_mixin.py:137} INFO - [2023-03-19T13:34:32.072+0000] {dag.py:2693} INFO - Sync 2 DAGs
[2023-03-19T13:34:32.086+0000] {logging_mixin.py:137} INFO - [2023-03-19T13:34:32.086+0000] {dag.py:3444} INFO - Setting next_dagrun for example_xcom_args to None, run_after=None
[2023-03-19T13:34:32.088+0000] {logging_mixin.py:137} INFO - [2023-03-19T13:34:32.087+0000] {dag.py:3444} INFO - Setting next_dagrun for example_xcom_args_with_operators to None, run_after=None
[2023-03-19T13:34:32.096+0000] {processor.py:175} INFO - Processing /home/airflow/.local/lib/python3.7/site-packages/airflow/example_dags/example_xcomargs.py took 0.071 seconds
[2023-03-19T13:35:02.814+0000] {processor.py:153} INFO - Started process (PID=254) to work on /home/airflow/.local/lib/python3.7/site-packages/airflow/example_dags/example_xcomargs.py
[2023-03-19T13:35:02.816+0000] {processor.py:743} INFO - Processing file /home/airflow/.local/lib/python3.7/site-packages/airflow/example_dags/example_xcomargs.py for tasks to queue
[2023-03-19T13:35:02.817+0000] {logging_mixin.py:137} INFO - [2023-03-19T13:35:02.817+0000] {dagbag.py:532} INFO - Filling up the DagBag from /home/airflow/.local/lib/python3.7/site-packages/airflow/example_dags/example_xcomargs.py
[2023-03-19T13:35:02.841+0000] {processor.py:753} INFO - DAG(s) dict_keys(['example_xcom_args_with_operators', 'example_xcom_args']) retrieved from /home/airflow/.local/lib/python3.7/site-packages/airflow/example_dags/example_xcomargs.py
[2023-03-19T13:35:02.861+0000] {logging_mixin.py:137} INFO - [2023-03-19T13:35:02.861+0000] {dag.py:2693} INFO - Sync 2 DAGs
[2023-03-19T13:35:02.876+0000] {logging_mixin.py:137} INFO - [2023-03-19T13:35:02.876+0000] {dag.py:3444} INFO - Setting next_dagrun for example_xcom_args to None, run_after=None
[2023-03-19T13:35:02.878+0000] {logging_mixin.py:137} INFO - [2023-03-19T13:35:02.878+0000] {dag.py:3444} INFO - Setting next_dagrun for example_xcom_args_with_operators to None, run_after=None
[2023-03-19T13:35:02.886+0000] {processor.py:175} INFO - Processing /home/airflow/.local/lib/python3.7/site-packages/airflow/example_dags/example_xcomargs.py took 0.077 seconds
[2023-03-19T13:35:32.987+0000] {processor.py:153} INFO - Started process (PID=302) to work on /home/airflow/.local/lib/python3.7/site-packages/airflow/example_dags/example_xcomargs.py
[2023-03-19T13:35:32.988+0000] {processor.py:743} INFO - Processing file /home/airflow/.local/lib/python3.7/site-packages/airflow/example_dags/example_xcomargs.py for tasks to queue
[2023-03-19T13:35:32.989+0000] {logging_mixin.py:137} INFO - [2023-03-19T13:35:32.989+0000] {dagbag.py:532} INFO - Filling up the DagBag from /home/airflow/.local/lib/python3.7/site-packages/airflow/example_dags/example_xcomargs.py
[2023-03-19T13:35:33.011+0000] {processor.py:753} INFO - DAG(s) dict_keys(['example_xcom_args_with_operators', 'example_xcom_args']) retrieved from /home/airflow/.local/lib/python3.7/site-packages/airflow/example_dags/example_xcomargs.py
[2023-03-19T13:35:33.032+0000] {logging_mixin.py:137} INFO - [2023-03-19T13:35:33.032+0000] {dag.py:2693} INFO - Sync 2 DAGs
[2023-03-19T13:35:33.046+0000] {logging_mixin.py:137} INFO - [2023-03-19T13:35:33.046+0000] {dag.py:3444} INFO - Setting next_dagrun for example_xcom_args to None, run_after=None
[2023-03-19T13:35:33.047+0000] {logging_mixin.py:137} INFO - [2023-03-19T13:35:33.047+0000] {dag.py:3444} INFO - Setting next_dagrun for example_xcom_args_with_operators to None, run_after=None
[2023-03-19T13:35:33.055+0000] {processor.py:175} INFO - Processing /home/airflow/.local/lib/python3.7/site-packages/airflow/example_dags/example_xcomargs.py took 0.073 seconds
[2023-03-19T14:05:53.433+0000] {processor.py:153} INFO - Started process (PID=57) to work on /home/airflow/.local/lib/python3.7/site-packages/airflow/example_dags/example_xcomargs.py
[2023-03-19T14:05:53.435+0000] {processor.py:743} INFO - Processing file /home/airflow/.local/lib/python3.7/site-packages/airflow/example_dags/example_xcomargs.py for tasks to queue
[2023-03-19T14:05:53.436+0000] {logging_mixin.py:137} INFO - [2023-03-19T14:05:53.436+0000] {dagbag.py:532} INFO - Filling up the DagBag from /home/airflow/.local/lib/python3.7/site-packages/airflow/example_dags/example_xcomargs.py
[2023-03-19T14:05:53.461+0000] {processor.py:753} INFO - DAG(s) dict_keys(['example_xcom_args', 'example_xcom_args_with_operators']) retrieved from /home/airflow/.local/lib/python3.7/site-packages/airflow/example_dags/example_xcomargs.py
[2023-03-19T14:05:53.491+0000] {logging_mixin.py:137} INFO - [2023-03-19T14:05:53.491+0000] {dag.py:2693} INFO - Sync 2 DAGs
[2023-03-19T14:05:53.521+0000] {logging_mixin.py:137} INFO - [2023-03-19T14:05:53.521+0000] {dag.py:3444} INFO - Setting next_dagrun for example_xcom_args to None, run_after=None
[2023-03-19T14:05:53.524+0000] {logging_mixin.py:137} INFO - [2023-03-19T14:05:53.524+0000] {dag.py:3444} INFO - Setting next_dagrun for example_xcom_args_with_operators to None, run_after=None
[2023-03-19T14:05:53.539+0000] {processor.py:175} INFO - Processing /home/airflow/.local/lib/python3.7/site-packages/airflow/example_dags/example_xcomargs.py took 0.111 seconds
[2023-03-19T14:06:23.650+0000] {processor.py:153} INFO - Started process (PID=106) to work on /home/airflow/.local/lib/python3.7/site-packages/airflow/example_dags/example_xcomargs.py
[2023-03-19T14:06:23.651+0000] {processor.py:743} INFO - Processing file /home/airflow/.local/lib/python3.7/site-packages/airflow/example_dags/example_xcomargs.py for tasks to queue
[2023-03-19T14:06:23.651+0000] {logging_mixin.py:137} INFO - [2023-03-19T14:06:23.651+0000] {dagbag.py:532} INFO - Filling up the DagBag from /home/airflow/.local/lib/python3.7/site-packages/airflow/example_dags/example_xcomargs.py
[2023-03-19T14:06:23.666+0000] {processor.py:753} INFO - DAG(s) dict_keys(['example_xcom_args_with_operators', 'example_xcom_args']) retrieved from /home/airflow/.local/lib/python3.7/site-packages/airflow/example_dags/example_xcomargs.py
[2023-03-19T14:06:23.685+0000] {logging_mixin.py:137} INFO - [2023-03-19T14:06:23.685+0000] {dag.py:2693} INFO - Sync 2 DAGs
[2023-03-19T14:06:23.697+0000] {logging_mixin.py:137} INFO - [2023-03-19T14:06:23.697+0000] {dag.py:3444} INFO - Setting next_dagrun for example_xcom_args to None, run_after=None
[2023-03-19T14:06:23.699+0000] {logging_mixin.py:137} INFO - [2023-03-19T14:06:23.699+0000] {dag.py:3444} INFO - Setting next_dagrun for example_xcom_args_with_operators to None, run_after=None
[2023-03-19T14:06:23.708+0000] {processor.py:175} INFO - Processing /home/airflow/.local/lib/python3.7/site-packages/airflow/example_dags/example_xcomargs.py took 0.060 seconds
[2023-03-19T14:06:53.953+0000] {processor.py:153} INFO - Started process (PID=155) to work on /home/airflow/.local/lib/python3.7/site-packages/airflow/example_dags/example_xcomargs.py
[2023-03-19T14:06:53.953+0000] {processor.py:743} INFO - Processing file /home/airflow/.local/lib/python3.7/site-packages/airflow/example_dags/example_xcomargs.py for tasks to queue
[2023-03-19T14:06:53.954+0000] {logging_mixin.py:137} INFO - [2023-03-19T14:06:53.954+0000] {dagbag.py:532} INFO - Filling up the DagBag from /home/airflow/.local/lib/python3.7/site-packages/airflow/example_dags/example_xcomargs.py
[2023-03-19T14:06:53.968+0000] {processor.py:753} INFO - DAG(s) dict_keys(['example_xcom_args_with_operators', 'example_xcom_args']) retrieved from /home/airflow/.local/lib/python3.7/site-packages/airflow/example_dags/example_xcomargs.py
[2023-03-19T14:06:53.987+0000] {logging_mixin.py:137} INFO - [2023-03-19T14:06:53.987+0000] {dag.py:2693} INFO - Sync 2 DAGs
[2023-03-19T14:06:53.999+0000] {logging_mixin.py:137} INFO - [2023-03-19T14:06:53.999+0000] {dag.py:3444} INFO - Setting next_dagrun for example_xcom_args to None, run_after=None
[2023-03-19T14:06:54.001+0000] {logging_mixin.py:137} INFO - [2023-03-19T14:06:54.001+0000] {dag.py:3444} INFO - Setting next_dagrun for example_xcom_args_with_operators to None, run_after=None
[2023-03-19T14:06:54.009+0000] {processor.py:175} INFO - Processing /home/airflow/.local/lib/python3.7/site-packages/airflow/example_dags/example_xcomargs.py took 0.059 seconds
[2023-03-19T14:07:24.384+0000] {processor.py:153} INFO - Started process (PID=204) to work on /home/airflow/.local/lib/python3.7/site-packages/airflow/example_dags/example_xcomargs.py
[2023-03-19T14:07:24.385+0000] {processor.py:743} INFO - Processing file /home/airflow/.local/lib/python3.7/site-packages/airflow/example_dags/example_xcomargs.py for tasks to queue
[2023-03-19T14:07:24.386+0000] {logging_mixin.py:137} INFO - [2023-03-19T14:07:24.386+0000] {dagbag.py:532} INFO - Filling up the DagBag from /home/airflow/.local/lib/python3.7/site-packages/airflow/example_dags/example_xcomargs.py
[2023-03-19T14:07:24.400+0000] {processor.py:753} INFO - DAG(s) dict_keys(['example_xcom_args_with_operators', 'example_xcom_args']) retrieved from /home/airflow/.local/lib/python3.7/site-packages/airflow/example_dags/example_xcomargs.py
[2023-03-19T14:07:24.419+0000] {logging_mixin.py:137} INFO - [2023-03-19T14:07:24.419+0000] {dag.py:2693} INFO - Sync 2 DAGs
[2023-03-19T14:07:24.433+0000] {logging_mixin.py:137} INFO - [2023-03-19T14:07:24.433+0000] {dag.py:3444} INFO - Setting next_dagrun for example_xcom_args to None, run_after=None
[2023-03-19T14:07:24.436+0000] {logging_mixin.py:137} INFO - [2023-03-19T14:07:24.436+0000] {dag.py:3444} INFO - Setting next_dagrun for example_xcom_args_with_operators to None, run_after=None
[2023-03-19T14:07:24.444+0000] {processor.py:175} INFO - Processing /home/airflow/.local/lib/python3.7/site-packages/airflow/example_dags/example_xcomargs.py took 0.063 seconds
[2023-03-19T14:07:54.788+0000] {processor.py:153} INFO - Started process (PID=253) to work on /home/airflow/.local/lib/python3.7/site-packages/airflow/example_dags/example_xcomargs.py
[2023-03-19T14:07:54.789+0000] {processor.py:743} INFO - Processing file /home/airflow/.local/lib/python3.7/site-packages/airflow/example_dags/example_xcomargs.py for tasks to queue
[2023-03-19T14:07:54.789+0000] {logging_mixin.py:137} INFO - [2023-03-19T14:07:54.789+0000] {dagbag.py:532} INFO - Filling up the DagBag from /home/airflow/.local/lib/python3.7/site-packages/airflow/example_dags/example_xcomargs.py
[2023-03-19T14:07:54.803+0000] {processor.py:753} INFO - DAG(s) dict_keys(['example_xcom_args_with_operators', 'example_xcom_args']) retrieved from /home/airflow/.local/lib/python3.7/site-packages/airflow/example_dags/example_xcomargs.py
[2023-03-19T14:07:54.823+0000] {logging_mixin.py:137} INFO - [2023-03-19T14:07:54.823+0000] {dag.py:2693} INFO - Sync 2 DAGs
[2023-03-19T14:07:54.836+0000] {logging_mixin.py:137} INFO - [2023-03-19T14:07:54.836+0000] {dag.py:3444} INFO - Setting next_dagrun for example_xcom_args to None, run_after=None
[2023-03-19T14:07:54.838+0000] {logging_mixin.py:137} INFO - [2023-03-19T14:07:54.838+0000] {dag.py:3444} INFO - Setting next_dagrun for example_xcom_args_with_operators to None, run_after=None
[2023-03-19T14:07:54.846+0000] {processor.py:175} INFO - Processing /home/airflow/.local/lib/python3.7/site-packages/airflow/example_dags/example_xcomargs.py took 0.061 seconds
[2023-03-19T14:08:25.606+0000] {processor.py:153} INFO - Started process (PID=303) to work on /home/airflow/.local/lib/python3.7/site-packages/airflow/example_dags/example_xcomargs.py
[2023-03-19T14:08:25.607+0000] {processor.py:743} INFO - Processing file /home/airflow/.local/lib/python3.7/site-packages/airflow/example_dags/example_xcomargs.py for tasks to queue
[2023-03-19T14:08:25.608+0000] {logging_mixin.py:137} INFO - [2023-03-19T14:08:25.608+0000] {dagbag.py:532} INFO - Filling up the DagBag from /home/airflow/.local/lib/python3.7/site-packages/airflow/example_dags/example_xcomargs.py
[2023-03-19T14:08:25.622+0000] {processor.py:753} INFO - DAG(s) dict_keys(['example_xcom_args', 'example_xcom_args_with_operators']) retrieved from /home/airflow/.local/lib/python3.7/site-packages/airflow/example_dags/example_xcomargs.py
[2023-03-19T14:08:25.641+0000] {logging_mixin.py:137} INFO - [2023-03-19T14:08:25.640+0000] {dag.py:2693} INFO - Sync 2 DAGs
[2023-03-19T14:08:25.653+0000] {logging_mixin.py:137} INFO - [2023-03-19T14:08:25.653+0000] {dag.py:3444} INFO - Setting next_dagrun for example_xcom_args to None, run_after=None
[2023-03-19T14:08:25.655+0000] {logging_mixin.py:137} INFO - [2023-03-19T14:08:25.655+0000] {dag.py:3444} INFO - Setting next_dagrun for example_xcom_args_with_operators to None, run_after=None
[2023-03-19T14:08:25.663+0000] {processor.py:175} INFO - Processing /home/airflow/.local/lib/python3.7/site-packages/airflow/example_dags/example_xcomargs.py took 0.060 seconds
[2023-03-19T14:09:10.743+0000] {processor.py:153} INFO - Started process (PID=56) to work on /home/airflow/.local/lib/python3.7/site-packages/airflow/example_dags/example_xcomargs.py
[2023-03-19T14:09:10.747+0000] {processor.py:743} INFO - Processing file /home/airflow/.local/lib/python3.7/site-packages/airflow/example_dags/example_xcomargs.py for tasks to queue
[2023-03-19T14:09:10.748+0000] {logging_mixin.py:137} INFO - [2023-03-19T14:09:10.748+0000] {dagbag.py:532} INFO - Filling up the DagBag from /home/airflow/.local/lib/python3.7/site-packages/airflow/example_dags/example_xcomargs.py
[2023-03-19T14:09:10.810+0000] {processor.py:753} INFO - DAG(s) dict_keys(['example_xcom_args', 'example_xcom_args_with_operators']) retrieved from /home/airflow/.local/lib/python3.7/site-packages/airflow/example_dags/example_xcomargs.py
[2023-03-19T14:09:10.840+0000] {logging_mixin.py:137} INFO - [2023-03-19T14:09:10.840+0000] {dag.py:2693} INFO - Sync 2 DAGs
[2023-03-19T14:09:10.883+0000] {logging_mixin.py:137} INFO - [2023-03-19T14:09:10.882+0000] {dag.py:3444} INFO - Setting next_dagrun for example_xcom_args to None, run_after=None
[2023-03-19T14:09:10.889+0000] {logging_mixin.py:137} INFO - [2023-03-19T14:09:10.889+0000] {dag.py:3444} INFO - Setting next_dagrun for example_xcom_args_with_operators to None, run_after=None
[2023-03-19T14:09:10.922+0000] {processor.py:175} INFO - Processing /home/airflow/.local/lib/python3.7/site-packages/airflow/example_dags/example_xcomargs.py took 0.186 seconds
[2023-03-19T14:09:41.823+0000] {processor.py:153} INFO - Started process (PID=105) to work on /home/airflow/.local/lib/python3.7/site-packages/airflow/example_dags/example_xcomargs.py
[2023-03-19T14:09:41.824+0000] {processor.py:743} INFO - Processing file /home/airflow/.local/lib/python3.7/site-packages/airflow/example_dags/example_xcomargs.py for tasks to queue
[2023-03-19T14:09:41.825+0000] {logging_mixin.py:137} INFO - [2023-03-19T14:09:41.825+0000] {dagbag.py:532} INFO - Filling up the DagBag from /home/airflow/.local/lib/python3.7/site-packages/airflow/example_dags/example_xcomargs.py
[2023-03-19T14:09:41.859+0000] {processor.py:753} INFO - DAG(s) dict_keys(['example_xcom_args_with_operators', 'example_xcom_args']) retrieved from /home/airflow/.local/lib/python3.7/site-packages/airflow/example_dags/example_xcomargs.py
[2023-03-19T14:09:41.900+0000] {logging_mixin.py:137} INFO - [2023-03-19T14:09:41.900+0000] {dag.py:2693} INFO - Sync 2 DAGs
[2023-03-19T14:09:41.928+0000] {logging_mixin.py:137} INFO - [2023-03-19T14:09:41.928+0000] {dag.py:3444} INFO - Setting next_dagrun for example_xcom_args to None, run_after=None
[2023-03-19T14:09:41.932+0000] {logging_mixin.py:137} INFO - [2023-03-19T14:09:41.932+0000] {dag.py:3444} INFO - Setting next_dagrun for example_xcom_args_with_operators to None, run_after=None
[2023-03-19T14:09:41.943+0000] {processor.py:175} INFO - Processing /home/airflow/.local/lib/python3.7/site-packages/airflow/example_dags/example_xcomargs.py took 0.124 seconds
[2023-03-19T14:10:12.369+0000] {processor.py:153} INFO - Started process (PID=153) to work on /home/airflow/.local/lib/python3.7/site-packages/airflow/example_dags/example_xcomargs.py
[2023-03-19T14:10:12.370+0000] {processor.py:743} INFO - Processing file /home/airflow/.local/lib/python3.7/site-packages/airflow/example_dags/example_xcomargs.py for tasks to queue
[2023-03-19T14:10:12.371+0000] {logging_mixin.py:137} INFO - [2023-03-19T14:10:12.371+0000] {dagbag.py:532} INFO - Filling up the DagBag from /home/airflow/.local/lib/python3.7/site-packages/airflow/example_dags/example_xcomargs.py
[2023-03-19T14:10:12.391+0000] {processor.py:753} INFO - DAG(s) dict_keys(['example_xcom_args', 'example_xcom_args_with_operators']) retrieved from /home/airflow/.local/lib/python3.7/site-packages/airflow/example_dags/example_xcomargs.py
[2023-03-19T14:10:12.413+0000] {logging_mixin.py:137} INFO - [2023-03-19T14:10:12.413+0000] {dag.py:2693} INFO - Sync 2 DAGs
[2023-03-19T14:10:12.429+0000] {logging_mixin.py:137} INFO - [2023-03-19T14:10:12.429+0000] {dag.py:3444} INFO - Setting next_dagrun for example_xcom_args to None, run_after=None
[2023-03-19T14:10:12.432+0000] {logging_mixin.py:137} INFO - [2023-03-19T14:10:12.432+0000] {dag.py:3444} INFO - Setting next_dagrun for example_xcom_args_with_operators to None, run_after=None
[2023-03-19T14:10:12.442+0000] {processor.py:175} INFO - Processing /home/airflow/.local/lib/python3.7/site-packages/airflow/example_dags/example_xcomargs.py took 0.076 seconds
[2023-03-19T14:10:42.479+0000] {processor.py:153} INFO - Started process (PID=202) to work on /home/airflow/.local/lib/python3.7/site-packages/airflow/example_dags/example_xcomargs.py
[2023-03-19T14:10:42.480+0000] {processor.py:743} INFO - Processing file /home/airflow/.local/lib/python3.7/site-packages/airflow/example_dags/example_xcomargs.py for tasks to queue
[2023-03-19T14:10:42.481+0000] {logging_mixin.py:137} INFO - [2023-03-19T14:10:42.481+0000] {dagbag.py:532} INFO - Filling up the DagBag from /home/airflow/.local/lib/python3.7/site-packages/airflow/example_dags/example_xcomargs.py
[2023-03-19T14:10:42.495+0000] {processor.py:753} INFO - DAG(s) dict_keys(['example_xcom_args', 'example_xcom_args_with_operators']) retrieved from /home/airflow/.local/lib/python3.7/site-packages/airflow/example_dags/example_xcomargs.py
[2023-03-19T14:10:42.513+0000] {logging_mixin.py:137} INFO - [2023-03-19T14:10:42.513+0000] {dag.py:2693} INFO - Sync 2 DAGs
[2023-03-19T14:10:42.527+0000] {logging_mixin.py:137} INFO - [2023-03-19T14:10:42.527+0000] {dag.py:3444} INFO - Setting next_dagrun for example_xcom_args to None, run_after=None
[2023-03-19T14:10:42.529+0000] {logging_mixin.py:137} INFO - [2023-03-19T14:10:42.529+0000] {dag.py:3444} INFO - Setting next_dagrun for example_xcom_args_with_operators to None, run_after=None
[2023-03-19T14:10:42.538+0000] {processor.py:175} INFO - Processing /home/airflow/.local/lib/python3.7/site-packages/airflow/example_dags/example_xcomargs.py took 0.062 seconds
[2023-03-19T14:11:12.891+0000] {processor.py:153} INFO - Started process (PID=251) to work on /home/airflow/.local/lib/python3.7/site-packages/airflow/example_dags/example_xcomargs.py
[2023-03-19T14:11:12.892+0000] {processor.py:743} INFO - Processing file /home/airflow/.local/lib/python3.7/site-packages/airflow/example_dags/example_xcomargs.py for tasks to queue
[2023-03-19T14:11:12.892+0000] {logging_mixin.py:137} INFO - [2023-03-19T14:11:12.892+0000] {dagbag.py:532} INFO - Filling up the DagBag from /home/airflow/.local/lib/python3.7/site-packages/airflow/example_dags/example_xcomargs.py
[2023-03-19T14:11:12.908+0000] {processor.py:753} INFO - DAG(s) dict_keys(['example_xcom_args', 'example_xcom_args_with_operators']) retrieved from /home/airflow/.local/lib/python3.7/site-packages/airflow/example_dags/example_xcomargs.py
[2023-03-19T14:11:12.929+0000] {logging_mixin.py:137} INFO - [2023-03-19T14:11:12.929+0000] {dag.py:2693} INFO - Sync 2 DAGs
[2023-03-19T14:11:12.943+0000] {logging_mixin.py:137} INFO - [2023-03-19T14:11:12.943+0000] {dag.py:3444} INFO - Setting next_dagrun for example_xcom_args to None, run_after=None
[2023-03-19T14:11:12.945+0000] {logging_mixin.py:137} INFO - [2023-03-19T14:11:12.945+0000] {dag.py:3444} INFO - Setting next_dagrun for example_xcom_args_with_operators to None, run_after=None
[2023-03-19T14:11:12.954+0000] {processor.py:175} INFO - Processing /home/airflow/.local/lib/python3.7/site-packages/airflow/example_dags/example_xcomargs.py took 0.066 seconds
[2023-03-19T14:11:43.234+0000] {processor.py:153} INFO - Started process (PID=300) to work on /home/airflow/.local/lib/python3.7/site-packages/airflow/example_dags/example_xcomargs.py
[2023-03-19T14:11:43.235+0000] {processor.py:743} INFO - Processing file /home/airflow/.local/lib/python3.7/site-packages/airflow/example_dags/example_xcomargs.py for tasks to queue
[2023-03-19T14:11:43.237+0000] {logging_mixin.py:137} INFO - [2023-03-19T14:11:43.237+0000] {dagbag.py:532} INFO - Filling up the DagBag from /home/airflow/.local/lib/python3.7/site-packages/airflow/example_dags/example_xcomargs.py
[2023-03-19T14:11:43.251+0000] {processor.py:753} INFO - DAG(s) dict_keys(['example_xcom_args_with_operators', 'example_xcom_args']) retrieved from /home/airflow/.local/lib/python3.7/site-packages/airflow/example_dags/example_xcomargs.py
[2023-03-19T14:11:43.271+0000] {logging_mixin.py:137} INFO - [2023-03-19T14:11:43.271+0000] {dag.py:2693} INFO - Sync 2 DAGs
[2023-03-19T14:11:43.285+0000] {logging_mixin.py:137} INFO - [2023-03-19T14:11:43.285+0000] {dag.py:3444} INFO - Setting next_dagrun for example_xcom_args to None, run_after=None
[2023-03-19T14:11:43.287+0000] {logging_mixin.py:137} INFO - [2023-03-19T14:11:43.287+0000] {dag.py:3444} INFO - Setting next_dagrun for example_xcom_args_with_operators to None, run_after=None
[2023-03-19T14:11:43.296+0000] {processor.py:175} INFO - Processing /home/airflow/.local/lib/python3.7/site-packages/airflow/example_dags/example_xcomargs.py took 0.066 seconds
[2023-03-19T14:12:14.284+0000] {processor.py:153} INFO - Started process (PID=349) to work on /home/airflow/.local/lib/python3.7/site-packages/airflow/example_dags/example_xcomargs.py
[2023-03-19T14:12:14.285+0000] {processor.py:743} INFO - Processing file /home/airflow/.local/lib/python3.7/site-packages/airflow/example_dags/example_xcomargs.py for tasks to queue
[2023-03-19T14:12:14.286+0000] {logging_mixin.py:137} INFO - [2023-03-19T14:12:14.286+0000] {dagbag.py:532} INFO - Filling up the DagBag from /home/airflow/.local/lib/python3.7/site-packages/airflow/example_dags/example_xcomargs.py
[2023-03-19T14:12:14.303+0000] {processor.py:753} INFO - DAG(s) dict_keys(['example_xcom_args_with_operators', 'example_xcom_args']) retrieved from /home/airflow/.local/lib/python3.7/site-packages/airflow/example_dags/example_xcomargs.py
[2023-03-19T14:12:14.339+0000] {logging_mixin.py:137} INFO - [2023-03-19T14:12:14.339+0000] {dag.py:2693} INFO - Sync 2 DAGs
[2023-03-19T14:12:14.359+0000] {logging_mixin.py:137} INFO - [2023-03-19T14:12:14.359+0000] {dag.py:3444} INFO - Setting next_dagrun for example_xcom_args to None, run_after=None
[2023-03-19T14:12:14.362+0000] {logging_mixin.py:137} INFO - [2023-03-19T14:12:14.361+0000] {dag.py:3444} INFO - Setting next_dagrun for example_xcom_args_with_operators to None, run_after=None
[2023-03-19T14:12:14.373+0000] {processor.py:175} INFO - Processing /home/airflow/.local/lib/python3.7/site-packages/airflow/example_dags/example_xcomargs.py took 0.092 seconds
