[2023-03-19T13:33:01.221+0000] {processor.py:153} INFO - Started process (PID=66) to work on /home/airflow/.local/lib/python3.7/site-packages/airflow/example_dags/example_external_task_marker_dag.py
[2023-03-19T13:33:01.223+0000] {processor.py:743} INFO - Processing file /home/airflow/.local/lib/python3.7/site-packages/airflow/example_dags/example_external_task_marker_dag.py for tasks to queue
[2023-03-19T13:33:01.224+0000] {logging_mixin.py:137} INFO - [2023-03-19T13:33:01.224+0000] {dagbag.py:532} INFO - Filling up the DagBag from /home/airflow/.local/lib/python3.7/site-packages/airflow/example_dags/example_external_task_marker_dag.py
[2023-03-19T13:33:01.267+0000] {processor.py:753} INFO - DAG(s) dict_keys(['example_external_task_marker_parent', 'example_external_task_marker_child']) retrieved from /home/airflow/.local/lib/python3.7/site-packages/airflow/example_dags/example_external_task_marker_dag.py
[2023-03-19T13:33:01.291+0000] {logging_mixin.py:137} INFO - [2023-03-19T13:33:01.291+0000] {dag.py:2693} INFO - Sync 2 DAGs
[2023-03-19T13:33:01.327+0000] {logging_mixin.py:137} INFO - [2023-03-19T13:33:01.327+0000] {dag.py:3444} INFO - Setting next_dagrun for example_external_task_marker_child to None, run_after=None
[2023-03-19T13:33:01.334+0000] {logging_mixin.py:137} INFO - [2023-03-19T13:33:01.333+0000] {dag.py:3444} INFO - Setting next_dagrun for example_external_task_marker_parent to None, run_after=None
[2023-03-19T13:33:01.362+0000] {processor.py:175} INFO - Processing /home/airflow/.local/lib/python3.7/site-packages/airflow/example_dags/example_external_task_marker_dag.py took 0.145 seconds
[2023-03-19T13:33:31.909+0000] {processor.py:153} INFO - Started process (PID=115) to work on /home/airflow/.local/lib/python3.7/site-packages/airflow/example_dags/example_external_task_marker_dag.py
[2023-03-19T13:33:31.910+0000] {processor.py:743} INFO - Processing file /home/airflow/.local/lib/python3.7/site-packages/airflow/example_dags/example_external_task_marker_dag.py for tasks to queue
[2023-03-19T13:33:31.911+0000] {logging_mixin.py:137} INFO - [2023-03-19T13:33:31.911+0000] {dagbag.py:532} INFO - Filling up the DagBag from /home/airflow/.local/lib/python3.7/site-packages/airflow/example_dags/example_external_task_marker_dag.py
[2023-03-19T13:33:31.919+0000] {processor.py:753} INFO - DAG(s) dict_keys(['example_external_task_marker_parent', 'example_external_task_marker_child']) retrieved from /home/airflow/.local/lib/python3.7/site-packages/airflow/example_dags/example_external_task_marker_dag.py
[2023-03-19T13:33:31.937+0000] {logging_mixin.py:137} INFO - [2023-03-19T13:33:31.937+0000] {dag.py:2693} INFO - Sync 2 DAGs
[2023-03-19T13:33:31.952+0000] {logging_mixin.py:137} INFO - [2023-03-19T13:33:31.952+0000] {dag.py:3444} INFO - Setting next_dagrun for example_external_task_marker_child to None, run_after=None
[2023-03-19T13:33:31.954+0000] {logging_mixin.py:137} INFO - [2023-03-19T13:33:31.954+0000] {dag.py:3444} INFO - Setting next_dagrun for example_external_task_marker_parent to None, run_after=None
[2023-03-19T13:33:31.963+0000] {processor.py:175} INFO - Processing /home/airflow/.local/lib/python3.7/site-packages/airflow/example_dags/example_external_task_marker_dag.py took 0.056 seconds
[2023-03-19T13:34:02.095+0000] {processor.py:153} INFO - Started process (PID=165) to work on /home/airflow/.local/lib/python3.7/site-packages/airflow/example_dags/example_external_task_marker_dag.py
[2023-03-19T13:34:02.096+0000] {processor.py:743} INFO - Processing file /home/airflow/.local/lib/python3.7/site-packages/airflow/example_dags/example_external_task_marker_dag.py for tasks to queue
[2023-03-19T13:34:02.096+0000] {logging_mixin.py:137} INFO - [2023-03-19T13:34:02.096+0000] {dagbag.py:532} INFO - Filling up the DagBag from /home/airflow/.local/lib/python3.7/site-packages/airflow/example_dags/example_external_task_marker_dag.py
[2023-03-19T13:34:02.104+0000] {processor.py:753} INFO - DAG(s) dict_keys(['example_external_task_marker_child', 'example_external_task_marker_parent']) retrieved from /home/airflow/.local/lib/python3.7/site-packages/airflow/example_dags/example_external_task_marker_dag.py
[2023-03-19T13:34:02.121+0000] {logging_mixin.py:137} INFO - [2023-03-19T13:34:02.121+0000] {dag.py:2693} INFO - Sync 2 DAGs
[2023-03-19T13:34:02.135+0000] {logging_mixin.py:137} INFO - [2023-03-19T13:34:02.135+0000] {dag.py:3444} INFO - Setting next_dagrun for example_external_task_marker_child to None, run_after=None
[2023-03-19T13:34:02.137+0000] {logging_mixin.py:137} INFO - [2023-03-19T13:34:02.137+0000] {dag.py:3444} INFO - Setting next_dagrun for example_external_task_marker_parent to None, run_after=None
[2023-03-19T13:34:02.145+0000] {processor.py:175} INFO - Processing /home/airflow/.local/lib/python3.7/site-packages/airflow/example_dags/example_external_task_marker_dag.py took 0.053 seconds
[2023-03-19T13:34:32.627+0000] {processor.py:153} INFO - Started process (PID=214) to work on /home/airflow/.local/lib/python3.7/site-packages/airflow/example_dags/example_external_task_marker_dag.py
[2023-03-19T13:34:32.630+0000] {processor.py:743} INFO - Processing file /home/airflow/.local/lib/python3.7/site-packages/airflow/example_dags/example_external_task_marker_dag.py for tasks to queue
[2023-03-19T13:34:32.631+0000] {logging_mixin.py:137} INFO - [2023-03-19T13:34:32.631+0000] {dagbag.py:532} INFO - Filling up the DagBag from /home/airflow/.local/lib/python3.7/site-packages/airflow/example_dags/example_external_task_marker_dag.py
[2023-03-19T13:34:32.648+0000] {processor.py:753} INFO - DAG(s) dict_keys(['example_external_task_marker_child', 'example_external_task_marker_parent']) retrieved from /home/airflow/.local/lib/python3.7/site-packages/airflow/example_dags/example_external_task_marker_dag.py
[2023-03-19T13:34:32.699+0000] {logging_mixin.py:137} INFO - [2023-03-19T13:34:32.699+0000] {dag.py:2693} INFO - Sync 2 DAGs
[2023-03-19T13:34:32.716+0000] {logging_mixin.py:137} INFO - [2023-03-19T13:34:32.716+0000] {dag.py:3444} INFO - Setting next_dagrun for example_external_task_marker_child to None, run_after=None
[2023-03-19T13:34:32.719+0000] {logging_mixin.py:137} INFO - [2023-03-19T13:34:32.719+0000] {dag.py:3444} INFO - Setting next_dagrun for example_external_task_marker_parent to None, run_after=None
[2023-03-19T13:34:32.728+0000] {processor.py:175} INFO - Processing /home/airflow/.local/lib/python3.7/site-packages/airflow/example_dags/example_external_task_marker_dag.py took 0.111 seconds
[2023-03-19T13:35:03.212+0000] {processor.py:153} INFO - Started process (PID=263) to work on /home/airflow/.local/lib/python3.7/site-packages/airflow/example_dags/example_external_task_marker_dag.py
[2023-03-19T13:35:03.214+0000] {processor.py:743} INFO - Processing file /home/airflow/.local/lib/python3.7/site-packages/airflow/example_dags/example_external_task_marker_dag.py for tasks to queue
[2023-03-19T13:35:03.214+0000] {logging_mixin.py:137} INFO - [2023-03-19T13:35:03.214+0000] {dagbag.py:532} INFO - Filling up the DagBag from /home/airflow/.local/lib/python3.7/site-packages/airflow/example_dags/example_external_task_marker_dag.py
[2023-03-19T13:35:03.224+0000] {processor.py:753} INFO - DAG(s) dict_keys(['example_external_task_marker_parent', 'example_external_task_marker_child']) retrieved from /home/airflow/.local/lib/python3.7/site-packages/airflow/example_dags/example_external_task_marker_dag.py
[2023-03-19T13:35:03.242+0000] {logging_mixin.py:137} INFO - [2023-03-19T13:35:03.242+0000] {dag.py:2693} INFO - Sync 2 DAGs
[2023-03-19T13:35:03.257+0000] {logging_mixin.py:137} INFO - [2023-03-19T13:35:03.257+0000] {dag.py:3444} INFO - Setting next_dagrun for example_external_task_marker_child to None, run_after=None
[2023-03-19T13:35:03.260+0000] {logging_mixin.py:137} INFO - [2023-03-19T13:35:03.260+0000] {dag.py:3444} INFO - Setting next_dagrun for example_external_task_marker_parent to None, run_after=None
[2023-03-19T13:35:03.268+0000] {processor.py:175} INFO - Processing /home/airflow/.local/lib/python3.7/site-packages/airflow/example_dags/example_external_task_marker_dag.py took 0.058 seconds
[2023-03-19T13:35:33.385+0000] {processor.py:153} INFO - Started process (PID=311) to work on /home/airflow/.local/lib/python3.7/site-packages/airflow/example_dags/example_external_task_marker_dag.py
[2023-03-19T13:35:33.386+0000] {processor.py:743} INFO - Processing file /home/airflow/.local/lib/python3.7/site-packages/airflow/example_dags/example_external_task_marker_dag.py for tasks to queue
[2023-03-19T13:35:33.386+0000] {logging_mixin.py:137} INFO - [2023-03-19T13:35:33.386+0000] {dagbag.py:532} INFO - Filling up the DagBag from /home/airflow/.local/lib/python3.7/site-packages/airflow/example_dags/example_external_task_marker_dag.py
[2023-03-19T13:35:33.395+0000] {processor.py:753} INFO - DAG(s) dict_keys(['example_external_task_marker_child', 'example_external_task_marker_parent']) retrieved from /home/airflow/.local/lib/python3.7/site-packages/airflow/example_dags/example_external_task_marker_dag.py
[2023-03-19T13:35:33.413+0000] {logging_mixin.py:137} INFO - [2023-03-19T13:35:33.413+0000] {dag.py:2693} INFO - Sync 2 DAGs
[2023-03-19T13:35:33.428+0000] {logging_mixin.py:137} INFO - [2023-03-19T13:35:33.428+0000] {dag.py:3444} INFO - Setting next_dagrun for example_external_task_marker_child to None, run_after=None
[2023-03-19T13:35:33.430+0000] {logging_mixin.py:137} INFO - [2023-03-19T13:35:33.430+0000] {dag.py:3444} INFO - Setting next_dagrun for example_external_task_marker_parent to None, run_after=None
[2023-03-19T13:35:33.438+0000] {processor.py:175} INFO - Processing /home/airflow/.local/lib/python3.7/site-packages/airflow/example_dags/example_external_task_marker_dag.py took 0.056 seconds
[2023-03-19T14:05:54.469+0000] {processor.py:153} INFO - Started process (PID=66) to work on /home/airflow/.local/lib/python3.7/site-packages/airflow/example_dags/example_external_task_marker_dag.py
[2023-03-19T14:05:54.471+0000] {processor.py:743} INFO - Processing file /home/airflow/.local/lib/python3.7/site-packages/airflow/example_dags/example_external_task_marker_dag.py for tasks to queue
[2023-03-19T14:05:54.472+0000] {logging_mixin.py:137} INFO - [2023-03-19T14:05:54.472+0000] {dagbag.py:532} INFO - Filling up the DagBag from /home/airflow/.local/lib/python3.7/site-packages/airflow/example_dags/example_external_task_marker_dag.py
[2023-03-19T14:05:54.484+0000] {processor.py:753} INFO - DAG(s) dict_keys(['example_external_task_marker_child', 'example_external_task_marker_parent']) retrieved from /home/airflow/.local/lib/python3.7/site-packages/airflow/example_dags/example_external_task_marker_dag.py
[2023-03-19T14:05:54.496+0000] {logging_mixin.py:137} INFO - [2023-03-19T14:05:54.496+0000] {dag.py:2693} INFO - Sync 2 DAGs
[2023-03-19T14:05:54.543+0000] {logging_mixin.py:137} INFO - [2023-03-19T14:05:54.543+0000] {dag.py:3444} INFO - Setting next_dagrun for example_external_task_marker_child to None, run_after=None
[2023-03-19T14:05:54.546+0000] {logging_mixin.py:137} INFO - [2023-03-19T14:05:54.546+0000] {dag.py:3444} INFO - Setting next_dagrun for example_external_task_marker_parent to None, run_after=None
[2023-03-19T14:05:54.556+0000] {processor.py:175} INFO - Processing /home/airflow/.local/lib/python3.7/site-packages/airflow/example_dags/example_external_task_marker_dag.py took 0.095 seconds
[2023-03-19T14:06:25.125+0000] {processor.py:153} INFO - Started process (PID=115) to work on /home/airflow/.local/lib/python3.7/site-packages/airflow/example_dags/example_external_task_marker_dag.py
[2023-03-19T14:06:25.126+0000] {processor.py:743} INFO - Processing file /home/airflow/.local/lib/python3.7/site-packages/airflow/example_dags/example_external_task_marker_dag.py for tasks to queue
[2023-03-19T14:06:25.127+0000] {logging_mixin.py:137} INFO - [2023-03-19T14:06:25.127+0000] {dagbag.py:532} INFO - Filling up the DagBag from /home/airflow/.local/lib/python3.7/site-packages/airflow/example_dags/example_external_task_marker_dag.py
[2023-03-19T14:06:25.137+0000] {processor.py:753} INFO - DAG(s) dict_keys(['example_external_task_marker_parent', 'example_external_task_marker_child']) retrieved from /home/airflow/.local/lib/python3.7/site-packages/airflow/example_dags/example_external_task_marker_dag.py
[2023-03-19T14:06:25.206+0000] {logging_mixin.py:137} INFO - [2023-03-19T14:06:25.206+0000] {dag.py:2693} INFO - Sync 2 DAGs
[2023-03-19T14:06:25.225+0000] {logging_mixin.py:137} INFO - [2023-03-19T14:06:25.225+0000] {dag.py:3444} INFO - Setting next_dagrun for example_external_task_marker_child to None, run_after=None
[2023-03-19T14:06:25.228+0000] {logging_mixin.py:137} INFO - [2023-03-19T14:06:25.228+0000] {dag.py:3444} INFO - Setting next_dagrun for example_external_task_marker_parent to None, run_after=None
[2023-03-19T14:06:25.238+0000] {processor.py:175} INFO - Processing /home/airflow/.local/lib/python3.7/site-packages/airflow/example_dags/example_external_task_marker_dag.py took 0.116 seconds
[2023-03-19T14:06:55.500+0000] {processor.py:153} INFO - Started process (PID=165) to work on /home/airflow/.local/lib/python3.7/site-packages/airflow/example_dags/example_external_task_marker_dag.py
[2023-03-19T14:06:55.501+0000] {processor.py:743} INFO - Processing file /home/airflow/.local/lib/python3.7/site-packages/airflow/example_dags/example_external_task_marker_dag.py for tasks to queue
[2023-03-19T14:06:55.501+0000] {logging_mixin.py:137} INFO - [2023-03-19T14:06:55.501+0000] {dagbag.py:532} INFO - Filling up the DagBag from /home/airflow/.local/lib/python3.7/site-packages/airflow/example_dags/example_external_task_marker_dag.py
[2023-03-19T14:06:55.511+0000] {processor.py:753} INFO - DAG(s) dict_keys(['example_external_task_marker_parent', 'example_external_task_marker_child']) retrieved from /home/airflow/.local/lib/python3.7/site-packages/airflow/example_dags/example_external_task_marker_dag.py
[2023-03-19T14:06:55.539+0000] {logging_mixin.py:137} INFO - [2023-03-19T14:06:55.539+0000] {dag.py:2693} INFO - Sync 2 DAGs
[2023-03-19T14:06:55.555+0000] {logging_mixin.py:137} INFO - [2023-03-19T14:06:55.555+0000] {dag.py:3444} INFO - Setting next_dagrun for example_external_task_marker_child to None, run_after=None
[2023-03-19T14:06:55.560+0000] {logging_mixin.py:137} INFO - [2023-03-19T14:06:55.560+0000] {dag.py:3444} INFO - Setting next_dagrun for example_external_task_marker_parent to None, run_after=None
[2023-03-19T14:06:55.570+0000] {processor.py:175} INFO - Processing /home/airflow/.local/lib/python3.7/site-packages/airflow/example_dags/example_external_task_marker_dag.py took 0.073 seconds
[2023-03-19T14:07:25.945+0000] {processor.py:153} INFO - Started process (PID=213) to work on /home/airflow/.local/lib/python3.7/site-packages/airflow/example_dags/example_external_task_marker_dag.py
[2023-03-19T14:07:25.946+0000] {processor.py:743} INFO - Processing file /home/airflow/.local/lib/python3.7/site-packages/airflow/example_dags/example_external_task_marker_dag.py for tasks to queue
[2023-03-19T14:07:25.946+0000] {logging_mixin.py:137} INFO - [2023-03-19T14:07:25.946+0000] {dagbag.py:532} INFO - Filling up the DagBag from /home/airflow/.local/lib/python3.7/site-packages/airflow/example_dags/example_external_task_marker_dag.py
[2023-03-19T14:07:25.955+0000] {processor.py:753} INFO - DAG(s) dict_keys(['example_external_task_marker_child', 'example_external_task_marker_parent']) retrieved from /home/airflow/.local/lib/python3.7/site-packages/airflow/example_dags/example_external_task_marker_dag.py
[2023-03-19T14:07:25.973+0000] {logging_mixin.py:137} INFO - [2023-03-19T14:07:25.973+0000] {dag.py:2693} INFO - Sync 2 DAGs
[2023-03-19T14:07:25.987+0000] {logging_mixin.py:137} INFO - [2023-03-19T14:07:25.987+0000] {dag.py:3444} INFO - Setting next_dagrun for example_external_task_marker_child to None, run_after=None
[2023-03-19T14:07:25.989+0000] {logging_mixin.py:137} INFO - [2023-03-19T14:07:25.989+0000] {dag.py:3444} INFO - Setting next_dagrun for example_external_task_marker_parent to None, run_after=None
[2023-03-19T14:07:25.998+0000] {processor.py:175} INFO - Processing /home/airflow/.local/lib/python3.7/site-packages/airflow/example_dags/example_external_task_marker_dag.py took 0.055 seconds
[2023-03-19T14:07:56.263+0000] {processor.py:153} INFO - Started process (PID=262) to work on /home/airflow/.local/lib/python3.7/site-packages/airflow/example_dags/example_external_task_marker_dag.py
[2023-03-19T14:07:56.264+0000] {processor.py:743} INFO - Processing file /home/airflow/.local/lib/python3.7/site-packages/airflow/example_dags/example_external_task_marker_dag.py for tasks to queue
[2023-03-19T14:07:56.265+0000] {logging_mixin.py:137} INFO - [2023-03-19T14:07:56.265+0000] {dagbag.py:532} INFO - Filling up the DagBag from /home/airflow/.local/lib/python3.7/site-packages/airflow/example_dags/example_external_task_marker_dag.py
[2023-03-19T14:07:56.273+0000] {processor.py:753} INFO - DAG(s) dict_keys(['example_external_task_marker_child', 'example_external_task_marker_parent']) retrieved from /home/airflow/.local/lib/python3.7/site-packages/airflow/example_dags/example_external_task_marker_dag.py
[2023-03-19T14:07:56.295+0000] {logging_mixin.py:137} INFO - [2023-03-19T14:07:56.294+0000] {dag.py:2693} INFO - Sync 2 DAGs
[2023-03-19T14:07:56.309+0000] {logging_mixin.py:137} INFO - [2023-03-19T14:07:56.308+0000] {dag.py:3444} INFO - Setting next_dagrun for example_external_task_marker_child to None, run_after=None
[2023-03-19T14:07:56.310+0000] {logging_mixin.py:137} INFO - [2023-03-19T14:07:56.310+0000] {dag.py:3444} INFO - Setting next_dagrun for example_external_task_marker_parent to None, run_after=None
[2023-03-19T14:07:56.319+0000] {processor.py:175} INFO - Processing /home/airflow/.local/lib/python3.7/site-packages/airflow/example_dags/example_external_task_marker_dag.py took 0.058 seconds
[2023-03-19T14:08:27.052+0000] {processor.py:153} INFO - Started process (PID=312) to work on /home/airflow/.local/lib/python3.7/site-packages/airflow/example_dags/example_external_task_marker_dag.py
[2023-03-19T14:08:27.053+0000] {processor.py:743} INFO - Processing file /home/airflow/.local/lib/python3.7/site-packages/airflow/example_dags/example_external_task_marker_dag.py for tasks to queue
[2023-03-19T14:08:27.053+0000] {logging_mixin.py:137} INFO - [2023-03-19T14:08:27.053+0000] {dagbag.py:532} INFO - Filling up the DagBag from /home/airflow/.local/lib/python3.7/site-packages/airflow/example_dags/example_external_task_marker_dag.py
[2023-03-19T14:08:27.062+0000] {processor.py:753} INFO - DAG(s) dict_keys(['example_external_task_marker_parent', 'example_external_task_marker_child']) retrieved from /home/airflow/.local/lib/python3.7/site-packages/airflow/example_dags/example_external_task_marker_dag.py
[2023-03-19T14:08:27.081+0000] {logging_mixin.py:137} INFO - [2023-03-19T14:08:27.081+0000] {dag.py:2693} INFO - Sync 2 DAGs
[2023-03-19T14:08:27.094+0000] {logging_mixin.py:137} INFO - [2023-03-19T14:08:27.093+0000] {dag.py:3444} INFO - Setting next_dagrun for example_external_task_marker_child to None, run_after=None
[2023-03-19T14:08:27.095+0000] {logging_mixin.py:137} INFO - [2023-03-19T14:08:27.095+0000] {dag.py:3444} INFO - Setting next_dagrun for example_external_task_marker_parent to None, run_after=None
[2023-03-19T14:08:27.103+0000] {processor.py:175} INFO - Processing /home/airflow/.local/lib/python3.7/site-packages/airflow/example_dags/example_external_task_marker_dag.py took 0.054 seconds
[2023-03-19T14:09:11.483+0000] {processor.py:153} INFO - Started process (PID=65) to work on /home/airflow/.local/lib/python3.7/site-packages/airflow/example_dags/example_external_task_marker_dag.py
[2023-03-19T14:09:11.485+0000] {processor.py:743} INFO - Processing file /home/airflow/.local/lib/python3.7/site-packages/airflow/example_dags/example_external_task_marker_dag.py for tasks to queue
[2023-03-19T14:09:11.486+0000] {logging_mixin.py:137} INFO - [2023-03-19T14:09:11.486+0000] {dagbag.py:532} INFO - Filling up the DagBag from /home/airflow/.local/lib/python3.7/site-packages/airflow/example_dags/example_external_task_marker_dag.py
[2023-03-19T14:09:11.506+0000] {processor.py:753} INFO - DAG(s) dict_keys(['example_external_task_marker_parent', 'example_external_task_marker_child']) retrieved from /home/airflow/.local/lib/python3.7/site-packages/airflow/example_dags/example_external_task_marker_dag.py
[2023-03-19T14:09:11.532+0000] {logging_mixin.py:137} INFO - [2023-03-19T14:09:11.532+0000] {dag.py:2693} INFO - Sync 2 DAGs
[2023-03-19T14:09:11.555+0000] {logging_mixin.py:137} INFO - [2023-03-19T14:09:11.555+0000] {dag.py:3444} INFO - Setting next_dagrun for example_external_task_marker_child to None, run_after=None
[2023-03-19T14:09:11.561+0000] {logging_mixin.py:137} INFO - [2023-03-19T14:09:11.560+0000] {dag.py:3444} INFO - Setting next_dagrun for example_external_task_marker_parent to None, run_after=None
[2023-03-19T14:09:11.583+0000] {processor.py:175} INFO - Processing /home/airflow/.local/lib/python3.7/site-packages/airflow/example_dags/example_external_task_marker_dag.py took 0.105 seconds
[2023-03-19T14:09:42.404+0000] {processor.py:153} INFO - Started process (PID=114) to work on /home/airflow/.local/lib/python3.7/site-packages/airflow/example_dags/example_external_task_marker_dag.py
[2023-03-19T14:09:42.405+0000] {processor.py:743} INFO - Processing file /home/airflow/.local/lib/python3.7/site-packages/airflow/example_dags/example_external_task_marker_dag.py for tasks to queue
[2023-03-19T14:09:42.406+0000] {logging_mixin.py:137} INFO - [2023-03-19T14:09:42.406+0000] {dagbag.py:532} INFO - Filling up the DagBag from /home/airflow/.local/lib/python3.7/site-packages/airflow/example_dags/example_external_task_marker_dag.py
[2023-03-19T14:09:42.416+0000] {processor.py:753} INFO - DAG(s) dict_keys(['example_external_task_marker_parent', 'example_external_task_marker_child']) retrieved from /home/airflow/.local/lib/python3.7/site-packages/airflow/example_dags/example_external_task_marker_dag.py
[2023-03-19T14:09:42.443+0000] {logging_mixin.py:137} INFO - [2023-03-19T14:09:42.443+0000] {dag.py:2693} INFO - Sync 2 DAGs
[2023-03-19T14:09:42.459+0000] {logging_mixin.py:137} INFO - [2023-03-19T14:09:42.459+0000] {dag.py:3444} INFO - Setting next_dagrun for example_external_task_marker_child to None, run_after=None
[2023-03-19T14:09:42.461+0000] {logging_mixin.py:137} INFO - [2023-03-19T14:09:42.461+0000] {dag.py:3444} INFO - Setting next_dagrun for example_external_task_marker_parent to None, run_after=None
[2023-03-19T14:09:42.475+0000] {processor.py:175} INFO - Processing /home/airflow/.local/lib/python3.7/site-packages/airflow/example_dags/example_external_task_marker_dag.py took 0.073 seconds
[2023-03-19T14:10:13.480+0000] {processor.py:153} INFO - Started process (PID=162) to work on /home/airflow/.local/lib/python3.7/site-packages/airflow/example_dags/example_external_task_marker_dag.py
[2023-03-19T14:10:13.481+0000] {processor.py:743} INFO - Processing file /home/airflow/.local/lib/python3.7/site-packages/airflow/example_dags/example_external_task_marker_dag.py for tasks to queue
[2023-03-19T14:10:13.481+0000] {logging_mixin.py:137} INFO - [2023-03-19T14:10:13.481+0000] {dagbag.py:532} INFO - Filling up the DagBag from /home/airflow/.local/lib/python3.7/site-packages/airflow/example_dags/example_external_task_marker_dag.py
[2023-03-19T14:10:13.493+0000] {processor.py:753} INFO - DAG(s) dict_keys(['example_external_task_marker_parent', 'example_external_task_marker_child']) retrieved from /home/airflow/.local/lib/python3.7/site-packages/airflow/example_dags/example_external_task_marker_dag.py
[2023-03-19T14:10:13.526+0000] {logging_mixin.py:137} INFO - [2023-03-19T14:10:13.526+0000] {dag.py:2693} INFO - Sync 2 DAGs
[2023-03-19T14:10:13.542+0000] {logging_mixin.py:137} INFO - [2023-03-19T14:10:13.542+0000] {dag.py:3444} INFO - Setting next_dagrun for example_external_task_marker_child to None, run_after=None
[2023-03-19T14:10:13.545+0000] {logging_mixin.py:137} INFO - [2023-03-19T14:10:13.544+0000] {dag.py:3444} INFO - Setting next_dagrun for example_external_task_marker_parent to None, run_after=None
[2023-03-19T14:10:13.558+0000] {processor.py:175} INFO - Processing /home/airflow/.local/lib/python3.7/site-packages/airflow/example_dags/example_external_task_marker_dag.py took 0.081 seconds
[2023-03-19T14:10:43.892+0000] {processor.py:153} INFO - Started process (PID=211) to work on /home/airflow/.local/lib/python3.7/site-packages/airflow/example_dags/example_external_task_marker_dag.py
[2023-03-19T14:10:43.894+0000] {processor.py:743} INFO - Processing file /home/airflow/.local/lib/python3.7/site-packages/airflow/example_dags/example_external_task_marker_dag.py for tasks to queue
[2023-03-19T14:10:43.894+0000] {logging_mixin.py:137} INFO - [2023-03-19T14:10:43.894+0000] {dagbag.py:532} INFO - Filling up the DagBag from /home/airflow/.local/lib/python3.7/site-packages/airflow/example_dags/example_external_task_marker_dag.py
[2023-03-19T14:10:43.903+0000] {processor.py:753} INFO - DAG(s) dict_keys(['example_external_task_marker_parent', 'example_external_task_marker_child']) retrieved from /home/airflow/.local/lib/python3.7/site-packages/airflow/example_dags/example_external_task_marker_dag.py
[2023-03-19T14:10:43.921+0000] {logging_mixin.py:137} INFO - [2023-03-19T14:10:43.921+0000] {dag.py:2693} INFO - Sync 2 DAGs
[2023-03-19T14:10:43.934+0000] {logging_mixin.py:137} INFO - [2023-03-19T14:10:43.934+0000] {dag.py:3444} INFO - Setting next_dagrun for example_external_task_marker_child to None, run_after=None
[2023-03-19T14:10:43.936+0000] {logging_mixin.py:137} INFO - [2023-03-19T14:10:43.936+0000] {dag.py:3444} INFO - Setting next_dagrun for example_external_task_marker_parent to None, run_after=None
[2023-03-19T14:10:43.948+0000] {processor.py:175} INFO - Processing /home/airflow/.local/lib/python3.7/site-packages/airflow/example_dags/example_external_task_marker_dag.py took 0.058 seconds
[2023-03-19T14:11:14.239+0000] {processor.py:153} INFO - Started process (PID=260) to work on /home/airflow/.local/lib/python3.7/site-packages/airflow/example_dags/example_external_task_marker_dag.py
[2023-03-19T14:11:14.240+0000] {processor.py:743} INFO - Processing file /home/airflow/.local/lib/python3.7/site-packages/airflow/example_dags/example_external_task_marker_dag.py for tasks to queue
[2023-03-19T14:11:14.241+0000] {logging_mixin.py:137} INFO - [2023-03-19T14:11:14.240+0000] {dagbag.py:532} INFO - Filling up the DagBag from /home/airflow/.local/lib/python3.7/site-packages/airflow/example_dags/example_external_task_marker_dag.py
[2023-03-19T14:11:14.249+0000] {processor.py:753} INFO - DAG(s) dict_keys(['example_external_task_marker_parent', 'example_external_task_marker_child']) retrieved from /home/airflow/.local/lib/python3.7/site-packages/airflow/example_dags/example_external_task_marker_dag.py
[2023-03-19T14:11:14.271+0000] {logging_mixin.py:137} INFO - [2023-03-19T14:11:14.271+0000] {dag.py:2693} INFO - Sync 2 DAGs
[2023-03-19T14:11:14.286+0000] {logging_mixin.py:137} INFO - [2023-03-19T14:11:14.286+0000] {dag.py:3444} INFO - Setting next_dagrun for example_external_task_marker_child to None, run_after=None
[2023-03-19T14:11:14.288+0000] {logging_mixin.py:137} INFO - [2023-03-19T14:11:14.288+0000] {dag.py:3444} INFO - Setting next_dagrun for example_external_task_marker_parent to None, run_after=None
[2023-03-19T14:11:14.302+0000] {processor.py:175} INFO - Processing /home/airflow/.local/lib/python3.7/site-packages/airflow/example_dags/example_external_task_marker_dag.py took 0.066 seconds
[2023-03-19T14:11:44.661+0000] {processor.py:153} INFO - Started process (PID=309) to work on /home/airflow/.local/lib/python3.7/site-packages/airflow/example_dags/example_external_task_marker_dag.py
[2023-03-19T14:11:44.662+0000] {processor.py:743} INFO - Processing file /home/airflow/.local/lib/python3.7/site-packages/airflow/example_dags/example_external_task_marker_dag.py for tasks to queue
[2023-03-19T14:11:44.663+0000] {logging_mixin.py:137} INFO - [2023-03-19T14:11:44.663+0000] {dagbag.py:532} INFO - Filling up the DagBag from /home/airflow/.local/lib/python3.7/site-packages/airflow/example_dags/example_external_task_marker_dag.py
[2023-03-19T14:11:44.672+0000] {processor.py:753} INFO - DAG(s) dict_keys(['example_external_task_marker_parent', 'example_external_task_marker_child']) retrieved from /home/airflow/.local/lib/python3.7/site-packages/airflow/example_dags/example_external_task_marker_dag.py
[2023-03-19T14:11:44.692+0000] {logging_mixin.py:137} INFO - [2023-03-19T14:11:44.692+0000] {dag.py:2693} INFO - Sync 2 DAGs
[2023-03-19T14:11:44.706+0000] {logging_mixin.py:137} INFO - [2023-03-19T14:11:44.706+0000] {dag.py:3444} INFO - Setting next_dagrun for example_external_task_marker_child to None, run_after=None
[2023-03-19T14:11:44.708+0000] {logging_mixin.py:137} INFO - [2023-03-19T14:11:44.708+0000] {dag.py:3444} INFO - Setting next_dagrun for example_external_task_marker_parent to None, run_after=None
[2023-03-19T14:11:44.720+0000] {processor.py:175} INFO - Processing /home/airflow/.local/lib/python3.7/site-packages/airflow/example_dags/example_external_task_marker_dag.py took 0.061 seconds
[2023-03-19T14:12:14.922+0000] {processor.py:153} INFO - Started process (PID=358) to work on /home/airflow/.local/lib/python3.7/site-packages/airflow/example_dags/example_external_task_marker_dag.py
[2023-03-19T14:12:14.924+0000] {processor.py:743} INFO - Processing file /home/airflow/.local/lib/python3.7/site-packages/airflow/example_dags/example_external_task_marker_dag.py for tasks to queue
[2023-03-19T14:12:14.924+0000] {logging_mixin.py:137} INFO - [2023-03-19T14:12:14.924+0000] {dagbag.py:532} INFO - Filling up the DagBag from /home/airflow/.local/lib/python3.7/site-packages/airflow/example_dags/example_external_task_marker_dag.py
[2023-03-19T14:12:14.933+0000] {processor.py:753} INFO - DAG(s) dict_keys(['example_external_task_marker_parent', 'example_external_task_marker_child']) retrieved from /home/airflow/.local/lib/python3.7/site-packages/airflow/example_dags/example_external_task_marker_dag.py
[2023-03-19T14:12:14.952+0000] {logging_mixin.py:137} INFO - [2023-03-19T14:12:14.952+0000] {dag.py:2693} INFO - Sync 2 DAGs
[2023-03-19T14:12:14.965+0000] {logging_mixin.py:137} INFO - [2023-03-19T14:12:14.965+0000] {dag.py:3444} INFO - Setting next_dagrun for example_external_task_marker_child to None, run_after=None
[2023-03-19T14:12:14.968+0000] {logging_mixin.py:137} INFO - [2023-03-19T14:12:14.967+0000] {dag.py:3444} INFO - Setting next_dagrun for example_external_task_marker_parent to None, run_after=None
[2023-03-19T14:12:14.976+0000] {processor.py:175} INFO - Processing /home/airflow/.local/lib/python3.7/site-packages/airflow/example_dags/example_external_task_marker_dag.py took 0.056 seconds
