[2023-03-19T13:33:00.901+0000] {processor.py:153} INFO - Started process (PID=63) to work on /home/airflow/.local/lib/python3.7/site-packages/airflow/example_dags/example_complex.py
[2023-03-19T13:33:00.902+0000] {processor.py:743} INFO - Processing file /home/airflow/.local/lib/python3.7/site-packages/airflow/example_dags/example_complex.py for tasks to queue
[2023-03-19T13:33:00.904+0000] {logging_mixin.py:137} INFO - [2023-03-19T13:33:00.904+0000] {dagbag.py:532} INFO - Filling up the DagBag from /home/airflow/.local/lib/python3.7/site-packages/airflow/example_dags/example_complex.py
[2023-03-19T13:33:00.932+0000] {logging_mixin.py:137} INFO - [2023-03-19T13:33:00.931+0000] {taskmixin.py:211} WARNING - Dependency <Task(BashOperator): create_entry_group>, delete_entry_group already registered for DAG: example_complex
[2023-03-19T13:33:00.933+0000] {logging_mixin.py:137} INFO - [2023-03-19T13:33:00.933+0000] {taskmixin.py:211} WARNING - Dependency <Task(BashOperator): delete_entry_group>, create_entry_group already registered for DAG: example_complex
[2023-03-19T13:33:00.934+0000] {logging_mixin.py:137} INFO - [2023-03-19T13:33:00.934+0000] {taskmixin.py:211} WARNING - Dependency <Task(BashOperator): create_entry_gcs>, delete_entry already registered for DAG: example_complex
[2023-03-19T13:33:00.935+0000] {logging_mixin.py:137} INFO - [2023-03-19T13:33:00.935+0000] {taskmixin.py:211} WARNING - Dependency <Task(BashOperator): delete_entry>, create_entry_gcs already registered for DAG: example_complex
[2023-03-19T13:33:00.936+0000] {logging_mixin.py:137} INFO - [2023-03-19T13:33:00.936+0000] {taskmixin.py:211} WARNING - Dependency <Task(BashOperator): create_tag>, delete_tag already registered for DAG: example_complex
[2023-03-19T13:33:00.939+0000] {logging_mixin.py:137} INFO - [2023-03-19T13:33:00.938+0000] {taskmixin.py:211} WARNING - Dependency <Task(BashOperator): delete_tag>, create_tag already registered for DAG: example_complex
[2023-03-19T13:33:00.950+0000] {processor.py:753} INFO - DAG(s) dict_keys(['example_complex']) retrieved from /home/airflow/.local/lib/python3.7/site-packages/airflow/example_dags/example_complex.py
[2023-03-19T13:33:00.973+0000] {logging_mixin.py:137} INFO - [2023-03-19T13:33:00.973+0000] {dag.py:2693} INFO - Sync 1 DAGs
[2023-03-19T13:33:01.000+0000] {logging_mixin.py:137} INFO - [2023-03-19T13:33:01.000+0000] {dag.py:3444} INFO - Setting next_dagrun for example_complex to None, run_after=None
[2023-03-19T13:33:01.038+0000] {processor.py:175} INFO - Processing /home/airflow/.local/lib/python3.7/site-packages/airflow/example_dags/example_complex.py took 0.142 seconds
[2023-03-19T13:33:31.761+0000] {processor.py:153} INFO - Started process (PID=112) to work on /home/airflow/.local/lib/python3.7/site-packages/airflow/example_dags/example_complex.py
[2023-03-19T13:33:31.762+0000] {processor.py:743} INFO - Processing file /home/airflow/.local/lib/python3.7/site-packages/airflow/example_dags/example_complex.py for tasks to queue
[2023-03-19T13:33:31.763+0000] {logging_mixin.py:137} INFO - [2023-03-19T13:33:31.763+0000] {dagbag.py:532} INFO - Filling up the DagBag from /home/airflow/.local/lib/python3.7/site-packages/airflow/example_dags/example_complex.py
[2023-03-19T13:33:31.770+0000] {logging_mixin.py:137} INFO - [2023-03-19T13:33:31.770+0000] {taskmixin.py:211} WARNING - Dependency <Task(BashOperator): create_entry_group>, delete_entry_group already registered for DAG: example_complex
[2023-03-19T13:33:31.770+0000] {logging_mixin.py:137} INFO - [2023-03-19T13:33:31.770+0000] {taskmixin.py:211} WARNING - Dependency <Task(BashOperator): delete_entry_group>, create_entry_group already registered for DAG: example_complex
[2023-03-19T13:33:31.771+0000] {logging_mixin.py:137} INFO - [2023-03-19T13:33:31.771+0000] {taskmixin.py:211} WARNING - Dependency <Task(BashOperator): create_entry_gcs>, delete_entry already registered for DAG: example_complex
[2023-03-19T13:33:31.771+0000] {logging_mixin.py:137} INFO - [2023-03-19T13:33:31.771+0000] {taskmixin.py:211} WARNING - Dependency <Task(BashOperator): delete_entry>, create_entry_gcs already registered for DAG: example_complex
[2023-03-19T13:33:31.772+0000] {logging_mixin.py:137} INFO - [2023-03-19T13:33:31.772+0000] {taskmixin.py:211} WARNING - Dependency <Task(BashOperator): create_tag>, delete_tag already registered for DAG: example_complex
[2023-03-19T13:33:31.772+0000] {logging_mixin.py:137} INFO - [2023-03-19T13:33:31.772+0000] {taskmixin.py:211} WARNING - Dependency <Task(BashOperator): delete_tag>, create_tag already registered for DAG: example_complex
[2023-03-19T13:33:31.776+0000] {processor.py:753} INFO - DAG(s) dict_keys(['example_complex']) retrieved from /home/airflow/.local/lib/python3.7/site-packages/airflow/example_dags/example_complex.py
[2023-03-19T13:33:31.805+0000] {logging_mixin.py:137} INFO - [2023-03-19T13:33:31.805+0000] {dag.py:2693} INFO - Sync 1 DAGs
[2023-03-19T13:33:31.822+0000] {logging_mixin.py:137} INFO - [2023-03-19T13:33:31.821+0000] {dag.py:3444} INFO - Setting next_dagrun for example_complex to None, run_after=None
[2023-03-19T13:33:31.835+0000] {processor.py:175} INFO - Processing /home/airflow/.local/lib/python3.7/site-packages/airflow/example_dags/example_complex.py took 0.076 seconds
[2023-03-19T13:34:01.955+0000] {processor.py:153} INFO - Started process (PID=162) to work on /home/airflow/.local/lib/python3.7/site-packages/airflow/example_dags/example_complex.py
[2023-03-19T13:34:01.956+0000] {processor.py:743} INFO - Processing file /home/airflow/.local/lib/python3.7/site-packages/airflow/example_dags/example_complex.py for tasks to queue
[2023-03-19T13:34:01.957+0000] {logging_mixin.py:137} INFO - [2023-03-19T13:34:01.957+0000] {dagbag.py:532} INFO - Filling up the DagBag from /home/airflow/.local/lib/python3.7/site-packages/airflow/example_dags/example_complex.py
[2023-03-19T13:34:01.964+0000] {logging_mixin.py:137} INFO - [2023-03-19T13:34:01.964+0000] {taskmixin.py:211} WARNING - Dependency <Task(BashOperator): create_entry_group>, delete_entry_group already registered for DAG: example_complex
[2023-03-19T13:34:01.964+0000] {logging_mixin.py:137} INFO - [2023-03-19T13:34:01.964+0000] {taskmixin.py:211} WARNING - Dependency <Task(BashOperator): delete_entry_group>, create_entry_group already registered for DAG: example_complex
[2023-03-19T13:34:01.964+0000] {logging_mixin.py:137} INFO - [2023-03-19T13:34:01.964+0000] {taskmixin.py:211} WARNING - Dependency <Task(BashOperator): create_entry_gcs>, delete_entry already registered for DAG: example_complex
[2023-03-19T13:34:01.965+0000] {logging_mixin.py:137} INFO - [2023-03-19T13:34:01.965+0000] {taskmixin.py:211} WARNING - Dependency <Task(BashOperator): delete_entry>, create_entry_gcs already registered for DAG: example_complex
[2023-03-19T13:34:01.965+0000] {logging_mixin.py:137} INFO - [2023-03-19T13:34:01.965+0000] {taskmixin.py:211} WARNING - Dependency <Task(BashOperator): create_tag>, delete_tag already registered for DAG: example_complex
[2023-03-19T13:34:01.966+0000] {logging_mixin.py:137} INFO - [2023-03-19T13:34:01.966+0000] {taskmixin.py:211} WARNING - Dependency <Task(BashOperator): delete_tag>, create_tag already registered for DAG: example_complex
[2023-03-19T13:34:01.970+0000] {processor.py:753} INFO - DAG(s) dict_keys(['example_complex']) retrieved from /home/airflow/.local/lib/python3.7/site-packages/airflow/example_dags/example_complex.py
[2023-03-19T13:34:01.991+0000] {logging_mixin.py:137} INFO - [2023-03-19T13:34:01.991+0000] {dag.py:2693} INFO - Sync 1 DAGs
[2023-03-19T13:34:02.005+0000] {logging_mixin.py:137} INFO - [2023-03-19T13:34:02.005+0000] {dag.py:3444} INFO - Setting next_dagrun for example_complex to None, run_after=None
[2023-03-19T13:34:02.014+0000] {processor.py:175} INFO - Processing /home/airflow/.local/lib/python3.7/site-packages/airflow/example_dags/example_complex.py took 0.061 seconds
[2023-03-19T13:34:32.326+0000] {processor.py:153} INFO - Started process (PID=211) to work on /home/airflow/.local/lib/python3.7/site-packages/airflow/example_dags/example_complex.py
[2023-03-19T13:34:32.327+0000] {processor.py:743} INFO - Processing file /home/airflow/.local/lib/python3.7/site-packages/airflow/example_dags/example_complex.py for tasks to queue
[2023-03-19T13:34:32.328+0000] {logging_mixin.py:137} INFO - [2023-03-19T13:34:32.328+0000] {dagbag.py:532} INFO - Filling up the DagBag from /home/airflow/.local/lib/python3.7/site-packages/airflow/example_dags/example_complex.py
[2023-03-19T13:34:32.337+0000] {logging_mixin.py:137} INFO - [2023-03-19T13:34:32.337+0000] {taskmixin.py:211} WARNING - Dependency <Task(BashOperator): create_entry_group>, delete_entry_group already registered for DAG: example_complex
[2023-03-19T13:34:32.337+0000] {logging_mixin.py:137} INFO - [2023-03-19T13:34:32.337+0000] {taskmixin.py:211} WARNING - Dependency <Task(BashOperator): delete_entry_group>, create_entry_group already registered for DAG: example_complex
[2023-03-19T13:34:32.338+0000] {logging_mixin.py:137} INFO - [2023-03-19T13:34:32.338+0000] {taskmixin.py:211} WARNING - Dependency <Task(BashOperator): create_entry_gcs>, delete_entry already registered for DAG: example_complex
[2023-03-19T13:34:32.338+0000] {logging_mixin.py:137} INFO - [2023-03-19T13:34:32.338+0000] {taskmixin.py:211} WARNING - Dependency <Task(BashOperator): delete_entry>, create_entry_gcs already registered for DAG: example_complex
[2023-03-19T13:34:32.339+0000] {logging_mixin.py:137} INFO - [2023-03-19T13:34:32.339+0000] {taskmixin.py:211} WARNING - Dependency <Task(BashOperator): create_tag>, delete_tag already registered for DAG: example_complex
[2023-03-19T13:34:32.339+0000] {logging_mixin.py:137} INFO - [2023-03-19T13:34:32.339+0000] {taskmixin.py:211} WARNING - Dependency <Task(BashOperator): delete_tag>, create_tag already registered for DAG: example_complex
[2023-03-19T13:34:32.344+0000] {processor.py:753} INFO - DAG(s) dict_keys(['example_complex']) retrieved from /home/airflow/.local/lib/python3.7/site-packages/airflow/example_dags/example_complex.py
[2023-03-19T13:34:32.367+0000] {logging_mixin.py:137} INFO - [2023-03-19T13:34:32.367+0000] {dag.py:2693} INFO - Sync 1 DAGs
[2023-03-19T13:34:32.403+0000] {logging_mixin.py:137} INFO - [2023-03-19T13:34:32.403+0000] {dag.py:3444} INFO - Setting next_dagrun for example_complex to None, run_after=None
[2023-03-19T13:34:32.416+0000] {processor.py:175} INFO - Processing /home/airflow/.local/lib/python3.7/site-packages/airflow/example_dags/example_complex.py took 0.094 seconds
[2023-03-19T13:35:03.059+0000] {processor.py:153} INFO - Started process (PID=260) to work on /home/airflow/.local/lib/python3.7/site-packages/airflow/example_dags/example_complex.py
[2023-03-19T13:35:03.060+0000] {processor.py:743} INFO - Processing file /home/airflow/.local/lib/python3.7/site-packages/airflow/example_dags/example_complex.py for tasks to queue
[2023-03-19T13:35:03.060+0000] {logging_mixin.py:137} INFO - [2023-03-19T13:35:03.060+0000] {dagbag.py:532} INFO - Filling up the DagBag from /home/airflow/.local/lib/python3.7/site-packages/airflow/example_dags/example_complex.py
[2023-03-19T13:35:03.068+0000] {logging_mixin.py:137} INFO - [2023-03-19T13:35:03.068+0000] {taskmixin.py:211} WARNING - Dependency <Task(BashOperator): create_entry_group>, delete_entry_group already registered for DAG: example_complex
[2023-03-19T13:35:03.068+0000] {logging_mixin.py:137} INFO - [2023-03-19T13:35:03.068+0000] {taskmixin.py:211} WARNING - Dependency <Task(BashOperator): delete_entry_group>, create_entry_group already registered for DAG: example_complex
[2023-03-19T13:35:03.069+0000] {logging_mixin.py:137} INFO - [2023-03-19T13:35:03.069+0000] {taskmixin.py:211} WARNING - Dependency <Task(BashOperator): create_entry_gcs>, delete_entry already registered for DAG: example_complex
[2023-03-19T13:35:03.069+0000] {logging_mixin.py:137} INFO - [2023-03-19T13:35:03.069+0000] {taskmixin.py:211} WARNING - Dependency <Task(BashOperator): delete_entry>, create_entry_gcs already registered for DAG: example_complex
[2023-03-19T13:35:03.069+0000] {logging_mixin.py:137} INFO - [2023-03-19T13:35:03.069+0000] {taskmixin.py:211} WARNING - Dependency <Task(BashOperator): create_tag>, delete_tag already registered for DAG: example_complex
[2023-03-19T13:35:03.070+0000] {logging_mixin.py:137} INFO - [2023-03-19T13:35:03.070+0000] {taskmixin.py:211} WARNING - Dependency <Task(BashOperator): delete_tag>, create_tag already registered for DAG: example_complex
[2023-03-19T13:35:03.074+0000] {processor.py:753} INFO - DAG(s) dict_keys(['example_complex']) retrieved from /home/airflow/.local/lib/python3.7/site-packages/airflow/example_dags/example_complex.py
[2023-03-19T13:35:03.097+0000] {logging_mixin.py:137} INFO - [2023-03-19T13:35:03.097+0000] {dag.py:2693} INFO - Sync 1 DAGs
[2023-03-19T13:35:03.112+0000] {logging_mixin.py:137} INFO - [2023-03-19T13:35:03.112+0000] {dag.py:3444} INFO - Setting next_dagrun for example_complex to None, run_after=None
[2023-03-19T13:35:03.122+0000] {processor.py:175} INFO - Processing /home/airflow/.local/lib/python3.7/site-packages/airflow/example_dags/example_complex.py took 0.066 seconds
[2023-03-19T13:35:33.242+0000] {processor.py:153} INFO - Started process (PID=308) to work on /home/airflow/.local/lib/python3.7/site-packages/airflow/example_dags/example_complex.py
[2023-03-19T13:35:33.243+0000] {processor.py:743} INFO - Processing file /home/airflow/.local/lib/python3.7/site-packages/airflow/example_dags/example_complex.py for tasks to queue
[2023-03-19T13:35:33.243+0000] {logging_mixin.py:137} INFO - [2023-03-19T13:35:33.243+0000] {dagbag.py:532} INFO - Filling up the DagBag from /home/airflow/.local/lib/python3.7/site-packages/airflow/example_dags/example_complex.py
[2023-03-19T13:35:33.251+0000] {logging_mixin.py:137} INFO - [2023-03-19T13:35:33.250+0000] {taskmixin.py:211} WARNING - Dependency <Task(BashOperator): create_entry_group>, delete_entry_group already registered for DAG: example_complex
[2023-03-19T13:35:33.251+0000] {logging_mixin.py:137} INFO - [2023-03-19T13:35:33.251+0000] {taskmixin.py:211} WARNING - Dependency <Task(BashOperator): delete_entry_group>, create_entry_group already registered for DAG: example_complex
[2023-03-19T13:35:33.251+0000] {logging_mixin.py:137} INFO - [2023-03-19T13:35:33.251+0000] {taskmixin.py:211} WARNING - Dependency <Task(BashOperator): create_entry_gcs>, delete_entry already registered for DAG: example_complex
[2023-03-19T13:35:33.252+0000] {logging_mixin.py:137} INFO - [2023-03-19T13:35:33.252+0000] {taskmixin.py:211} WARNING - Dependency <Task(BashOperator): delete_entry>, create_entry_gcs already registered for DAG: example_complex
[2023-03-19T13:35:33.252+0000] {logging_mixin.py:137} INFO - [2023-03-19T13:35:33.252+0000] {taskmixin.py:211} WARNING - Dependency <Task(BashOperator): create_tag>, delete_tag already registered for DAG: example_complex
[2023-03-19T13:35:33.252+0000] {logging_mixin.py:137} INFO - [2023-03-19T13:35:33.252+0000] {taskmixin.py:211} WARNING - Dependency <Task(BashOperator): delete_tag>, create_tag already registered for DAG: example_complex
[2023-03-19T13:35:33.256+0000] {processor.py:753} INFO - DAG(s) dict_keys(['example_complex']) retrieved from /home/airflow/.local/lib/python3.7/site-packages/airflow/example_dags/example_complex.py
[2023-03-19T13:35:33.278+0000] {logging_mixin.py:137} INFO - [2023-03-19T13:35:33.278+0000] {dag.py:2693} INFO - Sync 1 DAGs
[2023-03-19T13:35:33.293+0000] {logging_mixin.py:137} INFO - [2023-03-19T13:35:33.293+0000] {dag.py:3444} INFO - Setting next_dagrun for example_complex to None, run_after=None
[2023-03-19T13:35:33.302+0000] {processor.py:175} INFO - Processing /home/airflow/.local/lib/python3.7/site-packages/airflow/example_dags/example_complex.py took 0.062 seconds
[2023-03-19T14:05:54.178+0000] {processor.py:153} INFO - Started process (PID=63) to work on /home/airflow/.local/lib/python3.7/site-packages/airflow/example_dags/example_complex.py
[2023-03-19T14:05:54.180+0000] {processor.py:743} INFO - Processing file /home/airflow/.local/lib/python3.7/site-packages/airflow/example_dags/example_complex.py for tasks to queue
[2023-03-19T14:05:54.181+0000] {logging_mixin.py:137} INFO - [2023-03-19T14:05:54.181+0000] {dagbag.py:532} INFO - Filling up the DagBag from /home/airflow/.local/lib/python3.7/site-packages/airflow/example_dags/example_complex.py
[2023-03-19T14:05:54.190+0000] {logging_mixin.py:137} INFO - [2023-03-19T14:05:54.190+0000] {taskmixin.py:211} WARNING - Dependency <Task(BashOperator): create_entry_group>, delete_entry_group already registered for DAG: example_complex
[2023-03-19T14:05:54.190+0000] {logging_mixin.py:137} INFO - [2023-03-19T14:05:54.190+0000] {taskmixin.py:211} WARNING - Dependency <Task(BashOperator): delete_entry_group>, create_entry_group already registered for DAG: example_complex
[2023-03-19T14:05:54.191+0000] {logging_mixin.py:137} INFO - [2023-03-19T14:05:54.191+0000] {taskmixin.py:211} WARNING - Dependency <Task(BashOperator): create_entry_gcs>, delete_entry already registered for DAG: example_complex
[2023-03-19T14:05:54.191+0000] {logging_mixin.py:137} INFO - [2023-03-19T14:05:54.191+0000] {taskmixin.py:211} WARNING - Dependency <Task(BashOperator): delete_entry>, create_entry_gcs already registered for DAG: example_complex
[2023-03-19T14:05:54.192+0000] {logging_mixin.py:137} INFO - [2023-03-19T14:05:54.192+0000] {taskmixin.py:211} WARNING - Dependency <Task(BashOperator): create_tag>, delete_tag already registered for DAG: example_complex
[2023-03-19T14:05:54.192+0000] {logging_mixin.py:137} INFO - [2023-03-19T14:05:54.192+0000] {taskmixin.py:211} WARNING - Dependency <Task(BashOperator): delete_tag>, create_tag already registered for DAG: example_complex
[2023-03-19T14:05:54.205+0000] {processor.py:753} INFO - DAG(s) dict_keys(['example_complex']) retrieved from /home/airflow/.local/lib/python3.7/site-packages/airflow/example_dags/example_complex.py
[2023-03-19T14:05:54.229+0000] {logging_mixin.py:137} INFO - [2023-03-19T14:05:54.229+0000] {dag.py:2693} INFO - Sync 1 DAGs
[2023-03-19T14:05:54.250+0000] {logging_mixin.py:137} INFO - [2023-03-19T14:05:54.250+0000] {dag.py:3444} INFO - Setting next_dagrun for example_complex to None, run_after=None
[2023-03-19T14:05:54.263+0000] {processor.py:175} INFO - Processing /home/airflow/.local/lib/python3.7/site-packages/airflow/example_dags/example_complex.py took 0.088 seconds
[2023-03-19T14:06:24.959+0000] {processor.py:153} INFO - Started process (PID=112) to work on /home/airflow/.local/lib/python3.7/site-packages/airflow/example_dags/example_complex.py
[2023-03-19T14:06:24.960+0000] {processor.py:743} INFO - Processing file /home/airflow/.local/lib/python3.7/site-packages/airflow/example_dags/example_complex.py for tasks to queue
[2023-03-19T14:06:24.960+0000] {logging_mixin.py:137} INFO - [2023-03-19T14:06:24.960+0000] {dagbag.py:532} INFO - Filling up the DagBag from /home/airflow/.local/lib/python3.7/site-packages/airflow/example_dags/example_complex.py
[2023-03-19T14:06:24.968+0000] {logging_mixin.py:137} INFO - [2023-03-19T14:06:24.968+0000] {taskmixin.py:211} WARNING - Dependency <Task(BashOperator): create_entry_group>, delete_entry_group already registered for DAG: example_complex
[2023-03-19T14:06:24.969+0000] {logging_mixin.py:137} INFO - [2023-03-19T14:06:24.969+0000] {taskmixin.py:211} WARNING - Dependency <Task(BashOperator): delete_entry_group>, create_entry_group already registered for DAG: example_complex
[2023-03-19T14:06:24.969+0000] {logging_mixin.py:137} INFO - [2023-03-19T14:06:24.969+0000] {taskmixin.py:211} WARNING - Dependency <Task(BashOperator): create_entry_gcs>, delete_entry already registered for DAG: example_complex
[2023-03-19T14:06:24.969+0000] {logging_mixin.py:137} INFO - [2023-03-19T14:06:24.969+0000] {taskmixin.py:211} WARNING - Dependency <Task(BashOperator): delete_entry>, create_entry_gcs already registered for DAG: example_complex
[2023-03-19T14:06:24.970+0000] {logging_mixin.py:137} INFO - [2023-03-19T14:06:24.970+0000] {taskmixin.py:211} WARNING - Dependency <Task(BashOperator): create_tag>, delete_tag already registered for DAG: example_complex
[2023-03-19T14:06:24.970+0000] {logging_mixin.py:137} INFO - [2023-03-19T14:06:24.970+0000] {taskmixin.py:211} WARNING - Dependency <Task(BashOperator): delete_tag>, create_tag already registered for DAG: example_complex
[2023-03-19T14:06:24.975+0000] {processor.py:753} INFO - DAG(s) dict_keys(['example_complex']) retrieved from /home/airflow/.local/lib/python3.7/site-packages/airflow/example_dags/example_complex.py
[2023-03-19T14:06:25.009+0000] {logging_mixin.py:137} INFO - [2023-03-19T14:06:25.009+0000] {dag.py:2693} INFO - Sync 1 DAGs
[2023-03-19T14:06:25.024+0000] {logging_mixin.py:137} INFO - [2023-03-19T14:06:25.024+0000] {dag.py:3444} INFO - Setting next_dagrun for example_complex to None, run_after=None
[2023-03-19T14:06:25.035+0000] {processor.py:175} INFO - Processing /home/airflow/.local/lib/python3.7/site-packages/airflow/example_dags/example_complex.py took 0.079 seconds
[2023-03-19T14:06:55.258+0000] {processor.py:153} INFO - Started process (PID=161) to work on /home/airflow/.local/lib/python3.7/site-packages/airflow/example_dags/example_complex.py
[2023-03-19T14:06:55.259+0000] {processor.py:743} INFO - Processing file /home/airflow/.local/lib/python3.7/site-packages/airflow/example_dags/example_complex.py for tasks to queue
[2023-03-19T14:06:55.260+0000] {logging_mixin.py:137} INFO - [2023-03-19T14:06:55.260+0000] {dagbag.py:532} INFO - Filling up the DagBag from /home/airflow/.local/lib/python3.7/site-packages/airflow/example_dags/example_complex.py
[2023-03-19T14:06:55.267+0000] {logging_mixin.py:137} INFO - [2023-03-19T14:06:55.267+0000] {taskmixin.py:211} WARNING - Dependency <Task(BashOperator): create_entry_group>, delete_entry_group already registered for DAG: example_complex
[2023-03-19T14:06:55.268+0000] {logging_mixin.py:137} INFO - [2023-03-19T14:06:55.268+0000] {taskmixin.py:211} WARNING - Dependency <Task(BashOperator): delete_entry_group>, create_entry_group already registered for DAG: example_complex
[2023-03-19T14:06:55.268+0000] {logging_mixin.py:137} INFO - [2023-03-19T14:06:55.268+0000] {taskmixin.py:211} WARNING - Dependency <Task(BashOperator): create_entry_gcs>, delete_entry already registered for DAG: example_complex
[2023-03-19T14:06:55.268+0000] {logging_mixin.py:137} INFO - [2023-03-19T14:06:55.268+0000] {taskmixin.py:211} WARNING - Dependency <Task(BashOperator): delete_entry>, create_entry_gcs already registered for DAG: example_complex
[2023-03-19T14:06:55.269+0000] {logging_mixin.py:137} INFO - [2023-03-19T14:06:55.269+0000] {taskmixin.py:211} WARNING - Dependency <Task(BashOperator): create_tag>, delete_tag already registered for DAG: example_complex
[2023-03-19T14:06:55.270+0000] {logging_mixin.py:137} INFO - [2023-03-19T14:06:55.270+0000] {taskmixin.py:211} WARNING - Dependency <Task(BashOperator): delete_tag>, create_tag already registered for DAG: example_complex
[2023-03-19T14:06:55.274+0000] {processor.py:753} INFO - DAG(s) dict_keys(['example_complex']) retrieved from /home/airflow/.local/lib/python3.7/site-packages/airflow/example_dags/example_complex.py
[2023-03-19T14:06:55.297+0000] {logging_mixin.py:137} INFO - [2023-03-19T14:06:55.297+0000] {dag.py:2693} INFO - Sync 1 DAGs
[2023-03-19T14:06:55.311+0000] {logging_mixin.py:137} INFO - [2023-03-19T14:06:55.311+0000] {dag.py:3444} INFO - Setting next_dagrun for example_complex to None, run_after=None
[2023-03-19T14:06:55.320+0000] {processor.py:175} INFO - Processing /home/airflow/.local/lib/python3.7/site-packages/airflow/example_dags/example_complex.py took 0.065 seconds
[2023-03-19T14:07:25.779+0000] {processor.py:153} INFO - Started process (PID=210) to work on /home/airflow/.local/lib/python3.7/site-packages/airflow/example_dags/example_complex.py
[2023-03-19T14:07:25.781+0000] {processor.py:743} INFO - Processing file /home/airflow/.local/lib/python3.7/site-packages/airflow/example_dags/example_complex.py for tasks to queue
[2023-03-19T14:07:25.782+0000] {logging_mixin.py:137} INFO - [2023-03-19T14:07:25.782+0000] {dagbag.py:532} INFO - Filling up the DagBag from /home/airflow/.local/lib/python3.7/site-packages/airflow/example_dags/example_complex.py
[2023-03-19T14:07:25.792+0000] {logging_mixin.py:137} INFO - [2023-03-19T14:07:25.792+0000] {taskmixin.py:211} WARNING - Dependency <Task(BashOperator): create_entry_group>, delete_entry_group already registered for DAG: example_complex
[2023-03-19T14:07:25.793+0000] {logging_mixin.py:137} INFO - [2023-03-19T14:07:25.793+0000] {taskmixin.py:211} WARNING - Dependency <Task(BashOperator): delete_entry_group>, create_entry_group already registered for DAG: example_complex
[2023-03-19T14:07:25.794+0000] {logging_mixin.py:137} INFO - [2023-03-19T14:07:25.794+0000] {taskmixin.py:211} WARNING - Dependency <Task(BashOperator): create_entry_gcs>, delete_entry already registered for DAG: example_complex
[2023-03-19T14:07:25.794+0000] {logging_mixin.py:137} INFO - [2023-03-19T14:07:25.794+0000] {taskmixin.py:211} WARNING - Dependency <Task(BashOperator): delete_entry>, create_entry_gcs already registered for DAG: example_complex
[2023-03-19T14:07:25.795+0000] {logging_mixin.py:137} INFO - [2023-03-19T14:07:25.795+0000] {taskmixin.py:211} WARNING - Dependency <Task(BashOperator): create_tag>, delete_tag already registered for DAG: example_complex
[2023-03-19T14:07:25.796+0000] {logging_mixin.py:137} INFO - [2023-03-19T14:07:25.795+0000] {taskmixin.py:211} WARNING - Dependency <Task(BashOperator): delete_tag>, create_tag already registered for DAG: example_complex
[2023-03-19T14:07:25.803+0000] {processor.py:753} INFO - DAG(s) dict_keys(['example_complex']) retrieved from /home/airflow/.local/lib/python3.7/site-packages/airflow/example_dags/example_complex.py
[2023-03-19T14:07:25.827+0000] {logging_mixin.py:137} INFO - [2023-03-19T14:07:25.827+0000] {dag.py:2693} INFO - Sync 1 DAGs
[2023-03-19T14:07:25.841+0000] {logging_mixin.py:137} INFO - [2023-03-19T14:07:25.841+0000] {dag.py:3444} INFO - Setting next_dagrun for example_complex to None, run_after=None
[2023-03-19T14:07:25.851+0000] {processor.py:175} INFO - Processing /home/airflow/.local/lib/python3.7/site-packages/airflow/example_dags/example_complex.py took 0.076 seconds
[2023-03-19T14:07:56.120+0000] {processor.py:153} INFO - Started process (PID=259) to work on /home/airflow/.local/lib/python3.7/site-packages/airflow/example_dags/example_complex.py
[2023-03-19T14:07:56.121+0000] {processor.py:743} INFO - Processing file /home/airflow/.local/lib/python3.7/site-packages/airflow/example_dags/example_complex.py for tasks to queue
[2023-03-19T14:07:56.121+0000] {logging_mixin.py:137} INFO - [2023-03-19T14:07:56.121+0000] {dagbag.py:532} INFO - Filling up the DagBag from /home/airflow/.local/lib/python3.7/site-packages/airflow/example_dags/example_complex.py
[2023-03-19T14:07:56.128+0000] {logging_mixin.py:137} INFO - [2023-03-19T14:07:56.128+0000] {taskmixin.py:211} WARNING - Dependency <Task(BashOperator): create_entry_group>, delete_entry_group already registered for DAG: example_complex
[2023-03-19T14:07:56.129+0000] {logging_mixin.py:137} INFO - [2023-03-19T14:07:56.129+0000] {taskmixin.py:211} WARNING - Dependency <Task(BashOperator): delete_entry_group>, create_entry_group already registered for DAG: example_complex
[2023-03-19T14:07:56.129+0000] {logging_mixin.py:137} INFO - [2023-03-19T14:07:56.129+0000] {taskmixin.py:211} WARNING - Dependency <Task(BashOperator): create_entry_gcs>, delete_entry already registered for DAG: example_complex
[2023-03-19T14:07:56.130+0000] {logging_mixin.py:137} INFO - [2023-03-19T14:07:56.130+0000] {taskmixin.py:211} WARNING - Dependency <Task(BashOperator): delete_entry>, create_entry_gcs already registered for DAG: example_complex
[2023-03-19T14:07:56.130+0000] {logging_mixin.py:137} INFO - [2023-03-19T14:07:56.130+0000] {taskmixin.py:211} WARNING - Dependency <Task(BashOperator): create_tag>, delete_tag already registered for DAG: example_complex
[2023-03-19T14:07:56.130+0000] {logging_mixin.py:137} INFO - [2023-03-19T14:07:56.130+0000] {taskmixin.py:211} WARNING - Dependency <Task(BashOperator): delete_tag>, create_tag already registered for DAG: example_complex
[2023-03-19T14:07:56.135+0000] {processor.py:753} INFO - DAG(s) dict_keys(['example_complex']) retrieved from /home/airflow/.local/lib/python3.7/site-packages/airflow/example_dags/example_complex.py
[2023-03-19T14:07:56.157+0000] {logging_mixin.py:137} INFO - [2023-03-19T14:07:56.157+0000] {dag.py:2693} INFO - Sync 1 DAGs
[2023-03-19T14:07:56.171+0000] {logging_mixin.py:137} INFO - [2023-03-19T14:07:56.171+0000] {dag.py:3444} INFO - Setting next_dagrun for example_complex to None, run_after=None
[2023-03-19T14:07:56.180+0000] {processor.py:175} INFO - Processing /home/airflow/.local/lib/python3.7/site-packages/airflow/example_dags/example_complex.py took 0.063 seconds
[2023-03-19T14:08:26.911+0000] {processor.py:153} INFO - Started process (PID=309) to work on /home/airflow/.local/lib/python3.7/site-packages/airflow/example_dags/example_complex.py
[2023-03-19T14:08:26.912+0000] {processor.py:743} INFO - Processing file /home/airflow/.local/lib/python3.7/site-packages/airflow/example_dags/example_complex.py for tasks to queue
[2023-03-19T14:08:26.913+0000] {logging_mixin.py:137} INFO - [2023-03-19T14:08:26.913+0000] {dagbag.py:532} INFO - Filling up the DagBag from /home/airflow/.local/lib/python3.7/site-packages/airflow/example_dags/example_complex.py
[2023-03-19T14:08:26.920+0000] {logging_mixin.py:137} INFO - [2023-03-19T14:08:26.920+0000] {taskmixin.py:211} WARNING - Dependency <Task(BashOperator): create_entry_group>, delete_entry_group already registered for DAG: example_complex
[2023-03-19T14:08:26.920+0000] {logging_mixin.py:137} INFO - [2023-03-19T14:08:26.920+0000] {taskmixin.py:211} WARNING - Dependency <Task(BashOperator): delete_entry_group>, create_entry_group already registered for DAG: example_complex
[2023-03-19T14:08:26.921+0000] {logging_mixin.py:137} INFO - [2023-03-19T14:08:26.921+0000] {taskmixin.py:211} WARNING - Dependency <Task(BashOperator): create_entry_gcs>, delete_entry already registered for DAG: example_complex
[2023-03-19T14:08:26.921+0000] {logging_mixin.py:137} INFO - [2023-03-19T14:08:26.921+0000] {taskmixin.py:211} WARNING - Dependency <Task(BashOperator): delete_entry>, create_entry_gcs already registered for DAG: example_complex
[2023-03-19T14:08:26.921+0000] {logging_mixin.py:137} INFO - [2023-03-19T14:08:26.921+0000] {taskmixin.py:211} WARNING - Dependency <Task(BashOperator): create_tag>, delete_tag already registered for DAG: example_complex
[2023-03-19T14:08:26.922+0000] {logging_mixin.py:137} INFO - [2023-03-19T14:08:26.922+0000] {taskmixin.py:211} WARNING - Dependency <Task(BashOperator): delete_tag>, create_tag already registered for DAG: example_complex
[2023-03-19T14:08:26.926+0000] {processor.py:753} INFO - DAG(s) dict_keys(['example_complex']) retrieved from /home/airflow/.local/lib/python3.7/site-packages/airflow/example_dags/example_complex.py
[2023-03-19T14:08:26.949+0000] {logging_mixin.py:137} INFO - [2023-03-19T14:08:26.949+0000] {dag.py:2693} INFO - Sync 1 DAGs
[2023-03-19T14:08:26.962+0000] {logging_mixin.py:137} INFO - [2023-03-19T14:08:26.962+0000] {dag.py:3444} INFO - Setting next_dagrun for example_complex to None, run_after=None
[2023-03-19T14:08:26.971+0000] {processor.py:175} INFO - Processing /home/airflow/.local/lib/python3.7/site-packages/airflow/example_dags/example_complex.py took 0.063 seconds
[2023-03-19T14:09:11.309+0000] {processor.py:153} INFO - Started process (PID=62) to work on /home/airflow/.local/lib/python3.7/site-packages/airflow/example_dags/example_complex.py
[2023-03-19T14:09:11.310+0000] {processor.py:743} INFO - Processing file /home/airflow/.local/lib/python3.7/site-packages/airflow/example_dags/example_complex.py for tasks to queue
[2023-03-19T14:09:11.310+0000] {logging_mixin.py:137} INFO - [2023-03-19T14:09:11.310+0000] {dagbag.py:532} INFO - Filling up the DagBag from /home/airflow/.local/lib/python3.7/site-packages/airflow/example_dags/example_complex.py
[2023-03-19T14:09:11.318+0000] {logging_mixin.py:137} INFO - [2023-03-19T14:09:11.318+0000] {taskmixin.py:211} WARNING - Dependency <Task(BashOperator): create_entry_group>, delete_entry_group already registered for DAG: example_complex
[2023-03-19T14:09:11.318+0000] {logging_mixin.py:137} INFO - [2023-03-19T14:09:11.318+0000] {taskmixin.py:211} WARNING - Dependency <Task(BashOperator): delete_entry_group>, create_entry_group already registered for DAG: example_complex
[2023-03-19T14:09:11.319+0000] {logging_mixin.py:137} INFO - [2023-03-19T14:09:11.319+0000] {taskmixin.py:211} WARNING - Dependency <Task(BashOperator): create_entry_gcs>, delete_entry already registered for DAG: example_complex
[2023-03-19T14:09:11.320+0000] {logging_mixin.py:137} INFO - [2023-03-19T14:09:11.320+0000] {taskmixin.py:211} WARNING - Dependency <Task(BashOperator): delete_entry>, create_entry_gcs already registered for DAG: example_complex
[2023-03-19T14:09:11.320+0000] {logging_mixin.py:137} INFO - [2023-03-19T14:09:11.320+0000] {taskmixin.py:211} WARNING - Dependency <Task(BashOperator): create_tag>, delete_tag already registered for DAG: example_complex
[2023-03-19T14:09:11.321+0000] {logging_mixin.py:137} INFO - [2023-03-19T14:09:11.321+0000] {taskmixin.py:211} WARNING - Dependency <Task(BashOperator): delete_tag>, create_tag already registered for DAG: example_complex
[2023-03-19T14:09:11.325+0000] {processor.py:753} INFO - DAG(s) dict_keys(['example_complex']) retrieved from /home/airflow/.local/lib/python3.7/site-packages/airflow/example_dags/example_complex.py
[2023-03-19T14:09:11.336+0000] {logging_mixin.py:137} INFO - [2023-03-19T14:09:11.336+0000] {dag.py:2693} INFO - Sync 1 DAGs
[2023-03-19T14:09:11.352+0000] {logging_mixin.py:137} INFO - [2023-03-19T14:09:11.352+0000] {dag.py:3444} INFO - Setting next_dagrun for example_complex to None, run_after=None
[2023-03-19T14:09:11.363+0000] {processor.py:175} INFO - Processing /home/airflow/.local/lib/python3.7/site-packages/airflow/example_dags/example_complex.py took 0.056 seconds
[2023-03-19T14:09:42.214+0000] {processor.py:153} INFO - Started process (PID=111) to work on /home/airflow/.local/lib/python3.7/site-packages/airflow/example_dags/example_complex.py
[2023-03-19T14:09:42.215+0000] {processor.py:743} INFO - Processing file /home/airflow/.local/lib/python3.7/site-packages/airflow/example_dags/example_complex.py for tasks to queue
[2023-03-19T14:09:42.215+0000] {logging_mixin.py:137} INFO - [2023-03-19T14:09:42.215+0000] {dagbag.py:532} INFO - Filling up the DagBag from /home/airflow/.local/lib/python3.7/site-packages/airflow/example_dags/example_complex.py
[2023-03-19T14:09:42.223+0000] {logging_mixin.py:137} INFO - [2023-03-19T14:09:42.223+0000] {taskmixin.py:211} WARNING - Dependency <Task(BashOperator): create_entry_group>, delete_entry_group already registered for DAG: example_complex
[2023-03-19T14:09:42.223+0000] {logging_mixin.py:137} INFO - [2023-03-19T14:09:42.223+0000] {taskmixin.py:211} WARNING - Dependency <Task(BashOperator): delete_entry_group>, create_entry_group already registered for DAG: example_complex
[2023-03-19T14:09:42.224+0000] {logging_mixin.py:137} INFO - [2023-03-19T14:09:42.224+0000] {taskmixin.py:211} WARNING - Dependency <Task(BashOperator): create_entry_gcs>, delete_entry already registered for DAG: example_complex
[2023-03-19T14:09:42.224+0000] {logging_mixin.py:137} INFO - [2023-03-19T14:09:42.224+0000] {taskmixin.py:211} WARNING - Dependency <Task(BashOperator): delete_entry>, create_entry_gcs already registered for DAG: example_complex
[2023-03-19T14:09:42.225+0000] {logging_mixin.py:137} INFO - [2023-03-19T14:09:42.225+0000] {taskmixin.py:211} WARNING - Dependency <Task(BashOperator): create_tag>, delete_tag already registered for DAG: example_complex
[2023-03-19T14:09:42.225+0000] {logging_mixin.py:137} INFO - [2023-03-19T14:09:42.225+0000] {taskmixin.py:211} WARNING - Dependency <Task(BashOperator): delete_tag>, create_tag already registered for DAG: example_complex
[2023-03-19T14:09:42.230+0000] {processor.py:753} INFO - DAG(s) dict_keys(['example_complex']) retrieved from /home/airflow/.local/lib/python3.7/site-packages/airflow/example_dags/example_complex.py
[2023-03-19T14:09:42.258+0000] {logging_mixin.py:137} INFO - [2023-03-19T14:09:42.257+0000] {dag.py:2693} INFO - Sync 1 DAGs
[2023-03-19T14:09:42.274+0000] {logging_mixin.py:137} INFO - [2023-03-19T14:09:42.274+0000] {dag.py:3444} INFO - Setting next_dagrun for example_complex to None, run_after=None
[2023-03-19T14:09:42.292+0000] {processor.py:175} INFO - Processing /home/airflow/.local/lib/python3.7/site-packages/airflow/example_dags/example_complex.py took 0.082 seconds
[2023-03-19T14:10:13.241+0000] {processor.py:153} INFO - Started process (PID=159) to work on /home/airflow/.local/lib/python3.7/site-packages/airflow/example_dags/example_complex.py
[2023-03-19T14:10:13.244+0000] {processor.py:743} INFO - Processing file /home/airflow/.local/lib/python3.7/site-packages/airflow/example_dags/example_complex.py for tasks to queue
[2023-03-19T14:10:13.246+0000] {logging_mixin.py:137} INFO - [2023-03-19T14:10:13.246+0000] {dagbag.py:532} INFO - Filling up the DagBag from /home/airflow/.local/lib/python3.7/site-packages/airflow/example_dags/example_complex.py
[2023-03-19T14:10:13.255+0000] {logging_mixin.py:137} INFO - [2023-03-19T14:10:13.255+0000] {taskmixin.py:211} WARNING - Dependency <Task(BashOperator): create_entry_group>, delete_entry_group already registered for DAG: example_complex
[2023-03-19T14:10:13.257+0000] {logging_mixin.py:137} INFO - [2023-03-19T14:10:13.257+0000] {taskmixin.py:211} WARNING - Dependency <Task(BashOperator): delete_entry_group>, create_entry_group already registered for DAG: example_complex
[2023-03-19T14:10:13.259+0000] {logging_mixin.py:137} INFO - [2023-03-19T14:10:13.258+0000] {taskmixin.py:211} WARNING - Dependency <Task(BashOperator): create_entry_gcs>, delete_entry already registered for DAG: example_complex
[2023-03-19T14:10:13.260+0000] {logging_mixin.py:137} INFO - [2023-03-19T14:10:13.260+0000] {taskmixin.py:211} WARNING - Dependency <Task(BashOperator): delete_entry>, create_entry_gcs already registered for DAG: example_complex
[2023-03-19T14:10:13.261+0000] {logging_mixin.py:137} INFO - [2023-03-19T14:10:13.261+0000] {taskmixin.py:211} WARNING - Dependency <Task(BashOperator): create_tag>, delete_tag already registered for DAG: example_complex
[2023-03-19T14:10:13.261+0000] {logging_mixin.py:137} INFO - [2023-03-19T14:10:13.261+0000] {taskmixin.py:211} WARNING - Dependency <Task(BashOperator): delete_tag>, create_tag already registered for DAG: example_complex
[2023-03-19T14:10:13.268+0000] {processor.py:753} INFO - DAG(s) dict_keys(['example_complex']) retrieved from /home/airflow/.local/lib/python3.7/site-packages/airflow/example_dags/example_complex.py
[2023-03-19T14:10:13.300+0000] {logging_mixin.py:137} INFO - [2023-03-19T14:10:13.300+0000] {dag.py:2693} INFO - Sync 1 DAGs
[2023-03-19T14:10:13.328+0000] {logging_mixin.py:137} INFO - [2023-03-19T14:10:13.328+0000] {dag.py:3444} INFO - Setting next_dagrun for example_complex to None, run_after=None
[2023-03-19T14:10:13.363+0000] {processor.py:175} INFO - Processing /home/airflow/.local/lib/python3.7/site-packages/airflow/example_dags/example_complex.py took 0.128 seconds
[2023-03-19T14:10:43.741+0000] {processor.py:153} INFO - Started process (PID=208) to work on /home/airflow/.local/lib/python3.7/site-packages/airflow/example_dags/example_complex.py
[2023-03-19T14:10:43.742+0000] {processor.py:743} INFO - Processing file /home/airflow/.local/lib/python3.7/site-packages/airflow/example_dags/example_complex.py for tasks to queue
[2023-03-19T14:10:43.743+0000] {logging_mixin.py:137} INFO - [2023-03-19T14:10:43.743+0000] {dagbag.py:532} INFO - Filling up the DagBag from /home/airflow/.local/lib/python3.7/site-packages/airflow/example_dags/example_complex.py
[2023-03-19T14:10:43.750+0000] {logging_mixin.py:137} INFO - [2023-03-19T14:10:43.750+0000] {taskmixin.py:211} WARNING - Dependency <Task(BashOperator): create_entry_group>, delete_entry_group already registered for DAG: example_complex
[2023-03-19T14:10:43.751+0000] {logging_mixin.py:137} INFO - [2023-03-19T14:10:43.751+0000] {taskmixin.py:211} WARNING - Dependency <Task(BashOperator): delete_entry_group>, create_entry_group already registered for DAG: example_complex
[2023-03-19T14:10:43.752+0000] {logging_mixin.py:137} INFO - [2023-03-19T14:10:43.752+0000] {taskmixin.py:211} WARNING - Dependency <Task(BashOperator): create_entry_gcs>, delete_entry already registered for DAG: example_complex
[2023-03-19T14:10:43.752+0000] {logging_mixin.py:137} INFO - [2023-03-19T14:10:43.752+0000] {taskmixin.py:211} WARNING - Dependency <Task(BashOperator): delete_entry>, create_entry_gcs already registered for DAG: example_complex
[2023-03-19T14:10:43.753+0000] {logging_mixin.py:137} INFO - [2023-03-19T14:10:43.753+0000] {taskmixin.py:211} WARNING - Dependency <Task(BashOperator): create_tag>, delete_tag already registered for DAG: example_complex
[2023-03-19T14:10:43.753+0000] {logging_mixin.py:137} INFO - [2023-03-19T14:10:43.753+0000] {taskmixin.py:211} WARNING - Dependency <Task(BashOperator): delete_tag>, create_tag already registered for DAG: example_complex
[2023-03-19T14:10:43.758+0000] {processor.py:753} INFO - DAG(s) dict_keys(['example_complex']) retrieved from /home/airflow/.local/lib/python3.7/site-packages/airflow/example_dags/example_complex.py
[2023-03-19T14:10:43.781+0000] {logging_mixin.py:137} INFO - [2023-03-19T14:10:43.781+0000] {dag.py:2693} INFO - Sync 1 DAGs
[2023-03-19T14:10:43.798+0000] {logging_mixin.py:137} INFO - [2023-03-19T14:10:43.798+0000] {dag.py:3444} INFO - Setting next_dagrun for example_complex to None, run_after=None
[2023-03-19T14:10:43.808+0000] {processor.py:175} INFO - Processing /home/airflow/.local/lib/python3.7/site-packages/airflow/example_dags/example_complex.py took 0.070 seconds
[2023-03-19T14:11:14.082+0000] {processor.py:153} INFO - Started process (PID=257) to work on /home/airflow/.local/lib/python3.7/site-packages/airflow/example_dags/example_complex.py
[2023-03-19T14:11:14.083+0000] {processor.py:743} INFO - Processing file /home/airflow/.local/lib/python3.7/site-packages/airflow/example_dags/example_complex.py for tasks to queue
[2023-03-19T14:11:14.083+0000] {logging_mixin.py:137} INFO - [2023-03-19T14:11:14.083+0000] {dagbag.py:532} INFO - Filling up the DagBag from /home/airflow/.local/lib/python3.7/site-packages/airflow/example_dags/example_complex.py
[2023-03-19T14:11:14.090+0000] {logging_mixin.py:137} INFO - [2023-03-19T14:11:14.090+0000] {taskmixin.py:211} WARNING - Dependency <Task(BashOperator): create_entry_group>, delete_entry_group already registered for DAG: example_complex
[2023-03-19T14:11:14.091+0000] {logging_mixin.py:137} INFO - [2023-03-19T14:11:14.091+0000] {taskmixin.py:211} WARNING - Dependency <Task(BashOperator): delete_entry_group>, create_entry_group already registered for DAG: example_complex
[2023-03-19T14:11:14.091+0000] {logging_mixin.py:137} INFO - [2023-03-19T14:11:14.091+0000] {taskmixin.py:211} WARNING - Dependency <Task(BashOperator): create_entry_gcs>, delete_entry already registered for DAG: example_complex
[2023-03-19T14:11:14.092+0000] {logging_mixin.py:137} INFO - [2023-03-19T14:11:14.092+0000] {taskmixin.py:211} WARNING - Dependency <Task(BashOperator): delete_entry>, create_entry_gcs already registered for DAG: example_complex
[2023-03-19T14:11:14.092+0000] {logging_mixin.py:137} INFO - [2023-03-19T14:11:14.092+0000] {taskmixin.py:211} WARNING - Dependency <Task(BashOperator): create_tag>, delete_tag already registered for DAG: example_complex
[2023-03-19T14:11:14.092+0000] {logging_mixin.py:137} INFO - [2023-03-19T14:11:14.092+0000] {taskmixin.py:211} WARNING - Dependency <Task(BashOperator): delete_tag>, create_tag already registered for DAG: example_complex
[2023-03-19T14:11:14.097+0000] {processor.py:753} INFO - DAG(s) dict_keys(['example_complex']) retrieved from /home/airflow/.local/lib/python3.7/site-packages/airflow/example_dags/example_complex.py
[2023-03-19T14:11:14.119+0000] {logging_mixin.py:137} INFO - [2023-03-19T14:11:14.119+0000] {dag.py:2693} INFO - Sync 1 DAGs
[2023-03-19T14:11:14.133+0000] {logging_mixin.py:137} INFO - [2023-03-19T14:11:14.133+0000] {dag.py:3444} INFO - Setting next_dagrun for example_complex to None, run_after=None
[2023-03-19T14:11:14.142+0000] {processor.py:175} INFO - Processing /home/airflow/.local/lib/python3.7/site-packages/airflow/example_dags/example_complex.py took 0.063 seconds
[2023-03-19T14:11:44.490+0000] {processor.py:153} INFO - Started process (PID=306) to work on /home/airflow/.local/lib/python3.7/site-packages/airflow/example_dags/example_complex.py
[2023-03-19T14:11:44.491+0000] {processor.py:743} INFO - Processing file /home/airflow/.local/lib/python3.7/site-packages/airflow/example_dags/example_complex.py for tasks to queue
[2023-03-19T14:11:44.492+0000] {logging_mixin.py:137} INFO - [2023-03-19T14:11:44.492+0000] {dagbag.py:532} INFO - Filling up the DagBag from /home/airflow/.local/lib/python3.7/site-packages/airflow/example_dags/example_complex.py
[2023-03-19T14:11:44.500+0000] {logging_mixin.py:137} INFO - [2023-03-19T14:11:44.499+0000] {taskmixin.py:211} WARNING - Dependency <Task(BashOperator): create_entry_group>, delete_entry_group already registered for DAG: example_complex
[2023-03-19T14:11:44.500+0000] {logging_mixin.py:137} INFO - [2023-03-19T14:11:44.500+0000] {taskmixin.py:211} WARNING - Dependency <Task(BashOperator): delete_entry_group>, create_entry_group already registered for DAG: example_complex
[2023-03-19T14:11:44.501+0000] {logging_mixin.py:137} INFO - [2023-03-19T14:11:44.500+0000] {taskmixin.py:211} WARNING - Dependency <Task(BashOperator): create_entry_gcs>, delete_entry already registered for DAG: example_complex
[2023-03-19T14:11:44.501+0000] {logging_mixin.py:137} INFO - [2023-03-19T14:11:44.501+0000] {taskmixin.py:211} WARNING - Dependency <Task(BashOperator): delete_entry>, create_entry_gcs already registered for DAG: example_complex
[2023-03-19T14:11:44.501+0000] {logging_mixin.py:137} INFO - [2023-03-19T14:11:44.501+0000] {taskmixin.py:211} WARNING - Dependency <Task(BashOperator): create_tag>, delete_tag already registered for DAG: example_complex
[2023-03-19T14:11:44.502+0000] {logging_mixin.py:137} INFO - [2023-03-19T14:11:44.502+0000] {taskmixin.py:211} WARNING - Dependency <Task(BashOperator): delete_tag>, create_tag already registered for DAG: example_complex
[2023-03-19T14:11:44.506+0000] {processor.py:753} INFO - DAG(s) dict_keys(['example_complex']) retrieved from /home/airflow/.local/lib/python3.7/site-packages/airflow/example_dags/example_complex.py
[2023-03-19T14:11:44.528+0000] {logging_mixin.py:137} INFO - [2023-03-19T14:11:44.528+0000] {dag.py:2693} INFO - Sync 1 DAGs
[2023-03-19T14:11:44.543+0000] {logging_mixin.py:137} INFO - [2023-03-19T14:11:44.543+0000] {dag.py:3444} INFO - Setting next_dagrun for example_complex to None, run_after=None
[2023-03-19T14:11:44.556+0000] {processor.py:175} INFO - Processing /home/airflow/.local/lib/python3.7/site-packages/airflow/example_dags/example_complex.py took 0.069 seconds
[2023-03-19T14:12:14.674+0000] {processor.py:153} INFO - Started process (PID=355) to work on /home/airflow/.local/lib/python3.7/site-packages/airflow/example_dags/example_complex.py
[2023-03-19T14:12:14.676+0000] {processor.py:743} INFO - Processing file /home/airflow/.local/lib/python3.7/site-packages/airflow/example_dags/example_complex.py for tasks to queue
[2023-03-19T14:12:14.677+0000] {logging_mixin.py:137} INFO - [2023-03-19T14:12:14.677+0000] {dagbag.py:532} INFO - Filling up the DagBag from /home/airflow/.local/lib/python3.7/site-packages/airflow/example_dags/example_complex.py
[2023-03-19T14:12:14.686+0000] {logging_mixin.py:137} INFO - [2023-03-19T14:12:14.686+0000] {taskmixin.py:211} WARNING - Dependency <Task(BashOperator): create_entry_group>, delete_entry_group already registered for DAG: example_complex
[2023-03-19T14:12:14.686+0000] {logging_mixin.py:137} INFO - [2023-03-19T14:12:14.686+0000] {taskmixin.py:211} WARNING - Dependency <Task(BashOperator): delete_entry_group>, create_entry_group already registered for DAG: example_complex
[2023-03-19T14:12:14.687+0000] {logging_mixin.py:137} INFO - [2023-03-19T14:12:14.687+0000] {taskmixin.py:211} WARNING - Dependency <Task(BashOperator): create_entry_gcs>, delete_entry already registered for DAG: example_complex
[2023-03-19T14:12:14.688+0000] {logging_mixin.py:137} INFO - [2023-03-19T14:12:14.688+0000] {taskmixin.py:211} WARNING - Dependency <Task(BashOperator): delete_entry>, create_entry_gcs already registered for DAG: example_complex
[2023-03-19T14:12:14.688+0000] {logging_mixin.py:137} INFO - [2023-03-19T14:12:14.688+0000] {taskmixin.py:211} WARNING - Dependency <Task(BashOperator): create_tag>, delete_tag already registered for DAG: example_complex
[2023-03-19T14:12:14.689+0000] {logging_mixin.py:137} INFO - [2023-03-19T14:12:14.689+0000] {taskmixin.py:211} WARNING - Dependency <Task(BashOperator): delete_tag>, create_tag already registered for DAG: example_complex
[2023-03-19T14:12:14.694+0000] {processor.py:753} INFO - DAG(s) dict_keys(['example_complex']) retrieved from /home/airflow/.local/lib/python3.7/site-packages/airflow/example_dags/example_complex.py
[2023-03-19T14:12:14.719+0000] {logging_mixin.py:137} INFO - [2023-03-19T14:12:14.719+0000] {dag.py:2693} INFO - Sync 1 DAGs
[2023-03-19T14:12:14.743+0000] {logging_mixin.py:137} INFO - [2023-03-19T14:12:14.742+0000] {dag.py:3444} INFO - Setting next_dagrun for example_complex to None, run_after=None
[2023-03-19T14:12:14.761+0000] {processor.py:175} INFO - Processing /home/airflow/.local/lib/python3.7/site-packages/airflow/example_dags/example_complex.py took 0.092 seconds
