[2023-03-19T13:32:59.506+0000] {processor.py:153} INFO - Started process (PID=44) to work on /home/airflow/.local/lib/python3.7/site-packages/airflow/example_dags/example_task_group_decorator.py
[2023-03-19T13:32:59.507+0000] {processor.py:743} INFO - Processing file /home/airflow/.local/lib/python3.7/site-packages/airflow/example_dags/example_task_group_decorator.py for tasks to queue
[2023-03-19T13:32:59.508+0000] {logging_mixin.py:137} INFO - [2023-03-19T13:32:59.508+0000] {dagbag.py:532} INFO - Filling up the DagBag from /home/airflow/.local/lib/python3.7/site-packages/airflow/example_dags/example_task_group_decorator.py
[2023-03-19T13:32:59.531+0000] {processor.py:753} INFO - DAG(s) dict_keys(['example_task_group_decorator']) retrieved from /home/airflow/.local/lib/python3.7/site-packages/airflow/example_dags/example_task_group_decorator.py
[2023-03-19T13:32:59.543+0000] {logging_mixin.py:137} INFO - [2023-03-19T13:32:59.542+0000] {dag.py:2693} INFO - Sync 1 DAGs
[2023-03-19T13:32:59.563+0000] {logging_mixin.py:137} INFO - [2023-03-19T13:32:59.563+0000] {dag.py:3444} INFO - Setting next_dagrun for example_task_group_decorator to 2023-03-18T13:32:59.563119+00:00, run_after=2023-03-19T13:32:59.563119+00:00
[2023-03-19T13:32:59.578+0000] {processor.py:175} INFO - Processing /home/airflow/.local/lib/python3.7/site-packages/airflow/example_dags/example_task_group_decorator.py took 0.076 seconds
[2023-03-19T13:33:29.844+0000] {processor.py:153} INFO - Started process (PID=93) to work on /home/airflow/.local/lib/python3.7/site-packages/airflow/example_dags/example_task_group_decorator.py
[2023-03-19T13:33:29.845+0000] {processor.py:743} INFO - Processing file /home/airflow/.local/lib/python3.7/site-packages/airflow/example_dags/example_task_group_decorator.py for tasks to queue
[2023-03-19T13:33:29.845+0000] {logging_mixin.py:137} INFO - [2023-03-19T13:33:29.845+0000] {dagbag.py:532} INFO - Filling up the DagBag from /home/airflow/.local/lib/python3.7/site-packages/airflow/example_dags/example_task_group_decorator.py
[2023-03-19T13:33:29.862+0000] {processor.py:753} INFO - DAG(s) dict_keys(['example_task_group_decorator']) retrieved from /home/airflow/.local/lib/python3.7/site-packages/airflow/example_dags/example_task_group_decorator.py
[2023-03-19T13:33:29.881+0000] {logging_mixin.py:137} INFO - [2023-03-19T13:33:29.881+0000] {dag.py:2693} INFO - Sync 1 DAGs
[2023-03-19T13:33:29.894+0000] {logging_mixin.py:137} INFO - [2023-03-19T13:33:29.894+0000] {dag.py:3444} INFO - Setting next_dagrun for example_task_group_decorator to 2023-03-18T13:33:29.894746+00:00, run_after=2023-03-19T13:33:29.894746+00:00
[2023-03-19T13:33:29.905+0000] {processor.py:175} INFO - Processing /home/airflow/.local/lib/python3.7/site-packages/airflow/example_dags/example_task_group_decorator.py took 0.063 seconds
[2023-03-19T13:34:00.171+0000] {processor.py:153} INFO - Started process (PID=143) to work on /home/airflow/.local/lib/python3.7/site-packages/airflow/example_dags/example_task_group_decorator.py
[2023-03-19T13:34:00.172+0000] {processor.py:743} INFO - Processing file /home/airflow/.local/lib/python3.7/site-packages/airflow/example_dags/example_task_group_decorator.py for tasks to queue
[2023-03-19T13:34:00.172+0000] {logging_mixin.py:137} INFO - [2023-03-19T13:34:00.172+0000] {dagbag.py:532} INFO - Filling up the DagBag from /home/airflow/.local/lib/python3.7/site-packages/airflow/example_dags/example_task_group_decorator.py
[2023-03-19T13:34:00.189+0000] {processor.py:753} INFO - DAG(s) dict_keys(['example_task_group_decorator']) retrieved from /home/airflow/.local/lib/python3.7/site-packages/airflow/example_dags/example_task_group_decorator.py
[2023-03-19T13:34:00.208+0000] {logging_mixin.py:137} INFO - [2023-03-19T13:34:00.208+0000] {dag.py:2693} INFO - Sync 1 DAGs
[2023-03-19T13:34:00.221+0000] {logging_mixin.py:137} INFO - [2023-03-19T13:34:00.221+0000] {dag.py:3444} INFO - Setting next_dagrun for example_task_group_decorator to 2023-03-18T13:34:00.221641+00:00, run_after=2023-03-19T13:34:00.221641+00:00
[2023-03-19T13:34:00.231+0000] {processor.py:175} INFO - Processing /home/airflow/.local/lib/python3.7/site-packages/airflow/example_dags/example_task_group_decorator.py took 0.063 seconds
[2023-03-19T13:34:30.426+0000] {processor.py:153} INFO - Started process (PID=192) to work on /home/airflow/.local/lib/python3.7/site-packages/airflow/example_dags/example_task_group_decorator.py
[2023-03-19T13:34:30.429+0000] {processor.py:743} INFO - Processing file /home/airflow/.local/lib/python3.7/site-packages/airflow/example_dags/example_task_group_decorator.py for tasks to queue
[2023-03-19T13:34:30.432+0000] {logging_mixin.py:137} INFO - [2023-03-19T13:34:30.432+0000] {dagbag.py:532} INFO - Filling up the DagBag from /home/airflow/.local/lib/python3.7/site-packages/airflow/example_dags/example_task_group_decorator.py
[2023-03-19T13:34:30.453+0000] {processor.py:753} INFO - DAG(s) dict_keys(['example_task_group_decorator']) retrieved from /home/airflow/.local/lib/python3.7/site-packages/airflow/example_dags/example_task_group_decorator.py
[2023-03-19T13:34:30.482+0000] {logging_mixin.py:137} INFO - [2023-03-19T13:34:30.482+0000] {dag.py:2693} INFO - Sync 1 DAGs
[2023-03-19T13:34:30.502+0000] {logging_mixin.py:137} INFO - [2023-03-19T13:34:30.502+0000] {dag.py:3444} INFO - Setting next_dagrun for example_task_group_decorator to 2023-03-18T13:34:30.502145+00:00, run_after=2023-03-19T13:34:30.502145+00:00
[2023-03-19T13:34:30.513+0000] {processor.py:175} INFO - Processing /home/airflow/.local/lib/python3.7/site-packages/airflow/example_dags/example_task_group_decorator.py took 0.089 seconds
[2023-03-19T13:35:01.033+0000] {processor.py:153} INFO - Started process (PID=241) to work on /home/airflow/.local/lib/python3.7/site-packages/airflow/example_dags/example_task_group_decorator.py
[2023-03-19T13:35:01.034+0000] {processor.py:743} INFO - Processing file /home/airflow/.local/lib/python3.7/site-packages/airflow/example_dags/example_task_group_decorator.py for tasks to queue
[2023-03-19T13:35:01.034+0000] {logging_mixin.py:137} INFO - [2023-03-19T13:35:01.034+0000] {dagbag.py:532} INFO - Filling up the DagBag from /home/airflow/.local/lib/python3.7/site-packages/airflow/example_dags/example_task_group_decorator.py
[2023-03-19T13:35:01.054+0000] {processor.py:753} INFO - DAG(s) dict_keys(['example_task_group_decorator']) retrieved from /home/airflow/.local/lib/python3.7/site-packages/airflow/example_dags/example_task_group_decorator.py
[2023-03-19T13:35:01.085+0000] {logging_mixin.py:137} INFO - [2023-03-19T13:35:01.085+0000] {dag.py:2693} INFO - Sync 1 DAGs
[2023-03-19T13:35:01.112+0000] {logging_mixin.py:137} INFO - [2023-03-19T13:35:01.111+0000] {dag.py:3444} INFO - Setting next_dagrun for example_task_group_decorator to 2023-03-18T13:35:01.111706+00:00, run_after=2023-03-19T13:35:01.111706+00:00
[2023-03-19T13:35:01.126+0000] {processor.py:175} INFO - Processing /home/airflow/.local/lib/python3.7/site-packages/airflow/example_dags/example_task_group_decorator.py took 0.095 seconds
[2023-03-19T13:35:31.329+0000] {processor.py:153} INFO - Started process (PID=289) to work on /home/airflow/.local/lib/python3.7/site-packages/airflow/example_dags/example_task_group_decorator.py
[2023-03-19T13:35:31.330+0000] {processor.py:743} INFO - Processing file /home/airflow/.local/lib/python3.7/site-packages/airflow/example_dags/example_task_group_decorator.py for tasks to queue
[2023-03-19T13:35:31.330+0000] {logging_mixin.py:137} INFO - [2023-03-19T13:35:31.330+0000] {dagbag.py:532} INFO - Filling up the DagBag from /home/airflow/.local/lib/python3.7/site-packages/airflow/example_dags/example_task_group_decorator.py
[2023-03-19T13:35:31.347+0000] {processor.py:753} INFO - DAG(s) dict_keys(['example_task_group_decorator']) retrieved from /home/airflow/.local/lib/python3.7/site-packages/airflow/example_dags/example_task_group_decorator.py
[2023-03-19T13:35:31.366+0000] {logging_mixin.py:137} INFO - [2023-03-19T13:35:31.366+0000] {dag.py:2693} INFO - Sync 1 DAGs
[2023-03-19T13:35:31.380+0000] {logging_mixin.py:137} INFO - [2023-03-19T13:35:31.380+0000] {dag.py:3444} INFO - Setting next_dagrun for example_task_group_decorator to 2023-03-18T13:35:31.380373+00:00, run_after=2023-03-19T13:35:31.380373+00:00
[2023-03-19T13:35:31.389+0000] {processor.py:175} INFO - Processing /home/airflow/.local/lib/python3.7/site-packages/airflow/example_dags/example_task_group_decorator.py took 0.063 seconds
[2023-03-19T14:05:51.710+0000] {processor.py:153} INFO - Started process (PID=44) to work on /home/airflow/.local/lib/python3.7/site-packages/airflow/example_dags/example_task_group_decorator.py
[2023-03-19T14:05:51.712+0000] {processor.py:743} INFO - Processing file /home/airflow/.local/lib/python3.7/site-packages/airflow/example_dags/example_task_group_decorator.py for tasks to queue
[2023-03-19T14:05:51.713+0000] {logging_mixin.py:137} INFO - [2023-03-19T14:05:51.713+0000] {dagbag.py:532} INFO - Filling up the DagBag from /home/airflow/.local/lib/python3.7/site-packages/airflow/example_dags/example_task_group_decorator.py
[2023-03-19T14:05:51.770+0000] {processor.py:753} INFO - DAG(s) dict_keys(['example_task_group_decorator']) retrieved from /home/airflow/.local/lib/python3.7/site-packages/airflow/example_dags/example_task_group_decorator.py
[2023-03-19T14:05:51.795+0000] {logging_mixin.py:137} INFO - [2023-03-19T14:05:51.795+0000] {dag.py:2693} INFO - Sync 1 DAGs
[2023-03-19T14:05:51.836+0000] {logging_mixin.py:137} INFO - [2023-03-19T14:05:51.836+0000] {dag.py:3444} INFO - Setting next_dagrun for example_task_group_decorator to 2023-03-18T14:05:51.835885+00:00, run_after=2023-03-19T14:05:51.835885+00:00
[2023-03-19T14:05:51.856+0000] {processor.py:175} INFO - Processing /home/airflow/.local/lib/python3.7/site-packages/airflow/example_dags/example_task_group_decorator.py took 0.155 seconds
[2023-03-19T14:06:22.051+0000] {processor.py:153} INFO - Started process (PID=93) to work on /home/airflow/.local/lib/python3.7/site-packages/airflow/example_dags/example_task_group_decorator.py
[2023-03-19T14:06:22.052+0000] {processor.py:743} INFO - Processing file /home/airflow/.local/lib/python3.7/site-packages/airflow/example_dags/example_task_group_decorator.py for tasks to queue
[2023-03-19T14:06:22.053+0000] {logging_mixin.py:137} INFO - [2023-03-19T14:06:22.052+0000] {dagbag.py:532} INFO - Filling up the DagBag from /home/airflow/.local/lib/python3.7/site-packages/airflow/example_dags/example_task_group_decorator.py
[2023-03-19T14:06:22.069+0000] {processor.py:753} INFO - DAG(s) dict_keys(['example_task_group_decorator']) retrieved from /home/airflow/.local/lib/python3.7/site-packages/airflow/example_dags/example_task_group_decorator.py
[2023-03-19T14:06:22.093+0000] {logging_mixin.py:137} INFO - [2023-03-19T14:06:22.093+0000] {dag.py:2693} INFO - Sync 1 DAGs
[2023-03-19T14:06:22.109+0000] {logging_mixin.py:137} INFO - [2023-03-19T14:06:22.109+0000] {dag.py:3444} INFO - Setting next_dagrun for example_task_group_decorator to 2023-03-18T14:06:22.108745+00:00, run_after=2023-03-19T14:06:22.108745+00:00
[2023-03-19T14:06:22.121+0000] {processor.py:175} INFO - Processing /home/airflow/.local/lib/python3.7/site-packages/airflow/example_dags/example_task_group_decorator.py took 0.073 seconds
[2023-03-19T14:06:52.441+0000] {processor.py:153} INFO - Started process (PID=142) to work on /home/airflow/.local/lib/python3.7/site-packages/airflow/example_dags/example_task_group_decorator.py
[2023-03-19T14:06:52.442+0000] {processor.py:743} INFO - Processing file /home/airflow/.local/lib/python3.7/site-packages/airflow/example_dags/example_task_group_decorator.py for tasks to queue
[2023-03-19T14:06:52.442+0000] {logging_mixin.py:137} INFO - [2023-03-19T14:06:52.442+0000] {dagbag.py:532} INFO - Filling up the DagBag from /home/airflow/.local/lib/python3.7/site-packages/airflow/example_dags/example_task_group_decorator.py
[2023-03-19T14:06:52.459+0000] {processor.py:753} INFO - DAG(s) dict_keys(['example_task_group_decorator']) retrieved from /home/airflow/.local/lib/python3.7/site-packages/airflow/example_dags/example_task_group_decorator.py
[2023-03-19T14:06:52.477+0000] {logging_mixin.py:137} INFO - [2023-03-19T14:06:52.477+0000] {dag.py:2693} INFO - Sync 1 DAGs
[2023-03-19T14:06:52.490+0000] {logging_mixin.py:137} INFO - [2023-03-19T14:06:52.490+0000] {dag.py:3444} INFO - Setting next_dagrun for example_task_group_decorator to 2023-03-18T14:06:52.490651+00:00, run_after=2023-03-19T14:06:52.490651+00:00
[2023-03-19T14:06:52.500+0000] {processor.py:175} INFO - Processing /home/airflow/.local/lib/python3.7/site-packages/airflow/example_dags/example_task_group_decorator.py took 0.062 seconds
[2023-03-19T14:07:22.750+0000] {processor.py:153} INFO - Started process (PID=191) to work on /home/airflow/.local/lib/python3.7/site-packages/airflow/example_dags/example_task_group_decorator.py
[2023-03-19T14:07:22.751+0000] {processor.py:743} INFO - Processing file /home/airflow/.local/lib/python3.7/site-packages/airflow/example_dags/example_task_group_decorator.py for tasks to queue
[2023-03-19T14:07:22.752+0000] {logging_mixin.py:137} INFO - [2023-03-19T14:07:22.752+0000] {dagbag.py:532} INFO - Filling up the DagBag from /home/airflow/.local/lib/python3.7/site-packages/airflow/example_dags/example_task_group_decorator.py
[2023-03-19T14:07:22.769+0000] {processor.py:753} INFO - DAG(s) dict_keys(['example_task_group_decorator']) retrieved from /home/airflow/.local/lib/python3.7/site-packages/airflow/example_dags/example_task_group_decorator.py
[2023-03-19T14:07:22.789+0000] {logging_mixin.py:137} INFO - [2023-03-19T14:07:22.789+0000] {dag.py:2693} INFO - Sync 1 DAGs
[2023-03-19T14:07:22.802+0000] {logging_mixin.py:137} INFO - [2023-03-19T14:07:22.802+0000] {dag.py:3444} INFO - Setting next_dagrun for example_task_group_decorator to 2023-03-18T14:07:22.802655+00:00, run_after=2023-03-19T14:07:22.802655+00:00
[2023-03-19T14:07:22.813+0000] {processor.py:175} INFO - Processing /home/airflow/.local/lib/python3.7/site-packages/airflow/example_dags/example_task_group_decorator.py took 0.065 seconds
[2023-03-19T14:07:53.228+0000] {processor.py:153} INFO - Started process (PID=240) to work on /home/airflow/.local/lib/python3.7/site-packages/airflow/example_dags/example_task_group_decorator.py
[2023-03-19T14:07:53.229+0000] {processor.py:743} INFO - Processing file /home/airflow/.local/lib/python3.7/site-packages/airflow/example_dags/example_task_group_decorator.py for tasks to queue
[2023-03-19T14:07:53.230+0000] {logging_mixin.py:137} INFO - [2023-03-19T14:07:53.230+0000] {dagbag.py:532} INFO - Filling up the DagBag from /home/airflow/.local/lib/python3.7/site-packages/airflow/example_dags/example_task_group_decorator.py
[2023-03-19T14:07:53.249+0000] {processor.py:753} INFO - DAG(s) dict_keys(['example_task_group_decorator']) retrieved from /home/airflow/.local/lib/python3.7/site-packages/airflow/example_dags/example_task_group_decorator.py
[2023-03-19T14:07:53.268+0000] {logging_mixin.py:137} INFO - [2023-03-19T14:07:53.268+0000] {dag.py:2693} INFO - Sync 1 DAGs
[2023-03-19T14:07:53.283+0000] {logging_mixin.py:137} INFO - [2023-03-19T14:07:53.283+0000] {dag.py:3444} INFO - Setting next_dagrun for example_task_group_decorator to 2023-03-18T14:07:53.283463+00:00, run_after=2023-03-19T14:07:53.283463+00:00
[2023-03-19T14:07:53.293+0000] {processor.py:175} INFO - Processing /home/airflow/.local/lib/python3.7/site-packages/airflow/example_dags/example_task_group_decorator.py took 0.068 seconds
[2023-03-19T14:08:23.916+0000] {processor.py:153} INFO - Started process (PID=290) to work on /home/airflow/.local/lib/python3.7/site-packages/airflow/example_dags/example_task_group_decorator.py
[2023-03-19T14:08:23.917+0000] {processor.py:743} INFO - Processing file /home/airflow/.local/lib/python3.7/site-packages/airflow/example_dags/example_task_group_decorator.py for tasks to queue
[2023-03-19T14:08:23.918+0000] {logging_mixin.py:137} INFO - [2023-03-19T14:08:23.918+0000] {dagbag.py:532} INFO - Filling up the DagBag from /home/airflow/.local/lib/python3.7/site-packages/airflow/example_dags/example_task_group_decorator.py
[2023-03-19T14:08:23.933+0000] {processor.py:753} INFO - DAG(s) dict_keys(['example_task_group_decorator']) retrieved from /home/airflow/.local/lib/python3.7/site-packages/airflow/example_dags/example_task_group_decorator.py
[2023-03-19T14:08:23.952+0000] {logging_mixin.py:137} INFO - [2023-03-19T14:08:23.952+0000] {dag.py:2693} INFO - Sync 1 DAGs
[2023-03-19T14:08:23.965+0000] {logging_mixin.py:137} INFO - [2023-03-19T14:08:23.965+0000] {dag.py:3444} INFO - Setting next_dagrun for example_task_group_decorator to 2023-03-18T14:08:23.965669+00:00, run_after=2023-03-19T14:08:23.965669+00:00
[2023-03-19T14:08:23.975+0000] {processor.py:175} INFO - Processing /home/airflow/.local/lib/python3.7/site-packages/airflow/example_dags/example_task_group_decorator.py took 0.061 seconds
[2023-03-19T14:09:08.972+0000] {processor.py:153} INFO - Started process (PID=43) to work on /home/airflow/.local/lib/python3.7/site-packages/airflow/example_dags/example_task_group_decorator.py
[2023-03-19T14:09:08.976+0000] {processor.py:743} INFO - Processing file /home/airflow/.local/lib/python3.7/site-packages/airflow/example_dags/example_task_group_decorator.py for tasks to queue
[2023-03-19T14:09:08.979+0000] {logging_mixin.py:137} INFO - [2023-03-19T14:09:08.979+0000] {dagbag.py:532} INFO - Filling up the DagBag from /home/airflow/.local/lib/python3.7/site-packages/airflow/example_dags/example_task_group_decorator.py
[2023-03-19T14:09:09.023+0000] {processor.py:753} INFO - DAG(s) dict_keys(['example_task_group_decorator']) retrieved from /home/airflow/.local/lib/python3.7/site-packages/airflow/example_dags/example_task_group_decorator.py
[2023-03-19T14:09:09.069+0000] {logging_mixin.py:137} INFO - [2023-03-19T14:09:09.069+0000] {dag.py:2693} INFO - Sync 1 DAGs
[2023-03-19T14:09:09.112+0000] {logging_mixin.py:137} INFO - [2023-03-19T14:09:09.112+0000] {dag.py:3444} INFO - Setting next_dagrun for example_task_group_decorator to 2023-03-18T14:09:09.112021+00:00, run_after=2023-03-19T14:09:09.112021+00:00
[2023-03-19T14:09:09.152+0000] {processor.py:175} INFO - Processing /home/airflow/.local/lib/python3.7/site-packages/airflow/example_dags/example_task_group_decorator.py took 0.192 seconds
[2023-03-19T14:09:40.040+0000] {processor.py:153} INFO - Started process (PID=92) to work on /home/airflow/.local/lib/python3.7/site-packages/airflow/example_dags/example_task_group_decorator.py
[2023-03-19T14:09:40.041+0000] {processor.py:743} INFO - Processing file /home/airflow/.local/lib/python3.7/site-packages/airflow/example_dags/example_task_group_decorator.py for tasks to queue
[2023-03-19T14:09:40.041+0000] {logging_mixin.py:137} INFO - [2023-03-19T14:09:40.041+0000] {dagbag.py:532} INFO - Filling up the DagBag from /home/airflow/.local/lib/python3.7/site-packages/airflow/example_dags/example_task_group_decorator.py
[2023-03-19T14:09:40.060+0000] {processor.py:753} INFO - DAG(s) dict_keys(['example_task_group_decorator']) retrieved from /home/airflow/.local/lib/python3.7/site-packages/airflow/example_dags/example_task_group_decorator.py
[2023-03-19T14:09:40.081+0000] {logging_mixin.py:137} INFO - [2023-03-19T14:09:40.081+0000] {dag.py:2693} INFO - Sync 1 DAGs
[2023-03-19T14:09:40.095+0000] {logging_mixin.py:137} INFO - [2023-03-19T14:09:40.095+0000] {dag.py:3444} INFO - Setting next_dagrun for example_task_group_decorator to 2023-03-18T14:09:40.095176+00:00, run_after=2023-03-19T14:09:40.095176+00:00
[2023-03-19T14:09:40.105+0000] {processor.py:175} INFO - Processing /home/airflow/.local/lib/python3.7/site-packages/airflow/example_dags/example_task_group_decorator.py took 0.068 seconds
[2023-03-19T14:10:10.711+0000] {processor.py:153} INFO - Started process (PID=140) to work on /home/airflow/.local/lib/python3.7/site-packages/airflow/example_dags/example_task_group_decorator.py
[2023-03-19T14:10:10.712+0000] {processor.py:743} INFO - Processing file /home/airflow/.local/lib/python3.7/site-packages/airflow/example_dags/example_task_group_decorator.py for tasks to queue
[2023-03-19T14:10:10.713+0000] {logging_mixin.py:137} INFO - [2023-03-19T14:10:10.713+0000] {dagbag.py:532} INFO - Filling up the DagBag from /home/airflow/.local/lib/python3.7/site-packages/airflow/example_dags/example_task_group_decorator.py
[2023-03-19T14:10:10.731+0000] {processor.py:753} INFO - DAG(s) dict_keys(['example_task_group_decorator']) retrieved from /home/airflow/.local/lib/python3.7/site-packages/airflow/example_dags/example_task_group_decorator.py
[2023-03-19T14:10:10.751+0000] {logging_mixin.py:137} INFO - [2023-03-19T14:10:10.751+0000] {dag.py:2693} INFO - Sync 1 DAGs
[2023-03-19T14:10:10.765+0000] {logging_mixin.py:137} INFO - [2023-03-19T14:10:10.765+0000] {dag.py:3444} INFO - Setting next_dagrun for example_task_group_decorator to 2023-03-18T14:10:10.765065+00:00, run_after=2023-03-19T14:10:10.765065+00:00
[2023-03-19T14:10:10.781+0000] {processor.py:175} INFO - Processing /home/airflow/.local/lib/python3.7/site-packages/airflow/example_dags/example_task_group_decorator.py took 0.072 seconds
[2023-03-19T14:10:41.805+0000] {processor.py:153} INFO - Started process (PID=189) to work on /home/airflow/.local/lib/python3.7/site-packages/airflow/example_dags/example_task_group_decorator.py
[2023-03-19T14:10:41.806+0000] {processor.py:743} INFO - Processing file /home/airflow/.local/lib/python3.7/site-packages/airflow/example_dags/example_task_group_decorator.py for tasks to queue
[2023-03-19T14:10:41.807+0000] {logging_mixin.py:137} INFO - [2023-03-19T14:10:41.807+0000] {dagbag.py:532} INFO - Filling up the DagBag from /home/airflow/.local/lib/python3.7/site-packages/airflow/example_dags/example_task_group_decorator.py
[2023-03-19T14:10:41.824+0000] {processor.py:753} INFO - DAG(s) dict_keys(['example_task_group_decorator']) retrieved from /home/airflow/.local/lib/python3.7/site-packages/airflow/example_dags/example_task_group_decorator.py
[2023-03-19T14:10:41.843+0000] {logging_mixin.py:137} INFO - [2023-03-19T14:10:41.843+0000] {dag.py:2693} INFO - Sync 1 DAGs
[2023-03-19T14:10:41.856+0000] {logging_mixin.py:137} INFO - [2023-03-19T14:10:41.856+0000] {dag.py:3444} INFO - Setting next_dagrun for example_task_group_decorator to 2023-03-18T14:10:41.856346+00:00, run_after=2023-03-19T14:10:41.856346+00:00
[2023-03-19T14:10:41.867+0000] {processor.py:175} INFO - Processing /home/airflow/.local/lib/python3.7/site-packages/airflow/example_dags/example_task_group_decorator.py took 0.064 seconds
[2023-03-19T14:11:12.170+0000] {processor.py:153} INFO - Started process (PID=238) to work on /home/airflow/.local/lib/python3.7/site-packages/airflow/example_dags/example_task_group_decorator.py
[2023-03-19T14:11:12.171+0000] {processor.py:743} INFO - Processing file /home/airflow/.local/lib/python3.7/site-packages/airflow/example_dags/example_task_group_decorator.py for tasks to queue
[2023-03-19T14:11:12.172+0000] {logging_mixin.py:137} INFO - [2023-03-19T14:11:12.172+0000] {dagbag.py:532} INFO - Filling up the DagBag from /home/airflow/.local/lib/python3.7/site-packages/airflow/example_dags/example_task_group_decorator.py
[2023-03-19T14:11:12.188+0000] {processor.py:753} INFO - DAG(s) dict_keys(['example_task_group_decorator']) retrieved from /home/airflow/.local/lib/python3.7/site-packages/airflow/example_dags/example_task_group_decorator.py
[2023-03-19T14:11:12.208+0000] {logging_mixin.py:137} INFO - [2023-03-19T14:11:12.208+0000] {dag.py:2693} INFO - Sync 1 DAGs
[2023-03-19T14:11:12.222+0000] {logging_mixin.py:137} INFO - [2023-03-19T14:11:12.222+0000] {dag.py:3444} INFO - Setting next_dagrun for example_task_group_decorator to 2023-03-18T14:11:12.222373+00:00, run_after=2023-03-19T14:11:12.222373+00:00
[2023-03-19T14:11:12.232+0000] {processor.py:175} INFO - Processing /home/airflow/.local/lib/python3.7/site-packages/airflow/example_dags/example_task_group_decorator.py took 0.064 seconds
[2023-03-19T14:11:42.691+0000] {processor.py:153} INFO - Started process (PID=287) to work on /home/airflow/.local/lib/python3.7/site-packages/airflow/example_dags/example_task_group_decorator.py
[2023-03-19T14:11:42.693+0000] {processor.py:743} INFO - Processing file /home/airflow/.local/lib/python3.7/site-packages/airflow/example_dags/example_task_group_decorator.py for tasks to queue
[2023-03-19T14:11:42.694+0000] {logging_mixin.py:137} INFO - [2023-03-19T14:11:42.694+0000] {dagbag.py:532} INFO - Filling up the DagBag from /home/airflow/.local/lib/python3.7/site-packages/airflow/example_dags/example_task_group_decorator.py
[2023-03-19T14:11:42.716+0000] {processor.py:753} INFO - DAG(s) dict_keys(['example_task_group_decorator']) retrieved from /home/airflow/.local/lib/python3.7/site-packages/airflow/example_dags/example_task_group_decorator.py
[2023-03-19T14:11:42.744+0000] {logging_mixin.py:137} INFO - [2023-03-19T14:11:42.743+0000] {dag.py:2693} INFO - Sync 1 DAGs
[2023-03-19T14:11:42.760+0000] {logging_mixin.py:137} INFO - [2023-03-19T14:11:42.760+0000] {dag.py:3444} INFO - Setting next_dagrun for example_task_group_decorator to 2023-03-18T14:11:42.760441+00:00, run_after=2023-03-19T14:11:42.760441+00:00
[2023-03-19T14:11:42.771+0000] {processor.py:175} INFO - Processing /home/airflow/.local/lib/python3.7/site-packages/airflow/example_dags/example_task_group_decorator.py took 0.082 seconds
[2023-03-19T14:12:13.029+0000] {processor.py:153} INFO - Started process (PID=336) to work on /home/airflow/.local/lib/python3.7/site-packages/airflow/example_dags/example_task_group_decorator.py
[2023-03-19T14:12:13.031+0000] {processor.py:743} INFO - Processing file /home/airflow/.local/lib/python3.7/site-packages/airflow/example_dags/example_task_group_decorator.py for tasks to queue
[2023-03-19T14:12:13.032+0000] {logging_mixin.py:137} INFO - [2023-03-19T14:12:13.032+0000] {dagbag.py:532} INFO - Filling up the DagBag from /home/airflow/.local/lib/python3.7/site-packages/airflow/example_dags/example_task_group_decorator.py
[2023-03-19T14:12:13.057+0000] {processor.py:753} INFO - DAG(s) dict_keys(['example_task_group_decorator']) retrieved from /home/airflow/.local/lib/python3.7/site-packages/airflow/example_dags/example_task_group_decorator.py
[2023-03-19T14:12:13.092+0000] {logging_mixin.py:137} INFO - [2023-03-19T14:12:13.092+0000] {dag.py:2693} INFO - Sync 1 DAGs
[2023-03-19T14:12:13.132+0000] {logging_mixin.py:137} INFO - [2023-03-19T14:12:13.131+0000] {dag.py:3444} INFO - Setting next_dagrun for example_task_group_decorator to 2023-03-18T14:12:13.131305+00:00, run_after=2023-03-19T14:12:13.131305+00:00
[2023-03-19T14:12:13.166+0000] {processor.py:175} INFO - Processing /home/airflow/.local/lib/python3.7/site-packages/airflow/example_dags/example_task_group_decorator.py took 0.145 seconds
