[2023-03-19T13:33:01.588+0000] {processor.py:153} INFO - Started process (PID=69) to work on /home/airflow/.local/lib/python3.7/site-packages/airflow/example_dags/example_short_circuit_operator.py
[2023-03-19T13:33:01.597+0000] {processor.py:743} INFO - Processing file /home/airflow/.local/lib/python3.7/site-packages/airflow/example_dags/example_short_circuit_operator.py for tasks to queue
[2023-03-19T13:33:01.598+0000] {logging_mixin.py:137} INFO - [2023-03-19T13:33:01.598+0000] {dagbag.py:532} INFO - Filling up the DagBag from /home/airflow/.local/lib/python3.7/site-packages/airflow/example_dags/example_short_circuit_operator.py
[2023-03-19T13:33:01.634+0000] {processor.py:753} INFO - DAG(s) dict_keys(['example_short_circuit_operator']) retrieved from /home/airflow/.local/lib/python3.7/site-packages/airflow/example_dags/example_short_circuit_operator.py
[2023-03-19T13:33:01.655+0000] {logging_mixin.py:137} INFO - [2023-03-19T13:33:01.655+0000] {dag.py:2693} INFO - Sync 1 DAGs
[2023-03-19T13:33:01.679+0000] {logging_mixin.py:137} INFO - [2023-03-19T13:33:01.679+0000] {dag.py:3444} INFO - Setting next_dagrun for example_short_circuit_operator to 2023-03-18T13:33:01.678686+00:00, run_after=2023-03-19T13:33:01.678686+00:00
[2023-03-19T13:33:01.692+0000] {processor.py:175} INFO - Processing /home/airflow/.local/lib/python3.7/site-packages/airflow/example_dags/example_short_circuit_operator.py took 0.112 seconds
[2023-03-19T13:33:31.986+0000] {processor.py:153} INFO - Started process (PID=118) to work on /home/airflow/.local/lib/python3.7/site-packages/airflow/example_dags/example_short_circuit_operator.py
[2023-03-19T13:33:31.987+0000] {processor.py:743} INFO - Processing file /home/airflow/.local/lib/python3.7/site-packages/airflow/example_dags/example_short_circuit_operator.py for tasks to queue
[2023-03-19T13:33:31.988+0000] {logging_mixin.py:137} INFO - [2023-03-19T13:33:31.988+0000] {dagbag.py:532} INFO - Filling up the DagBag from /home/airflow/.local/lib/python3.7/site-packages/airflow/example_dags/example_short_circuit_operator.py
[2023-03-19T13:33:31.997+0000] {processor.py:753} INFO - DAG(s) dict_keys(['example_short_circuit_operator']) retrieved from /home/airflow/.local/lib/python3.7/site-packages/airflow/example_dags/example_short_circuit_operator.py
[2023-03-19T13:33:32.014+0000] {logging_mixin.py:137} INFO - [2023-03-19T13:33:32.014+0000] {dag.py:2693} INFO - Sync 1 DAGs
[2023-03-19T13:33:32.028+0000] {logging_mixin.py:137} INFO - [2023-03-19T13:33:32.028+0000] {dag.py:3444} INFO - Setting next_dagrun for example_short_circuit_operator to 2023-03-18T13:33:32.028237+00:00, run_after=2023-03-19T13:33:32.028237+00:00
[2023-03-19T13:33:32.037+0000] {processor.py:175} INFO - Processing /home/airflow/.local/lib/python3.7/site-packages/airflow/example_dags/example_short_circuit_operator.py took 0.053 seconds
[2023-03-19T13:34:02.229+0000] {processor.py:153} INFO - Started process (PID=168) to work on /home/airflow/.local/lib/python3.7/site-packages/airflow/example_dags/example_short_circuit_operator.py
[2023-03-19T13:34:02.230+0000] {processor.py:743} INFO - Processing file /home/airflow/.local/lib/python3.7/site-packages/airflow/example_dags/example_short_circuit_operator.py for tasks to queue
[2023-03-19T13:34:02.231+0000] {logging_mixin.py:137} INFO - [2023-03-19T13:34:02.231+0000] {dagbag.py:532} INFO - Filling up the DagBag from /home/airflow/.local/lib/python3.7/site-packages/airflow/example_dags/example_short_circuit_operator.py
[2023-03-19T13:34:02.241+0000] {processor.py:753} INFO - DAG(s) dict_keys(['example_short_circuit_operator']) retrieved from /home/airflow/.local/lib/python3.7/site-packages/airflow/example_dags/example_short_circuit_operator.py
[2023-03-19T13:34:02.261+0000] {logging_mixin.py:137} INFO - [2023-03-19T13:34:02.261+0000] {dag.py:2693} INFO - Sync 1 DAGs
[2023-03-19T13:34:02.276+0000] {logging_mixin.py:137} INFO - [2023-03-19T13:34:02.276+0000] {dag.py:3444} INFO - Setting next_dagrun for example_short_circuit_operator to 2023-03-18T13:34:02.275981+00:00, run_after=2023-03-19T13:34:02.275981+00:00
[2023-03-19T13:34:02.285+0000] {processor.py:175} INFO - Processing /home/airflow/.local/lib/python3.7/site-packages/airflow/example_dags/example_short_circuit_operator.py took 0.058 seconds
[2023-03-19T13:34:32.772+0000] {processor.py:153} INFO - Started process (PID=217) to work on /home/airflow/.local/lib/python3.7/site-packages/airflow/example_dags/example_short_circuit_operator.py
[2023-03-19T13:34:32.774+0000] {processor.py:743} INFO - Processing file /home/airflow/.local/lib/python3.7/site-packages/airflow/example_dags/example_short_circuit_operator.py for tasks to queue
[2023-03-19T13:34:32.775+0000] {logging_mixin.py:137} INFO - [2023-03-19T13:34:32.775+0000] {dagbag.py:532} INFO - Filling up the DagBag from /home/airflow/.local/lib/python3.7/site-packages/airflow/example_dags/example_short_circuit_operator.py
[2023-03-19T13:34:32.793+0000] {processor.py:753} INFO - DAG(s) dict_keys(['example_short_circuit_operator']) retrieved from /home/airflow/.local/lib/python3.7/site-packages/airflow/example_dags/example_short_circuit_operator.py
[2023-03-19T13:34:32.831+0000] {logging_mixin.py:137} INFO - [2023-03-19T13:34:32.831+0000] {dag.py:2693} INFO - Sync 1 DAGs
[2023-03-19T13:34:32.856+0000] {logging_mixin.py:137} INFO - [2023-03-19T13:34:32.856+0000] {dag.py:3444} INFO - Setting next_dagrun for example_short_circuit_operator to 2023-03-18T13:34:32.856132+00:00, run_after=2023-03-19T13:34:32.856132+00:00
[2023-03-19T13:34:32.877+0000] {processor.py:175} INFO - Processing /home/airflow/.local/lib/python3.7/site-packages/airflow/example_dags/example_short_circuit_operator.py took 0.108 seconds
[2023-03-19T13:35:03.303+0000] {processor.py:153} INFO - Started process (PID=266) to work on /home/airflow/.local/lib/python3.7/site-packages/airflow/example_dags/example_short_circuit_operator.py
[2023-03-19T13:35:03.304+0000] {processor.py:743} INFO - Processing file /home/airflow/.local/lib/python3.7/site-packages/airflow/example_dags/example_short_circuit_operator.py for tasks to queue
[2023-03-19T13:35:03.305+0000] {logging_mixin.py:137} INFO - [2023-03-19T13:35:03.305+0000] {dagbag.py:532} INFO - Filling up the DagBag from /home/airflow/.local/lib/python3.7/site-packages/airflow/example_dags/example_short_circuit_operator.py
[2023-03-19T13:35:03.316+0000] {processor.py:753} INFO - DAG(s) dict_keys(['example_short_circuit_operator']) retrieved from /home/airflow/.local/lib/python3.7/site-packages/airflow/example_dags/example_short_circuit_operator.py
[2023-03-19T13:35:03.334+0000] {logging_mixin.py:137} INFO - [2023-03-19T13:35:03.334+0000] {dag.py:2693} INFO - Sync 1 DAGs
[2023-03-19T13:35:03.349+0000] {logging_mixin.py:137} INFO - [2023-03-19T13:35:03.349+0000] {dag.py:3444} INFO - Setting next_dagrun for example_short_circuit_operator to 2023-03-18T13:35:03.349364+00:00, run_after=2023-03-19T13:35:03.349364+00:00
[2023-03-19T13:35:03.359+0000] {processor.py:175} INFO - Processing /home/airflow/.local/lib/python3.7/site-packages/airflow/example_dags/example_short_circuit_operator.py took 0.058 seconds
[2023-03-19T13:35:33.530+0000] {processor.py:153} INFO - Started process (PID=314) to work on /home/airflow/.local/lib/python3.7/site-packages/airflow/example_dags/example_short_circuit_operator.py
[2023-03-19T13:35:33.531+0000] {processor.py:743} INFO - Processing file /home/airflow/.local/lib/python3.7/site-packages/airflow/example_dags/example_short_circuit_operator.py for tasks to queue
[2023-03-19T13:35:33.532+0000] {logging_mixin.py:137} INFO - [2023-03-19T13:35:33.532+0000] {dagbag.py:532} INFO - Filling up the DagBag from /home/airflow/.local/lib/python3.7/site-packages/airflow/example_dags/example_short_circuit_operator.py
[2023-03-19T13:35:33.542+0000] {processor.py:753} INFO - DAG(s) dict_keys(['example_short_circuit_operator']) retrieved from /home/airflow/.local/lib/python3.7/site-packages/airflow/example_dags/example_short_circuit_operator.py
[2023-03-19T13:35:33.561+0000] {logging_mixin.py:137} INFO - [2023-03-19T13:35:33.561+0000] {dag.py:2693} INFO - Sync 1 DAGs
[2023-03-19T13:35:33.575+0000] {logging_mixin.py:137} INFO - [2023-03-19T13:35:33.575+0000] {dag.py:3444} INFO - Setting next_dagrun for example_short_circuit_operator to 2023-03-18T13:35:33.575676+00:00, run_after=2023-03-19T13:35:33.575676+00:00
[2023-03-19T13:35:33.586+0000] {processor.py:175} INFO - Processing /home/airflow/.local/lib/python3.7/site-packages/airflow/example_dags/example_short_circuit_operator.py took 0.058 seconds
[2023-03-19T14:05:54.586+0000] {processor.py:153} INFO - Started process (PID=69) to work on /home/airflow/.local/lib/python3.7/site-packages/airflow/example_dags/example_short_circuit_operator.py
[2023-03-19T14:05:54.587+0000] {processor.py:743} INFO - Processing file /home/airflow/.local/lib/python3.7/site-packages/airflow/example_dags/example_short_circuit_operator.py for tasks to queue
[2023-03-19T14:05:54.587+0000] {logging_mixin.py:137} INFO - [2023-03-19T14:05:54.587+0000] {dagbag.py:532} INFO - Filling up the DagBag from /home/airflow/.local/lib/python3.7/site-packages/airflow/example_dags/example_short_circuit_operator.py
[2023-03-19T14:05:54.598+0000] {processor.py:753} INFO - DAG(s) dict_keys(['example_short_circuit_operator']) retrieved from /home/airflow/.local/lib/python3.7/site-packages/airflow/example_dags/example_short_circuit_operator.py
[2023-03-19T14:05:54.609+0000] {logging_mixin.py:137} INFO - [2023-03-19T14:05:54.609+0000] {dag.py:2693} INFO - Sync 1 DAGs
[2023-03-19T14:05:54.623+0000] {logging_mixin.py:137} INFO - [2023-03-19T14:05:54.623+0000] {dag.py:3444} INFO - Setting next_dagrun for example_short_circuit_operator to 2023-03-18T14:05:54.623518+00:00, run_after=2023-03-19T14:05:54.623518+00:00
[2023-03-19T14:05:54.634+0000] {processor.py:175} INFO - Processing /home/airflow/.local/lib/python3.7/site-packages/airflow/example_dags/example_short_circuit_operator.py took 0.051 seconds
[2023-03-19T14:06:25.276+0000] {processor.py:153} INFO - Started process (PID=118) to work on /home/airflow/.local/lib/python3.7/site-packages/airflow/example_dags/example_short_circuit_operator.py
[2023-03-19T14:06:25.277+0000] {processor.py:743} INFO - Processing file /home/airflow/.local/lib/python3.7/site-packages/airflow/example_dags/example_short_circuit_operator.py for tasks to queue
[2023-03-19T14:06:25.278+0000] {logging_mixin.py:137} INFO - [2023-03-19T14:06:25.277+0000] {dagbag.py:532} INFO - Filling up the DagBag from /home/airflow/.local/lib/python3.7/site-packages/airflow/example_dags/example_short_circuit_operator.py
[2023-03-19T14:06:25.290+0000] {processor.py:753} INFO - DAG(s) dict_keys(['example_short_circuit_operator']) retrieved from /home/airflow/.local/lib/python3.7/site-packages/airflow/example_dags/example_short_circuit_operator.py
[2023-03-19T14:06:25.311+0000] {logging_mixin.py:137} INFO - [2023-03-19T14:06:25.311+0000] {dag.py:2693} INFO - Sync 1 DAGs
[2023-03-19T14:06:25.328+0000] {logging_mixin.py:137} INFO - [2023-03-19T14:06:25.327+0000] {dag.py:3444} INFO - Setting next_dagrun for example_short_circuit_operator to 2023-03-18T14:06:25.327719+00:00, run_after=2023-03-19T14:06:25.327719+00:00
[2023-03-19T14:06:25.341+0000] {processor.py:175} INFO - Processing /home/airflow/.local/lib/python3.7/site-packages/airflow/example_dags/example_short_circuit_operator.py took 0.069 seconds
[2023-03-19T14:06:55.588+0000] {processor.py:153} INFO - Started process (PID=167) to work on /home/airflow/.local/lib/python3.7/site-packages/airflow/example_dags/example_short_circuit_operator.py
[2023-03-19T14:06:55.589+0000] {processor.py:743} INFO - Processing file /home/airflow/.local/lib/python3.7/site-packages/airflow/example_dags/example_short_circuit_operator.py for tasks to queue
[2023-03-19T14:06:55.590+0000] {logging_mixin.py:137} INFO - [2023-03-19T14:06:55.590+0000] {dagbag.py:532} INFO - Filling up the DagBag from /home/airflow/.local/lib/python3.7/site-packages/airflow/example_dags/example_short_circuit_operator.py
[2023-03-19T14:06:55.605+0000] {processor.py:753} INFO - DAG(s) dict_keys(['example_short_circuit_operator']) retrieved from /home/airflow/.local/lib/python3.7/site-packages/airflow/example_dags/example_short_circuit_operator.py
[2023-03-19T14:06:55.628+0000] {logging_mixin.py:137} INFO - [2023-03-19T14:06:55.628+0000] {dag.py:2693} INFO - Sync 1 DAGs
[2023-03-19T14:06:55.644+0000] {logging_mixin.py:137} INFO - [2023-03-19T14:06:55.644+0000] {dag.py:3444} INFO - Setting next_dagrun for example_short_circuit_operator to 2023-03-18T14:06:55.644076+00:00, run_after=2023-03-19T14:06:55.644076+00:00
[2023-03-19T14:06:55.655+0000] {processor.py:175} INFO - Processing /home/airflow/.local/lib/python3.7/site-packages/airflow/example_dags/example_short_circuit_operator.py took 0.069 seconds
[2023-03-19T14:07:26.022+0000] {processor.py:153} INFO - Started process (PID=216) to work on /home/airflow/.local/lib/python3.7/site-packages/airflow/example_dags/example_short_circuit_operator.py
[2023-03-19T14:07:26.023+0000] {processor.py:743} INFO - Processing file /home/airflow/.local/lib/python3.7/site-packages/airflow/example_dags/example_short_circuit_operator.py for tasks to queue
[2023-03-19T14:07:26.024+0000] {logging_mixin.py:137} INFO - [2023-03-19T14:07:26.024+0000] {dagbag.py:532} INFO - Filling up the DagBag from /home/airflow/.local/lib/python3.7/site-packages/airflow/example_dags/example_short_circuit_operator.py
[2023-03-19T14:07:26.034+0000] {processor.py:753} INFO - DAG(s) dict_keys(['example_short_circuit_operator']) retrieved from /home/airflow/.local/lib/python3.7/site-packages/airflow/example_dags/example_short_circuit_operator.py
[2023-03-19T14:07:26.052+0000] {logging_mixin.py:137} INFO - [2023-03-19T14:07:26.052+0000] {dag.py:2693} INFO - Sync 1 DAGs
[2023-03-19T14:07:26.065+0000] {logging_mixin.py:137} INFO - [2023-03-19T14:07:26.065+0000] {dag.py:3444} INFO - Setting next_dagrun for example_short_circuit_operator to 2023-03-18T14:07:26.065247+00:00, run_after=2023-03-19T14:07:26.065247+00:00
[2023-03-19T14:07:26.075+0000] {processor.py:175} INFO - Processing /home/airflow/.local/lib/python3.7/site-packages/airflow/example_dags/example_short_circuit_operator.py took 0.055 seconds
[2023-03-19T14:07:56.407+0000] {processor.py:153} INFO - Started process (PID=265) to work on /home/airflow/.local/lib/python3.7/site-packages/airflow/example_dags/example_short_circuit_operator.py
[2023-03-19T14:07:56.408+0000] {processor.py:743} INFO - Processing file /home/airflow/.local/lib/python3.7/site-packages/airflow/example_dags/example_short_circuit_operator.py for tasks to queue
[2023-03-19T14:07:56.408+0000] {logging_mixin.py:137} INFO - [2023-03-19T14:07:56.408+0000] {dagbag.py:532} INFO - Filling up the DagBag from /home/airflow/.local/lib/python3.7/site-packages/airflow/example_dags/example_short_circuit_operator.py
[2023-03-19T14:07:56.418+0000] {processor.py:753} INFO - DAG(s) dict_keys(['example_short_circuit_operator']) retrieved from /home/airflow/.local/lib/python3.7/site-packages/airflow/example_dags/example_short_circuit_operator.py
[2023-03-19T14:07:56.435+0000] {logging_mixin.py:137} INFO - [2023-03-19T14:07:56.435+0000] {dag.py:2693} INFO - Sync 1 DAGs
[2023-03-19T14:07:56.449+0000] {logging_mixin.py:137} INFO - [2023-03-19T14:07:56.449+0000] {dag.py:3444} INFO - Setting next_dagrun for example_short_circuit_operator to 2023-03-18T14:07:56.449077+00:00, run_after=2023-03-19T14:07:56.449077+00:00
[2023-03-19T14:07:56.458+0000] {processor.py:175} INFO - Processing /home/airflow/.local/lib/python3.7/site-packages/airflow/example_dags/example_short_circuit_operator.py took 0.053 seconds
[2023-03-19T14:08:27.193+0000] {processor.py:153} INFO - Started process (PID=315) to work on /home/airflow/.local/lib/python3.7/site-packages/airflow/example_dags/example_short_circuit_operator.py
[2023-03-19T14:08:27.194+0000] {processor.py:743} INFO - Processing file /home/airflow/.local/lib/python3.7/site-packages/airflow/example_dags/example_short_circuit_operator.py for tasks to queue
[2023-03-19T14:08:27.195+0000] {logging_mixin.py:137} INFO - [2023-03-19T14:08:27.195+0000] {dagbag.py:532} INFO - Filling up the DagBag from /home/airflow/.local/lib/python3.7/site-packages/airflow/example_dags/example_short_circuit_operator.py
[2023-03-19T14:08:27.205+0000] {processor.py:753} INFO - DAG(s) dict_keys(['example_short_circuit_operator']) retrieved from /home/airflow/.local/lib/python3.7/site-packages/airflow/example_dags/example_short_circuit_operator.py
[2023-03-19T14:08:27.224+0000] {logging_mixin.py:137} INFO - [2023-03-19T14:08:27.224+0000] {dag.py:2693} INFO - Sync 1 DAGs
[2023-03-19T14:08:27.239+0000] {logging_mixin.py:137} INFO - [2023-03-19T14:08:27.238+0000] {dag.py:3444} INFO - Setting next_dagrun for example_short_circuit_operator to 2023-03-18T14:08:27.238750+00:00, run_after=2023-03-19T14:08:27.238750+00:00
[2023-03-19T14:08:27.248+0000] {processor.py:175} INFO - Processing /home/airflow/.local/lib/python3.7/site-packages/airflow/example_dags/example_short_circuit_operator.py took 0.057 seconds
[2023-03-19T14:09:11.687+0000] {processor.py:153} INFO - Started process (PID=68) to work on /home/airflow/.local/lib/python3.7/site-packages/airflow/example_dags/example_short_circuit_operator.py
[2023-03-19T14:09:11.689+0000] {processor.py:743} INFO - Processing file /home/airflow/.local/lib/python3.7/site-packages/airflow/example_dags/example_short_circuit_operator.py for tasks to queue
[2023-03-19T14:09:11.690+0000] {logging_mixin.py:137} INFO - [2023-03-19T14:09:11.690+0000] {dagbag.py:532} INFO - Filling up the DagBag from /home/airflow/.local/lib/python3.7/site-packages/airflow/example_dags/example_short_circuit_operator.py
[2023-03-19T14:09:11.708+0000] {processor.py:753} INFO - DAG(s) dict_keys(['example_short_circuit_operator']) retrieved from /home/airflow/.local/lib/python3.7/site-packages/airflow/example_dags/example_short_circuit_operator.py
[2023-03-19T14:09:11.721+0000] {logging_mixin.py:137} INFO - [2023-03-19T14:09:11.721+0000] {dag.py:2693} INFO - Sync 1 DAGs
[2023-03-19T14:09:11.750+0000] {logging_mixin.py:137} INFO - [2023-03-19T14:09:11.750+0000] {dag.py:3444} INFO - Setting next_dagrun for example_short_circuit_operator to 2023-03-18T14:09:11.750093+00:00, run_after=2023-03-19T14:09:11.750093+00:00
[2023-03-19T14:09:11.765+0000] {processor.py:175} INFO - Processing /home/airflow/.local/lib/python3.7/site-packages/airflow/example_dags/example_short_circuit_operator.py took 0.083 seconds
[2023-03-19T14:09:42.575+0000] {processor.py:153} INFO - Started process (PID=117) to work on /home/airflow/.local/lib/python3.7/site-packages/airflow/example_dags/example_short_circuit_operator.py
[2023-03-19T14:09:42.576+0000] {processor.py:743} INFO - Processing file /home/airflow/.local/lib/python3.7/site-packages/airflow/example_dags/example_short_circuit_operator.py for tasks to queue
[2023-03-19T14:09:42.576+0000] {logging_mixin.py:137} INFO - [2023-03-19T14:09:42.576+0000] {dagbag.py:532} INFO - Filling up the DagBag from /home/airflow/.local/lib/python3.7/site-packages/airflow/example_dags/example_short_circuit_operator.py
[2023-03-19T14:09:42.589+0000] {processor.py:753} INFO - DAG(s) dict_keys(['example_short_circuit_operator']) retrieved from /home/airflow/.local/lib/python3.7/site-packages/airflow/example_dags/example_short_circuit_operator.py
[2023-03-19T14:09:42.610+0000] {logging_mixin.py:137} INFO - [2023-03-19T14:09:42.610+0000] {dag.py:2693} INFO - Sync 1 DAGs
[2023-03-19T14:09:42.624+0000] {logging_mixin.py:137} INFO - [2023-03-19T14:09:42.624+0000] {dag.py:3444} INFO - Setting next_dagrun for example_short_circuit_operator to 2023-03-18T14:09:42.624661+00:00, run_after=2023-03-19T14:09:42.624661+00:00
[2023-03-19T14:09:42.634+0000] {processor.py:175} INFO - Processing /home/airflow/.local/lib/python3.7/site-packages/airflow/example_dags/example_short_circuit_operator.py took 0.062 seconds
[2023-03-19T14:10:13.662+0000] {processor.py:153} INFO - Started process (PID=165) to work on /home/airflow/.local/lib/python3.7/site-packages/airflow/example_dags/example_short_circuit_operator.py
[2023-03-19T14:10:13.665+0000] {processor.py:743} INFO - Processing file /home/airflow/.local/lib/python3.7/site-packages/airflow/example_dags/example_short_circuit_operator.py for tasks to queue
[2023-03-19T14:10:13.667+0000] {logging_mixin.py:137} INFO - [2023-03-19T14:10:13.667+0000] {dagbag.py:532} INFO - Filling up the DagBag from /home/airflow/.local/lib/python3.7/site-packages/airflow/example_dags/example_short_circuit_operator.py
[2023-03-19T14:10:13.678+0000] {processor.py:753} INFO - DAG(s) dict_keys(['example_short_circuit_operator']) retrieved from /home/airflow/.local/lib/python3.7/site-packages/airflow/example_dags/example_short_circuit_operator.py
[2023-03-19T14:10:13.710+0000] {logging_mixin.py:137} INFO - [2023-03-19T14:10:13.710+0000] {dag.py:2693} INFO - Sync 1 DAGs
[2023-03-19T14:10:13.734+0000] {logging_mixin.py:137} INFO - [2023-03-19T14:10:13.734+0000] {dag.py:3444} INFO - Setting next_dagrun for example_short_circuit_operator to 2023-03-18T14:10:13.734397+00:00, run_after=2023-03-19T14:10:13.734397+00:00
[2023-03-19T14:10:13.748+0000] {processor.py:175} INFO - Processing /home/airflow/.local/lib/python3.7/site-packages/airflow/example_dags/example_short_circuit_operator.py took 0.090 seconds
[2023-03-19T14:10:44.045+0000] {processor.py:153} INFO - Started process (PID=214) to work on /home/airflow/.local/lib/python3.7/site-packages/airflow/example_dags/example_short_circuit_operator.py
[2023-03-19T14:10:44.047+0000] {processor.py:743} INFO - Processing file /home/airflow/.local/lib/python3.7/site-packages/airflow/example_dags/example_short_circuit_operator.py for tasks to queue
[2023-03-19T14:10:44.048+0000] {logging_mixin.py:137} INFO - [2023-03-19T14:10:44.048+0000] {dagbag.py:532} INFO - Filling up the DagBag from /home/airflow/.local/lib/python3.7/site-packages/airflow/example_dags/example_short_circuit_operator.py
[2023-03-19T14:10:44.060+0000] {processor.py:753} INFO - DAG(s) dict_keys(['example_short_circuit_operator']) retrieved from /home/airflow/.local/lib/python3.7/site-packages/airflow/example_dags/example_short_circuit_operator.py
[2023-03-19T14:10:44.094+0000] {logging_mixin.py:137} INFO - [2023-03-19T14:10:44.094+0000] {dag.py:2693} INFO - Sync 1 DAGs
[2023-03-19T14:10:44.117+0000] {logging_mixin.py:137} INFO - [2023-03-19T14:10:44.116+0000] {dag.py:3444} INFO - Setting next_dagrun for example_short_circuit_operator to 2023-03-18T14:10:44.115736+00:00, run_after=2023-03-19T14:10:44.115736+00:00
[2023-03-19T14:10:44.132+0000] {processor.py:175} INFO - Processing /home/airflow/.local/lib/python3.7/site-packages/airflow/example_dags/example_short_circuit_operator.py took 0.091 seconds
[2023-03-19T14:11:14.356+0000] {processor.py:153} INFO - Started process (PID=263) to work on /home/airflow/.local/lib/python3.7/site-packages/airflow/example_dags/example_short_circuit_operator.py
[2023-03-19T14:11:14.358+0000] {processor.py:743} INFO - Processing file /home/airflow/.local/lib/python3.7/site-packages/airflow/example_dags/example_short_circuit_operator.py for tasks to queue
[2023-03-19T14:11:14.359+0000] {logging_mixin.py:137} INFO - [2023-03-19T14:11:14.359+0000] {dagbag.py:532} INFO - Filling up the DagBag from /home/airflow/.local/lib/python3.7/site-packages/airflow/example_dags/example_short_circuit_operator.py
[2023-03-19T14:11:14.371+0000] {processor.py:753} INFO - DAG(s) dict_keys(['example_short_circuit_operator']) retrieved from /home/airflow/.local/lib/python3.7/site-packages/airflow/example_dags/example_short_circuit_operator.py
[2023-03-19T14:11:14.406+0000] {logging_mixin.py:137} INFO - [2023-03-19T14:11:14.406+0000] {dag.py:2693} INFO - Sync 1 DAGs
[2023-03-19T14:11:14.424+0000] {logging_mixin.py:137} INFO - [2023-03-19T14:11:14.424+0000] {dag.py:3444} INFO - Setting next_dagrun for example_short_circuit_operator to 2023-03-18T14:11:14.423956+00:00, run_after=2023-03-19T14:11:14.423956+00:00
[2023-03-19T14:11:14.434+0000] {processor.py:175} INFO - Processing /home/airflow/.local/lib/python3.7/site-packages/airflow/example_dags/example_short_circuit_operator.py took 0.082 seconds
[2023-03-19T14:11:44.824+0000] {processor.py:153} INFO - Started process (PID=312) to work on /home/airflow/.local/lib/python3.7/site-packages/airflow/example_dags/example_short_circuit_operator.py
[2023-03-19T14:11:44.825+0000] {processor.py:743} INFO - Processing file /home/airflow/.local/lib/python3.7/site-packages/airflow/example_dags/example_short_circuit_operator.py for tasks to queue
[2023-03-19T14:11:44.826+0000] {logging_mixin.py:137} INFO - [2023-03-19T14:11:44.826+0000] {dagbag.py:532} INFO - Filling up the DagBag from /home/airflow/.local/lib/python3.7/site-packages/airflow/example_dags/example_short_circuit_operator.py
[2023-03-19T14:11:44.836+0000] {processor.py:753} INFO - DAG(s) dict_keys(['example_short_circuit_operator']) retrieved from /home/airflow/.local/lib/python3.7/site-packages/airflow/example_dags/example_short_circuit_operator.py
[2023-03-19T14:11:44.854+0000] {logging_mixin.py:137} INFO - [2023-03-19T14:11:44.854+0000] {dag.py:2693} INFO - Sync 1 DAGs
[2023-03-19T14:11:44.868+0000] {logging_mixin.py:137} INFO - [2023-03-19T14:11:44.868+0000] {dag.py:3444} INFO - Setting next_dagrun for example_short_circuit_operator to 2023-03-18T14:11:44.867930+00:00, run_after=2023-03-19T14:11:44.867930+00:00
[2023-03-19T14:11:44.877+0000] {processor.py:175} INFO - Processing /home/airflow/.local/lib/python3.7/site-packages/airflow/example_dags/example_short_circuit_operator.py took 0.055 seconds
[2023-03-19T14:12:15.063+0000] {processor.py:153} INFO - Started process (PID=361) to work on /home/airflow/.local/lib/python3.7/site-packages/airflow/example_dags/example_short_circuit_operator.py
[2023-03-19T14:12:15.065+0000] {processor.py:743} INFO - Processing file /home/airflow/.local/lib/python3.7/site-packages/airflow/example_dags/example_short_circuit_operator.py for tasks to queue
[2023-03-19T14:12:15.065+0000] {logging_mixin.py:137} INFO - [2023-03-19T14:12:15.065+0000] {dagbag.py:532} INFO - Filling up the DagBag from /home/airflow/.local/lib/python3.7/site-packages/airflow/example_dags/example_short_circuit_operator.py
[2023-03-19T14:12:15.076+0000] {processor.py:753} INFO - DAG(s) dict_keys(['example_short_circuit_operator']) retrieved from /home/airflow/.local/lib/python3.7/site-packages/airflow/example_dags/example_short_circuit_operator.py
[2023-03-19T14:12:15.099+0000] {logging_mixin.py:137} INFO - [2023-03-19T14:12:15.099+0000] {dag.py:2693} INFO - Sync 1 DAGs
[2023-03-19T14:12:15.113+0000] {logging_mixin.py:137} INFO - [2023-03-19T14:12:15.113+0000] {dag.py:3444} INFO - Setting next_dagrun for example_short_circuit_operator to 2023-03-18T14:12:15.113089+00:00, run_after=2023-03-19T14:12:15.113089+00:00
[2023-03-19T14:12:15.122+0000] {processor.py:175} INFO - Processing /home/airflow/.local/lib/python3.7/site-packages/airflow/example_dags/example_short_circuit_operator.py took 0.061 seconds
