[2023-03-19T13:33:00.558+0000] {processor.py:153} INFO - Started process (PID=59) to work on /home/airflow/.local/lib/python3.7/site-packages/airflow/example_dags/example_sensors.py
[2023-03-19T13:33:00.559+0000] {processor.py:743} INFO - Processing file /home/airflow/.local/lib/python3.7/site-packages/airflow/example_dags/example_sensors.py for tasks to queue
[2023-03-19T13:33:00.560+0000] {logging_mixin.py:137} INFO - [2023-03-19T13:33:00.560+0000] {dagbag.py:532} INFO - Filling up the DagBag from /home/airflow/.local/lib/python3.7/site-packages/airflow/example_dags/example_sensors.py
[2023-03-19T13:33:00.586+0000] {processor.py:753} INFO - DAG(s) dict_keys(['example_sensors']) retrieved from /home/airflow/.local/lib/python3.7/site-packages/airflow/example_dags/example_sensors.py
[2023-03-19T13:33:00.610+0000] {logging_mixin.py:137} INFO - [2023-03-19T13:33:00.610+0000] {dag.py:2693} INFO - Sync 1 DAGs
[2023-03-19T13:33:00.652+0000] {logging_mixin.py:137} INFO - [2023-03-19T13:33:00.652+0000] {dag.py:3444} INFO - Setting next_dagrun for example_sensors to None, run_after=None
[2023-03-19T13:33:00.682+0000] {processor.py:175} INFO - Processing /home/airflow/.local/lib/python3.7/site-packages/airflow/example_dags/example_sensors.py took 0.127 seconds
[2023-03-19T13:33:31.601+0000] {processor.py:153} INFO - Started process (PID=108) to work on /home/airflow/.local/lib/python3.7/site-packages/airflow/example_dags/example_sensors.py
[2023-03-19T13:33:31.603+0000] {processor.py:743} INFO - Processing file /home/airflow/.local/lib/python3.7/site-packages/airflow/example_dags/example_sensors.py for tasks to queue
[2023-03-19T13:33:31.603+0000] {logging_mixin.py:137} INFO - [2023-03-19T13:33:31.603+0000] {dagbag.py:532} INFO - Filling up the DagBag from /home/airflow/.local/lib/python3.7/site-packages/airflow/example_dags/example_sensors.py
[2023-03-19T13:33:31.617+0000] {processor.py:753} INFO - DAG(s) dict_keys(['example_sensors']) retrieved from /home/airflow/.local/lib/python3.7/site-packages/airflow/example_dags/example_sensors.py
[2023-03-19T13:33:31.638+0000] {logging_mixin.py:137} INFO - [2023-03-19T13:33:31.638+0000] {dag.py:2693} INFO - Sync 1 DAGs
[2023-03-19T13:33:31.654+0000] {logging_mixin.py:137} INFO - [2023-03-19T13:33:31.654+0000] {dag.py:3444} INFO - Setting next_dagrun for example_sensors to None, run_after=None
[2023-03-19T13:33:31.666+0000] {processor.py:175} INFO - Processing /home/airflow/.local/lib/python3.7/site-packages/airflow/example_dags/example_sensors.py took 0.068 seconds
[2023-03-19T13:34:01.812+0000] {processor.py:153} INFO - Started process (PID=158) to work on /home/airflow/.local/lib/python3.7/site-packages/airflow/example_dags/example_sensors.py
[2023-03-19T13:34:01.812+0000] {processor.py:743} INFO - Processing file /home/airflow/.local/lib/python3.7/site-packages/airflow/example_dags/example_sensors.py for tasks to queue
[2023-03-19T13:34:01.813+0000] {logging_mixin.py:137} INFO - [2023-03-19T13:34:01.813+0000] {dagbag.py:532} INFO - Filling up the DagBag from /home/airflow/.local/lib/python3.7/site-packages/airflow/example_dags/example_sensors.py
[2023-03-19T13:34:01.825+0000] {processor.py:753} INFO - DAG(s) dict_keys(['example_sensors']) retrieved from /home/airflow/.local/lib/python3.7/site-packages/airflow/example_dags/example_sensors.py
[2023-03-19T13:34:01.843+0000] {logging_mixin.py:137} INFO - [2023-03-19T13:34:01.843+0000] {dag.py:2693} INFO - Sync 1 DAGs
[2023-03-19T13:34:01.857+0000] {logging_mixin.py:137} INFO - [2023-03-19T13:34:01.857+0000] {dag.py:3444} INFO - Setting next_dagrun for example_sensors to None, run_after=None
[2023-03-19T13:34:01.867+0000] {processor.py:175} INFO - Processing /home/airflow/.local/lib/python3.7/site-packages/airflow/example_dags/example_sensors.py took 0.057 seconds
[2023-03-19T13:34:32.115+0000] {processor.py:153} INFO - Started process (PID=207) to work on /home/airflow/.local/lib/python3.7/site-packages/airflow/example_dags/example_sensors.py
[2023-03-19T13:34:32.116+0000] {processor.py:743} INFO - Processing file /home/airflow/.local/lib/python3.7/site-packages/airflow/example_dags/example_sensors.py for tasks to queue
[2023-03-19T13:34:32.117+0000] {logging_mixin.py:137} INFO - [2023-03-19T13:34:32.117+0000] {dagbag.py:532} INFO - Filling up the DagBag from /home/airflow/.local/lib/python3.7/site-packages/airflow/example_dags/example_sensors.py
[2023-03-19T13:34:32.131+0000] {processor.py:753} INFO - DAG(s) dict_keys(['example_sensors']) retrieved from /home/airflow/.local/lib/python3.7/site-packages/airflow/example_dags/example_sensors.py
[2023-03-19T13:34:32.151+0000] {logging_mixin.py:137} INFO - [2023-03-19T13:34:32.151+0000] {dag.py:2693} INFO - Sync 1 DAGs
[2023-03-19T13:34:32.165+0000] {logging_mixin.py:137} INFO - [2023-03-19T13:34:32.165+0000] {dag.py:3444} INFO - Setting next_dagrun for example_sensors to None, run_after=None
[2023-03-19T13:34:32.177+0000] {processor.py:175} INFO - Processing /home/airflow/.local/lib/python3.7/site-packages/airflow/example_dags/example_sensors.py took 0.064 seconds
[2023-03-19T13:35:02.906+0000] {processor.py:153} INFO - Started process (PID=256) to work on /home/airflow/.local/lib/python3.7/site-packages/airflow/example_dags/example_sensors.py
[2023-03-19T13:35:02.907+0000] {processor.py:743} INFO - Processing file /home/airflow/.local/lib/python3.7/site-packages/airflow/example_dags/example_sensors.py for tasks to queue
[2023-03-19T13:35:02.908+0000] {logging_mixin.py:137} INFO - [2023-03-19T13:35:02.908+0000] {dagbag.py:532} INFO - Filling up the DagBag from /home/airflow/.local/lib/python3.7/site-packages/airflow/example_dags/example_sensors.py
[2023-03-19T13:35:02.920+0000] {processor.py:753} INFO - DAG(s) dict_keys(['example_sensors']) retrieved from /home/airflow/.local/lib/python3.7/site-packages/airflow/example_dags/example_sensors.py
[2023-03-19T13:35:02.939+0000] {logging_mixin.py:137} INFO - [2023-03-19T13:35:02.939+0000] {dag.py:2693} INFO - Sync 1 DAGs
[2023-03-19T13:35:02.956+0000] {logging_mixin.py:137} INFO - [2023-03-19T13:35:02.956+0000] {dag.py:3444} INFO - Setting next_dagrun for example_sensors to None, run_after=None
[2023-03-19T13:35:02.966+0000] {processor.py:175} INFO - Processing /home/airflow/.local/lib/python3.7/site-packages/airflow/example_dags/example_sensors.py took 0.062 seconds
[2023-03-19T13:35:33.075+0000] {processor.py:153} INFO - Started process (PID=304) to work on /home/airflow/.local/lib/python3.7/site-packages/airflow/example_dags/example_sensors.py
[2023-03-19T13:35:33.076+0000] {processor.py:743} INFO - Processing file /home/airflow/.local/lib/python3.7/site-packages/airflow/example_dags/example_sensors.py for tasks to queue
[2023-03-19T13:35:33.077+0000] {logging_mixin.py:137} INFO - [2023-03-19T13:35:33.077+0000] {dagbag.py:532} INFO - Filling up the DagBag from /home/airflow/.local/lib/python3.7/site-packages/airflow/example_dags/example_sensors.py
[2023-03-19T13:35:33.089+0000] {processor.py:753} INFO - DAG(s) dict_keys(['example_sensors']) retrieved from /home/airflow/.local/lib/python3.7/site-packages/airflow/example_dags/example_sensors.py
[2023-03-19T13:35:33.109+0000] {logging_mixin.py:137} INFO - [2023-03-19T13:35:33.109+0000] {dag.py:2693} INFO - Sync 1 DAGs
[2023-03-19T13:35:33.123+0000] {logging_mixin.py:137} INFO - [2023-03-19T13:35:33.123+0000] {dag.py:3444} INFO - Setting next_dagrun for example_sensors to None, run_after=None
[2023-03-19T13:35:33.132+0000] {processor.py:175} INFO - Processing /home/airflow/.local/lib/python3.7/site-packages/airflow/example_dags/example_sensors.py took 0.059 seconds
[2023-03-19T14:05:53.596+0000] {processor.py:153} INFO - Started process (PID=59) to work on /home/airflow/.local/lib/python3.7/site-packages/airflow/example_dags/example_sensors.py
[2023-03-19T14:05:53.598+0000] {processor.py:743} INFO - Processing file /home/airflow/.local/lib/python3.7/site-packages/airflow/example_dags/example_sensors.py for tasks to queue
[2023-03-19T14:05:53.600+0000] {logging_mixin.py:137} INFO - [2023-03-19T14:05:53.600+0000] {dagbag.py:532} INFO - Filling up the DagBag from /home/airflow/.local/lib/python3.7/site-packages/airflow/example_dags/example_sensors.py
[2023-03-19T14:05:53.619+0000] {processor.py:753} INFO - DAG(s) dict_keys(['example_sensors']) retrieved from /home/airflow/.local/lib/python3.7/site-packages/airflow/example_dags/example_sensors.py
[2023-03-19T14:05:53.718+0000] {logging_mixin.py:137} INFO - [2023-03-19T14:05:53.717+0000] {dag.py:2693} INFO - Sync 1 DAGs
[2023-03-19T14:05:53.788+0000] {logging_mixin.py:137} INFO - [2023-03-19T14:05:53.787+0000] {dag.py:3444} INFO - Setting next_dagrun for example_sensors to None, run_after=None
[2023-03-19T14:05:53.848+0000] {processor.py:175} INFO - Processing /home/airflow/.local/lib/python3.7/site-packages/airflow/example_dags/example_sensors.py took 0.259 seconds
[2023-03-19T14:06:24.726+0000] {processor.py:153} INFO - Started process (PID=108) to work on /home/airflow/.local/lib/python3.7/site-packages/airflow/example_dags/example_sensors.py
[2023-03-19T14:06:24.727+0000] {processor.py:743} INFO - Processing file /home/airflow/.local/lib/python3.7/site-packages/airflow/example_dags/example_sensors.py for tasks to queue
[2023-03-19T14:06:24.728+0000] {logging_mixin.py:137} INFO - [2023-03-19T14:06:24.728+0000] {dagbag.py:532} INFO - Filling up the DagBag from /home/airflow/.local/lib/python3.7/site-packages/airflow/example_dags/example_sensors.py
[2023-03-19T14:06:24.747+0000] {processor.py:753} INFO - DAG(s) dict_keys(['example_sensors']) retrieved from /home/airflow/.local/lib/python3.7/site-packages/airflow/example_dags/example_sensors.py
[2023-03-19T14:06:24.768+0000] {logging_mixin.py:137} INFO - [2023-03-19T14:06:24.767+0000] {dag.py:2693} INFO - Sync 1 DAGs
[2023-03-19T14:06:24.783+0000] {logging_mixin.py:137} INFO - [2023-03-19T14:06:24.783+0000] {dag.py:3444} INFO - Setting next_dagrun for example_sensors to None, run_after=None
[2023-03-19T14:06:24.791+0000] {processor.py:175} INFO - Processing /home/airflow/.local/lib/python3.7/site-packages/airflow/example_dags/example_sensors.py took 0.070 seconds
[2023-03-19T14:06:55.037+0000] {processor.py:153} INFO - Started process (PID=157) to work on /home/airflow/.local/lib/python3.7/site-packages/airflow/example_dags/example_sensors.py
[2023-03-19T14:06:55.039+0000] {processor.py:743} INFO - Processing file /home/airflow/.local/lib/python3.7/site-packages/airflow/example_dags/example_sensors.py for tasks to queue
[2023-03-19T14:06:55.040+0000] {logging_mixin.py:137} INFO - [2023-03-19T14:06:55.040+0000] {dagbag.py:532} INFO - Filling up the DagBag from /home/airflow/.local/lib/python3.7/site-packages/airflow/example_dags/example_sensors.py
[2023-03-19T14:06:55.058+0000] {processor.py:753} INFO - DAG(s) dict_keys(['example_sensors']) retrieved from /home/airflow/.local/lib/python3.7/site-packages/airflow/example_dags/example_sensors.py
[2023-03-19T14:06:55.078+0000] {logging_mixin.py:137} INFO - [2023-03-19T14:06:55.078+0000] {dag.py:2693} INFO - Sync 1 DAGs
[2023-03-19T14:06:55.090+0000] {logging_mixin.py:137} INFO - [2023-03-19T14:06:55.090+0000] {dag.py:3444} INFO - Setting next_dagrun for example_sensors to None, run_after=None
[2023-03-19T14:06:55.099+0000] {processor.py:175} INFO - Processing /home/airflow/.local/lib/python3.7/site-packages/airflow/example_dags/example_sensors.py took 0.066 seconds
[2023-03-19T14:07:25.467+0000] {processor.py:153} INFO - Started process (PID=206) to work on /home/airflow/.local/lib/python3.7/site-packages/airflow/example_dags/example_sensors.py
[2023-03-19T14:07:25.468+0000] {processor.py:743} INFO - Processing file /home/airflow/.local/lib/python3.7/site-packages/airflow/example_dags/example_sensors.py for tasks to queue
[2023-03-19T14:07:25.469+0000] {logging_mixin.py:137} INFO - [2023-03-19T14:07:25.469+0000] {dagbag.py:532} INFO - Filling up the DagBag from /home/airflow/.local/lib/python3.7/site-packages/airflow/example_dags/example_sensors.py
[2023-03-19T14:07:25.487+0000] {processor.py:753} INFO - DAG(s) dict_keys(['example_sensors']) retrieved from /home/airflow/.local/lib/python3.7/site-packages/airflow/example_dags/example_sensors.py
[2023-03-19T14:07:25.507+0000] {logging_mixin.py:137} INFO - [2023-03-19T14:07:25.507+0000] {dag.py:2693} INFO - Sync 1 DAGs
[2023-03-19T14:07:25.521+0000] {logging_mixin.py:137} INFO - [2023-03-19T14:07:25.521+0000] {dag.py:3444} INFO - Setting next_dagrun for example_sensors to None, run_after=None
[2023-03-19T14:07:25.532+0000] {processor.py:175} INFO - Processing /home/airflow/.local/lib/python3.7/site-packages/airflow/example_dags/example_sensors.py took 0.068 seconds
[2023-03-19T14:07:55.874+0000] {processor.py:153} INFO - Started process (PID=255) to work on /home/airflow/.local/lib/python3.7/site-packages/airflow/example_dags/example_sensors.py
[2023-03-19T14:07:55.875+0000] {processor.py:743} INFO - Processing file /home/airflow/.local/lib/python3.7/site-packages/airflow/example_dags/example_sensors.py for tasks to queue
[2023-03-19T14:07:55.877+0000] {logging_mixin.py:137} INFO - [2023-03-19T14:07:55.876+0000] {dagbag.py:532} INFO - Filling up the DagBag from /home/airflow/.local/lib/python3.7/site-packages/airflow/example_dags/example_sensors.py
[2023-03-19T14:07:55.895+0000] {processor.py:753} INFO - DAG(s) dict_keys(['example_sensors']) retrieved from /home/airflow/.local/lib/python3.7/site-packages/airflow/example_dags/example_sensors.py
[2023-03-19T14:07:55.917+0000] {logging_mixin.py:137} INFO - [2023-03-19T14:07:55.917+0000] {dag.py:2693} INFO - Sync 1 DAGs
[2023-03-19T14:07:55.930+0000] {logging_mixin.py:137} INFO - [2023-03-19T14:07:55.930+0000] {dag.py:3444} INFO - Setting next_dagrun for example_sensors to None, run_after=None
[2023-03-19T14:07:55.945+0000] {processor.py:175} INFO - Processing /home/airflow/.local/lib/python3.7/site-packages/airflow/example_dags/example_sensors.py took 0.075 seconds
[2023-03-19T14:08:26.691+0000] {processor.py:153} INFO - Started process (PID=305) to work on /home/airflow/.local/lib/python3.7/site-packages/airflow/example_dags/example_sensors.py
[2023-03-19T14:08:26.692+0000] {processor.py:743} INFO - Processing file /home/airflow/.local/lib/python3.7/site-packages/airflow/example_dags/example_sensors.py for tasks to queue
[2023-03-19T14:08:26.693+0000] {logging_mixin.py:137} INFO - [2023-03-19T14:08:26.693+0000] {dagbag.py:532} INFO - Filling up the DagBag from /home/airflow/.local/lib/python3.7/site-packages/airflow/example_dags/example_sensors.py
[2023-03-19T14:08:26.711+0000] {processor.py:753} INFO - DAG(s) dict_keys(['example_sensors']) retrieved from /home/airflow/.local/lib/python3.7/site-packages/airflow/example_dags/example_sensors.py
[2023-03-19T14:08:26.732+0000] {logging_mixin.py:137} INFO - [2023-03-19T14:08:26.732+0000] {dag.py:2693} INFO - Sync 1 DAGs
[2023-03-19T14:08:26.745+0000] {logging_mixin.py:137} INFO - [2023-03-19T14:08:26.745+0000] {dag.py:3444} INFO - Setting next_dagrun for example_sensors to None, run_after=None
[2023-03-19T14:08:26.754+0000] {processor.py:175} INFO - Processing /home/airflow/.local/lib/python3.7/site-packages/airflow/example_dags/example_sensors.py took 0.066 seconds
[2023-03-19T14:09:10.975+0000] {processor.py:153} INFO - Started process (PID=58) to work on /home/airflow/.local/lib/python3.7/site-packages/airflow/example_dags/example_sensors.py
[2023-03-19T14:09:10.983+0000] {processor.py:743} INFO - Processing file /home/airflow/.local/lib/python3.7/site-packages/airflow/example_dags/example_sensors.py for tasks to queue
[2023-03-19T14:09:10.985+0000] {logging_mixin.py:137} INFO - [2023-03-19T14:09:10.984+0000] {dagbag.py:532} INFO - Filling up the DagBag from /home/airflow/.local/lib/python3.7/site-packages/airflow/example_dags/example_sensors.py
[2023-03-19T14:09:11.028+0000] {processor.py:753} INFO - DAG(s) dict_keys(['example_sensors']) retrieved from /home/airflow/.local/lib/python3.7/site-packages/airflow/example_dags/example_sensors.py
[2023-03-19T14:09:11.058+0000] {logging_mixin.py:137} INFO - [2023-03-19T14:09:11.058+0000] {dag.py:2693} INFO - Sync 1 DAGs
[2023-03-19T14:09:11.106+0000] {logging_mixin.py:137} INFO - [2023-03-19T14:09:11.106+0000] {dag.py:3444} INFO - Setting next_dagrun for example_sensors to None, run_after=None
[2023-03-19T14:09:11.162+0000] {processor.py:175} INFO - Processing /home/airflow/.local/lib/python3.7/site-packages/airflow/example_dags/example_sensors.py took 0.195 seconds
[2023-03-19T14:09:41.963+0000] {processor.py:153} INFO - Started process (PID=107) to work on /home/airflow/.local/lib/python3.7/site-packages/airflow/example_dags/example_sensors.py
[2023-03-19T14:09:41.965+0000] {processor.py:743} INFO - Processing file /home/airflow/.local/lib/python3.7/site-packages/airflow/example_dags/example_sensors.py for tasks to queue
[2023-03-19T14:09:41.966+0000] {logging_mixin.py:137} INFO - [2023-03-19T14:09:41.966+0000] {dagbag.py:532} INFO - Filling up the DagBag from /home/airflow/.local/lib/python3.7/site-packages/airflow/example_dags/example_sensors.py
[2023-03-19T14:09:41.982+0000] {processor.py:753} INFO - DAG(s) dict_keys(['example_sensors']) retrieved from /home/airflow/.local/lib/python3.7/site-packages/airflow/example_dags/example_sensors.py
[2023-03-19T14:09:42.011+0000] {logging_mixin.py:137} INFO - [2023-03-19T14:09:42.011+0000] {dag.py:2693} INFO - Sync 1 DAGs
[2023-03-19T14:09:42.026+0000] {logging_mixin.py:137} INFO - [2023-03-19T14:09:42.026+0000] {dag.py:3444} INFO - Setting next_dagrun for example_sensors to None, run_after=None
[2023-03-19T14:09:42.039+0000] {processor.py:175} INFO - Processing /home/airflow/.local/lib/python3.7/site-packages/airflow/example_dags/example_sensors.py took 0.078 seconds
[2023-03-19T14:10:12.465+0000] {processor.py:153} INFO - Started process (PID=155) to work on /home/airflow/.local/lib/python3.7/site-packages/airflow/example_dags/example_sensors.py
[2023-03-19T14:10:12.466+0000] {processor.py:743} INFO - Processing file /home/airflow/.local/lib/python3.7/site-packages/airflow/example_dags/example_sensors.py for tasks to queue
[2023-03-19T14:10:12.466+0000] {logging_mixin.py:137} INFO - [2023-03-19T14:10:12.466+0000] {dagbag.py:532} INFO - Filling up the DagBag from /home/airflow/.local/lib/python3.7/site-packages/airflow/example_dags/example_sensors.py
[2023-03-19T14:10:12.482+0000] {processor.py:753} INFO - DAG(s) dict_keys(['example_sensors']) retrieved from /home/airflow/.local/lib/python3.7/site-packages/airflow/example_dags/example_sensors.py
[2023-03-19T14:10:12.570+0000] {logging_mixin.py:137} INFO - [2023-03-19T14:10:12.569+0000] {dag.py:2693} INFO - Sync 1 DAGs
[2023-03-19T14:10:12.899+0000] {logging_mixin.py:137} INFO - [2023-03-19T14:10:12.898+0000] {dag.py:3444} INFO - Setting next_dagrun for example_sensors to None, run_after=None
[2023-03-19T14:10:12.933+0000] {processor.py:175} INFO - Processing /home/airflow/.local/lib/python3.7/site-packages/airflow/example_dags/example_sensors.py took 0.470 seconds
[2023-03-19T14:10:43.573+0000] {processor.py:153} INFO - Started process (PID=204) to work on /home/airflow/.local/lib/python3.7/site-packages/airflow/example_dags/example_sensors.py
[2023-03-19T14:10:43.575+0000] {processor.py:743} INFO - Processing file /home/airflow/.local/lib/python3.7/site-packages/airflow/example_dags/example_sensors.py for tasks to queue
[2023-03-19T14:10:43.576+0000] {logging_mixin.py:137} INFO - [2023-03-19T14:10:43.576+0000] {dagbag.py:532} INFO - Filling up the DagBag from /home/airflow/.local/lib/python3.7/site-packages/airflow/example_dags/example_sensors.py
[2023-03-19T14:10:43.589+0000] {processor.py:753} INFO - DAG(s) dict_keys(['example_sensors']) retrieved from /home/airflow/.local/lib/python3.7/site-packages/airflow/example_dags/example_sensors.py
[2023-03-19T14:10:43.612+0000] {logging_mixin.py:137} INFO - [2023-03-19T14:10:43.612+0000] {dag.py:2693} INFO - Sync 1 DAGs
[2023-03-19T14:10:43.626+0000] {logging_mixin.py:137} INFO - [2023-03-19T14:10:43.626+0000] {dag.py:3444} INFO - Setting next_dagrun for example_sensors to None, run_after=None
[2023-03-19T14:10:43.637+0000] {processor.py:175} INFO - Processing /home/airflow/.local/lib/python3.7/site-packages/airflow/example_dags/example_sensors.py took 0.067 seconds
[2023-03-19T14:11:13.923+0000] {processor.py:153} INFO - Started process (PID=253) to work on /home/airflow/.local/lib/python3.7/site-packages/airflow/example_dags/example_sensors.py
[2023-03-19T14:11:13.925+0000] {processor.py:743} INFO - Processing file /home/airflow/.local/lib/python3.7/site-packages/airflow/example_dags/example_sensors.py for tasks to queue
[2023-03-19T14:11:13.925+0000] {logging_mixin.py:137} INFO - [2023-03-19T14:11:13.925+0000] {dagbag.py:532} INFO - Filling up the DagBag from /home/airflow/.local/lib/python3.7/site-packages/airflow/example_dags/example_sensors.py
[2023-03-19T14:11:13.940+0000] {processor.py:753} INFO - DAG(s) dict_keys(['example_sensors']) retrieved from /home/airflow/.local/lib/python3.7/site-packages/airflow/example_dags/example_sensors.py
[2023-03-19T14:11:13.964+0000] {logging_mixin.py:137} INFO - [2023-03-19T14:11:13.964+0000] {dag.py:2693} INFO - Sync 1 DAGs
[2023-03-19T14:11:13.980+0000] {logging_mixin.py:137} INFO - [2023-03-19T14:11:13.980+0000] {dag.py:3444} INFO - Setting next_dagrun for example_sensors to None, run_after=None
[2023-03-19T14:11:13.991+0000] {processor.py:175} INFO - Processing /home/airflow/.local/lib/python3.7/site-packages/airflow/example_dags/example_sensors.py took 0.071 seconds
[2023-03-19T14:11:44.339+0000] {processor.py:153} INFO - Started process (PID=302) to work on /home/airflow/.local/lib/python3.7/site-packages/airflow/example_dags/example_sensors.py
[2023-03-19T14:11:44.341+0000] {processor.py:743} INFO - Processing file /home/airflow/.local/lib/python3.7/site-packages/airflow/example_dags/example_sensors.py for tasks to queue
[2023-03-19T14:11:44.342+0000] {logging_mixin.py:137} INFO - [2023-03-19T14:11:44.341+0000] {dagbag.py:532} INFO - Filling up the DagBag from /home/airflow/.local/lib/python3.7/site-packages/airflow/example_dags/example_sensors.py
[2023-03-19T14:11:44.355+0000] {processor.py:753} INFO - DAG(s) dict_keys(['example_sensors']) retrieved from /home/airflow/.local/lib/python3.7/site-packages/airflow/example_dags/example_sensors.py
[2023-03-19T14:11:44.376+0000] {logging_mixin.py:137} INFO - [2023-03-19T14:11:44.376+0000] {dag.py:2693} INFO - Sync 1 DAGs
[2023-03-19T14:11:44.390+0000] {logging_mixin.py:137} INFO - [2023-03-19T14:11:44.390+0000] {dag.py:3444} INFO - Setting next_dagrun for example_sensors to None, run_after=None
[2023-03-19T14:11:44.399+0000] {processor.py:175} INFO - Processing /home/airflow/.local/lib/python3.7/site-packages/airflow/example_dags/example_sensors.py took 0.063 seconds
[2023-03-19T14:12:14.467+0000] {processor.py:153} INFO - Started process (PID=351) to work on /home/airflow/.local/lib/python3.7/site-packages/airflow/example_dags/example_sensors.py
[2023-03-19T14:12:14.468+0000] {processor.py:743} INFO - Processing file /home/airflow/.local/lib/python3.7/site-packages/airflow/example_dags/example_sensors.py for tasks to queue
[2023-03-19T14:12:14.469+0000] {logging_mixin.py:137} INFO - [2023-03-19T14:12:14.469+0000] {dagbag.py:532} INFO - Filling up the DagBag from /home/airflow/.local/lib/python3.7/site-packages/airflow/example_dags/example_sensors.py
[2023-03-19T14:12:14.482+0000] {processor.py:753} INFO - DAG(s) dict_keys(['example_sensors']) retrieved from /home/airflow/.local/lib/python3.7/site-packages/airflow/example_dags/example_sensors.py
[2023-03-19T14:12:14.505+0000] {logging_mixin.py:137} INFO - [2023-03-19T14:12:14.505+0000] {dag.py:2693} INFO - Sync 1 DAGs
[2023-03-19T14:12:14.535+0000] {logging_mixin.py:137} INFO - [2023-03-19T14:12:14.535+0000] {dag.py:3444} INFO - Setting next_dagrun for example_sensors to None, run_after=None
[2023-03-19T14:12:14.559+0000] {processor.py:175} INFO - Processing /home/airflow/.local/lib/python3.7/site-packages/airflow/example_dags/example_sensors.py took 0.094 seconds
