[2023-03-19T13:32:58.720+0000] {processor.py:153} INFO - Started process (PID=35) to work on /home/airflow/.local/lib/python3.7/site-packages/airflow/example_dags/example_sensor_decorator.py
[2023-03-19T13:32:58.722+0000] {processor.py:743} INFO - Processing file /home/airflow/.local/lib/python3.7/site-packages/airflow/example_dags/example_sensor_decorator.py for tasks to queue
[2023-03-19T13:32:58.725+0000] {logging_mixin.py:137} INFO - [2023-03-19T13:32:58.724+0000] {dagbag.py:532} INFO - Filling up the DagBag from /home/airflow/.local/lib/python3.7/site-packages/airflow/example_dags/example_sensor_decorator.py
[2023-03-19T13:32:58.772+0000] {processor.py:753} INFO - DAG(s) dict_keys(['example_sensor_decorator']) retrieved from /home/airflow/.local/lib/python3.7/site-packages/airflow/example_dags/example_sensor_decorator.py
[2023-03-19T13:32:58.798+0000] {logging_mixin.py:137} INFO - [2023-03-19T13:32:58.798+0000] {dag.py:2693} INFO - Sync 1 DAGs
[2023-03-19T13:32:58.816+0000] {logging_mixin.py:137} INFO - [2023-03-19T13:32:58.816+0000] {dag.py:3444} INFO - Setting next_dagrun for example_sensor_decorator to None, run_after=None
[2023-03-19T13:32:58.828+0000] {processor.py:175} INFO - Processing /home/airflow/.local/lib/python3.7/site-packages/airflow/example_dags/example_sensor_decorator.py took 0.112 seconds
[2023-03-19T13:33:29.353+0000] {processor.py:153} INFO - Started process (PID=84) to work on /home/airflow/.local/lib/python3.7/site-packages/airflow/example_dags/example_sensor_decorator.py
[2023-03-19T13:33:29.355+0000] {processor.py:743} INFO - Processing file /home/airflow/.local/lib/python3.7/site-packages/airflow/example_dags/example_sensor_decorator.py for tasks to queue
[2023-03-19T13:33:29.357+0000] {logging_mixin.py:137} INFO - [2023-03-19T13:33:29.357+0000] {dagbag.py:532} INFO - Filling up the DagBag from /home/airflow/.local/lib/python3.7/site-packages/airflow/example_dags/example_sensor_decorator.py
[2023-03-19T13:33:29.381+0000] {processor.py:753} INFO - DAG(s) dict_keys(['example_sensor_decorator']) retrieved from /home/airflow/.local/lib/python3.7/site-packages/airflow/example_dags/example_sensor_decorator.py
[2023-03-19T13:33:29.403+0000] {logging_mixin.py:137} INFO - [2023-03-19T13:33:29.403+0000] {dag.py:2693} INFO - Sync 1 DAGs
[2023-03-19T13:33:29.424+0000] {logging_mixin.py:137} INFO - [2023-03-19T13:33:29.424+0000] {dag.py:3444} INFO - Setting next_dagrun for example_sensor_decorator to None, run_after=None
[2023-03-19T13:33:29.439+0000] {processor.py:175} INFO - Processing /home/airflow/.local/lib/python3.7/site-packages/airflow/example_dags/example_sensor_decorator.py took 0.100 seconds
[2023-03-19T13:33:59.646+0000] {processor.py:153} INFO - Started process (PID=134) to work on /home/airflow/.local/lib/python3.7/site-packages/airflow/example_dags/example_sensor_decorator.py
[2023-03-19T13:33:59.648+0000] {processor.py:743} INFO - Processing file /home/airflow/.local/lib/python3.7/site-packages/airflow/example_dags/example_sensor_decorator.py for tasks to queue
[2023-03-19T13:33:59.650+0000] {logging_mixin.py:137} INFO - [2023-03-19T13:33:59.650+0000] {dagbag.py:532} INFO - Filling up the DagBag from /home/airflow/.local/lib/python3.7/site-packages/airflow/example_dags/example_sensor_decorator.py
[2023-03-19T13:33:59.683+0000] {processor.py:753} INFO - DAG(s) dict_keys(['example_sensor_decorator']) retrieved from /home/airflow/.local/lib/python3.7/site-packages/airflow/example_dags/example_sensor_decorator.py
[2023-03-19T13:33:59.708+0000] {logging_mixin.py:137} INFO - [2023-03-19T13:33:59.708+0000] {dag.py:2693} INFO - Sync 1 DAGs
[2023-03-19T13:33:59.731+0000] {logging_mixin.py:137} INFO - [2023-03-19T13:33:59.731+0000] {dag.py:3444} INFO - Setting next_dagrun for example_sensor_decorator to None, run_after=None
[2023-03-19T13:33:59.743+0000] {processor.py:175} INFO - Processing /home/airflow/.local/lib/python3.7/site-packages/airflow/example_dags/example_sensor_decorator.py took 0.106 seconds
[2023-03-19T13:34:29.868+0000] {processor.py:153} INFO - Started process (PID=183) to work on /home/airflow/.local/lib/python3.7/site-packages/airflow/example_dags/example_sensor_decorator.py
[2023-03-19T13:34:29.870+0000] {processor.py:743} INFO - Processing file /home/airflow/.local/lib/python3.7/site-packages/airflow/example_dags/example_sensor_decorator.py for tasks to queue
[2023-03-19T13:34:29.871+0000] {logging_mixin.py:137} INFO - [2023-03-19T13:34:29.871+0000] {dagbag.py:532} INFO - Filling up the DagBag from /home/airflow/.local/lib/python3.7/site-packages/airflow/example_dags/example_sensor_decorator.py
[2023-03-19T13:34:29.910+0000] {processor.py:753} INFO - DAG(s) dict_keys(['example_sensor_decorator']) retrieved from /home/airflow/.local/lib/python3.7/site-packages/airflow/example_dags/example_sensor_decorator.py
[2023-03-19T13:34:29.936+0000] {logging_mixin.py:137} INFO - [2023-03-19T13:34:29.935+0000] {dag.py:2693} INFO - Sync 1 DAGs
[2023-03-19T13:34:29.957+0000] {logging_mixin.py:137} INFO - [2023-03-19T13:34:29.957+0000] {dag.py:3444} INFO - Setting next_dagrun for example_sensor_decorator to None, run_after=None
[2023-03-19T13:34:29.969+0000] {processor.py:175} INFO - Processing /home/airflow/.local/lib/python3.7/site-packages/airflow/example_dags/example_sensor_decorator.py took 0.106 seconds
[2023-03-19T13:35:00.474+0000] {processor.py:153} INFO - Started process (PID=232) to work on /home/airflow/.local/lib/python3.7/site-packages/airflow/example_dags/example_sensor_decorator.py
[2023-03-19T13:35:00.475+0000] {processor.py:743} INFO - Processing file /home/airflow/.local/lib/python3.7/site-packages/airflow/example_dags/example_sensor_decorator.py for tasks to queue
[2023-03-19T13:35:00.476+0000] {logging_mixin.py:137} INFO - [2023-03-19T13:35:00.476+0000] {dagbag.py:532} INFO - Filling up the DagBag from /home/airflow/.local/lib/python3.7/site-packages/airflow/example_dags/example_sensor_decorator.py
[2023-03-19T13:35:00.507+0000] {processor.py:753} INFO - DAG(s) dict_keys(['example_sensor_decorator']) retrieved from /home/airflow/.local/lib/python3.7/site-packages/airflow/example_dags/example_sensor_decorator.py
[2023-03-19T13:35:00.533+0000] {logging_mixin.py:137} INFO - [2023-03-19T13:35:00.533+0000] {dag.py:2693} INFO - Sync 1 DAGs
[2023-03-19T13:35:00.555+0000] {logging_mixin.py:137} INFO - [2023-03-19T13:35:00.555+0000] {dag.py:3444} INFO - Setting next_dagrun for example_sensor_decorator to None, run_after=None
[2023-03-19T13:35:00.566+0000] {processor.py:175} INFO - Processing /home/airflow/.local/lib/python3.7/site-packages/airflow/example_dags/example_sensor_decorator.py took 0.096 seconds
[2023-03-19T13:35:30.867+0000] {processor.py:153} INFO - Started process (PID=280) to work on /home/airflow/.local/lib/python3.7/site-packages/airflow/example_dags/example_sensor_decorator.py
[2023-03-19T13:35:30.868+0000] {processor.py:743} INFO - Processing file /home/airflow/.local/lib/python3.7/site-packages/airflow/example_dags/example_sensor_decorator.py for tasks to queue
[2023-03-19T13:35:30.869+0000] {logging_mixin.py:137} INFO - [2023-03-19T13:35:30.869+0000] {dagbag.py:532} INFO - Filling up the DagBag from /home/airflow/.local/lib/python3.7/site-packages/airflow/example_dags/example_sensor_decorator.py
[2023-03-19T13:35:30.896+0000] {processor.py:753} INFO - DAG(s) dict_keys(['example_sensor_decorator']) retrieved from /home/airflow/.local/lib/python3.7/site-packages/airflow/example_dags/example_sensor_decorator.py
[2023-03-19T13:35:30.924+0000] {logging_mixin.py:137} INFO - [2023-03-19T13:35:30.923+0000] {dag.py:2693} INFO - Sync 1 DAGs
[2023-03-19T13:35:30.944+0000] {logging_mixin.py:137} INFO - [2023-03-19T13:35:30.944+0000] {dag.py:3444} INFO - Setting next_dagrun for example_sensor_decorator to None, run_after=None
[2023-03-19T13:35:30.955+0000] {processor.py:175} INFO - Processing /home/airflow/.local/lib/python3.7/site-packages/airflow/example_dags/example_sensor_decorator.py took 0.093 seconds
[2023-03-19T14:05:50.215+0000] {processor.py:153} INFO - Started process (PID=35) to work on /home/airflow/.local/lib/python3.7/site-packages/airflow/example_dags/example_sensor_decorator.py
[2023-03-19T14:05:50.216+0000] {processor.py:743} INFO - Processing file /home/airflow/.local/lib/python3.7/site-packages/airflow/example_dags/example_sensor_decorator.py for tasks to queue
[2023-03-19T14:05:50.218+0000] {logging_mixin.py:137} INFO - [2023-03-19T14:05:50.217+0000] {dagbag.py:532} INFO - Filling up the DagBag from /home/airflow/.local/lib/python3.7/site-packages/airflow/example_dags/example_sensor_decorator.py
[2023-03-19T14:05:50.416+0000] {processor.py:753} INFO - DAG(s) dict_keys(['example_sensor_decorator']) retrieved from /home/airflow/.local/lib/python3.7/site-packages/airflow/example_dags/example_sensor_decorator.py
[2023-03-19T14:05:50.574+0000] {logging_mixin.py:137} INFO - [2023-03-19T14:05:50.574+0000] {dag.py:2693} INFO - Sync 1 DAGs
[2023-03-19T14:05:50.658+0000] {logging_mixin.py:137} INFO - [2023-03-19T14:05:50.657+0000] {dag.py:3444} INFO - Setting next_dagrun for example_sensor_decorator to None, run_after=None
[2023-03-19T14:05:50.680+0000] {processor.py:175} INFO - Processing /home/airflow/.local/lib/python3.7/site-packages/airflow/example_dags/example_sensor_decorator.py took 0.469 seconds
[2023-03-19T14:06:21.398+0000] {processor.py:153} INFO - Started process (PID=84) to work on /home/airflow/.local/lib/python3.7/site-packages/airflow/example_dags/example_sensor_decorator.py
[2023-03-19T14:06:21.401+0000] {processor.py:743} INFO - Processing file /home/airflow/.local/lib/python3.7/site-packages/airflow/example_dags/example_sensor_decorator.py for tasks to queue
[2023-03-19T14:06:21.403+0000] {logging_mixin.py:137} INFO - [2023-03-19T14:06:21.403+0000] {dagbag.py:532} INFO - Filling up the DagBag from /home/airflow/.local/lib/python3.7/site-packages/airflow/example_dags/example_sensor_decorator.py
[2023-03-19T14:06:21.447+0000] {processor.py:753} INFO - DAG(s) dict_keys(['example_sensor_decorator']) retrieved from /home/airflow/.local/lib/python3.7/site-packages/airflow/example_dags/example_sensor_decorator.py
[2023-03-19T14:06:21.490+0000] {logging_mixin.py:137} INFO - [2023-03-19T14:06:21.490+0000] {dag.py:2693} INFO - Sync 1 DAGs
[2023-03-19T14:06:21.515+0000] {logging_mixin.py:137} INFO - [2023-03-19T14:06:21.514+0000] {dag.py:3444} INFO - Setting next_dagrun for example_sensor_decorator to None, run_after=None
[2023-03-19T14:06:21.527+0000] {processor.py:175} INFO - Processing /home/airflow/.local/lib/python3.7/site-packages/airflow/example_dags/example_sensor_decorator.py took 0.141 seconds
[2023-03-19T14:06:51.865+0000] {processor.py:153} INFO - Started process (PID=133) to work on /home/airflow/.local/lib/python3.7/site-packages/airflow/example_dags/example_sensor_decorator.py
[2023-03-19T14:06:51.867+0000] {processor.py:743} INFO - Processing file /home/airflow/.local/lib/python3.7/site-packages/airflow/example_dags/example_sensor_decorator.py for tasks to queue
[2023-03-19T14:06:51.869+0000] {logging_mixin.py:137} INFO - [2023-03-19T14:06:51.869+0000] {dagbag.py:532} INFO - Filling up the DagBag from /home/airflow/.local/lib/python3.7/site-packages/airflow/example_dags/example_sensor_decorator.py
[2023-03-19T14:06:51.897+0000] {processor.py:753} INFO - DAG(s) dict_keys(['example_sensor_decorator']) retrieved from /home/airflow/.local/lib/python3.7/site-packages/airflow/example_dags/example_sensor_decorator.py
[2023-03-19T14:06:51.932+0000] {logging_mixin.py:137} INFO - [2023-03-19T14:06:51.932+0000] {dag.py:2693} INFO - Sync 1 DAGs
[2023-03-19T14:06:51.952+0000] {logging_mixin.py:137} INFO - [2023-03-19T14:06:51.952+0000] {dag.py:3444} INFO - Setting next_dagrun for example_sensor_decorator to None, run_after=None
[2023-03-19T14:06:51.965+0000] {processor.py:175} INFO - Processing /home/airflow/.local/lib/python3.7/site-packages/airflow/example_dags/example_sensor_decorator.py took 0.116 seconds
[2023-03-19T14:07:22.239+0000] {processor.py:153} INFO - Started process (PID=182) to work on /home/airflow/.local/lib/python3.7/site-packages/airflow/example_dags/example_sensor_decorator.py
[2023-03-19T14:07:22.241+0000] {processor.py:743} INFO - Processing file /home/airflow/.local/lib/python3.7/site-packages/airflow/example_dags/example_sensor_decorator.py for tasks to queue
[2023-03-19T14:07:22.243+0000] {logging_mixin.py:137} INFO - [2023-03-19T14:07:22.242+0000] {dagbag.py:532} INFO - Filling up the DagBag from /home/airflow/.local/lib/python3.7/site-packages/airflow/example_dags/example_sensor_decorator.py
[2023-03-19T14:07:22.286+0000] {processor.py:753} INFO - DAG(s) dict_keys(['example_sensor_decorator']) retrieved from /home/airflow/.local/lib/python3.7/site-packages/airflow/example_dags/example_sensor_decorator.py
[2023-03-19T14:07:22.317+0000] {logging_mixin.py:137} INFO - [2023-03-19T14:07:22.317+0000] {dag.py:2693} INFO - Sync 1 DAGs
[2023-03-19T14:07:22.333+0000] {logging_mixin.py:137} INFO - [2023-03-19T14:07:22.333+0000] {dag.py:3444} INFO - Setting next_dagrun for example_sensor_decorator to None, run_after=None
[2023-03-19T14:07:22.345+0000] {processor.py:175} INFO - Processing /home/airflow/.local/lib/python3.7/site-packages/airflow/example_dags/example_sensor_decorator.py took 0.111 seconds
[2023-03-19T14:07:52.677+0000] {processor.py:153} INFO - Started process (PID=231) to work on /home/airflow/.local/lib/python3.7/site-packages/airflow/example_dags/example_sensor_decorator.py
[2023-03-19T14:07:52.679+0000] {processor.py:743} INFO - Processing file /home/airflow/.local/lib/python3.7/site-packages/airflow/example_dags/example_sensor_decorator.py for tasks to queue
[2023-03-19T14:07:52.680+0000] {logging_mixin.py:137} INFO - [2023-03-19T14:07:52.680+0000] {dagbag.py:532} INFO - Filling up the DagBag from /home/airflow/.local/lib/python3.7/site-packages/airflow/example_dags/example_sensor_decorator.py
[2023-03-19T14:07:52.709+0000] {processor.py:753} INFO - DAG(s) dict_keys(['example_sensor_decorator']) retrieved from /home/airflow/.local/lib/python3.7/site-packages/airflow/example_dags/example_sensor_decorator.py
[2023-03-19T14:07:52.746+0000] {logging_mixin.py:137} INFO - [2023-03-19T14:07:52.746+0000] {dag.py:2693} INFO - Sync 1 DAGs
[2023-03-19T14:07:52.767+0000] {logging_mixin.py:137} INFO - [2023-03-19T14:07:52.767+0000] {dag.py:3444} INFO - Setting next_dagrun for example_sensor_decorator to None, run_after=None
[2023-03-19T14:07:52.780+0000] {processor.py:175} INFO - Processing /home/airflow/.local/lib/python3.7/site-packages/airflow/example_dags/example_sensor_decorator.py took 0.110 seconds
[2023-03-19T14:08:23.027+0000] {processor.py:153} INFO - Started process (PID=281) to work on /home/airflow/.local/lib/python3.7/site-packages/airflow/example_dags/example_sensor_decorator.py
[2023-03-19T14:08:23.033+0000] {processor.py:743} INFO - Processing file /home/airflow/.local/lib/python3.7/site-packages/airflow/example_dags/example_sensor_decorator.py for tasks to queue
[2023-03-19T14:08:23.037+0000] {logging_mixin.py:137} INFO - [2023-03-19T14:08:23.037+0000] {dagbag.py:532} INFO - Filling up the DagBag from /home/airflow/.local/lib/python3.7/site-packages/airflow/example_dags/example_sensor_decorator.py
[2023-03-19T14:08:23.135+0000] {processor.py:753} INFO - DAG(s) dict_keys(['example_sensor_decorator']) retrieved from /home/airflow/.local/lib/python3.7/site-packages/airflow/example_dags/example_sensor_decorator.py
[2023-03-19T14:08:23.197+0000] {logging_mixin.py:137} INFO - [2023-03-19T14:08:23.197+0000] {dag.py:2693} INFO - Sync 1 DAGs
[2023-03-19T14:08:23.217+0000] {logging_mixin.py:137} INFO - [2023-03-19T14:08:23.217+0000] {dag.py:3444} INFO - Setting next_dagrun for example_sensor_decorator to None, run_after=None
[2023-03-19T14:08:23.256+0000] {processor.py:175} INFO - Processing /home/airflow/.local/lib/python3.7/site-packages/airflow/example_dags/example_sensor_decorator.py took 0.236 seconds
[2023-03-19T14:09:07.468+0000] {processor.py:153} INFO - Started process (PID=34) to work on /home/airflow/.local/lib/python3.7/site-packages/airflow/example_dags/example_sensor_decorator.py
[2023-03-19T14:09:07.470+0000] {processor.py:743} INFO - Processing file /home/airflow/.local/lib/python3.7/site-packages/airflow/example_dags/example_sensor_decorator.py for tasks to queue
[2023-03-19T14:09:07.473+0000] {logging_mixin.py:137} INFO - [2023-03-19T14:09:07.472+0000] {dagbag.py:532} INFO - Filling up the DagBag from /home/airflow/.local/lib/python3.7/site-packages/airflow/example_dags/example_sensor_decorator.py
[2023-03-19T14:09:07.554+0000] {processor.py:753} INFO - DAG(s) dict_keys(['example_sensor_decorator']) retrieved from /home/airflow/.local/lib/python3.7/site-packages/airflow/example_dags/example_sensor_decorator.py
[2023-03-19T14:09:07.599+0000] {logging_mixin.py:137} INFO - [2023-03-19T14:09:07.599+0000] {dag.py:2693} INFO - Sync 1 DAGs
[2023-03-19T14:09:07.645+0000] {logging_mixin.py:137} INFO - [2023-03-19T14:09:07.645+0000] {dag.py:3444} INFO - Setting next_dagrun for example_sensor_decorator to None, run_after=None
[2023-03-19T14:09:07.670+0000] {processor.py:175} INFO - Processing /home/airflow/.local/lib/python3.7/site-packages/airflow/example_dags/example_sensor_decorator.py took 0.206 seconds
[2023-03-19T14:09:38.452+0000] {processor.py:153} INFO - Started process (PID=83) to work on /home/airflow/.local/lib/python3.7/site-packages/airflow/example_dags/example_sensor_decorator.py
[2023-03-19T14:09:38.454+0000] {processor.py:743} INFO - Processing file /home/airflow/.local/lib/python3.7/site-packages/airflow/example_dags/example_sensor_decorator.py for tasks to queue
[2023-03-19T14:09:38.455+0000] {logging_mixin.py:137} INFO - [2023-03-19T14:09:38.455+0000] {dagbag.py:532} INFO - Filling up the DagBag from /home/airflow/.local/lib/python3.7/site-packages/airflow/example_dags/example_sensor_decorator.py
[2023-03-19T14:09:38.485+0000] {processor.py:753} INFO - DAG(s) dict_keys(['example_sensor_decorator']) retrieved from /home/airflow/.local/lib/python3.7/site-packages/airflow/example_dags/example_sensor_decorator.py
[2023-03-19T14:09:38.532+0000] {logging_mixin.py:137} INFO - [2023-03-19T14:09:38.532+0000] {dag.py:2693} INFO - Sync 1 DAGs
[2023-03-19T14:09:38.553+0000] {logging_mixin.py:137} INFO - [2023-03-19T14:09:38.553+0000] {dag.py:3444} INFO - Setting next_dagrun for example_sensor_decorator to None, run_after=None
[2023-03-19T14:09:38.566+0000] {processor.py:175} INFO - Processing /home/airflow/.local/lib/python3.7/site-packages/airflow/example_dags/example_sensor_decorator.py took 0.119 seconds
[2023-03-19T14:10:09.211+0000] {processor.py:153} INFO - Started process (PID=131) to work on /home/airflow/.local/lib/python3.7/site-packages/airflow/example_dags/example_sensor_decorator.py
[2023-03-19T14:10:09.212+0000] {processor.py:743} INFO - Processing file /home/airflow/.local/lib/python3.7/site-packages/airflow/example_dags/example_sensor_decorator.py for tasks to queue
[2023-03-19T14:10:09.214+0000] {logging_mixin.py:137} INFO - [2023-03-19T14:10:09.214+0000] {dagbag.py:532} INFO - Filling up the DagBag from /home/airflow/.local/lib/python3.7/site-packages/airflow/example_dags/example_sensor_decorator.py
[2023-03-19T14:10:09.241+0000] {processor.py:753} INFO - DAG(s) dict_keys(['example_sensor_decorator']) retrieved from /home/airflow/.local/lib/python3.7/site-packages/airflow/example_dags/example_sensor_decorator.py
[2023-03-19T14:10:09.266+0000] {logging_mixin.py:137} INFO - [2023-03-19T14:10:09.266+0000] {dag.py:2693} INFO - Sync 1 DAGs
[2023-03-19T14:10:09.283+0000] {logging_mixin.py:137} INFO - [2023-03-19T14:10:09.283+0000] {dag.py:3444} INFO - Setting next_dagrun for example_sensor_decorator to None, run_after=None
[2023-03-19T14:10:09.296+0000] {processor.py:175} INFO - Processing /home/airflow/.local/lib/python3.7/site-packages/airflow/example_dags/example_sensor_decorator.py took 0.089 seconds
[2023-03-19T14:10:40.245+0000] {processor.py:153} INFO - Started process (PID=180) to work on /home/airflow/.local/lib/python3.7/site-packages/airflow/example_dags/example_sensor_decorator.py
[2023-03-19T14:10:40.246+0000] {processor.py:743} INFO - Processing file /home/airflow/.local/lib/python3.7/site-packages/airflow/example_dags/example_sensor_decorator.py for tasks to queue
[2023-03-19T14:10:40.247+0000] {logging_mixin.py:137} INFO - [2023-03-19T14:10:40.247+0000] {dagbag.py:532} INFO - Filling up the DagBag from /home/airflow/.local/lib/python3.7/site-packages/airflow/example_dags/example_sensor_decorator.py
[2023-03-19T14:10:40.271+0000] {processor.py:753} INFO - DAG(s) dict_keys(['example_sensor_decorator']) retrieved from /home/airflow/.local/lib/python3.7/site-packages/airflow/example_dags/example_sensor_decorator.py
[2023-03-19T14:10:40.298+0000] {logging_mixin.py:137} INFO - [2023-03-19T14:10:40.298+0000] {dag.py:2693} INFO - Sync 1 DAGs
[2023-03-19T14:10:40.315+0000] {logging_mixin.py:137} INFO - [2023-03-19T14:10:40.315+0000] {dag.py:3444} INFO - Setting next_dagrun for example_sensor_decorator to None, run_after=None
[2023-03-19T14:10:40.327+0000] {processor.py:175} INFO - Processing /home/airflow/.local/lib/python3.7/site-packages/airflow/example_dags/example_sensor_decorator.py took 0.085 seconds
[2023-03-19T14:11:10.563+0000] {processor.py:153} INFO - Started process (PID=229) to work on /home/airflow/.local/lib/python3.7/site-packages/airflow/example_dags/example_sensor_decorator.py
[2023-03-19T14:11:10.568+0000] {processor.py:743} INFO - Processing file /home/airflow/.local/lib/python3.7/site-packages/airflow/example_dags/example_sensor_decorator.py for tasks to queue
[2023-03-19T14:11:10.569+0000] {logging_mixin.py:137} INFO - [2023-03-19T14:11:10.569+0000] {dagbag.py:532} INFO - Filling up the DagBag from /home/airflow/.local/lib/python3.7/site-packages/airflow/example_dags/example_sensor_decorator.py
[2023-03-19T14:11:10.593+0000] {processor.py:753} INFO - DAG(s) dict_keys(['example_sensor_decorator']) retrieved from /home/airflow/.local/lib/python3.7/site-packages/airflow/example_dags/example_sensor_decorator.py
[2023-03-19T14:11:10.619+0000] {logging_mixin.py:137} INFO - [2023-03-19T14:11:10.619+0000] {dag.py:2693} INFO - Sync 1 DAGs
[2023-03-19T14:11:10.650+0000] {logging_mixin.py:137} INFO - [2023-03-19T14:11:10.650+0000] {dag.py:3444} INFO - Setting next_dagrun for example_sensor_decorator to None, run_after=None
[2023-03-19T14:11:10.694+0000] {processor.py:175} INFO - Processing /home/airflow/.local/lib/python3.7/site-packages/airflow/example_dags/example_sensor_decorator.py took 0.134 seconds
[2023-03-19T14:11:40.880+0000] {processor.py:153} INFO - Started process (PID=278) to work on /home/airflow/.local/lib/python3.7/site-packages/airflow/example_dags/example_sensor_decorator.py
[2023-03-19T14:11:40.883+0000] {processor.py:743} INFO - Processing file /home/airflow/.local/lib/python3.7/site-packages/airflow/example_dags/example_sensor_decorator.py for tasks to queue
[2023-03-19T14:11:40.887+0000] {logging_mixin.py:137} INFO - [2023-03-19T14:11:40.887+0000] {dagbag.py:532} INFO - Filling up the DagBag from /home/airflow/.local/lib/python3.7/site-packages/airflow/example_dags/example_sensor_decorator.py
[2023-03-19T14:11:40.921+0000] {processor.py:753} INFO - DAG(s) dict_keys(['example_sensor_decorator']) retrieved from /home/airflow/.local/lib/python3.7/site-packages/airflow/example_dags/example_sensor_decorator.py
[2023-03-19T14:11:40.956+0000] {logging_mixin.py:137} INFO - [2023-03-19T14:11:40.956+0000] {dag.py:2693} INFO - Sync 1 DAGs
[2023-03-19T14:11:41.000+0000] {logging_mixin.py:137} INFO - [2023-03-19T14:11:40.999+0000] {dag.py:3444} INFO - Setting next_dagrun for example_sensor_decorator to None, run_after=None
[2023-03-19T14:11:41.013+0000] {processor.py:175} INFO - Processing /home/airflow/.local/lib/python3.7/site-packages/airflow/example_dags/example_sensor_decorator.py took 0.137 seconds
[2023-03-19T14:12:11.348+0000] {processor.py:153} INFO - Started process (PID=327) to work on /home/airflow/.local/lib/python3.7/site-packages/airflow/example_dags/example_sensor_decorator.py
[2023-03-19T14:12:11.350+0000] {processor.py:743} INFO - Processing file /home/airflow/.local/lib/python3.7/site-packages/airflow/example_dags/example_sensor_decorator.py for tasks to queue
[2023-03-19T14:12:11.351+0000] {logging_mixin.py:137} INFO - [2023-03-19T14:12:11.351+0000] {dagbag.py:532} INFO - Filling up the DagBag from /home/airflow/.local/lib/python3.7/site-packages/airflow/example_dags/example_sensor_decorator.py
[2023-03-19T14:12:11.392+0000] {processor.py:753} INFO - DAG(s) dict_keys(['example_sensor_decorator']) retrieved from /home/airflow/.local/lib/python3.7/site-packages/airflow/example_dags/example_sensor_decorator.py
[2023-03-19T14:12:11.438+0000] {logging_mixin.py:137} INFO - [2023-03-19T14:12:11.438+0000] {dag.py:2693} INFO - Sync 1 DAGs
[2023-03-19T14:12:11.462+0000] {logging_mixin.py:137} INFO - [2023-03-19T14:12:11.462+0000] {dag.py:3444} INFO - Setting next_dagrun for example_sensor_decorator to None, run_after=None
[2023-03-19T14:12:11.474+0000] {processor.py:175} INFO - Processing /home/airflow/.local/lib/python3.7/site-packages/airflow/example_dags/example_sensor_decorator.py took 0.131 seconds
