[2023-03-19T13:32:59.137+0000] {processor.py:153} INFO - Started process (PID=41) to work on /home/airflow/.local/lib/python3.7/site-packages/airflow/example_dags/example_branch_python_dop_operator_3.py
[2023-03-19T13:32:59.138+0000] {processor.py:743} INFO - Processing file /home/airflow/.local/lib/python3.7/site-packages/airflow/example_dags/example_branch_python_dop_operator_3.py for tasks to queue
[2023-03-19T13:32:59.139+0000] {logging_mixin.py:137} INFO - [2023-03-19T13:32:59.139+0000] {dagbag.py:532} INFO - Filling up the DagBag from /home/airflow/.local/lib/python3.7/site-packages/airflow/example_dags/example_branch_python_dop_operator_3.py
[2023-03-19T13:32:59.166+0000] {processor.py:753} INFO - DAG(s) dict_keys(['example_branch_dop_operator_v3']) retrieved from /home/airflow/.local/lib/python3.7/site-packages/airflow/example_dags/example_branch_python_dop_operator_3.py
[2023-03-19T13:32:59.184+0000] {logging_mixin.py:137} INFO - [2023-03-19T13:32:59.184+0000] {dag.py:2693} INFO - Sync 1 DAGs
[2023-03-19T13:32:59.231+0000] {logging_mixin.py:137} INFO - [2023-03-19T13:32:59.231+0000] {dag.py:3444} INFO - Setting next_dagrun for example_branch_dop_operator_v3 to 2023-03-19T13:31:00+00:00, run_after=2023-03-19T13:32:00+00:00
[2023-03-19T13:32:59.251+0000] {processor.py:175} INFO - Processing /home/airflow/.local/lib/python3.7/site-packages/airflow/example_dags/example_branch_python_dop_operator_3.py took 0.117 seconds
[2023-03-19T13:33:29.719+0000] {processor.py:153} INFO - Started process (PID=90) to work on /home/airflow/.local/lib/python3.7/site-packages/airflow/example_dags/example_branch_python_dop_operator_3.py
[2023-03-19T13:33:29.720+0000] {processor.py:743} INFO - Processing file /home/airflow/.local/lib/python3.7/site-packages/airflow/example_dags/example_branch_python_dop_operator_3.py for tasks to queue
[2023-03-19T13:33:29.721+0000] {logging_mixin.py:137} INFO - [2023-03-19T13:33:29.721+0000] {dagbag.py:532} INFO - Filling up the DagBag from /home/airflow/.local/lib/python3.7/site-packages/airflow/example_dags/example_branch_python_dop_operator_3.py
[2023-03-19T13:33:29.736+0000] {processor.py:753} INFO - DAG(s) dict_keys(['example_branch_dop_operator_v3']) retrieved from /home/airflow/.local/lib/python3.7/site-packages/airflow/example_dags/example_branch_python_dop_operator_3.py
[2023-03-19T13:33:29.754+0000] {logging_mixin.py:137} INFO - [2023-03-19T13:33:29.754+0000] {dag.py:2693} INFO - Sync 1 DAGs
[2023-03-19T13:33:29.771+0000] {logging_mixin.py:137} INFO - [2023-03-19T13:33:29.771+0000] {dag.py:3444} INFO - Setting next_dagrun for example_branch_dop_operator_v3 to 2023-03-19T13:32:00+00:00, run_after=2023-03-19T13:33:00+00:00
[2023-03-19T13:33:29.781+0000] {processor.py:175} INFO - Processing /home/airflow/.local/lib/python3.7/site-packages/airflow/example_dags/example_branch_python_dop_operator_3.py took 0.064 seconds
[2023-03-19T13:34:00.038+0000] {processor.py:153} INFO - Started process (PID=140) to work on /home/airflow/.local/lib/python3.7/site-packages/airflow/example_dags/example_branch_python_dop_operator_3.py
[2023-03-19T13:34:00.039+0000] {processor.py:743} INFO - Processing file /home/airflow/.local/lib/python3.7/site-packages/airflow/example_dags/example_branch_python_dop_operator_3.py for tasks to queue
[2023-03-19T13:34:00.039+0000] {logging_mixin.py:137} INFO - [2023-03-19T13:34:00.039+0000] {dagbag.py:532} INFO - Filling up the DagBag from /home/airflow/.local/lib/python3.7/site-packages/airflow/example_dags/example_branch_python_dop_operator_3.py
[2023-03-19T13:34:00.054+0000] {processor.py:753} INFO - DAG(s) dict_keys(['example_branch_dop_operator_v3']) retrieved from /home/airflow/.local/lib/python3.7/site-packages/airflow/example_dags/example_branch_python_dop_operator_3.py
[2023-03-19T13:34:00.077+0000] {logging_mixin.py:137} INFO - [2023-03-19T13:34:00.077+0000] {dag.py:2693} INFO - Sync 1 DAGs
[2023-03-19T13:34:00.094+0000] {logging_mixin.py:137} INFO - [2023-03-19T13:34:00.094+0000] {dag.py:3444} INFO - Setting next_dagrun for example_branch_dop_operator_v3 to 2023-03-19T13:33:00+00:00, run_after=2023-03-19T13:34:00+00:00
[2023-03-19T13:34:00.108+0000] {processor.py:175} INFO - Processing /home/airflow/.local/lib/python3.7/site-packages/airflow/example_dags/example_branch_python_dop_operator_3.py took 0.073 seconds
[2023-03-19T13:34:30.251+0000] {processor.py:153} INFO - Started process (PID=189) to work on /home/airflow/.local/lib/python3.7/site-packages/airflow/example_dags/example_branch_python_dop_operator_3.py
[2023-03-19T13:34:30.252+0000] {processor.py:743} INFO - Processing file /home/airflow/.local/lib/python3.7/site-packages/airflow/example_dags/example_branch_python_dop_operator_3.py for tasks to queue
[2023-03-19T13:34:30.253+0000] {logging_mixin.py:137} INFO - [2023-03-19T13:34:30.253+0000] {dagbag.py:532} INFO - Filling up the DagBag from /home/airflow/.local/lib/python3.7/site-packages/airflow/example_dags/example_branch_python_dop_operator_3.py
[2023-03-19T13:34:30.267+0000] {processor.py:753} INFO - DAG(s) dict_keys(['example_branch_dop_operator_v3']) retrieved from /home/airflow/.local/lib/python3.7/site-packages/airflow/example_dags/example_branch_python_dop_operator_3.py
[2023-03-19T13:34:30.284+0000] {logging_mixin.py:137} INFO - [2023-03-19T13:34:30.284+0000] {dag.py:2693} INFO - Sync 1 DAGs
[2023-03-19T13:34:30.300+0000] {logging_mixin.py:137} INFO - [2023-03-19T13:34:30.300+0000] {dag.py:3444} INFO - Setting next_dagrun for example_branch_dop_operator_v3 to 2023-03-19T13:33:00+00:00, run_after=2023-03-19T13:34:00+00:00
[2023-03-19T13:34:30.315+0000] {processor.py:175} INFO - Processing /home/airflow/.local/lib/python3.7/site-packages/airflow/example_dags/example_branch_python_dop_operator_3.py took 0.066 seconds
[2023-03-19T13:35:00.871+0000] {processor.py:153} INFO - Started process (PID=238) to work on /home/airflow/.local/lib/python3.7/site-packages/airflow/example_dags/example_branch_python_dop_operator_3.py
[2023-03-19T13:35:00.872+0000] {processor.py:743} INFO - Processing file /home/airflow/.local/lib/python3.7/site-packages/airflow/example_dags/example_branch_python_dop_operator_3.py for tasks to queue
[2023-03-19T13:35:00.873+0000] {logging_mixin.py:137} INFO - [2023-03-19T13:35:00.873+0000] {dagbag.py:532} INFO - Filling up the DagBag from /home/airflow/.local/lib/python3.7/site-packages/airflow/example_dags/example_branch_python_dop_operator_3.py
[2023-03-19T13:35:00.890+0000] {processor.py:753} INFO - DAG(s) dict_keys(['example_branch_dop_operator_v3']) retrieved from /home/airflow/.local/lib/python3.7/site-packages/airflow/example_dags/example_branch_python_dop_operator_3.py
[2023-03-19T13:35:00.908+0000] {logging_mixin.py:137} INFO - [2023-03-19T13:35:00.908+0000] {dag.py:2693} INFO - Sync 1 DAGs
[2023-03-19T13:35:00.925+0000] {logging_mixin.py:137} INFO - [2023-03-19T13:35:00.925+0000] {dag.py:3444} INFO - Setting next_dagrun for example_branch_dop_operator_v3 to 2023-03-19T13:34:00+00:00, run_after=2023-03-19T13:35:00+00:00
[2023-03-19T13:35:00.934+0000] {processor.py:175} INFO - Processing /home/airflow/.local/lib/python3.7/site-packages/airflow/example_dags/example_branch_python_dop_operator_3.py took 0.066 seconds
[2023-03-19T13:35:31.207+0000] {processor.py:153} INFO - Started process (PID=286) to work on /home/airflow/.local/lib/python3.7/site-packages/airflow/example_dags/example_branch_python_dop_operator_3.py
[2023-03-19T13:35:31.210+0000] {processor.py:743} INFO - Processing file /home/airflow/.local/lib/python3.7/site-packages/airflow/example_dags/example_branch_python_dop_operator_3.py for tasks to queue
[2023-03-19T13:35:31.211+0000] {logging_mixin.py:137} INFO - [2023-03-19T13:35:31.211+0000] {dagbag.py:532} INFO - Filling up the DagBag from /home/airflow/.local/lib/python3.7/site-packages/airflow/example_dags/example_branch_python_dop_operator_3.py
[2023-03-19T13:35:31.228+0000] {processor.py:753} INFO - DAG(s) dict_keys(['example_branch_dop_operator_v3']) retrieved from /home/airflow/.local/lib/python3.7/site-packages/airflow/example_dags/example_branch_python_dop_operator_3.py
[2023-03-19T13:35:31.248+0000] {logging_mixin.py:137} INFO - [2023-03-19T13:35:31.247+0000] {dag.py:2693} INFO - Sync 1 DAGs
[2023-03-19T13:35:31.265+0000] {logging_mixin.py:137} INFO - [2023-03-19T13:35:31.265+0000] {dag.py:3444} INFO - Setting next_dagrun for example_branch_dop_operator_v3 to 2023-03-19T13:34:00+00:00, run_after=2023-03-19T13:35:00+00:00
[2023-03-19T13:35:31.274+0000] {processor.py:175} INFO - Processing /home/airflow/.local/lib/python3.7/site-packages/airflow/example_dags/example_branch_python_dop_operator_3.py took 0.070 seconds
[2023-03-19T14:05:51.255+0000] {processor.py:153} INFO - Started process (PID=41) to work on /home/airflow/.local/lib/python3.7/site-packages/airflow/example_dags/example_branch_python_dop_operator_3.py
[2023-03-19T14:05:51.258+0000] {processor.py:743} INFO - Processing file /home/airflow/.local/lib/python3.7/site-packages/airflow/example_dags/example_branch_python_dop_operator_3.py for tasks to queue
[2023-03-19T14:05:51.261+0000] {logging_mixin.py:137} INFO - [2023-03-19T14:05:51.261+0000] {dagbag.py:532} INFO - Filling up the DagBag from /home/airflow/.local/lib/python3.7/site-packages/airflow/example_dags/example_branch_python_dop_operator_3.py
[2023-03-19T14:05:51.313+0000] {processor.py:753} INFO - DAG(s) dict_keys(['example_branch_dop_operator_v3']) retrieved from /home/airflow/.local/lib/python3.7/site-packages/airflow/example_dags/example_branch_python_dop_operator_3.py
[2023-03-19T14:05:51.348+0000] {logging_mixin.py:137} INFO - [2023-03-19T14:05:51.347+0000] {dag.py:2693} INFO - Sync 1 DAGs
[2023-03-19T14:05:51.396+0000] {logging_mixin.py:137} INFO - [2023-03-19T14:05:51.396+0000] {dag.py:3444} INFO - Setting next_dagrun for example_branch_dop_operator_v3 to 2023-03-19T14:04:00+00:00, run_after=2023-03-19T14:05:00+00:00
[2023-03-19T14:05:51.432+0000] {processor.py:175} INFO - Processing /home/airflow/.local/lib/python3.7/site-packages/airflow/example_dags/example_branch_python_dop_operator_3.py took 0.193 seconds
[2023-03-19T14:06:21.898+0000] {processor.py:153} INFO - Started process (PID=90) to work on /home/airflow/.local/lib/python3.7/site-packages/airflow/example_dags/example_branch_python_dop_operator_3.py
[2023-03-19T14:06:21.899+0000] {processor.py:743} INFO - Processing file /home/airflow/.local/lib/python3.7/site-packages/airflow/example_dags/example_branch_python_dop_operator_3.py for tasks to queue
[2023-03-19T14:06:21.900+0000] {logging_mixin.py:137} INFO - [2023-03-19T14:06:21.899+0000] {dagbag.py:532} INFO - Filling up the DagBag from /home/airflow/.local/lib/python3.7/site-packages/airflow/example_dags/example_branch_python_dop_operator_3.py
[2023-03-19T14:06:21.914+0000] {processor.py:753} INFO - DAG(s) dict_keys(['example_branch_dop_operator_v3']) retrieved from /home/airflow/.local/lib/python3.7/site-packages/airflow/example_dags/example_branch_python_dop_operator_3.py
[2023-03-19T14:06:21.932+0000] {logging_mixin.py:137} INFO - [2023-03-19T14:06:21.932+0000] {dag.py:2693} INFO - Sync 1 DAGs
[2023-03-19T14:06:21.947+0000] {logging_mixin.py:137} INFO - [2023-03-19T14:06:21.947+0000] {dag.py:3444} INFO - Setting next_dagrun for example_branch_dop_operator_v3 to 2023-03-19T14:05:00+00:00, run_after=2023-03-19T14:06:00+00:00
[2023-03-19T14:06:21.958+0000] {processor.py:175} INFO - Processing /home/airflow/.local/lib/python3.7/site-packages/airflow/example_dags/example_branch_python_dop_operator_3.py took 0.063 seconds
[2023-03-19T14:06:52.279+0000] {processor.py:153} INFO - Started process (PID=139) to work on /home/airflow/.local/lib/python3.7/site-packages/airflow/example_dags/example_branch_python_dop_operator_3.py
[2023-03-19T14:06:52.281+0000] {processor.py:743} INFO - Processing file /home/airflow/.local/lib/python3.7/site-packages/airflow/example_dags/example_branch_python_dop_operator_3.py for tasks to queue
[2023-03-19T14:06:52.282+0000] {logging_mixin.py:137} INFO - [2023-03-19T14:06:52.281+0000] {dagbag.py:532} INFO - Filling up the DagBag from /home/airflow/.local/lib/python3.7/site-packages/airflow/example_dags/example_branch_python_dop_operator_3.py
[2023-03-19T14:06:52.301+0000] {processor.py:753} INFO - DAG(s) dict_keys(['example_branch_dop_operator_v3']) retrieved from /home/airflow/.local/lib/python3.7/site-packages/airflow/example_dags/example_branch_python_dop_operator_3.py
[2023-03-19T14:06:52.320+0000] {logging_mixin.py:137} INFO - [2023-03-19T14:06:52.320+0000] {dag.py:2693} INFO - Sync 1 DAGs
[2023-03-19T14:06:52.337+0000] {logging_mixin.py:137} INFO - [2023-03-19T14:06:52.337+0000] {dag.py:3444} INFO - Setting next_dagrun for example_branch_dop_operator_v3 to 2023-03-19T14:05:00+00:00, run_after=2023-03-19T14:06:00+00:00
[2023-03-19T14:06:52.347+0000] {processor.py:175} INFO - Processing /home/airflow/.local/lib/python3.7/site-packages/airflow/example_dags/example_branch_python_dop_operator_3.py took 0.072 seconds
[2023-03-19T14:07:22.617+0000] {processor.py:153} INFO - Started process (PID=188) to work on /home/airflow/.local/lib/python3.7/site-packages/airflow/example_dags/example_branch_python_dop_operator_3.py
[2023-03-19T14:07:22.618+0000] {processor.py:743} INFO - Processing file /home/airflow/.local/lib/python3.7/site-packages/airflow/example_dags/example_branch_python_dop_operator_3.py for tasks to queue
[2023-03-19T14:07:22.619+0000] {logging_mixin.py:137} INFO - [2023-03-19T14:07:22.618+0000] {dagbag.py:532} INFO - Filling up the DagBag from /home/airflow/.local/lib/python3.7/site-packages/airflow/example_dags/example_branch_python_dop_operator_3.py
[2023-03-19T14:07:22.634+0000] {processor.py:753} INFO - DAG(s) dict_keys(['example_branch_dop_operator_v3']) retrieved from /home/airflow/.local/lib/python3.7/site-packages/airflow/example_dags/example_branch_python_dop_operator_3.py
[2023-03-19T14:07:22.652+0000] {logging_mixin.py:137} INFO - [2023-03-19T14:07:22.652+0000] {dag.py:2693} INFO - Sync 1 DAGs
[2023-03-19T14:07:22.669+0000] {logging_mixin.py:137} INFO - [2023-03-19T14:07:22.669+0000] {dag.py:3444} INFO - Setting next_dagrun for example_branch_dop_operator_v3 to 2023-03-19T14:06:00+00:00, run_after=2023-03-19T14:07:00+00:00
[2023-03-19T14:07:22.679+0000] {processor.py:175} INFO - Processing /home/airflow/.local/lib/python3.7/site-packages/airflow/example_dags/example_branch_python_dop_operator_3.py took 0.065 seconds
[2023-03-19T14:07:53.055+0000] {processor.py:153} INFO - Started process (PID=237) to work on /home/airflow/.local/lib/python3.7/site-packages/airflow/example_dags/example_branch_python_dop_operator_3.py
[2023-03-19T14:07:53.056+0000] {processor.py:743} INFO - Processing file /home/airflow/.local/lib/python3.7/site-packages/airflow/example_dags/example_branch_python_dop_operator_3.py for tasks to queue
[2023-03-19T14:07:53.056+0000] {logging_mixin.py:137} INFO - [2023-03-19T14:07:53.056+0000] {dagbag.py:532} INFO - Filling up the DagBag from /home/airflow/.local/lib/python3.7/site-packages/airflow/example_dags/example_branch_python_dop_operator_3.py
[2023-03-19T14:07:53.071+0000] {processor.py:753} INFO - DAG(s) dict_keys(['example_branch_dop_operator_v3']) retrieved from /home/airflow/.local/lib/python3.7/site-packages/airflow/example_dags/example_branch_python_dop_operator_3.py
[2023-03-19T14:07:53.089+0000] {logging_mixin.py:137} INFO - [2023-03-19T14:07:53.089+0000] {dag.py:2693} INFO - Sync 1 DAGs
[2023-03-19T14:07:53.111+0000] {logging_mixin.py:137} INFO - [2023-03-19T14:07:53.111+0000] {dag.py:3444} INFO - Setting next_dagrun for example_branch_dop_operator_v3 to 2023-03-19T14:06:00+00:00, run_after=2023-03-19T14:07:00+00:00
[2023-03-19T14:07:53.121+0000] {processor.py:175} INFO - Processing /home/airflow/.local/lib/python3.7/site-packages/airflow/example_dags/example_branch_python_dop_operator_3.py took 0.068 seconds
[2023-03-19T14:08:23.708+0000] {processor.py:153} INFO - Started process (PID=287) to work on /home/airflow/.local/lib/python3.7/site-packages/airflow/example_dags/example_branch_python_dop_operator_3.py
[2023-03-19T14:08:23.713+0000] {processor.py:743} INFO - Processing file /home/airflow/.local/lib/python3.7/site-packages/airflow/example_dags/example_branch_python_dop_operator_3.py for tasks to queue
[2023-03-19T14:08:23.716+0000] {logging_mixin.py:137} INFO - [2023-03-19T14:08:23.715+0000] {dagbag.py:532} INFO - Filling up the DagBag from /home/airflow/.local/lib/python3.7/site-packages/airflow/example_dags/example_branch_python_dop_operator_3.py
[2023-03-19T14:08:23.754+0000] {processor.py:753} INFO - DAG(s) dict_keys(['example_branch_dop_operator_v3']) retrieved from /home/airflow/.local/lib/python3.7/site-packages/airflow/example_dags/example_branch_python_dop_operator_3.py
[2023-03-19T14:08:23.778+0000] {logging_mixin.py:137} INFO - [2023-03-19T14:08:23.778+0000] {dag.py:2693} INFO - Sync 1 DAGs
[2023-03-19T14:08:23.796+0000] {logging_mixin.py:137} INFO - [2023-03-19T14:08:23.796+0000] {dag.py:3444} INFO - Setting next_dagrun for example_branch_dop_operator_v3 to 2023-03-19T14:07:00+00:00, run_after=2023-03-19T14:08:00+00:00
[2023-03-19T14:08:23.810+0000] {processor.py:175} INFO - Processing /home/airflow/.local/lib/python3.7/site-packages/airflow/example_dags/example_branch_python_dop_operator_3.py took 0.119 seconds
[2023-03-19T14:09:08.395+0000] {processor.py:153} INFO - Started process (PID=40) to work on /home/airflow/.local/lib/python3.7/site-packages/airflow/example_dags/example_branch_python_dop_operator_3.py
[2023-03-19T14:09:08.400+0000] {processor.py:743} INFO - Processing file /home/airflow/.local/lib/python3.7/site-packages/airflow/example_dags/example_branch_python_dop_operator_3.py for tasks to queue
[2023-03-19T14:09:08.408+0000] {logging_mixin.py:137} INFO - [2023-03-19T14:09:08.407+0000] {dagbag.py:532} INFO - Filling up the DagBag from /home/airflow/.local/lib/python3.7/site-packages/airflow/example_dags/example_branch_python_dop_operator_3.py
[2023-03-19T14:09:08.566+0000] {processor.py:753} INFO - DAG(s) dict_keys(['example_branch_dop_operator_v3']) retrieved from /home/airflow/.local/lib/python3.7/site-packages/airflow/example_dags/example_branch_python_dop_operator_3.py
[2023-03-19T14:09:08.633+0000] {logging_mixin.py:137} INFO - [2023-03-19T14:09:08.633+0000] {dag.py:2693} INFO - Sync 1 DAGs
[2023-03-19T14:09:08.684+0000] {logging_mixin.py:137} INFO - [2023-03-19T14:09:08.684+0000] {dag.py:3444} INFO - Setting next_dagrun for example_branch_dop_operator_v3 to 2023-03-19T14:08:00+00:00, run_after=2023-03-19T14:09:00+00:00
[2023-03-19T14:09:08.705+0000] {processor.py:175} INFO - Processing /home/airflow/.local/lib/python3.7/site-packages/airflow/example_dags/example_branch_python_dop_operator_3.py took 0.334 seconds
[2023-03-19T14:09:38.861+0000] {processor.py:153} INFO - Started process (PID=89) to work on /home/airflow/.local/lib/python3.7/site-packages/airflow/example_dags/example_branch_python_dop_operator_3.py
[2023-03-19T14:09:38.862+0000] {processor.py:743} INFO - Processing file /home/airflow/.local/lib/python3.7/site-packages/airflow/example_dags/example_branch_python_dop_operator_3.py for tasks to queue
[2023-03-19T14:09:38.862+0000] {logging_mixin.py:137} INFO - [2023-03-19T14:09:38.862+0000] {dagbag.py:532} INFO - Filling up the DagBag from /home/airflow/.local/lib/python3.7/site-packages/airflow/example_dags/example_branch_python_dop_operator_3.py
[2023-03-19T14:09:38.876+0000] {processor.py:753} INFO - DAG(s) dict_keys(['example_branch_dop_operator_v3']) retrieved from /home/airflow/.local/lib/python3.7/site-packages/airflow/example_dags/example_branch_python_dop_operator_3.py
[2023-03-19T14:09:38.895+0000] {logging_mixin.py:137} INFO - [2023-03-19T14:09:38.894+0000] {dag.py:2693} INFO - Sync 1 DAGs
[2023-03-19T14:09:38.910+0000] {logging_mixin.py:137} INFO - [2023-03-19T14:09:38.910+0000] {dag.py:3444} INFO - Setting next_dagrun for example_branch_dop_operator_v3 to 2023-03-19T14:08:00+00:00, run_after=2023-03-19T14:09:00+00:00
[2023-03-19T14:09:38.920+0000] {processor.py:175} INFO - Processing /home/airflow/.local/lib/python3.7/site-packages/airflow/example_dags/example_branch_python_dop_operator_3.py took 0.062 seconds
[2023-03-19T14:10:09.577+0000] {processor.py:153} INFO - Started process (PID=137) to work on /home/airflow/.local/lib/python3.7/site-packages/airflow/example_dags/example_branch_python_dop_operator_3.py
[2023-03-19T14:10:09.580+0000] {processor.py:743} INFO - Processing file /home/airflow/.local/lib/python3.7/site-packages/airflow/example_dags/example_branch_python_dop_operator_3.py for tasks to queue
[2023-03-19T14:10:09.581+0000] {logging_mixin.py:137} INFO - [2023-03-19T14:10:09.581+0000] {dagbag.py:532} INFO - Filling up the DagBag from /home/airflow/.local/lib/python3.7/site-packages/airflow/example_dags/example_branch_python_dop_operator_3.py
[2023-03-19T14:10:09.597+0000] {processor.py:753} INFO - DAG(s) dict_keys(['example_branch_dop_operator_v3']) retrieved from /home/airflow/.local/lib/python3.7/site-packages/airflow/example_dags/example_branch_python_dop_operator_3.py
[2023-03-19T14:10:09.613+0000] {logging_mixin.py:137} INFO - [2023-03-19T14:10:09.613+0000] {dag.py:2693} INFO - Sync 1 DAGs
[2023-03-19T14:10:09.629+0000] {logging_mixin.py:137} INFO - [2023-03-19T14:10:09.629+0000] {dag.py:3444} INFO - Setting next_dagrun for example_branch_dop_operator_v3 to 2023-03-19T14:09:00+00:00, run_after=2023-03-19T14:10:00+00:00
[2023-03-19T14:10:09.639+0000] {processor.py:175} INFO - Processing /home/airflow/.local/lib/python3.7/site-packages/airflow/example_dags/example_branch_python_dop_operator_3.py took 0.066 seconds
[2023-03-19T14:10:40.618+0000] {processor.py:153} INFO - Started process (PID=186) to work on /home/airflow/.local/lib/python3.7/site-packages/airflow/example_dags/example_branch_python_dop_operator_3.py
[2023-03-19T14:10:40.619+0000] {processor.py:743} INFO - Processing file /home/airflow/.local/lib/python3.7/site-packages/airflow/example_dags/example_branch_python_dop_operator_3.py for tasks to queue
[2023-03-19T14:10:40.620+0000] {logging_mixin.py:137} INFO - [2023-03-19T14:10:40.620+0000] {dagbag.py:532} INFO - Filling up the DagBag from /home/airflow/.local/lib/python3.7/site-packages/airflow/example_dags/example_branch_python_dop_operator_3.py
[2023-03-19T14:10:40.634+0000] {processor.py:753} INFO - DAG(s) dict_keys(['example_branch_dop_operator_v3']) retrieved from /home/airflow/.local/lib/python3.7/site-packages/airflow/example_dags/example_branch_python_dop_operator_3.py
[2023-03-19T14:10:40.651+0000] {logging_mixin.py:137} INFO - [2023-03-19T14:10:40.650+0000] {dag.py:2693} INFO - Sync 1 DAGs
[2023-03-19T14:10:40.666+0000] {logging_mixin.py:137} INFO - [2023-03-19T14:10:40.666+0000] {dag.py:3444} INFO - Setting next_dagrun for example_branch_dop_operator_v3 to 2023-03-19T14:09:00+00:00, run_after=2023-03-19T14:10:00+00:00
[2023-03-19T14:10:40.679+0000] {processor.py:175} INFO - Processing /home/airflow/.local/lib/python3.7/site-packages/airflow/example_dags/example_branch_python_dop_operator_3.py took 0.064 seconds
[2023-03-19T14:11:11.015+0000] {processor.py:153} INFO - Started process (PID=235) to work on /home/airflow/.local/lib/python3.7/site-packages/airflow/example_dags/example_branch_python_dop_operator_3.py
[2023-03-19T14:11:11.016+0000] {processor.py:743} INFO - Processing file /home/airflow/.local/lib/python3.7/site-packages/airflow/example_dags/example_branch_python_dop_operator_3.py for tasks to queue
[2023-03-19T14:11:11.017+0000] {logging_mixin.py:137} INFO - [2023-03-19T14:11:11.017+0000] {dagbag.py:532} INFO - Filling up the DagBag from /home/airflow/.local/lib/python3.7/site-packages/airflow/example_dags/example_branch_python_dop_operator_3.py
[2023-03-19T14:11:11.032+0000] {processor.py:753} INFO - DAG(s) dict_keys(['example_branch_dop_operator_v3']) retrieved from /home/airflow/.local/lib/python3.7/site-packages/airflow/example_dags/example_branch_python_dop_operator_3.py
[2023-03-19T14:11:11.049+0000] {logging_mixin.py:137} INFO - [2023-03-19T14:11:11.049+0000] {dag.py:2693} INFO - Sync 1 DAGs
[2023-03-19T14:11:11.066+0000] {logging_mixin.py:137} INFO - [2023-03-19T14:11:11.066+0000] {dag.py:3444} INFO - Setting next_dagrun for example_branch_dop_operator_v3 to 2023-03-19T14:10:00+00:00, run_after=2023-03-19T14:11:00+00:00
[2023-03-19T14:11:11.075+0000] {processor.py:175} INFO - Processing /home/airflow/.local/lib/python3.7/site-packages/airflow/example_dags/example_branch_python_dop_operator_3.py took 0.063 seconds
[2023-03-19T14:11:41.466+0000] {processor.py:153} INFO - Started process (PID=284) to work on /home/airflow/.local/lib/python3.7/site-packages/airflow/example_dags/example_branch_python_dop_operator_3.py
[2023-03-19T14:11:41.469+0000] {processor.py:743} INFO - Processing file /home/airflow/.local/lib/python3.7/site-packages/airflow/example_dags/example_branch_python_dop_operator_3.py for tasks to queue
[2023-03-19T14:11:41.471+0000] {logging_mixin.py:137} INFO - [2023-03-19T14:11:41.470+0000] {dagbag.py:532} INFO - Filling up the DagBag from /home/airflow/.local/lib/python3.7/site-packages/airflow/example_dags/example_branch_python_dop_operator_3.py
[2023-03-19T14:11:41.491+0000] {processor.py:753} INFO - DAG(s) dict_keys(['example_branch_dop_operator_v3']) retrieved from /home/airflow/.local/lib/python3.7/site-packages/airflow/example_dags/example_branch_python_dop_operator_3.py
[2023-03-19T14:11:41.512+0000] {logging_mixin.py:137} INFO - [2023-03-19T14:11:41.512+0000] {dag.py:2693} INFO - Sync 1 DAGs
[2023-03-19T14:11:41.531+0000] {logging_mixin.py:137} INFO - [2023-03-19T14:11:41.531+0000] {dag.py:3444} INFO - Setting next_dagrun for example_branch_dop_operator_v3 to 2023-03-19T14:10:00+00:00, run_after=2023-03-19T14:11:00+00:00
[2023-03-19T14:11:41.545+0000] {processor.py:175} INFO - Processing /home/airflow/.local/lib/python3.7/site-packages/airflow/example_dags/example_branch_python_dop_operator_3.py took 0.084 seconds
[2023-03-19T14:12:11.769+0000] {processor.py:153} INFO - Started process (PID=333) to work on /home/airflow/.local/lib/python3.7/site-packages/airflow/example_dags/example_branch_python_dop_operator_3.py
[2023-03-19T14:12:11.770+0000] {processor.py:743} INFO - Processing file /home/airflow/.local/lib/python3.7/site-packages/airflow/example_dags/example_branch_python_dop_operator_3.py for tasks to queue
[2023-03-19T14:12:11.771+0000] {logging_mixin.py:137} INFO - [2023-03-19T14:12:11.771+0000] {dagbag.py:532} INFO - Filling up the DagBag from /home/airflow/.local/lib/python3.7/site-packages/airflow/example_dags/example_branch_python_dop_operator_3.py
[2023-03-19T14:12:11.785+0000] {processor.py:753} INFO - DAG(s) dict_keys(['example_branch_dop_operator_v3']) retrieved from /home/airflow/.local/lib/python3.7/site-packages/airflow/example_dags/example_branch_python_dop_operator_3.py
[2023-03-19T14:12:11.802+0000] {logging_mixin.py:137} INFO - [2023-03-19T14:12:11.802+0000] {dag.py:2693} INFO - Sync 1 DAGs
[2023-03-19T14:12:11.818+0000] {logging_mixin.py:137} INFO - [2023-03-19T14:12:11.818+0000] {dag.py:3444} INFO - Setting next_dagrun for example_branch_dop_operator_v3 to 2023-03-19T14:11:00+00:00, run_after=2023-03-19T14:12:00+00:00
[2023-03-19T14:12:11.829+0000] {processor.py:175} INFO - Processing /home/airflow/.local/lib/python3.7/site-packages/airflow/example_dags/example_branch_python_dop_operator_3.py took 0.062 seconds
