[2023-03-19T13:33:01.028+0000] {processor.py:153} INFO - Started process (PID=64) to work on /home/airflow/.local/lib/python3.7/site-packages/airflow/example_dags/example_bash_operator.py
[2023-03-19T13:33:01.044+0000] {processor.py:743} INFO - Processing file /home/airflow/.local/lib/python3.7/site-packages/airflow/example_dags/example_bash_operator.py for tasks to queue
[2023-03-19T13:33:01.046+0000] {logging_mixin.py:137} INFO - [2023-03-19T13:33:01.045+0000] {dagbag.py:532} INFO - Filling up the DagBag from /home/airflow/.local/lib/python3.7/site-packages/airflow/example_dags/example_bash_operator.py
[2023-03-19T13:33:01.085+0000] {processor.py:753} INFO - DAG(s) dict_keys(['example_bash_operator']) retrieved from /home/airflow/.local/lib/python3.7/site-packages/airflow/example_dags/example_bash_operator.py
[2023-03-19T13:33:01.112+0000] {logging_mixin.py:137} INFO - [2023-03-19T13:33:01.112+0000] {dag.py:2693} INFO - Sync 1 DAGs
[2023-03-19T13:33:01.145+0000] {logging_mixin.py:137} INFO - [2023-03-19T13:33:01.144+0000] {dag.py:3444} INFO - Setting next_dagrun for example_bash_operator to 2023-03-18T00:00:00+00:00, run_after=2023-03-19T00:00:00+00:00
[2023-03-19T13:33:01.165+0000] {processor.py:175} INFO - Processing /home/airflow/.local/lib/python3.7/site-packages/airflow/example_dags/example_bash_operator.py took 0.150 seconds
[2023-03-19T13:33:31.829+0000] {processor.py:153} INFO - Started process (PID=113) to work on /home/airflow/.local/lib/python3.7/site-packages/airflow/example_dags/example_bash_operator.py
[2023-03-19T13:33:31.830+0000] {processor.py:743} INFO - Processing file /home/airflow/.local/lib/python3.7/site-packages/airflow/example_dags/example_bash_operator.py for tasks to queue
[2023-03-19T13:33:31.831+0000] {logging_mixin.py:137} INFO - [2023-03-19T13:33:31.831+0000] {dagbag.py:532} INFO - Filling up the DagBag from /home/airflow/.local/lib/python3.7/site-packages/airflow/example_dags/example_bash_operator.py
[2023-03-19T13:33:31.845+0000] {processor.py:753} INFO - DAG(s) dict_keys(['example_bash_operator']) retrieved from /home/airflow/.local/lib/python3.7/site-packages/airflow/example_dags/example_bash_operator.py
[2023-03-19T13:33:31.867+0000] {logging_mixin.py:137} INFO - [2023-03-19T13:33:31.867+0000] {dag.py:2693} INFO - Sync 1 DAGs
[2023-03-19T13:33:31.882+0000] {logging_mixin.py:137} INFO - [2023-03-19T13:33:31.882+0000] {dag.py:3444} INFO - Setting next_dagrun for example_bash_operator to 2023-03-18T00:00:00+00:00, run_after=2023-03-19T00:00:00+00:00
[2023-03-19T13:33:31.891+0000] {processor.py:175} INFO - Processing /home/airflow/.local/lib/python3.7/site-packages/airflow/example_dags/example_bash_operator.py took 0.064 seconds
[2023-03-19T13:34:02.017+0000] {processor.py:153} INFO - Started process (PID=163) to work on /home/airflow/.local/lib/python3.7/site-packages/airflow/example_dags/example_bash_operator.py
[2023-03-19T13:34:02.018+0000] {processor.py:743} INFO - Processing file /home/airflow/.local/lib/python3.7/site-packages/airflow/example_dags/example_bash_operator.py for tasks to queue
[2023-03-19T13:34:02.018+0000] {logging_mixin.py:137} INFO - [2023-03-19T13:34:02.018+0000] {dagbag.py:532} INFO - Filling up the DagBag from /home/airflow/.local/lib/python3.7/site-packages/airflow/example_dags/example_bash_operator.py
[2023-03-19T13:34:02.032+0000] {processor.py:753} INFO - DAG(s) dict_keys(['example_bash_operator']) retrieved from /home/airflow/.local/lib/python3.7/site-packages/airflow/example_dags/example_bash_operator.py
[2023-03-19T13:34:02.054+0000] {logging_mixin.py:137} INFO - [2023-03-19T13:34:02.053+0000] {dag.py:2693} INFO - Sync 1 DAGs
[2023-03-19T13:34:02.068+0000] {logging_mixin.py:137} INFO - [2023-03-19T13:34:02.068+0000] {dag.py:3444} INFO - Setting next_dagrun for example_bash_operator to 2023-03-18T00:00:00+00:00, run_after=2023-03-19T00:00:00+00:00
[2023-03-19T13:34:02.077+0000] {processor.py:175} INFO - Processing /home/airflow/.local/lib/python3.7/site-packages/airflow/example_dags/example_bash_operator.py took 0.063 seconds
[2023-03-19T13:34:32.399+0000] {processor.py:153} INFO - Started process (PID=212) to work on /home/airflow/.local/lib/python3.7/site-packages/airflow/example_dags/example_bash_operator.py
[2023-03-19T13:34:32.401+0000] {processor.py:743} INFO - Processing file /home/airflow/.local/lib/python3.7/site-packages/airflow/example_dags/example_bash_operator.py for tasks to queue
[2023-03-19T13:34:32.402+0000] {logging_mixin.py:137} INFO - [2023-03-19T13:34:32.402+0000] {dagbag.py:532} INFO - Filling up the DagBag from /home/airflow/.local/lib/python3.7/site-packages/airflow/example_dags/example_bash_operator.py
[2023-03-19T13:34:32.423+0000] {processor.py:753} INFO - DAG(s) dict_keys(['example_bash_operator']) retrieved from /home/airflow/.local/lib/python3.7/site-packages/airflow/example_dags/example_bash_operator.py
[2023-03-19T13:34:32.449+0000] {logging_mixin.py:137} INFO - [2023-03-19T13:34:32.449+0000] {dag.py:2693} INFO - Sync 1 DAGs
[2023-03-19T13:34:32.510+0000] {logging_mixin.py:137} INFO - [2023-03-19T13:34:32.510+0000] {dag.py:3444} INFO - Setting next_dagrun for example_bash_operator to 2023-03-18T00:00:00+00:00, run_after=2023-03-19T00:00:00+00:00
[2023-03-19T13:34:32.552+0000] {processor.py:175} INFO - Processing /home/airflow/.local/lib/python3.7/site-packages/airflow/example_dags/example_bash_operator.py took 0.156 seconds
[2023-03-19T13:35:03.116+0000] {processor.py:153} INFO - Started process (PID=261) to work on /home/airflow/.local/lib/python3.7/site-packages/airflow/example_dags/example_bash_operator.py
[2023-03-19T13:35:03.117+0000] {processor.py:743} INFO - Processing file /home/airflow/.local/lib/python3.7/site-packages/airflow/example_dags/example_bash_operator.py for tasks to queue
[2023-03-19T13:35:03.118+0000] {logging_mixin.py:137} INFO - [2023-03-19T13:35:03.118+0000] {dagbag.py:532} INFO - Filling up the DagBag from /home/airflow/.local/lib/python3.7/site-packages/airflow/example_dags/example_bash_operator.py
[2023-03-19T13:35:03.132+0000] {processor.py:753} INFO - DAG(s) dict_keys(['example_bash_operator']) retrieved from /home/airflow/.local/lib/python3.7/site-packages/airflow/example_dags/example_bash_operator.py
[2023-03-19T13:35:03.158+0000] {logging_mixin.py:137} INFO - [2023-03-19T13:35:03.158+0000] {dag.py:2693} INFO - Sync 1 DAGs
[2023-03-19T13:35:03.182+0000] {logging_mixin.py:137} INFO - [2023-03-19T13:35:03.182+0000] {dag.py:3444} INFO - Setting next_dagrun for example_bash_operator to 2023-03-18T00:00:00+00:00, run_after=2023-03-19T00:00:00+00:00
[2023-03-19T13:35:03.192+0000] {processor.py:175} INFO - Processing /home/airflow/.local/lib/python3.7/site-packages/airflow/example_dags/example_bash_operator.py took 0.079 seconds
[2023-03-19T13:35:33.303+0000] {processor.py:153} INFO - Started process (PID=309) to work on /home/airflow/.local/lib/python3.7/site-packages/airflow/example_dags/example_bash_operator.py
[2023-03-19T13:35:33.304+0000] {processor.py:743} INFO - Processing file /home/airflow/.local/lib/python3.7/site-packages/airflow/example_dags/example_bash_operator.py for tasks to queue
[2023-03-19T13:35:33.305+0000] {logging_mixin.py:137} INFO - [2023-03-19T13:35:33.305+0000] {dagbag.py:532} INFO - Filling up the DagBag from /home/airflow/.local/lib/python3.7/site-packages/airflow/example_dags/example_bash_operator.py
[2023-03-19T13:35:33.318+0000] {processor.py:753} INFO - DAG(s) dict_keys(['example_bash_operator']) retrieved from /home/airflow/.local/lib/python3.7/site-packages/airflow/example_dags/example_bash_operator.py
[2023-03-19T13:35:33.340+0000] {logging_mixin.py:137} INFO - [2023-03-19T13:35:33.340+0000] {dag.py:2693} INFO - Sync 1 DAGs
[2023-03-19T13:35:33.355+0000] {logging_mixin.py:137} INFO - [2023-03-19T13:35:33.355+0000] {dag.py:3444} INFO - Setting next_dagrun for example_bash_operator to 2023-03-18T00:00:00+00:00, run_after=2023-03-19T00:00:00+00:00
[2023-03-19T13:35:33.365+0000] {processor.py:175} INFO - Processing /home/airflow/.local/lib/python3.7/site-packages/airflow/example_dags/example_bash_operator.py took 0.064 seconds
[2023-03-19T14:05:54.280+0000] {processor.py:153} INFO - Started process (PID=64) to work on /home/airflow/.local/lib/python3.7/site-packages/airflow/example_dags/example_bash_operator.py
[2023-03-19T14:05:54.284+0000] {processor.py:743} INFO - Processing file /home/airflow/.local/lib/python3.7/site-packages/airflow/example_dags/example_bash_operator.py for tasks to queue
[2023-03-19T14:05:54.297+0000] {logging_mixin.py:137} INFO - [2023-03-19T14:05:54.297+0000] {dagbag.py:532} INFO - Filling up the DagBag from /home/airflow/.local/lib/python3.7/site-packages/airflow/example_dags/example_bash_operator.py
[2023-03-19T14:05:54.346+0000] {processor.py:753} INFO - DAG(s) dict_keys(['example_bash_operator']) retrieved from /home/airflow/.local/lib/python3.7/site-packages/airflow/example_dags/example_bash_operator.py
[2023-03-19T14:05:54.374+0000] {logging_mixin.py:137} INFO - [2023-03-19T14:05:54.374+0000] {dag.py:2693} INFO - Sync 1 DAGs
[2023-03-19T14:05:54.417+0000] {logging_mixin.py:137} INFO - [2023-03-19T14:05:54.417+0000] {dag.py:3444} INFO - Setting next_dagrun for example_bash_operator to 2023-03-18T00:00:00+00:00, run_after=2023-03-19T00:00:00+00:00
[2023-03-19T14:05:54.452+0000] {processor.py:175} INFO - Processing /home/airflow/.local/lib/python3.7/site-packages/airflow/example_dags/example_bash_operator.py took 0.180 seconds
[2023-03-19T14:06:24.961+0000] {processor.py:153} INFO - Started process (PID=113) to work on /home/airflow/.local/lib/python3.7/site-packages/airflow/example_dags/example_bash_operator.py
[2023-03-19T14:06:24.961+0000] {processor.py:743} INFO - Processing file /home/airflow/.local/lib/python3.7/site-packages/airflow/example_dags/example_bash_operator.py for tasks to queue
[2023-03-19T14:06:24.962+0000] {logging_mixin.py:137} INFO - [2023-03-19T14:06:24.962+0000] {dagbag.py:532} INFO - Filling up the DagBag from /home/airflow/.local/lib/python3.7/site-packages/airflow/example_dags/example_bash_operator.py
[2023-03-19T14:06:24.976+0000] {processor.py:753} INFO - DAG(s) dict_keys(['example_bash_operator']) retrieved from /home/airflow/.local/lib/python3.7/site-packages/airflow/example_dags/example_bash_operator.py
[2023-03-19T14:06:25.009+0000] {logging_mixin.py:137} INFO - [2023-03-19T14:06:25.009+0000] {dag.py:2693} INFO - Sync 1 DAGs
[2023-03-19T14:06:25.025+0000] {logging_mixin.py:137} INFO - [2023-03-19T14:06:25.025+0000] {dag.py:3444} INFO - Setting next_dagrun for example_bash_operator to 2023-03-18T00:00:00+00:00, run_after=2023-03-19T00:00:00+00:00
[2023-03-19T14:06:25.035+0000] {processor.py:175} INFO - Processing /home/airflow/.local/lib/python3.7/site-packages/airflow/example_dags/example_bash_operator.py took 0.077 seconds
[2023-03-19T14:06:55.260+0000] {processor.py:153} INFO - Started process (PID=162) to work on /home/airflow/.local/lib/python3.7/site-packages/airflow/example_dags/example_bash_operator.py
[2023-03-19T14:06:55.261+0000] {processor.py:743} INFO - Processing file /home/airflow/.local/lib/python3.7/site-packages/airflow/example_dags/example_bash_operator.py for tasks to queue
[2023-03-19T14:06:55.261+0000] {logging_mixin.py:137} INFO - [2023-03-19T14:06:55.261+0000] {dagbag.py:532} INFO - Filling up the DagBag from /home/airflow/.local/lib/python3.7/site-packages/airflow/example_dags/example_bash_operator.py
[2023-03-19T14:06:55.274+0000] {processor.py:753} INFO - DAG(s) dict_keys(['example_bash_operator']) retrieved from /home/airflow/.local/lib/python3.7/site-packages/airflow/example_dags/example_bash_operator.py
[2023-03-19T14:06:55.297+0000] {logging_mixin.py:137} INFO - [2023-03-19T14:06:55.297+0000] {dag.py:2693} INFO - Sync 1 DAGs
[2023-03-19T14:06:55.311+0000] {logging_mixin.py:137} INFO - [2023-03-19T14:06:55.311+0000] {dag.py:3444} INFO - Setting next_dagrun for example_bash_operator to 2023-03-18T00:00:00+00:00, run_after=2023-03-19T00:00:00+00:00
[2023-03-19T14:06:55.321+0000] {processor.py:175} INFO - Processing /home/airflow/.local/lib/python3.7/site-packages/airflow/example_dags/example_bash_operator.py took 0.063 seconds
[2023-03-19T14:07:25.869+0000] {processor.py:153} INFO - Started process (PID=211) to work on /home/airflow/.local/lib/python3.7/site-packages/airflow/example_dags/example_bash_operator.py
[2023-03-19T14:07:25.871+0000] {processor.py:743} INFO - Processing file /home/airflow/.local/lib/python3.7/site-packages/airflow/example_dags/example_bash_operator.py for tasks to queue
[2023-03-19T14:07:25.871+0000] {logging_mixin.py:137} INFO - [2023-03-19T14:07:25.871+0000] {dagbag.py:532} INFO - Filling up the DagBag from /home/airflow/.local/lib/python3.7/site-packages/airflow/example_dags/example_bash_operator.py
[2023-03-19T14:07:25.886+0000] {processor.py:753} INFO - DAG(s) dict_keys(['example_bash_operator']) retrieved from /home/airflow/.local/lib/python3.7/site-packages/airflow/example_dags/example_bash_operator.py
[2023-03-19T14:07:25.909+0000] {logging_mixin.py:137} INFO - [2023-03-19T14:07:25.909+0000] {dag.py:2693} INFO - Sync 1 DAGs
[2023-03-19T14:07:25.925+0000] {logging_mixin.py:137} INFO - [2023-03-19T14:07:25.924+0000] {dag.py:3444} INFO - Setting next_dagrun for example_bash_operator to 2023-03-18T00:00:00+00:00, run_after=2023-03-19T00:00:00+00:00
[2023-03-19T14:07:25.935+0000] {processor.py:175} INFO - Processing /home/airflow/.local/lib/python3.7/site-packages/airflow/example_dags/example_bash_operator.py took 0.068 seconds
[2023-03-19T14:07:56.122+0000] {processor.py:153} INFO - Started process (PID=260) to work on /home/airflow/.local/lib/python3.7/site-packages/airflow/example_dags/example_bash_operator.py
[2023-03-19T14:07:56.123+0000] {processor.py:743} INFO - Processing file /home/airflow/.local/lib/python3.7/site-packages/airflow/example_dags/example_bash_operator.py for tasks to queue
[2023-03-19T14:07:56.123+0000] {logging_mixin.py:137} INFO - [2023-03-19T14:07:56.123+0000] {dagbag.py:532} INFO - Filling up the DagBag from /home/airflow/.local/lib/python3.7/site-packages/airflow/example_dags/example_bash_operator.py
[2023-03-19T14:07:56.135+0000] {processor.py:753} INFO - DAG(s) dict_keys(['example_bash_operator']) retrieved from /home/airflow/.local/lib/python3.7/site-packages/airflow/example_dags/example_bash_operator.py
[2023-03-19T14:07:56.157+0000] {logging_mixin.py:137} INFO - [2023-03-19T14:07:56.157+0000] {dag.py:2693} INFO - Sync 1 DAGs
[2023-03-19T14:07:56.171+0000] {logging_mixin.py:137} INFO - [2023-03-19T14:07:56.171+0000] {dag.py:3444} INFO - Setting next_dagrun for example_bash_operator to 2023-03-18T00:00:00+00:00, run_after=2023-03-19T00:00:00+00:00
[2023-03-19T14:07:56.180+0000] {processor.py:175} INFO - Processing /home/airflow/.local/lib/python3.7/site-packages/airflow/example_dags/example_bash_operator.py took 0.061 seconds
[2023-03-19T14:08:26.913+0000] {processor.py:153} INFO - Started process (PID=310) to work on /home/airflow/.local/lib/python3.7/site-packages/airflow/example_dags/example_bash_operator.py
[2023-03-19T14:08:26.914+0000] {processor.py:743} INFO - Processing file /home/airflow/.local/lib/python3.7/site-packages/airflow/example_dags/example_bash_operator.py for tasks to queue
[2023-03-19T14:08:26.915+0000] {logging_mixin.py:137} INFO - [2023-03-19T14:08:26.915+0000] {dagbag.py:532} INFO - Filling up the DagBag from /home/airflow/.local/lib/python3.7/site-packages/airflow/example_dags/example_bash_operator.py
[2023-03-19T14:08:26.927+0000] {processor.py:753} INFO - DAG(s) dict_keys(['example_bash_operator']) retrieved from /home/airflow/.local/lib/python3.7/site-packages/airflow/example_dags/example_bash_operator.py
[2023-03-19T14:08:26.949+0000] {logging_mixin.py:137} INFO - [2023-03-19T14:08:26.949+0000] {dag.py:2693} INFO - Sync 1 DAGs
[2023-03-19T14:08:26.963+0000] {logging_mixin.py:137} INFO - [2023-03-19T14:08:26.962+0000] {dag.py:3444} INFO - Setting next_dagrun for example_bash_operator to 2023-03-18T00:00:00+00:00, run_after=2023-03-19T00:00:00+00:00
[2023-03-19T14:08:26.971+0000] {processor.py:175} INFO - Processing /home/airflow/.local/lib/python3.7/site-packages/airflow/example_dags/example_bash_operator.py took 0.061 seconds
[2023-03-19T14:09:11.345+0000] {processor.py:153} INFO - Started process (PID=63) to work on /home/airflow/.local/lib/python3.7/site-packages/airflow/example_dags/example_bash_operator.py
[2023-03-19T14:09:11.347+0000] {processor.py:743} INFO - Processing file /home/airflow/.local/lib/python3.7/site-packages/airflow/example_dags/example_bash_operator.py for tasks to queue
[2023-03-19T14:09:11.347+0000] {logging_mixin.py:137} INFO - [2023-03-19T14:09:11.347+0000] {dagbag.py:532} INFO - Filling up the DagBag from /home/airflow/.local/lib/python3.7/site-packages/airflow/example_dags/example_bash_operator.py
[2023-03-19T14:09:11.362+0000] {processor.py:753} INFO - DAG(s) dict_keys(['example_bash_operator']) retrieved from /home/airflow/.local/lib/python3.7/site-packages/airflow/example_dags/example_bash_operator.py
[2023-03-19T14:09:11.382+0000] {logging_mixin.py:137} INFO - [2023-03-19T14:09:11.382+0000] {dag.py:2693} INFO - Sync 1 DAGs
[2023-03-19T14:09:11.416+0000] {logging_mixin.py:137} INFO - [2023-03-19T14:09:11.415+0000] {dag.py:3444} INFO - Setting next_dagrun for example_bash_operator to 2023-03-18T00:00:00+00:00, run_after=2023-03-19T00:00:00+00:00
[2023-03-19T14:09:11.435+0000] {processor.py:175} INFO - Processing /home/airflow/.local/lib/python3.7/site-packages/airflow/example_dags/example_bash_operator.py took 0.092 seconds
[2023-03-19T14:09:42.215+0000] {processor.py:153} INFO - Started process (PID=112) to work on /home/airflow/.local/lib/python3.7/site-packages/airflow/example_dags/example_bash_operator.py
[2023-03-19T14:09:42.216+0000] {processor.py:743} INFO - Processing file /home/airflow/.local/lib/python3.7/site-packages/airflow/example_dags/example_bash_operator.py for tasks to queue
[2023-03-19T14:09:42.216+0000] {logging_mixin.py:137} INFO - [2023-03-19T14:09:42.216+0000] {dagbag.py:532} INFO - Filling up the DagBag from /home/airflow/.local/lib/python3.7/site-packages/airflow/example_dags/example_bash_operator.py
[2023-03-19T14:09:42.231+0000] {processor.py:753} INFO - DAG(s) dict_keys(['example_bash_operator']) retrieved from /home/airflow/.local/lib/python3.7/site-packages/airflow/example_dags/example_bash_operator.py
[2023-03-19T14:09:42.258+0000] {logging_mixin.py:137} INFO - [2023-03-19T14:09:42.257+0000] {dag.py:2693} INFO - Sync 1 DAGs
[2023-03-19T14:09:42.275+0000] {logging_mixin.py:137} INFO - [2023-03-19T14:09:42.275+0000] {dag.py:3444} INFO - Setting next_dagrun for example_bash_operator to 2023-03-18T00:00:00+00:00, run_after=2023-03-19T00:00:00+00:00
[2023-03-19T14:09:42.290+0000] {processor.py:175} INFO - Processing /home/airflow/.local/lib/python3.7/site-packages/airflow/example_dags/example_bash_operator.py took 0.078 seconds
[2023-03-19T14:10:13.242+0000] {processor.py:153} INFO - Started process (PID=160) to work on /home/airflow/.local/lib/python3.7/site-packages/airflow/example_dags/example_bash_operator.py
[2023-03-19T14:10:13.244+0000] {processor.py:743} INFO - Processing file /home/airflow/.local/lib/python3.7/site-packages/airflow/example_dags/example_bash_operator.py for tasks to queue
[2023-03-19T14:10:13.245+0000] {logging_mixin.py:137} INFO - [2023-03-19T14:10:13.245+0000] {dagbag.py:532} INFO - Filling up the DagBag from /home/airflow/.local/lib/python3.7/site-packages/airflow/example_dags/example_bash_operator.py
[2023-03-19T14:10:13.266+0000] {processor.py:753} INFO - DAG(s) dict_keys(['example_bash_operator']) retrieved from /home/airflow/.local/lib/python3.7/site-packages/airflow/example_dags/example_bash_operator.py
[2023-03-19T14:10:13.295+0000] {logging_mixin.py:137} INFO - [2023-03-19T14:10:13.295+0000] {dag.py:2693} INFO - Sync 1 DAGs
[2023-03-19T14:10:13.328+0000] {logging_mixin.py:137} INFO - [2023-03-19T14:10:13.328+0000] {dag.py:3444} INFO - Setting next_dagrun for example_bash_operator to 2023-03-18T00:00:00+00:00, run_after=2023-03-19T00:00:00+00:00
[2023-03-19T14:10:13.361+0000] {processor.py:175} INFO - Processing /home/airflow/.local/lib/python3.7/site-packages/airflow/example_dags/example_bash_operator.py took 0.126 seconds
[2023-03-19T14:10:43.742+0000] {processor.py:153} INFO - Started process (PID=209) to work on /home/airflow/.local/lib/python3.7/site-packages/airflow/example_dags/example_bash_operator.py
[2023-03-19T14:10:43.745+0000] {processor.py:743} INFO - Processing file /home/airflow/.local/lib/python3.7/site-packages/airflow/example_dags/example_bash_operator.py for tasks to queue
[2023-03-19T14:10:43.746+0000] {logging_mixin.py:137} INFO - [2023-03-19T14:10:43.746+0000] {dagbag.py:532} INFO - Filling up the DagBag from /home/airflow/.local/lib/python3.7/site-packages/airflow/example_dags/example_bash_operator.py
[2023-03-19T14:10:43.759+0000] {processor.py:753} INFO - DAG(s) dict_keys(['example_bash_operator']) retrieved from /home/airflow/.local/lib/python3.7/site-packages/airflow/example_dags/example_bash_operator.py
[2023-03-19T14:10:43.781+0000] {logging_mixin.py:137} INFO - [2023-03-19T14:10:43.781+0000] {dag.py:2693} INFO - Sync 1 DAGs
[2023-03-19T14:10:43.797+0000] {logging_mixin.py:137} INFO - [2023-03-19T14:10:43.797+0000] {dag.py:3444} INFO - Setting next_dagrun for example_bash_operator to 2023-03-18T00:00:00+00:00, run_after=2023-03-19T00:00:00+00:00
[2023-03-19T14:10:43.807+0000] {processor.py:175} INFO - Processing /home/airflow/.local/lib/python3.7/site-packages/airflow/example_dags/example_bash_operator.py took 0.067 seconds
[2023-03-19T14:11:14.161+0000] {processor.py:153} INFO - Started process (PID=258) to work on /home/airflow/.local/lib/python3.7/site-packages/airflow/example_dags/example_bash_operator.py
[2023-03-19T14:11:14.162+0000] {processor.py:743} INFO - Processing file /home/airflow/.local/lib/python3.7/site-packages/airflow/example_dags/example_bash_operator.py for tasks to queue
[2023-03-19T14:11:14.162+0000] {logging_mixin.py:137} INFO - [2023-03-19T14:11:14.162+0000] {dagbag.py:532} INFO - Filling up the DagBag from /home/airflow/.local/lib/python3.7/site-packages/airflow/example_dags/example_bash_operator.py
[2023-03-19T14:11:14.175+0000] {processor.py:753} INFO - DAG(s) dict_keys(['example_bash_operator']) retrieved from /home/airflow/.local/lib/python3.7/site-packages/airflow/example_dags/example_bash_operator.py
[2023-03-19T14:11:14.205+0000] {logging_mixin.py:137} INFO - [2023-03-19T14:11:14.205+0000] {dag.py:2693} INFO - Sync 1 DAGs
[2023-03-19T14:11:14.221+0000] {logging_mixin.py:137} INFO - [2023-03-19T14:11:14.221+0000] {dag.py:3444} INFO - Setting next_dagrun for example_bash_operator to 2023-03-18T00:00:00+00:00, run_after=2023-03-19T00:00:00+00:00
[2023-03-19T14:11:14.231+0000] {processor.py:175} INFO - Processing /home/airflow/.local/lib/python3.7/site-packages/airflow/example_dags/example_bash_operator.py took 0.073 seconds
[2023-03-19T14:11:44.491+0000] {processor.py:153} INFO - Started process (PID=307) to work on /home/airflow/.local/lib/python3.7/site-packages/airflow/example_dags/example_bash_operator.py
[2023-03-19T14:11:44.492+0000] {processor.py:743} INFO - Processing file /home/airflow/.local/lib/python3.7/site-packages/airflow/example_dags/example_bash_operator.py for tasks to queue
[2023-03-19T14:11:44.492+0000] {logging_mixin.py:137} INFO - [2023-03-19T14:11:44.492+0000] {dagbag.py:532} INFO - Filling up the DagBag from /home/airflow/.local/lib/python3.7/site-packages/airflow/example_dags/example_bash_operator.py
[2023-03-19T14:11:44.506+0000] {processor.py:753} INFO - DAG(s) dict_keys(['example_bash_operator']) retrieved from /home/airflow/.local/lib/python3.7/site-packages/airflow/example_dags/example_bash_operator.py
[2023-03-19T14:11:44.528+0000] {logging_mixin.py:137} INFO - [2023-03-19T14:11:44.528+0000] {dag.py:2693} INFO - Sync 1 DAGs
[2023-03-19T14:11:44.544+0000] {logging_mixin.py:137} INFO - [2023-03-19T14:11:44.544+0000] {dag.py:3444} INFO - Setting next_dagrun for example_bash_operator to 2023-03-18T00:00:00+00:00, run_after=2023-03-19T00:00:00+00:00
[2023-03-19T14:11:44.557+0000] {processor.py:175} INFO - Processing /home/airflow/.local/lib/python3.7/site-packages/airflow/example_dags/example_bash_operator.py took 0.068 seconds
[2023-03-19T14:12:14.777+0000] {processor.py:153} INFO - Started process (PID=356) to work on /home/airflow/.local/lib/python3.7/site-packages/airflow/example_dags/example_bash_operator.py
[2023-03-19T14:12:14.786+0000] {processor.py:743} INFO - Processing file /home/airflow/.local/lib/python3.7/site-packages/airflow/example_dags/example_bash_operator.py for tasks to queue
[2023-03-19T14:12:14.787+0000] {logging_mixin.py:137} INFO - [2023-03-19T14:12:14.787+0000] {dagbag.py:532} INFO - Filling up the DagBag from /home/airflow/.local/lib/python3.7/site-packages/airflow/example_dags/example_bash_operator.py
[2023-03-19T14:12:14.806+0000] {processor.py:753} INFO - DAG(s) dict_keys(['example_bash_operator']) retrieved from /home/airflow/.local/lib/python3.7/site-packages/airflow/example_dags/example_bash_operator.py
[2023-03-19T14:12:14.862+0000] {logging_mixin.py:137} INFO - [2023-03-19T14:12:14.862+0000] {dag.py:2693} INFO - Sync 1 DAGs
[2023-03-19T14:12:14.885+0000] {logging_mixin.py:137} INFO - [2023-03-19T14:12:14.885+0000] {dag.py:3444} INFO - Setting next_dagrun for example_bash_operator to 2023-03-18T00:00:00+00:00, run_after=2023-03-19T00:00:00+00:00
[2023-03-19T14:12:14.902+0000] {processor.py:175} INFO - Processing /home/airflow/.local/lib/python3.7/site-packages/airflow/example_dags/example_bash_operator.py took 0.129 seconds
