[2023-03-19T13:32:59.623+0000] {processor.py:153} INFO - Started process (PID=46) to work on /home/airflow/.local/lib/python3.7/site-packages/airflow/example_dags/example_nested_branch_dag.py
[2023-03-19T13:32:59.625+0000] {processor.py:743} INFO - Processing file /home/airflow/.local/lib/python3.7/site-packages/airflow/example_dags/example_nested_branch_dag.py for tasks to queue
[2023-03-19T13:32:59.627+0000] {logging_mixin.py:137} INFO - [2023-03-19T13:32:59.627+0000] {dagbag.py:532} INFO - Filling up the DagBag from /home/airflow/.local/lib/python3.7/site-packages/airflow/example_dags/example_nested_branch_dag.py
[2023-03-19T13:32:59.657+0000] {processor.py:753} INFO - DAG(s) dict_keys(['example_nested_branch_dag']) retrieved from /home/airflow/.local/lib/python3.7/site-packages/airflow/example_dags/example_nested_branch_dag.py
[2023-03-19T13:32:59.672+0000] {logging_mixin.py:137} INFO - [2023-03-19T13:32:59.672+0000] {dag.py:2693} INFO - Sync 1 DAGs
[2023-03-19T13:32:59.703+0000] {logging_mixin.py:137} INFO - [2023-03-19T13:32:59.703+0000] {dag.py:3444} INFO - Setting next_dagrun for example_nested_branch_dag to 2023-03-18T00:00:00+00:00, run_after=2023-03-19T00:00:00+00:00
[2023-03-19T13:32:59.724+0000] {processor.py:175} INFO - Processing /home/airflow/.local/lib/python3.7/site-packages/airflow/example_dags/example_nested_branch_dag.py took 0.112 seconds
[2023-03-19T13:33:29.880+0000] {processor.py:153} INFO - Started process (PID=94) to work on /home/airflow/.local/lib/python3.7/site-packages/airflow/example_dags/example_nested_branch_dag.py
[2023-03-19T13:33:29.881+0000] {processor.py:743} INFO - Processing file /home/airflow/.local/lib/python3.7/site-packages/airflow/example_dags/example_nested_branch_dag.py for tasks to queue
[2023-03-19T13:33:29.882+0000] {logging_mixin.py:137} INFO - [2023-03-19T13:33:29.882+0000] {dagbag.py:532} INFO - Filling up the DagBag from /home/airflow/.local/lib/python3.7/site-packages/airflow/example_dags/example_nested_branch_dag.py
[2023-03-19T13:33:29.896+0000] {processor.py:753} INFO - DAG(s) dict_keys(['example_nested_branch_dag']) retrieved from /home/airflow/.local/lib/python3.7/site-packages/airflow/example_dags/example_nested_branch_dag.py
[2023-03-19T13:33:29.916+0000] {logging_mixin.py:137} INFO - [2023-03-19T13:33:29.916+0000] {dag.py:2693} INFO - Sync 1 DAGs
[2023-03-19T13:33:29.931+0000] {logging_mixin.py:137} INFO - [2023-03-19T13:33:29.931+0000] {dag.py:3444} INFO - Setting next_dagrun for example_nested_branch_dag to 2023-03-18T00:00:00+00:00, run_after=2023-03-19T00:00:00+00:00
[2023-03-19T13:33:29.940+0000] {processor.py:175} INFO - Processing /home/airflow/.local/lib/python3.7/site-packages/airflow/example_dags/example_nested_branch_dag.py took 0.062 seconds
[2023-03-19T13:34:00.249+0000] {processor.py:153} INFO - Started process (PID=145) to work on /home/airflow/.local/lib/python3.7/site-packages/airflow/example_dags/example_nested_branch_dag.py
[2023-03-19T13:34:00.250+0000] {processor.py:743} INFO - Processing file /home/airflow/.local/lib/python3.7/site-packages/airflow/example_dags/example_nested_branch_dag.py for tasks to queue
[2023-03-19T13:34:00.250+0000] {logging_mixin.py:137} INFO - [2023-03-19T13:34:00.250+0000] {dagbag.py:532} INFO - Filling up the DagBag from /home/airflow/.local/lib/python3.7/site-packages/airflow/example_dags/example_nested_branch_dag.py
[2023-03-19T13:34:00.265+0000] {processor.py:753} INFO - DAG(s) dict_keys(['example_nested_branch_dag']) retrieved from /home/airflow/.local/lib/python3.7/site-packages/airflow/example_dags/example_nested_branch_dag.py
[2023-03-19T13:34:00.283+0000] {logging_mixin.py:137} INFO - [2023-03-19T13:34:00.283+0000] {dag.py:2693} INFO - Sync 1 DAGs
[2023-03-19T13:34:00.298+0000] {logging_mixin.py:137} INFO - [2023-03-19T13:34:00.298+0000] {dag.py:3444} INFO - Setting next_dagrun for example_nested_branch_dag to 2023-03-18T00:00:00+00:00, run_after=2023-03-19T00:00:00+00:00
[2023-03-19T13:34:00.309+0000] {processor.py:175} INFO - Processing /home/airflow/.local/lib/python3.7/site-packages/airflow/example_dags/example_nested_branch_dag.py took 0.062 seconds
[2023-03-19T13:34:30.532+0000] {processor.py:153} INFO - Started process (PID=194) to work on /home/airflow/.local/lib/python3.7/site-packages/airflow/example_dags/example_nested_branch_dag.py
[2023-03-19T13:34:30.533+0000] {processor.py:743} INFO - Processing file /home/airflow/.local/lib/python3.7/site-packages/airflow/example_dags/example_nested_branch_dag.py for tasks to queue
[2023-03-19T13:34:30.534+0000] {logging_mixin.py:137} INFO - [2023-03-19T13:34:30.534+0000] {dagbag.py:532} INFO - Filling up the DagBag from /home/airflow/.local/lib/python3.7/site-packages/airflow/example_dags/example_nested_branch_dag.py
[2023-03-19T13:34:30.550+0000] {processor.py:753} INFO - DAG(s) dict_keys(['example_nested_branch_dag']) retrieved from /home/airflow/.local/lib/python3.7/site-packages/airflow/example_dags/example_nested_branch_dag.py
[2023-03-19T13:34:30.567+0000] {logging_mixin.py:137} INFO - [2023-03-19T13:34:30.567+0000] {dag.py:2693} INFO - Sync 1 DAGs
[2023-03-19T13:34:30.582+0000] {logging_mixin.py:137} INFO - [2023-03-19T13:34:30.582+0000] {dag.py:3444} INFO - Setting next_dagrun for example_nested_branch_dag to 2023-03-18T00:00:00+00:00, run_after=2023-03-19T00:00:00+00:00
[2023-03-19T13:34:30.591+0000] {processor.py:175} INFO - Processing /home/airflow/.local/lib/python3.7/site-packages/airflow/example_dags/example_nested_branch_dag.py took 0.061 seconds
[2023-03-19T13:35:01.163+0000] {processor.py:153} INFO - Started process (PID=243) to work on /home/airflow/.local/lib/python3.7/site-packages/airflow/example_dags/example_nested_branch_dag.py
[2023-03-19T13:35:01.165+0000] {processor.py:743} INFO - Processing file /home/airflow/.local/lib/python3.7/site-packages/airflow/example_dags/example_nested_branch_dag.py for tasks to queue
[2023-03-19T13:35:01.165+0000] {logging_mixin.py:137} INFO - [2023-03-19T13:35:01.165+0000] {dagbag.py:532} INFO - Filling up the DagBag from /home/airflow/.local/lib/python3.7/site-packages/airflow/example_dags/example_nested_branch_dag.py
[2023-03-19T13:35:01.184+0000] {processor.py:753} INFO - DAG(s) dict_keys(['example_nested_branch_dag']) retrieved from /home/airflow/.local/lib/python3.7/site-packages/airflow/example_dags/example_nested_branch_dag.py
[2023-03-19T13:35:01.210+0000] {logging_mixin.py:137} INFO - [2023-03-19T13:35:01.210+0000] {dag.py:2693} INFO - Sync 1 DAGs
[2023-03-19T13:35:01.232+0000] {logging_mixin.py:137} INFO - [2023-03-19T13:35:01.231+0000] {dag.py:3444} INFO - Setting next_dagrun for example_nested_branch_dag to 2023-03-18T00:00:00+00:00, run_after=2023-03-19T00:00:00+00:00
[2023-03-19T13:35:01.245+0000] {processor.py:175} INFO - Processing /home/airflow/.local/lib/python3.7/site-packages/airflow/example_dags/example_nested_branch_dag.py took 0.085 seconds
[2023-03-19T13:35:31.408+0000] {processor.py:153} INFO - Started process (PID=291) to work on /home/airflow/.local/lib/python3.7/site-packages/airflow/example_dags/example_nested_branch_dag.py
[2023-03-19T13:35:31.409+0000] {processor.py:743} INFO - Processing file /home/airflow/.local/lib/python3.7/site-packages/airflow/example_dags/example_nested_branch_dag.py for tasks to queue
[2023-03-19T13:35:31.410+0000] {logging_mixin.py:137} INFO - [2023-03-19T13:35:31.410+0000] {dagbag.py:532} INFO - Filling up the DagBag from /home/airflow/.local/lib/python3.7/site-packages/airflow/example_dags/example_nested_branch_dag.py
[2023-03-19T13:35:31.424+0000] {processor.py:753} INFO - DAG(s) dict_keys(['example_nested_branch_dag']) retrieved from /home/airflow/.local/lib/python3.7/site-packages/airflow/example_dags/example_nested_branch_dag.py
[2023-03-19T13:35:31.446+0000] {logging_mixin.py:137} INFO - [2023-03-19T13:35:31.446+0000] {dag.py:2693} INFO - Sync 1 DAGs
[2023-03-19T13:35:31.460+0000] {logging_mixin.py:137} INFO - [2023-03-19T13:35:31.460+0000] {dag.py:3444} INFO - Setting next_dagrun for example_nested_branch_dag to 2023-03-18T00:00:00+00:00, run_after=2023-03-19T00:00:00+00:00
[2023-03-19T13:35:31.470+0000] {processor.py:175} INFO - Processing /home/airflow/.local/lib/python3.7/site-packages/airflow/example_dags/example_nested_branch_dag.py took 0.065 seconds
[2023-03-19T14:05:51.901+0000] {processor.py:153} INFO - Started process (PID=46) to work on /home/airflow/.local/lib/python3.7/site-packages/airflow/example_dags/example_nested_branch_dag.py
[2023-03-19T14:05:51.904+0000] {processor.py:743} INFO - Processing file /home/airflow/.local/lib/python3.7/site-packages/airflow/example_dags/example_nested_branch_dag.py for tasks to queue
[2023-03-19T14:05:51.905+0000] {logging_mixin.py:137} INFO - [2023-03-19T14:05:51.905+0000] {dagbag.py:532} INFO - Filling up the DagBag from /home/airflow/.local/lib/python3.7/site-packages/airflow/example_dags/example_nested_branch_dag.py
[2023-03-19T14:05:51.946+0000] {processor.py:753} INFO - DAG(s) dict_keys(['example_nested_branch_dag']) retrieved from /home/airflow/.local/lib/python3.7/site-packages/airflow/example_dags/example_nested_branch_dag.py
[2023-03-19T14:05:51.974+0000] {logging_mixin.py:137} INFO - [2023-03-19T14:05:51.974+0000] {dag.py:2693} INFO - Sync 1 DAGs
[2023-03-19T14:05:52.014+0000] {logging_mixin.py:137} INFO - [2023-03-19T14:05:52.014+0000] {dag.py:3444} INFO - Setting next_dagrun for example_nested_branch_dag to 2023-03-18T00:00:00+00:00, run_after=2023-03-19T00:00:00+00:00
[2023-03-19T14:05:52.051+0000] {processor.py:175} INFO - Processing /home/airflow/.local/lib/python3.7/site-packages/airflow/example_dags/example_nested_branch_dag.py took 0.158 seconds
[2023-03-19T14:06:22.142+0000] {processor.py:153} INFO - Started process (PID=95) to work on /home/airflow/.local/lib/python3.7/site-packages/airflow/example_dags/example_nested_branch_dag.py
[2023-03-19T14:06:22.142+0000] {processor.py:743} INFO - Processing file /home/airflow/.local/lib/python3.7/site-packages/airflow/example_dags/example_nested_branch_dag.py for tasks to queue
[2023-03-19T14:06:22.143+0000] {logging_mixin.py:137} INFO - [2023-03-19T14:06:22.143+0000] {dagbag.py:532} INFO - Filling up the DagBag from /home/airflow/.local/lib/python3.7/site-packages/airflow/example_dags/example_nested_branch_dag.py
[2023-03-19T14:06:22.158+0000] {processor.py:753} INFO - DAG(s) dict_keys(['example_nested_branch_dag']) retrieved from /home/airflow/.local/lib/python3.7/site-packages/airflow/example_dags/example_nested_branch_dag.py
[2023-03-19T14:06:22.178+0000] {logging_mixin.py:137} INFO - [2023-03-19T14:06:22.177+0000] {dag.py:2693} INFO - Sync 1 DAGs
[2023-03-19T14:06:22.192+0000] {logging_mixin.py:137} INFO - [2023-03-19T14:06:22.192+0000] {dag.py:3444} INFO - Setting next_dagrun for example_nested_branch_dag to 2023-03-18T00:00:00+00:00, run_after=2023-03-19T00:00:00+00:00
[2023-03-19T14:06:22.202+0000] {processor.py:175} INFO - Processing /home/airflow/.local/lib/python3.7/site-packages/airflow/example_dags/example_nested_branch_dag.py took 0.062 seconds
[2023-03-19T14:06:52.519+0000] {processor.py:153} INFO - Started process (PID=144) to work on /home/airflow/.local/lib/python3.7/site-packages/airflow/example_dags/example_nested_branch_dag.py
[2023-03-19T14:06:52.520+0000] {processor.py:743} INFO - Processing file /home/airflow/.local/lib/python3.7/site-packages/airflow/example_dags/example_nested_branch_dag.py for tasks to queue
[2023-03-19T14:06:52.521+0000] {logging_mixin.py:137} INFO - [2023-03-19T14:06:52.521+0000] {dagbag.py:532} INFO - Filling up the DagBag from /home/airflow/.local/lib/python3.7/site-packages/airflow/example_dags/example_nested_branch_dag.py
[2023-03-19T14:06:52.535+0000] {processor.py:753} INFO - DAG(s) dict_keys(['example_nested_branch_dag']) retrieved from /home/airflow/.local/lib/python3.7/site-packages/airflow/example_dags/example_nested_branch_dag.py
[2023-03-19T14:06:52.557+0000] {logging_mixin.py:137} INFO - [2023-03-19T14:06:52.557+0000] {dag.py:2693} INFO - Sync 1 DAGs
[2023-03-19T14:06:52.571+0000] {logging_mixin.py:137} INFO - [2023-03-19T14:06:52.571+0000] {dag.py:3444} INFO - Setting next_dagrun for example_nested_branch_dag to 2023-03-18T00:00:00+00:00, run_after=2023-03-19T00:00:00+00:00
[2023-03-19T14:06:52.580+0000] {processor.py:175} INFO - Processing /home/airflow/.local/lib/python3.7/site-packages/airflow/example_dags/example_nested_branch_dag.py took 0.064 seconds
[2023-03-19T14:07:22.833+0000] {processor.py:153} INFO - Started process (PID=193) to work on /home/airflow/.local/lib/python3.7/site-packages/airflow/example_dags/example_nested_branch_dag.py
[2023-03-19T14:07:22.834+0000] {processor.py:743} INFO - Processing file /home/airflow/.local/lib/python3.7/site-packages/airflow/example_dags/example_nested_branch_dag.py for tasks to queue
[2023-03-19T14:07:22.835+0000] {logging_mixin.py:137} INFO - [2023-03-19T14:07:22.835+0000] {dagbag.py:532} INFO - Filling up the DagBag from /home/airflow/.local/lib/python3.7/site-packages/airflow/example_dags/example_nested_branch_dag.py
[2023-03-19T14:07:22.850+0000] {processor.py:753} INFO - DAG(s) dict_keys(['example_nested_branch_dag']) retrieved from /home/airflow/.local/lib/python3.7/site-packages/airflow/example_dags/example_nested_branch_dag.py
[2023-03-19T14:07:22.867+0000] {logging_mixin.py:137} INFO - [2023-03-19T14:07:22.867+0000] {dag.py:2693} INFO - Sync 1 DAGs
[2023-03-19T14:07:22.881+0000] {logging_mixin.py:137} INFO - [2023-03-19T14:07:22.881+0000] {dag.py:3444} INFO - Setting next_dagrun for example_nested_branch_dag to 2023-03-18T00:00:00+00:00, run_after=2023-03-19T00:00:00+00:00
[2023-03-19T14:07:22.890+0000] {processor.py:175} INFO - Processing /home/airflow/.local/lib/python3.7/site-packages/airflow/example_dags/example_nested_branch_dag.py took 0.060 seconds
[2023-03-19T14:07:53.313+0000] {processor.py:153} INFO - Started process (PID=242) to work on /home/airflow/.local/lib/python3.7/site-packages/airflow/example_dags/example_nested_branch_dag.py
[2023-03-19T14:07:53.314+0000] {processor.py:743} INFO - Processing file /home/airflow/.local/lib/python3.7/site-packages/airflow/example_dags/example_nested_branch_dag.py for tasks to queue
[2023-03-19T14:07:53.315+0000] {logging_mixin.py:137} INFO - [2023-03-19T14:07:53.315+0000] {dagbag.py:532} INFO - Filling up the DagBag from /home/airflow/.local/lib/python3.7/site-packages/airflow/example_dags/example_nested_branch_dag.py
[2023-03-19T14:07:53.330+0000] {processor.py:753} INFO - DAG(s) dict_keys(['example_nested_branch_dag']) retrieved from /home/airflow/.local/lib/python3.7/site-packages/airflow/example_dags/example_nested_branch_dag.py
[2023-03-19T14:07:53.347+0000] {logging_mixin.py:137} INFO - [2023-03-19T14:07:53.347+0000] {dag.py:2693} INFO - Sync 1 DAGs
[2023-03-19T14:07:53.361+0000] {logging_mixin.py:137} INFO - [2023-03-19T14:07:53.361+0000] {dag.py:3444} INFO - Setting next_dagrun for example_nested_branch_dag to 2023-03-18T00:00:00+00:00, run_after=2023-03-19T00:00:00+00:00
[2023-03-19T14:07:53.370+0000] {processor.py:175} INFO - Processing /home/airflow/.local/lib/python3.7/site-packages/airflow/example_dags/example_nested_branch_dag.py took 0.060 seconds
[2023-03-19T14:08:24.107+0000] {processor.py:153} INFO - Started process (PID=292) to work on /home/airflow/.local/lib/python3.7/site-packages/airflow/example_dags/example_nested_branch_dag.py
[2023-03-19T14:08:24.108+0000] {processor.py:743} INFO - Processing file /home/airflow/.local/lib/python3.7/site-packages/airflow/example_dags/example_nested_branch_dag.py for tasks to queue
[2023-03-19T14:08:24.109+0000] {logging_mixin.py:137} INFO - [2023-03-19T14:08:24.109+0000] {dagbag.py:532} INFO - Filling up the DagBag from /home/airflow/.local/lib/python3.7/site-packages/airflow/example_dags/example_nested_branch_dag.py
[2023-03-19T14:08:24.128+0000] {processor.py:753} INFO - DAG(s) dict_keys(['example_nested_branch_dag']) retrieved from /home/airflow/.local/lib/python3.7/site-packages/airflow/example_dags/example_nested_branch_dag.py
[2023-03-19T14:08:24.149+0000] {logging_mixin.py:137} INFO - [2023-03-19T14:08:24.149+0000] {dag.py:2693} INFO - Sync 1 DAGs
[2023-03-19T14:08:24.163+0000] {logging_mixin.py:137} INFO - [2023-03-19T14:08:24.163+0000] {dag.py:3444} INFO - Setting next_dagrun for example_nested_branch_dag to 2023-03-18T00:00:00+00:00, run_after=2023-03-19T00:00:00+00:00
[2023-03-19T14:08:24.173+0000] {processor.py:175} INFO - Processing /home/airflow/.local/lib/python3.7/site-packages/airflow/example_dags/example_nested_branch_dag.py took 0.069 seconds
[2023-03-19T14:09:09.382+0000] {processor.py:153} INFO - Started process (PID=45) to work on /home/airflow/.local/lib/python3.7/site-packages/airflow/example_dags/example_nested_branch_dag.py
[2023-03-19T14:09:09.384+0000] {processor.py:743} INFO - Processing file /home/airflow/.local/lib/python3.7/site-packages/airflow/example_dags/example_nested_branch_dag.py for tasks to queue
[2023-03-19T14:09:09.385+0000] {logging_mixin.py:137} INFO - [2023-03-19T14:09:09.385+0000] {dagbag.py:532} INFO - Filling up the DagBag from /home/airflow/.local/lib/python3.7/site-packages/airflow/example_dags/example_nested_branch_dag.py
[2023-03-19T14:09:09.422+0000] {processor.py:753} INFO - DAG(s) dict_keys(['example_nested_branch_dag']) retrieved from /home/airflow/.local/lib/python3.7/site-packages/airflow/example_dags/example_nested_branch_dag.py
[2023-03-19T14:09:09.454+0000] {logging_mixin.py:137} INFO - [2023-03-19T14:09:09.454+0000] {dag.py:2693} INFO - Sync 1 DAGs
[2023-03-19T14:09:09.522+0000] {logging_mixin.py:137} INFO - [2023-03-19T14:09:09.522+0000] {dag.py:3444} INFO - Setting next_dagrun for example_nested_branch_dag to 2023-03-18T00:00:00+00:00, run_after=2023-03-19T00:00:00+00:00
[2023-03-19T14:09:09.550+0000] {processor.py:175} INFO - Processing /home/airflow/.local/lib/python3.7/site-packages/airflow/example_dags/example_nested_branch_dag.py took 0.181 seconds
[2023-03-19T14:09:40.128+0000] {processor.py:153} INFO - Started process (PID=94) to work on /home/airflow/.local/lib/python3.7/site-packages/airflow/example_dags/example_nested_branch_dag.py
[2023-03-19T14:09:40.129+0000] {processor.py:743} INFO - Processing file /home/airflow/.local/lib/python3.7/site-packages/airflow/example_dags/example_nested_branch_dag.py for tasks to queue
[2023-03-19T14:09:40.129+0000] {logging_mixin.py:137} INFO - [2023-03-19T14:09:40.129+0000] {dagbag.py:532} INFO - Filling up the DagBag from /home/airflow/.local/lib/python3.7/site-packages/airflow/example_dags/example_nested_branch_dag.py
[2023-03-19T14:09:40.144+0000] {processor.py:753} INFO - DAG(s) dict_keys(['example_nested_branch_dag']) retrieved from /home/airflow/.local/lib/python3.7/site-packages/airflow/example_dags/example_nested_branch_dag.py
[2023-03-19T14:09:40.167+0000] {logging_mixin.py:137} INFO - [2023-03-19T14:09:40.167+0000] {dag.py:2693} INFO - Sync 1 DAGs
[2023-03-19T14:09:40.183+0000] {logging_mixin.py:137} INFO - [2023-03-19T14:09:40.183+0000] {dag.py:3444} INFO - Setting next_dagrun for example_nested_branch_dag to 2023-03-18T00:00:00+00:00, run_after=2023-03-19T00:00:00+00:00
[2023-03-19T14:09:40.194+0000] {processor.py:175} INFO - Processing /home/airflow/.local/lib/python3.7/site-packages/airflow/example_dags/example_nested_branch_dag.py took 0.069 seconds
[2023-03-19T14:10:10.812+0000] {processor.py:153} INFO - Started process (PID=142) to work on /home/airflow/.local/lib/python3.7/site-packages/airflow/example_dags/example_nested_branch_dag.py
[2023-03-19T14:10:10.813+0000] {processor.py:743} INFO - Processing file /home/airflow/.local/lib/python3.7/site-packages/airflow/example_dags/example_nested_branch_dag.py for tasks to queue
[2023-03-19T14:10:10.814+0000] {logging_mixin.py:137} INFO - [2023-03-19T14:10:10.814+0000] {dagbag.py:532} INFO - Filling up the DagBag from /home/airflow/.local/lib/python3.7/site-packages/airflow/example_dags/example_nested_branch_dag.py
[2023-03-19T14:10:10.829+0000] {processor.py:753} INFO - DAG(s) dict_keys(['example_nested_branch_dag']) retrieved from /home/airflow/.local/lib/python3.7/site-packages/airflow/example_dags/example_nested_branch_dag.py
[2023-03-19T14:10:10.848+0000] {logging_mixin.py:137} INFO - [2023-03-19T14:10:10.848+0000] {dag.py:2693} INFO - Sync 1 DAGs
[2023-03-19T14:10:10.862+0000] {logging_mixin.py:137} INFO - [2023-03-19T14:10:10.862+0000] {dag.py:3444} INFO - Setting next_dagrun for example_nested_branch_dag to 2023-03-18T00:00:00+00:00, run_after=2023-03-19T00:00:00+00:00
[2023-03-19T14:10:10.872+0000] {processor.py:175} INFO - Processing /home/airflow/.local/lib/python3.7/site-packages/airflow/example_dags/example_nested_branch_dag.py took 0.063 seconds
[2023-03-19T14:10:41.887+0000] {processor.py:153} INFO - Started process (PID=191) to work on /home/airflow/.local/lib/python3.7/site-packages/airflow/example_dags/example_nested_branch_dag.py
[2023-03-19T14:10:41.888+0000] {processor.py:743} INFO - Processing file /home/airflow/.local/lib/python3.7/site-packages/airflow/example_dags/example_nested_branch_dag.py for tasks to queue
[2023-03-19T14:10:41.889+0000] {logging_mixin.py:137} INFO - [2023-03-19T14:10:41.889+0000] {dagbag.py:532} INFO - Filling up the DagBag from /home/airflow/.local/lib/python3.7/site-packages/airflow/example_dags/example_nested_branch_dag.py
[2023-03-19T14:10:41.903+0000] {processor.py:753} INFO - DAG(s) dict_keys(['example_nested_branch_dag']) retrieved from /home/airflow/.local/lib/python3.7/site-packages/airflow/example_dags/example_nested_branch_dag.py
[2023-03-19T14:10:41.921+0000] {logging_mixin.py:137} INFO - [2023-03-19T14:10:41.921+0000] {dag.py:2693} INFO - Sync 1 DAGs
[2023-03-19T14:10:41.937+0000] {logging_mixin.py:137} INFO - [2023-03-19T14:10:41.936+0000] {dag.py:3444} INFO - Setting next_dagrun for example_nested_branch_dag to 2023-03-18T00:00:00+00:00, run_after=2023-03-19T00:00:00+00:00
[2023-03-19T14:10:41.952+0000] {processor.py:175} INFO - Processing /home/airflow/.local/lib/python3.7/site-packages/airflow/example_dags/example_nested_branch_dag.py took 0.067 seconds
[2023-03-19T14:11:12.256+0000] {processor.py:153} INFO - Started process (PID=240) to work on /home/airflow/.local/lib/python3.7/site-packages/airflow/example_dags/example_nested_branch_dag.py
[2023-03-19T14:11:12.257+0000] {processor.py:743} INFO - Processing file /home/airflow/.local/lib/python3.7/site-packages/airflow/example_dags/example_nested_branch_dag.py for tasks to queue
[2023-03-19T14:11:12.258+0000] {logging_mixin.py:137} INFO - [2023-03-19T14:11:12.258+0000] {dagbag.py:532} INFO - Filling up the DagBag from /home/airflow/.local/lib/python3.7/site-packages/airflow/example_dags/example_nested_branch_dag.py
[2023-03-19T14:11:12.274+0000] {processor.py:753} INFO - DAG(s) dict_keys(['example_nested_branch_dag']) retrieved from /home/airflow/.local/lib/python3.7/site-packages/airflow/example_dags/example_nested_branch_dag.py
[2023-03-19T14:11:12.305+0000] {logging_mixin.py:137} INFO - [2023-03-19T14:11:12.305+0000] {dag.py:2693} INFO - Sync 1 DAGs
[2023-03-19T14:11:12.328+0000] {logging_mixin.py:137} INFO - [2023-03-19T14:11:12.328+0000] {dag.py:3444} INFO - Setting next_dagrun for example_nested_branch_dag to 2023-03-18T00:00:00+00:00, run_after=2023-03-19T00:00:00+00:00
[2023-03-19T14:11:12.342+0000] {processor.py:175} INFO - Processing /home/airflow/.local/lib/python3.7/site-packages/airflow/example_dags/example_nested_branch_dag.py took 0.088 seconds
[2023-03-19T14:11:42.794+0000] {processor.py:153} INFO - Started process (PID=289) to work on /home/airflow/.local/lib/python3.7/site-packages/airflow/example_dags/example_nested_branch_dag.py
[2023-03-19T14:11:42.795+0000] {processor.py:743} INFO - Processing file /home/airflow/.local/lib/python3.7/site-packages/airflow/example_dags/example_nested_branch_dag.py for tasks to queue
[2023-03-19T14:11:42.795+0000] {logging_mixin.py:137} INFO - [2023-03-19T14:11:42.795+0000] {dagbag.py:532} INFO - Filling up the DagBag from /home/airflow/.local/lib/python3.7/site-packages/airflow/example_dags/example_nested_branch_dag.py
[2023-03-19T14:11:42.811+0000] {processor.py:753} INFO - DAG(s) dict_keys(['example_nested_branch_dag']) retrieved from /home/airflow/.local/lib/python3.7/site-packages/airflow/example_dags/example_nested_branch_dag.py
[2023-03-19T14:11:42.830+0000] {logging_mixin.py:137} INFO - [2023-03-19T14:11:42.830+0000] {dag.py:2693} INFO - Sync 1 DAGs
[2023-03-19T14:11:42.844+0000] {logging_mixin.py:137} INFO - [2023-03-19T14:11:42.844+0000] {dag.py:3444} INFO - Setting next_dagrun for example_nested_branch_dag to 2023-03-18T00:00:00+00:00, run_after=2023-03-19T00:00:00+00:00
[2023-03-19T14:11:42.855+0000] {processor.py:175} INFO - Processing /home/airflow/.local/lib/python3.7/site-packages/airflow/example_dags/example_nested_branch_dag.py took 0.063 seconds
[2023-03-19T14:12:13.207+0000] {processor.py:153} INFO - Started process (PID=338) to work on /home/airflow/.local/lib/python3.7/site-packages/airflow/example_dags/example_nested_branch_dag.py
[2023-03-19T14:12:13.209+0000] {processor.py:743} INFO - Processing file /home/airflow/.local/lib/python3.7/site-packages/airflow/example_dags/example_nested_branch_dag.py for tasks to queue
[2023-03-19T14:12:13.211+0000] {logging_mixin.py:137} INFO - [2023-03-19T14:12:13.211+0000] {dagbag.py:532} INFO - Filling up the DagBag from /home/airflow/.local/lib/python3.7/site-packages/airflow/example_dags/example_nested_branch_dag.py
[2023-03-19T14:12:13.252+0000] {processor.py:753} INFO - DAG(s) dict_keys(['example_nested_branch_dag']) retrieved from /home/airflow/.local/lib/python3.7/site-packages/airflow/example_dags/example_nested_branch_dag.py
[2023-03-19T14:12:13.326+0000] {logging_mixin.py:137} INFO - [2023-03-19T14:12:13.326+0000] {dag.py:2693} INFO - Sync 1 DAGs
[2023-03-19T14:12:13.354+0000] {logging_mixin.py:137} INFO - [2023-03-19T14:12:13.354+0000] {dag.py:3444} INFO - Setting next_dagrun for example_nested_branch_dag to 2023-03-18T00:00:00+00:00, run_after=2023-03-19T00:00:00+00:00
[2023-03-19T14:12:13.386+0000] {processor.py:175} INFO - Processing /home/airflow/.local/lib/python3.7/site-packages/airflow/example_dags/example_nested_branch_dag.py took 0.185 seconds
