[2023-03-19T13:32:59.789+0000] {processor.py:153} INFO - Started process (PID=48) to work on /home/airflow/.local/lib/python3.7/site-packages/airflow/example_dags/example_python_operator.py
[2023-03-19T13:32:59.791+0000] {processor.py:743} INFO - Processing file /home/airflow/.local/lib/python3.7/site-packages/airflow/example_dags/example_python_operator.py for tasks to queue
[2023-03-19T13:32:59.792+0000] {logging_mixin.py:137} INFO - [2023-03-19T13:32:59.791+0000] {dagbag.py:532} INFO - Filling up the DagBag from /home/airflow/.local/lib/python3.7/site-packages/airflow/example_dags/example_python_operator.py
[2023-03-19T13:32:59.831+0000] {logging_mixin.py:137} INFO - [2023-03-19T13:32:59.831+0000] {taskmixin.py:211} WARNING - Dependency <Task(_PythonDecoratedOperator): print_the_context>, log_sql_query already registered for DAG: example_python_operator
[2023-03-19T13:32:59.832+0000] {logging_mixin.py:137} INFO - [2023-03-19T13:32:59.832+0000] {taskmixin.py:211} WARNING - Dependency <Task(_PythonDecoratedOperator): log_sql_query>, print_the_context already registered for DAG: example_python_operator
[2023-03-19T13:32:59.833+0000] {logging_mixin.py:137} INFO - [2023-03-19T13:32:59.833+0000] {taskmixin.py:211} WARNING - Dependency <Task(_PythonDecoratedOperator): print_the_context>, log_sql_query already registered for DAG: example_python_operator
[2023-03-19T13:32:59.833+0000] {logging_mixin.py:137} INFO - [2023-03-19T13:32:59.833+0000] {taskmixin.py:211} WARNING - Dependency <Task(_PythonDecoratedOperator): log_sql_query>, print_the_context already registered for DAG: example_python_operator
[2023-03-19T13:32:59.834+0000] {logging_mixin.py:137} INFO - [2023-03-19T13:32:59.834+0000] {taskmixin.py:211} WARNING - Dependency <Task(_PythonDecoratedOperator): print_the_context>, log_sql_query already registered for DAG: example_python_operator
[2023-03-19T13:32:59.835+0000] {logging_mixin.py:137} INFO - [2023-03-19T13:32:59.835+0000] {taskmixin.py:211} WARNING - Dependency <Task(_PythonDecoratedOperator): log_sql_query>, print_the_context already registered for DAG: example_python_operator
[2023-03-19T13:32:59.836+0000] {logging_mixin.py:137} INFO - [2023-03-19T13:32:59.835+0000] {taskmixin.py:211} WARNING - Dependency <Task(_PythonDecoratedOperator): print_the_context>, log_sql_query already registered for DAG: example_python_operator
[2023-03-19T13:32:59.836+0000] {logging_mixin.py:137} INFO - [2023-03-19T13:32:59.836+0000] {taskmixin.py:211} WARNING - Dependency <Task(_PythonDecoratedOperator): log_sql_query>, print_the_context already registered for DAG: example_python_operator
[2023-03-19T13:32:59.843+0000] {processor.py:753} INFO - DAG(s) dict_keys(['example_python_operator']) retrieved from /home/airflow/.local/lib/python3.7/site-packages/airflow/example_dags/example_python_operator.py
[2023-03-19T13:32:59.857+0000] {logging_mixin.py:137} INFO - [2023-03-19T13:32:59.857+0000] {dag.py:2693} INFO - Sync 1 DAGs
[2023-03-19T13:32:59.883+0000] {logging_mixin.py:137} INFO - [2023-03-19T13:32:59.883+0000] {dag.py:3444} INFO - Setting next_dagrun for example_python_operator to None, run_after=None
[2023-03-19T13:32:59.898+0000] {processor.py:175} INFO - Processing /home/airflow/.local/lib/python3.7/site-packages/airflow/example_dags/example_python_operator.py took 0.114 seconds
[2023-03-19T13:33:29.998+0000] {processor.py:153} INFO - Started process (PID=97) to work on /home/airflow/.local/lib/python3.7/site-packages/airflow/example_dags/example_python_operator.py
[2023-03-19T13:33:30.000+0000] {processor.py:743} INFO - Processing file /home/airflow/.local/lib/python3.7/site-packages/airflow/example_dags/example_python_operator.py for tasks to queue
[2023-03-19T13:33:30.000+0000] {logging_mixin.py:137} INFO - [2023-03-19T13:33:30.000+0000] {dagbag.py:532} INFO - Filling up the DagBag from /home/airflow/.local/lib/python3.7/site-packages/airflow/example_dags/example_python_operator.py
[2023-03-19T13:33:30.011+0000] {logging_mixin.py:137} INFO - [2023-03-19T13:33:30.011+0000] {taskmixin.py:211} WARNING - Dependency <Task(_PythonDecoratedOperator): print_the_context>, log_sql_query already registered for DAG: example_python_operator
[2023-03-19T13:33:30.012+0000] {logging_mixin.py:137} INFO - [2023-03-19T13:33:30.012+0000] {taskmixin.py:211} WARNING - Dependency <Task(_PythonDecoratedOperator): log_sql_query>, print_the_context already registered for DAG: example_python_operator
[2023-03-19T13:33:30.013+0000] {logging_mixin.py:137} INFO - [2023-03-19T13:33:30.013+0000] {taskmixin.py:211} WARNING - Dependency <Task(_PythonDecoratedOperator): print_the_context>, log_sql_query already registered for DAG: example_python_operator
[2023-03-19T13:33:30.013+0000] {logging_mixin.py:137} INFO - [2023-03-19T13:33:30.013+0000] {taskmixin.py:211} WARNING - Dependency <Task(_PythonDecoratedOperator): log_sql_query>, print_the_context already registered for DAG: example_python_operator
[2023-03-19T13:33:30.014+0000] {logging_mixin.py:137} INFO - [2023-03-19T13:33:30.014+0000] {taskmixin.py:211} WARNING - Dependency <Task(_PythonDecoratedOperator): print_the_context>, log_sql_query already registered for DAG: example_python_operator
[2023-03-19T13:33:30.014+0000] {logging_mixin.py:137} INFO - [2023-03-19T13:33:30.014+0000] {taskmixin.py:211} WARNING - Dependency <Task(_PythonDecoratedOperator): log_sql_query>, print_the_context already registered for DAG: example_python_operator
[2023-03-19T13:33:30.015+0000] {logging_mixin.py:137} INFO - [2023-03-19T13:33:30.015+0000] {taskmixin.py:211} WARNING - Dependency <Task(_PythonDecoratedOperator): print_the_context>, log_sql_query already registered for DAG: example_python_operator
[2023-03-19T13:33:30.015+0000] {logging_mixin.py:137} INFO - [2023-03-19T13:33:30.015+0000] {taskmixin.py:211} WARNING - Dependency <Task(_PythonDecoratedOperator): log_sql_query>, print_the_context already registered for DAG: example_python_operator
[2023-03-19T13:33:30.019+0000] {processor.py:753} INFO - DAG(s) dict_keys(['example_python_operator']) retrieved from /home/airflow/.local/lib/python3.7/site-packages/airflow/example_dags/example_python_operator.py
[2023-03-19T13:33:30.061+0000] {logging_mixin.py:137} INFO - [2023-03-19T13:33:30.061+0000] {dag.py:2693} INFO - Sync 1 DAGs
[2023-03-19T13:33:30.073+0000] {logging_mixin.py:137} INFO - [2023-03-19T13:33:30.073+0000] {dag.py:3444} INFO - Setting next_dagrun for example_python_operator to None, run_after=None
[2023-03-19T13:33:30.083+0000] {processor.py:175} INFO - Processing /home/airflow/.local/lib/python3.7/site-packages/airflow/example_dags/example_python_operator.py took 0.087 seconds
[2023-03-19T13:34:00.329+0000] {processor.py:153} INFO - Started process (PID=147) to work on /home/airflow/.local/lib/python3.7/site-packages/airflow/example_dags/example_python_operator.py
[2023-03-19T13:34:00.331+0000] {processor.py:743} INFO - Processing file /home/airflow/.local/lib/python3.7/site-packages/airflow/example_dags/example_python_operator.py for tasks to queue
[2023-03-19T13:34:00.331+0000] {logging_mixin.py:137} INFO - [2023-03-19T13:34:00.331+0000] {dagbag.py:532} INFO - Filling up the DagBag from /home/airflow/.local/lib/python3.7/site-packages/airflow/example_dags/example_python_operator.py
[2023-03-19T13:34:00.343+0000] {logging_mixin.py:137} INFO - [2023-03-19T13:34:00.343+0000] {taskmixin.py:211} WARNING - Dependency <Task(_PythonDecoratedOperator): print_the_context>, log_sql_query already registered for DAG: example_python_operator
[2023-03-19T13:34:00.343+0000] {logging_mixin.py:137} INFO - [2023-03-19T13:34:00.343+0000] {taskmixin.py:211} WARNING - Dependency <Task(_PythonDecoratedOperator): log_sql_query>, print_the_context already registered for DAG: example_python_operator
[2023-03-19T13:34:00.344+0000] {logging_mixin.py:137} INFO - [2023-03-19T13:34:00.344+0000] {taskmixin.py:211} WARNING - Dependency <Task(_PythonDecoratedOperator): print_the_context>, log_sql_query already registered for DAG: example_python_operator
[2023-03-19T13:34:00.344+0000] {logging_mixin.py:137} INFO - [2023-03-19T13:34:00.344+0000] {taskmixin.py:211} WARNING - Dependency <Task(_PythonDecoratedOperator): log_sql_query>, print_the_context already registered for DAG: example_python_operator
[2023-03-19T13:34:00.345+0000] {logging_mixin.py:137} INFO - [2023-03-19T13:34:00.345+0000] {taskmixin.py:211} WARNING - Dependency <Task(_PythonDecoratedOperator): print_the_context>, log_sql_query already registered for DAG: example_python_operator
[2023-03-19T13:34:00.345+0000] {logging_mixin.py:137} INFO - [2023-03-19T13:34:00.345+0000] {taskmixin.py:211} WARNING - Dependency <Task(_PythonDecoratedOperator): log_sql_query>, print_the_context already registered for DAG: example_python_operator
[2023-03-19T13:34:00.346+0000] {logging_mixin.py:137} INFO - [2023-03-19T13:34:00.346+0000] {taskmixin.py:211} WARNING - Dependency <Task(_PythonDecoratedOperator): print_the_context>, log_sql_query already registered for DAG: example_python_operator
[2023-03-19T13:34:00.346+0000] {logging_mixin.py:137} INFO - [2023-03-19T13:34:00.346+0000] {taskmixin.py:211} WARNING - Dependency <Task(_PythonDecoratedOperator): log_sql_query>, print_the_context already registered for DAG: example_python_operator
[2023-03-19T13:34:00.351+0000] {processor.py:753} INFO - DAG(s) dict_keys(['example_python_operator']) retrieved from /home/airflow/.local/lib/python3.7/site-packages/airflow/example_dags/example_python_operator.py
[2023-03-19T13:34:00.370+0000] {logging_mixin.py:137} INFO - [2023-03-19T13:34:00.370+0000] {dag.py:2693} INFO - Sync 1 DAGs
[2023-03-19T13:34:00.384+0000] {logging_mixin.py:137} INFO - [2023-03-19T13:34:00.383+0000] {dag.py:3444} INFO - Setting next_dagrun for example_python_operator to None, run_after=None
[2023-03-19T13:34:00.393+0000] {processor.py:175} INFO - Processing /home/airflow/.local/lib/python3.7/site-packages/airflow/example_dags/example_python_operator.py took 0.066 seconds
[2023-03-19T13:34:30.609+0000] {processor.py:153} INFO - Started process (PID=196) to work on /home/airflow/.local/lib/python3.7/site-packages/airflow/example_dags/example_python_operator.py
[2023-03-19T13:34:30.610+0000] {processor.py:743} INFO - Processing file /home/airflow/.local/lib/python3.7/site-packages/airflow/example_dags/example_python_operator.py for tasks to queue
[2023-03-19T13:34:30.611+0000] {logging_mixin.py:137} INFO - [2023-03-19T13:34:30.611+0000] {dagbag.py:532} INFO - Filling up the DagBag from /home/airflow/.local/lib/python3.7/site-packages/airflow/example_dags/example_python_operator.py
[2023-03-19T13:34:30.623+0000] {logging_mixin.py:137} INFO - [2023-03-19T13:34:30.623+0000] {taskmixin.py:211} WARNING - Dependency <Task(_PythonDecoratedOperator): print_the_context>, log_sql_query already registered for DAG: example_python_operator
[2023-03-19T13:34:30.624+0000] {logging_mixin.py:137} INFO - [2023-03-19T13:34:30.624+0000] {taskmixin.py:211} WARNING - Dependency <Task(_PythonDecoratedOperator): log_sql_query>, print_the_context already registered for DAG: example_python_operator
[2023-03-19T13:34:30.624+0000] {logging_mixin.py:137} INFO - [2023-03-19T13:34:30.624+0000] {taskmixin.py:211} WARNING - Dependency <Task(_PythonDecoratedOperator): print_the_context>, log_sql_query already registered for DAG: example_python_operator
[2023-03-19T13:34:30.625+0000] {logging_mixin.py:137} INFO - [2023-03-19T13:34:30.625+0000] {taskmixin.py:211} WARNING - Dependency <Task(_PythonDecoratedOperator): log_sql_query>, print_the_context already registered for DAG: example_python_operator
[2023-03-19T13:34:30.625+0000] {logging_mixin.py:137} INFO - [2023-03-19T13:34:30.625+0000] {taskmixin.py:211} WARNING - Dependency <Task(_PythonDecoratedOperator): print_the_context>, log_sql_query already registered for DAG: example_python_operator
[2023-03-19T13:34:30.626+0000] {logging_mixin.py:137} INFO - [2023-03-19T13:34:30.626+0000] {taskmixin.py:211} WARNING - Dependency <Task(_PythonDecoratedOperator): log_sql_query>, print_the_context already registered for DAG: example_python_operator
[2023-03-19T13:34:30.626+0000] {logging_mixin.py:137} INFO - [2023-03-19T13:34:30.626+0000] {taskmixin.py:211} WARNING - Dependency <Task(_PythonDecoratedOperator): print_the_context>, log_sql_query already registered for DAG: example_python_operator
[2023-03-19T13:34:30.627+0000] {logging_mixin.py:137} INFO - [2023-03-19T13:34:30.627+0000] {taskmixin.py:211} WARNING - Dependency <Task(_PythonDecoratedOperator): log_sql_query>, print_the_context already registered for DAG: example_python_operator
[2023-03-19T13:34:30.631+0000] {processor.py:753} INFO - DAG(s) dict_keys(['example_python_operator']) retrieved from /home/airflow/.local/lib/python3.7/site-packages/airflow/example_dags/example_python_operator.py
[2023-03-19T13:34:30.650+0000] {logging_mixin.py:137} INFO - [2023-03-19T13:34:30.650+0000] {dag.py:2693} INFO - Sync 1 DAGs
[2023-03-19T13:34:30.664+0000] {logging_mixin.py:137} INFO - [2023-03-19T13:34:30.664+0000] {dag.py:3444} INFO - Setting next_dagrun for example_python_operator to None, run_after=None
[2023-03-19T13:34:30.673+0000] {processor.py:175} INFO - Processing /home/airflow/.local/lib/python3.7/site-packages/airflow/example_dags/example_python_operator.py took 0.066 seconds
[2023-03-19T13:35:01.395+0000] {processor.py:153} INFO - Started process (PID=245) to work on /home/airflow/.local/lib/python3.7/site-packages/airflow/example_dags/example_python_operator.py
[2023-03-19T13:35:01.396+0000] {processor.py:743} INFO - Processing file /home/airflow/.local/lib/python3.7/site-packages/airflow/example_dags/example_python_operator.py for tasks to queue
[2023-03-19T13:35:01.397+0000] {logging_mixin.py:137} INFO - [2023-03-19T13:35:01.397+0000] {dagbag.py:532} INFO - Filling up the DagBag from /home/airflow/.local/lib/python3.7/site-packages/airflow/example_dags/example_python_operator.py
[2023-03-19T13:35:01.410+0000] {logging_mixin.py:137} INFO - [2023-03-19T13:35:01.410+0000] {taskmixin.py:211} WARNING - Dependency <Task(_PythonDecoratedOperator): print_the_context>, log_sql_query already registered for DAG: example_python_operator
[2023-03-19T13:35:01.410+0000] {logging_mixin.py:137} INFO - [2023-03-19T13:35:01.410+0000] {taskmixin.py:211} WARNING - Dependency <Task(_PythonDecoratedOperator): log_sql_query>, print_the_context already registered for DAG: example_python_operator
[2023-03-19T13:35:01.411+0000] {logging_mixin.py:137} INFO - [2023-03-19T13:35:01.411+0000] {taskmixin.py:211} WARNING - Dependency <Task(_PythonDecoratedOperator): print_the_context>, log_sql_query already registered for DAG: example_python_operator
[2023-03-19T13:35:01.411+0000] {logging_mixin.py:137} INFO - [2023-03-19T13:35:01.411+0000] {taskmixin.py:211} WARNING - Dependency <Task(_PythonDecoratedOperator): log_sql_query>, print_the_context already registered for DAG: example_python_operator
[2023-03-19T13:35:01.412+0000] {logging_mixin.py:137} INFO - [2023-03-19T13:35:01.412+0000] {taskmixin.py:211} WARNING - Dependency <Task(_PythonDecoratedOperator): print_the_context>, log_sql_query already registered for DAG: example_python_operator
[2023-03-19T13:35:01.412+0000] {logging_mixin.py:137} INFO - [2023-03-19T13:35:01.412+0000] {taskmixin.py:211} WARNING - Dependency <Task(_PythonDecoratedOperator): log_sql_query>, print_the_context already registered for DAG: example_python_operator
[2023-03-19T13:35:01.413+0000] {logging_mixin.py:137} INFO - [2023-03-19T13:35:01.413+0000] {taskmixin.py:211} WARNING - Dependency <Task(_PythonDecoratedOperator): print_the_context>, log_sql_query already registered for DAG: example_python_operator
[2023-03-19T13:35:01.413+0000] {logging_mixin.py:137} INFO - [2023-03-19T13:35:01.413+0000] {taskmixin.py:211} WARNING - Dependency <Task(_PythonDecoratedOperator): log_sql_query>, print_the_context already registered for DAG: example_python_operator
[2023-03-19T13:35:01.418+0000] {processor.py:753} INFO - DAG(s) dict_keys(['example_python_operator']) retrieved from /home/airflow/.local/lib/python3.7/site-packages/airflow/example_dags/example_python_operator.py
[2023-03-19T13:35:01.439+0000] {logging_mixin.py:137} INFO - [2023-03-19T13:35:01.439+0000] {dag.py:2693} INFO - Sync 1 DAGs
[2023-03-19T13:35:01.456+0000] {logging_mixin.py:137} INFO - [2023-03-19T13:35:01.455+0000] {dag.py:3444} INFO - Setting next_dagrun for example_python_operator to None, run_after=None
[2023-03-19T13:35:01.466+0000] {processor.py:175} INFO - Processing /home/airflow/.local/lib/python3.7/site-packages/airflow/example_dags/example_python_operator.py took 0.075 seconds
[2023-03-19T13:35:31.490+0000] {processor.py:153} INFO - Started process (PID=293) to work on /home/airflow/.local/lib/python3.7/site-packages/airflow/example_dags/example_python_operator.py
[2023-03-19T13:35:31.491+0000] {processor.py:743} INFO - Processing file /home/airflow/.local/lib/python3.7/site-packages/airflow/example_dags/example_python_operator.py for tasks to queue
[2023-03-19T13:35:31.491+0000] {logging_mixin.py:137} INFO - [2023-03-19T13:35:31.491+0000] {dagbag.py:532} INFO - Filling up the DagBag from /home/airflow/.local/lib/python3.7/site-packages/airflow/example_dags/example_python_operator.py
[2023-03-19T13:35:31.502+0000] {logging_mixin.py:137} INFO - [2023-03-19T13:35:31.502+0000] {taskmixin.py:211} WARNING - Dependency <Task(_PythonDecoratedOperator): print_the_context>, log_sql_query already registered for DAG: example_python_operator
[2023-03-19T13:35:31.502+0000] {logging_mixin.py:137} INFO - [2023-03-19T13:35:31.502+0000] {taskmixin.py:211} WARNING - Dependency <Task(_PythonDecoratedOperator): log_sql_query>, print_the_context already registered for DAG: example_python_operator
[2023-03-19T13:35:31.503+0000] {logging_mixin.py:137} INFO - [2023-03-19T13:35:31.503+0000] {taskmixin.py:211} WARNING - Dependency <Task(_PythonDecoratedOperator): print_the_context>, log_sql_query already registered for DAG: example_python_operator
[2023-03-19T13:35:31.503+0000] {logging_mixin.py:137} INFO - [2023-03-19T13:35:31.503+0000] {taskmixin.py:211} WARNING - Dependency <Task(_PythonDecoratedOperator): log_sql_query>, print_the_context already registered for DAG: example_python_operator
[2023-03-19T13:35:31.504+0000] {logging_mixin.py:137} INFO - [2023-03-19T13:35:31.504+0000] {taskmixin.py:211} WARNING - Dependency <Task(_PythonDecoratedOperator): print_the_context>, log_sql_query already registered for DAG: example_python_operator
[2023-03-19T13:35:31.504+0000] {logging_mixin.py:137} INFO - [2023-03-19T13:35:31.504+0000] {taskmixin.py:211} WARNING - Dependency <Task(_PythonDecoratedOperator): log_sql_query>, print_the_context already registered for DAG: example_python_operator
[2023-03-19T13:35:31.505+0000] {logging_mixin.py:137} INFO - [2023-03-19T13:35:31.505+0000] {taskmixin.py:211} WARNING - Dependency <Task(_PythonDecoratedOperator): print_the_context>, log_sql_query already registered for DAG: example_python_operator
[2023-03-19T13:35:31.505+0000] {logging_mixin.py:137} INFO - [2023-03-19T13:35:31.505+0000] {taskmixin.py:211} WARNING - Dependency <Task(_PythonDecoratedOperator): log_sql_query>, print_the_context already registered for DAG: example_python_operator
[2023-03-19T13:35:31.509+0000] {processor.py:753} INFO - DAG(s) dict_keys(['example_python_operator']) retrieved from /home/airflow/.local/lib/python3.7/site-packages/airflow/example_dags/example_python_operator.py
[2023-03-19T13:35:31.528+0000] {logging_mixin.py:137} INFO - [2023-03-19T13:35:31.528+0000] {dag.py:2693} INFO - Sync 1 DAGs
[2023-03-19T13:35:31.543+0000] {logging_mixin.py:137} INFO - [2023-03-19T13:35:31.543+0000] {dag.py:3444} INFO - Setting next_dagrun for example_python_operator to None, run_after=None
[2023-03-19T13:35:31.556+0000] {processor.py:175} INFO - Processing /home/airflow/.local/lib/python3.7/site-packages/airflow/example_dags/example_python_operator.py took 0.068 seconds
[2023-03-19T14:05:52.112+0000] {processor.py:153} INFO - Started process (PID=48) to work on /home/airflow/.local/lib/python3.7/site-packages/airflow/example_dags/example_python_operator.py
[2023-03-19T14:05:52.117+0000] {processor.py:743} INFO - Processing file /home/airflow/.local/lib/python3.7/site-packages/airflow/example_dags/example_python_operator.py for tasks to queue
[2023-03-19T14:05:52.118+0000] {logging_mixin.py:137} INFO - [2023-03-19T14:05:52.118+0000] {dagbag.py:532} INFO - Filling up the DagBag from /home/airflow/.local/lib/python3.7/site-packages/airflow/example_dags/example_python_operator.py
[2023-03-19T14:05:52.169+0000] {logging_mixin.py:137} INFO - [2023-03-19T14:05:52.168+0000] {taskmixin.py:211} WARNING - Dependency <Task(_PythonDecoratedOperator): print_the_context>, log_sql_query already registered for DAG: example_python_operator
[2023-03-19T14:05:52.170+0000] {logging_mixin.py:137} INFO - [2023-03-19T14:05:52.170+0000] {taskmixin.py:211} WARNING - Dependency <Task(_PythonDecoratedOperator): log_sql_query>, print_the_context already registered for DAG: example_python_operator
[2023-03-19T14:05:52.172+0000] {logging_mixin.py:137} INFO - [2023-03-19T14:05:52.172+0000] {taskmixin.py:211} WARNING - Dependency <Task(_PythonDecoratedOperator): print_the_context>, log_sql_query already registered for DAG: example_python_operator
[2023-03-19T14:05:52.177+0000] {logging_mixin.py:137} INFO - [2023-03-19T14:05:52.176+0000] {taskmixin.py:211} WARNING - Dependency <Task(_PythonDecoratedOperator): log_sql_query>, print_the_context already registered for DAG: example_python_operator
[2023-03-19T14:05:52.182+0000] {logging_mixin.py:137} INFO - [2023-03-19T14:05:52.181+0000] {taskmixin.py:211} WARNING - Dependency <Task(_PythonDecoratedOperator): print_the_context>, log_sql_query already registered for DAG: example_python_operator
[2023-03-19T14:05:52.184+0000] {logging_mixin.py:137} INFO - [2023-03-19T14:05:52.184+0000] {taskmixin.py:211} WARNING - Dependency <Task(_PythonDecoratedOperator): log_sql_query>, print_the_context already registered for DAG: example_python_operator
[2023-03-19T14:05:52.188+0000] {logging_mixin.py:137} INFO - [2023-03-19T14:05:52.188+0000] {taskmixin.py:211} WARNING - Dependency <Task(_PythonDecoratedOperator): print_the_context>, log_sql_query already registered for DAG: example_python_operator
[2023-03-19T14:05:52.190+0000] {logging_mixin.py:137} INFO - [2023-03-19T14:05:52.190+0000] {taskmixin.py:211} WARNING - Dependency <Task(_PythonDecoratedOperator): log_sql_query>, print_the_context already registered for DAG: example_python_operator
[2023-03-19T14:05:52.206+0000] {processor.py:753} INFO - DAG(s) dict_keys(['example_python_operator']) retrieved from /home/airflow/.local/lib/python3.7/site-packages/airflow/example_dags/example_python_operator.py
[2023-03-19T14:05:52.247+0000] {logging_mixin.py:137} INFO - [2023-03-19T14:05:52.246+0000] {dag.py:2693} INFO - Sync 1 DAGs
[2023-03-19T14:05:52.295+0000] {logging_mixin.py:137} INFO - [2023-03-19T14:05:52.294+0000] {dag.py:3444} INFO - Setting next_dagrun for example_python_operator to None, run_after=None
[2023-03-19T14:05:52.318+0000] {processor.py:175} INFO - Processing /home/airflow/.local/lib/python3.7/site-packages/airflow/example_dags/example_python_operator.py took 0.212 seconds
[2023-03-19T14:06:23.181+0000] {processor.py:153} INFO - Started process (PID=97) to work on /home/airflow/.local/lib/python3.7/site-packages/airflow/example_dags/example_python_operator.py
[2023-03-19T14:06:23.183+0000] {processor.py:743} INFO - Processing file /home/airflow/.local/lib/python3.7/site-packages/airflow/example_dags/example_python_operator.py for tasks to queue
[2023-03-19T14:06:23.184+0000] {logging_mixin.py:137} INFO - [2023-03-19T14:06:23.184+0000] {dagbag.py:532} INFO - Filling up the DagBag from /home/airflow/.local/lib/python3.7/site-packages/airflow/example_dags/example_python_operator.py
[2023-03-19T14:06:23.201+0000] {logging_mixin.py:137} INFO - [2023-03-19T14:06:23.201+0000] {taskmixin.py:211} WARNING - Dependency <Task(_PythonDecoratedOperator): print_the_context>, log_sql_query already registered for DAG: example_python_operator
[2023-03-19T14:06:23.202+0000] {logging_mixin.py:137} INFO - [2023-03-19T14:06:23.202+0000] {taskmixin.py:211} WARNING - Dependency <Task(_PythonDecoratedOperator): log_sql_query>, print_the_context already registered for DAG: example_python_operator
[2023-03-19T14:06:23.202+0000] {logging_mixin.py:137} INFO - [2023-03-19T14:06:23.202+0000] {taskmixin.py:211} WARNING - Dependency <Task(_PythonDecoratedOperator): print_the_context>, log_sql_query already registered for DAG: example_python_operator
[2023-03-19T14:06:23.203+0000] {logging_mixin.py:137} INFO - [2023-03-19T14:06:23.203+0000] {taskmixin.py:211} WARNING - Dependency <Task(_PythonDecoratedOperator): log_sql_query>, print_the_context already registered for DAG: example_python_operator
[2023-03-19T14:06:23.204+0000] {logging_mixin.py:137} INFO - [2023-03-19T14:06:23.204+0000] {taskmixin.py:211} WARNING - Dependency <Task(_PythonDecoratedOperator): print_the_context>, log_sql_query already registered for DAG: example_python_operator
[2023-03-19T14:06:23.204+0000] {logging_mixin.py:137} INFO - [2023-03-19T14:06:23.204+0000] {taskmixin.py:211} WARNING - Dependency <Task(_PythonDecoratedOperator): log_sql_query>, print_the_context already registered for DAG: example_python_operator
[2023-03-19T14:06:23.205+0000] {logging_mixin.py:137} INFO - [2023-03-19T14:06:23.205+0000] {taskmixin.py:211} WARNING - Dependency <Task(_PythonDecoratedOperator): print_the_context>, log_sql_query already registered for DAG: example_python_operator
[2023-03-19T14:06:23.206+0000] {logging_mixin.py:137} INFO - [2023-03-19T14:06:23.206+0000] {taskmixin.py:211} WARNING - Dependency <Task(_PythonDecoratedOperator): log_sql_query>, print_the_context already registered for DAG: example_python_operator
[2023-03-19T14:06:23.211+0000] {processor.py:753} INFO - DAG(s) dict_keys(['example_python_operator']) retrieved from /home/airflow/.local/lib/python3.7/site-packages/airflow/example_dags/example_python_operator.py
[2023-03-19T14:06:23.250+0000] {logging_mixin.py:137} INFO - [2023-03-19T14:06:23.250+0000] {dag.py:2693} INFO - Sync 1 DAGs
[2023-03-19T14:06:23.263+0000] {logging_mixin.py:137} INFO - [2023-03-19T14:06:23.263+0000] {dag.py:3444} INFO - Setting next_dagrun for example_python_operator to None, run_after=None
[2023-03-19T14:06:23.275+0000] {processor.py:175} INFO - Processing /home/airflow/.local/lib/python3.7/site-packages/airflow/example_dags/example_python_operator.py took 0.098 seconds
[2023-03-19T14:06:53.564+0000] {processor.py:153} INFO - Started process (PID=146) to work on /home/airflow/.local/lib/python3.7/site-packages/airflow/example_dags/example_python_operator.py
[2023-03-19T14:06:53.566+0000] {processor.py:743} INFO - Processing file /home/airflow/.local/lib/python3.7/site-packages/airflow/example_dags/example_python_operator.py for tasks to queue
[2023-03-19T14:06:53.567+0000] {logging_mixin.py:137} INFO - [2023-03-19T14:06:53.567+0000] {dagbag.py:532} INFO - Filling up the DagBag from /home/airflow/.local/lib/python3.7/site-packages/airflow/example_dags/example_python_operator.py
[2023-03-19T14:06:53.584+0000] {logging_mixin.py:137} INFO - [2023-03-19T14:06:53.584+0000] {taskmixin.py:211} WARNING - Dependency <Task(_PythonDecoratedOperator): print_the_context>, log_sql_query already registered for DAG: example_python_operator
[2023-03-19T14:06:53.584+0000] {logging_mixin.py:137} INFO - [2023-03-19T14:06:53.584+0000] {taskmixin.py:211} WARNING - Dependency <Task(_PythonDecoratedOperator): log_sql_query>, print_the_context already registered for DAG: example_python_operator
[2023-03-19T14:06:53.586+0000] {logging_mixin.py:137} INFO - [2023-03-19T14:06:53.586+0000] {taskmixin.py:211} WARNING - Dependency <Task(_PythonDecoratedOperator): print_the_context>, log_sql_query already registered for DAG: example_python_operator
[2023-03-19T14:06:53.586+0000] {logging_mixin.py:137} INFO - [2023-03-19T14:06:53.586+0000] {taskmixin.py:211} WARNING - Dependency <Task(_PythonDecoratedOperator): log_sql_query>, print_the_context already registered for DAG: example_python_operator
[2023-03-19T14:06:53.587+0000] {logging_mixin.py:137} INFO - [2023-03-19T14:06:53.587+0000] {taskmixin.py:211} WARNING - Dependency <Task(_PythonDecoratedOperator): print_the_context>, log_sql_query already registered for DAG: example_python_operator
[2023-03-19T14:06:53.587+0000] {logging_mixin.py:137} INFO - [2023-03-19T14:06:53.587+0000] {taskmixin.py:211} WARNING - Dependency <Task(_PythonDecoratedOperator): log_sql_query>, print_the_context already registered for DAG: example_python_operator
[2023-03-19T14:06:53.589+0000] {logging_mixin.py:137} INFO - [2023-03-19T14:06:53.589+0000] {taskmixin.py:211} WARNING - Dependency <Task(_PythonDecoratedOperator): print_the_context>, log_sql_query already registered for DAG: example_python_operator
[2023-03-19T14:06:53.589+0000] {logging_mixin.py:137} INFO - [2023-03-19T14:06:53.589+0000] {taskmixin.py:211} WARNING - Dependency <Task(_PythonDecoratedOperator): log_sql_query>, print_the_context already registered for DAG: example_python_operator
[2023-03-19T14:06:53.594+0000] {processor.py:753} INFO - DAG(s) dict_keys(['example_python_operator']) retrieved from /home/airflow/.local/lib/python3.7/site-packages/airflow/example_dags/example_python_operator.py
[2023-03-19T14:06:53.612+0000] {logging_mixin.py:137} INFO - [2023-03-19T14:06:53.612+0000] {dag.py:2693} INFO - Sync 1 DAGs
[2023-03-19T14:06:53.625+0000] {logging_mixin.py:137} INFO - [2023-03-19T14:06:53.625+0000] {dag.py:3444} INFO - Setting next_dagrun for example_python_operator to None, run_after=None
[2023-03-19T14:06:53.636+0000] {processor.py:175} INFO - Processing /home/airflow/.local/lib/python3.7/site-packages/airflow/example_dags/example_python_operator.py took 0.076 seconds
[2023-03-19T14:07:23.893+0000] {processor.py:153} INFO - Started process (PID=195) to work on /home/airflow/.local/lib/python3.7/site-packages/airflow/example_dags/example_python_operator.py
[2023-03-19T14:07:23.895+0000] {processor.py:743} INFO - Processing file /home/airflow/.local/lib/python3.7/site-packages/airflow/example_dags/example_python_operator.py for tasks to queue
[2023-03-19T14:07:23.896+0000] {logging_mixin.py:137} INFO - [2023-03-19T14:07:23.896+0000] {dagbag.py:532} INFO - Filling up the DagBag from /home/airflow/.local/lib/python3.7/site-packages/airflow/example_dags/example_python_operator.py
[2023-03-19T14:07:23.911+0000] {logging_mixin.py:137} INFO - [2023-03-19T14:07:23.911+0000] {taskmixin.py:211} WARNING - Dependency <Task(_PythonDecoratedOperator): print_the_context>, log_sql_query already registered for DAG: example_python_operator
[2023-03-19T14:07:23.912+0000] {logging_mixin.py:137} INFO - [2023-03-19T14:07:23.912+0000] {taskmixin.py:211} WARNING - Dependency <Task(_PythonDecoratedOperator): log_sql_query>, print_the_context already registered for DAG: example_python_operator
[2023-03-19T14:07:23.913+0000] {logging_mixin.py:137} INFO - [2023-03-19T14:07:23.912+0000] {taskmixin.py:211} WARNING - Dependency <Task(_PythonDecoratedOperator): print_the_context>, log_sql_query already registered for DAG: example_python_operator
[2023-03-19T14:07:23.913+0000] {logging_mixin.py:137} INFO - [2023-03-19T14:07:23.913+0000] {taskmixin.py:211} WARNING - Dependency <Task(_PythonDecoratedOperator): log_sql_query>, print_the_context already registered for DAG: example_python_operator
[2023-03-19T14:07:23.914+0000] {logging_mixin.py:137} INFO - [2023-03-19T14:07:23.914+0000] {taskmixin.py:211} WARNING - Dependency <Task(_PythonDecoratedOperator): print_the_context>, log_sql_query already registered for DAG: example_python_operator
[2023-03-19T14:07:23.914+0000] {logging_mixin.py:137} INFO - [2023-03-19T14:07:23.914+0000] {taskmixin.py:211} WARNING - Dependency <Task(_PythonDecoratedOperator): log_sql_query>, print_the_context already registered for DAG: example_python_operator
[2023-03-19T14:07:23.915+0000] {logging_mixin.py:137} INFO - [2023-03-19T14:07:23.915+0000] {taskmixin.py:211} WARNING - Dependency <Task(_PythonDecoratedOperator): print_the_context>, log_sql_query already registered for DAG: example_python_operator
[2023-03-19T14:07:23.915+0000] {logging_mixin.py:137} INFO - [2023-03-19T14:07:23.915+0000] {taskmixin.py:211} WARNING - Dependency <Task(_PythonDecoratedOperator): log_sql_query>, print_the_context already registered for DAG: example_python_operator
[2023-03-19T14:07:23.919+0000] {processor.py:753} INFO - DAG(s) dict_keys(['example_python_operator']) retrieved from /home/airflow/.local/lib/python3.7/site-packages/airflow/example_dags/example_python_operator.py
[2023-03-19T14:07:23.937+0000] {logging_mixin.py:137} INFO - [2023-03-19T14:07:23.937+0000] {dag.py:2693} INFO - Sync 1 DAGs
[2023-03-19T14:07:23.951+0000] {logging_mixin.py:137} INFO - [2023-03-19T14:07:23.951+0000] {dag.py:3444} INFO - Setting next_dagrun for example_python_operator to None, run_after=None
[2023-03-19T14:07:23.966+0000] {processor.py:175} INFO - Processing /home/airflow/.local/lib/python3.7/site-packages/airflow/example_dags/example_python_operator.py took 0.078 seconds
[2023-03-19T14:07:54.387+0000] {processor.py:153} INFO - Started process (PID=244) to work on /home/airflow/.local/lib/python3.7/site-packages/airflow/example_dags/example_python_operator.py
[2023-03-19T14:07:54.389+0000] {processor.py:743} INFO - Processing file /home/airflow/.local/lib/python3.7/site-packages/airflow/example_dags/example_python_operator.py for tasks to queue
[2023-03-19T14:07:54.390+0000] {logging_mixin.py:137} INFO - [2023-03-19T14:07:54.390+0000] {dagbag.py:532} INFO - Filling up the DagBag from /home/airflow/.local/lib/python3.7/site-packages/airflow/example_dags/example_python_operator.py
[2023-03-19T14:07:54.406+0000] {logging_mixin.py:137} INFO - [2023-03-19T14:07:54.406+0000] {taskmixin.py:211} WARNING - Dependency <Task(_PythonDecoratedOperator): print_the_context>, log_sql_query already registered for DAG: example_python_operator
[2023-03-19T14:07:54.406+0000] {logging_mixin.py:137} INFO - [2023-03-19T14:07:54.406+0000] {taskmixin.py:211} WARNING - Dependency <Task(_PythonDecoratedOperator): log_sql_query>, print_the_context already registered for DAG: example_python_operator
[2023-03-19T14:07:54.407+0000] {logging_mixin.py:137} INFO - [2023-03-19T14:07:54.407+0000] {taskmixin.py:211} WARNING - Dependency <Task(_PythonDecoratedOperator): print_the_context>, log_sql_query already registered for DAG: example_python_operator
[2023-03-19T14:07:54.408+0000] {logging_mixin.py:137} INFO - [2023-03-19T14:07:54.408+0000] {taskmixin.py:211} WARNING - Dependency <Task(_PythonDecoratedOperator): log_sql_query>, print_the_context already registered for DAG: example_python_operator
[2023-03-19T14:07:54.408+0000] {logging_mixin.py:137} INFO - [2023-03-19T14:07:54.408+0000] {taskmixin.py:211} WARNING - Dependency <Task(_PythonDecoratedOperator): print_the_context>, log_sql_query already registered for DAG: example_python_operator
[2023-03-19T14:07:54.409+0000] {logging_mixin.py:137} INFO - [2023-03-19T14:07:54.409+0000] {taskmixin.py:211} WARNING - Dependency <Task(_PythonDecoratedOperator): log_sql_query>, print_the_context already registered for DAG: example_python_operator
[2023-03-19T14:07:54.409+0000] {logging_mixin.py:137} INFO - [2023-03-19T14:07:54.409+0000] {taskmixin.py:211} WARNING - Dependency <Task(_PythonDecoratedOperator): print_the_context>, log_sql_query already registered for DAG: example_python_operator
[2023-03-19T14:07:54.410+0000] {logging_mixin.py:137} INFO - [2023-03-19T14:07:54.410+0000] {taskmixin.py:211} WARNING - Dependency <Task(_PythonDecoratedOperator): log_sql_query>, print_the_context already registered for DAG: example_python_operator
[2023-03-19T14:07:54.415+0000] {processor.py:753} INFO - DAG(s) dict_keys(['example_python_operator']) retrieved from /home/airflow/.local/lib/python3.7/site-packages/airflow/example_dags/example_python_operator.py
[2023-03-19T14:07:54.439+0000] {logging_mixin.py:137} INFO - [2023-03-19T14:07:54.438+0000] {dag.py:2693} INFO - Sync 1 DAGs
[2023-03-19T14:07:54.455+0000] {logging_mixin.py:137} INFO - [2023-03-19T14:07:54.455+0000] {dag.py:3444} INFO - Setting next_dagrun for example_python_operator to None, run_after=None
[2023-03-19T14:07:54.465+0000] {processor.py:175} INFO - Processing /home/airflow/.local/lib/python3.7/site-packages/airflow/example_dags/example_python_operator.py took 0.083 seconds
[2023-03-19T14:08:25.160+0000] {processor.py:153} INFO - Started process (PID=294) to work on /home/airflow/.local/lib/python3.7/site-packages/airflow/example_dags/example_python_operator.py
[2023-03-19T14:08:25.163+0000] {processor.py:743} INFO - Processing file /home/airflow/.local/lib/python3.7/site-packages/airflow/example_dags/example_python_operator.py for tasks to queue
[2023-03-19T14:08:25.164+0000] {logging_mixin.py:137} INFO - [2023-03-19T14:08:25.164+0000] {dagbag.py:532} INFO - Filling up the DagBag from /home/airflow/.local/lib/python3.7/site-packages/airflow/example_dags/example_python_operator.py
[2023-03-19T14:08:25.184+0000] {logging_mixin.py:137} INFO - [2023-03-19T14:08:25.184+0000] {taskmixin.py:211} WARNING - Dependency <Task(_PythonDecoratedOperator): print_the_context>, log_sql_query already registered for DAG: example_python_operator
[2023-03-19T14:08:25.185+0000] {logging_mixin.py:137} INFO - [2023-03-19T14:08:25.185+0000] {taskmixin.py:211} WARNING - Dependency <Task(_PythonDecoratedOperator): log_sql_query>, print_the_context already registered for DAG: example_python_operator
[2023-03-19T14:08:25.186+0000] {logging_mixin.py:137} INFO - [2023-03-19T14:08:25.186+0000] {taskmixin.py:211} WARNING - Dependency <Task(_PythonDecoratedOperator): print_the_context>, log_sql_query already registered for DAG: example_python_operator
[2023-03-19T14:08:25.186+0000] {logging_mixin.py:137} INFO - [2023-03-19T14:08:25.186+0000] {taskmixin.py:211} WARNING - Dependency <Task(_PythonDecoratedOperator): log_sql_query>, print_the_context already registered for DAG: example_python_operator
[2023-03-19T14:08:25.187+0000] {logging_mixin.py:137} INFO - [2023-03-19T14:08:25.187+0000] {taskmixin.py:211} WARNING - Dependency <Task(_PythonDecoratedOperator): print_the_context>, log_sql_query already registered for DAG: example_python_operator
[2023-03-19T14:08:25.188+0000] {logging_mixin.py:137} INFO - [2023-03-19T14:08:25.188+0000] {taskmixin.py:211} WARNING - Dependency <Task(_PythonDecoratedOperator): log_sql_query>, print_the_context already registered for DAG: example_python_operator
[2023-03-19T14:08:25.191+0000] {logging_mixin.py:137} INFO - [2023-03-19T14:08:25.191+0000] {taskmixin.py:211} WARNING - Dependency <Task(_PythonDecoratedOperator): print_the_context>, log_sql_query already registered for DAG: example_python_operator
[2023-03-19T14:08:25.192+0000] {logging_mixin.py:137} INFO - [2023-03-19T14:08:25.192+0000] {taskmixin.py:211} WARNING - Dependency <Task(_PythonDecoratedOperator): log_sql_query>, print_the_context already registered for DAG: example_python_operator
[2023-03-19T14:08:25.202+0000] {processor.py:753} INFO - DAG(s) dict_keys(['example_python_operator']) retrieved from /home/airflow/.local/lib/python3.7/site-packages/airflow/example_dags/example_python_operator.py
[2023-03-19T14:08:25.228+0000] {logging_mixin.py:137} INFO - [2023-03-19T14:08:25.227+0000] {dag.py:2693} INFO - Sync 1 DAGs
[2023-03-19T14:08:25.246+0000] {logging_mixin.py:137} INFO - [2023-03-19T14:08:25.246+0000] {dag.py:3444} INFO - Setting next_dagrun for example_python_operator to None, run_after=None
[2023-03-19T14:08:25.258+0000] {processor.py:175} INFO - Processing /home/airflow/.local/lib/python3.7/site-packages/airflow/example_dags/example_python_operator.py took 0.105 seconds
[2023-03-19T14:09:09.609+0000] {processor.py:153} INFO - Started process (PID=47) to work on /home/airflow/.local/lib/python3.7/site-packages/airflow/example_dags/example_python_operator.py
[2023-03-19T14:09:09.611+0000] {processor.py:743} INFO - Processing file /home/airflow/.local/lib/python3.7/site-packages/airflow/example_dags/example_python_operator.py for tasks to queue
[2023-03-19T14:09:09.614+0000] {logging_mixin.py:137} INFO - [2023-03-19T14:09:09.614+0000] {dagbag.py:532} INFO - Filling up the DagBag from /home/airflow/.local/lib/python3.7/site-packages/airflow/example_dags/example_python_operator.py
[2023-03-19T14:09:09.679+0000] {logging_mixin.py:137} INFO - [2023-03-19T14:09:09.679+0000] {taskmixin.py:211} WARNING - Dependency <Task(_PythonDecoratedOperator): print_the_context>, log_sql_query already registered for DAG: example_python_operator
[2023-03-19T14:09:09.681+0000] {logging_mixin.py:137} INFO - [2023-03-19T14:09:09.680+0000] {taskmixin.py:211} WARNING - Dependency <Task(_PythonDecoratedOperator): log_sql_query>, print_the_context already registered for DAG: example_python_operator
[2023-03-19T14:09:09.683+0000] {logging_mixin.py:137} INFO - [2023-03-19T14:09:09.683+0000] {taskmixin.py:211} WARNING - Dependency <Task(_PythonDecoratedOperator): print_the_context>, log_sql_query already registered for DAG: example_python_operator
[2023-03-19T14:09:09.684+0000] {logging_mixin.py:137} INFO - [2023-03-19T14:09:09.684+0000] {taskmixin.py:211} WARNING - Dependency <Task(_PythonDecoratedOperator): log_sql_query>, print_the_context already registered for DAG: example_python_operator
[2023-03-19T14:09:09.686+0000] {logging_mixin.py:137} INFO - [2023-03-19T14:09:09.686+0000] {taskmixin.py:211} WARNING - Dependency <Task(_PythonDecoratedOperator): print_the_context>, log_sql_query already registered for DAG: example_python_operator
[2023-03-19T14:09:09.688+0000] {logging_mixin.py:137} INFO - [2023-03-19T14:09:09.688+0000] {taskmixin.py:211} WARNING - Dependency <Task(_PythonDecoratedOperator): log_sql_query>, print_the_context already registered for DAG: example_python_operator
[2023-03-19T14:09:09.690+0000] {logging_mixin.py:137} INFO - [2023-03-19T14:09:09.690+0000] {taskmixin.py:211} WARNING - Dependency <Task(_PythonDecoratedOperator): print_the_context>, log_sql_query already registered for DAG: example_python_operator
[2023-03-19T14:09:09.691+0000] {logging_mixin.py:137} INFO - [2023-03-19T14:09:09.691+0000] {taskmixin.py:211} WARNING - Dependency <Task(_PythonDecoratedOperator): log_sql_query>, print_the_context already registered for DAG: example_python_operator
[2023-03-19T14:09:09.698+0000] {processor.py:753} INFO - DAG(s) dict_keys(['example_python_operator']) retrieved from /home/airflow/.local/lib/python3.7/site-packages/airflow/example_dags/example_python_operator.py
[2023-03-19T14:09:09.741+0000] {logging_mixin.py:137} INFO - [2023-03-19T14:09:09.741+0000] {dag.py:2693} INFO - Sync 1 DAGs
[2023-03-19T14:09:09.792+0000] {logging_mixin.py:137} INFO - [2023-03-19T14:09:09.792+0000] {dag.py:3444} INFO - Setting next_dagrun for example_python_operator to None, run_after=None
[2023-03-19T14:09:09.844+0000] {processor.py:175} INFO - Processing /home/airflow/.local/lib/python3.7/site-packages/airflow/example_dags/example_python_operator.py took 0.248 seconds
[2023-03-19T14:09:40.329+0000] {processor.py:153} INFO - Started process (PID=96) to work on /home/airflow/.local/lib/python3.7/site-packages/airflow/example_dags/example_python_operator.py
[2023-03-19T14:09:40.330+0000] {processor.py:743} INFO - Processing file /home/airflow/.local/lib/python3.7/site-packages/airflow/example_dags/example_python_operator.py for tasks to queue
[2023-03-19T14:09:40.330+0000] {logging_mixin.py:137} INFO - [2023-03-19T14:09:40.330+0000] {dagbag.py:532} INFO - Filling up the DagBag from /home/airflow/.local/lib/python3.7/site-packages/airflow/example_dags/example_python_operator.py
[2023-03-19T14:09:40.342+0000] {logging_mixin.py:137} INFO - [2023-03-19T14:09:40.342+0000] {taskmixin.py:211} WARNING - Dependency <Task(_PythonDecoratedOperator): print_the_context>, log_sql_query already registered for DAG: example_python_operator
[2023-03-19T14:09:40.343+0000] {logging_mixin.py:137} INFO - [2023-03-19T14:09:40.343+0000] {taskmixin.py:211} WARNING - Dependency <Task(_PythonDecoratedOperator): log_sql_query>, print_the_context already registered for DAG: example_python_operator
[2023-03-19T14:09:40.344+0000] {logging_mixin.py:137} INFO - [2023-03-19T14:09:40.344+0000] {taskmixin.py:211} WARNING - Dependency <Task(_PythonDecoratedOperator): print_the_context>, log_sql_query already registered for DAG: example_python_operator
[2023-03-19T14:09:40.345+0000] {logging_mixin.py:137} INFO - [2023-03-19T14:09:40.345+0000] {taskmixin.py:211} WARNING - Dependency <Task(_PythonDecoratedOperator): log_sql_query>, print_the_context already registered for DAG: example_python_operator
[2023-03-19T14:09:40.346+0000] {logging_mixin.py:137} INFO - [2023-03-19T14:09:40.346+0000] {taskmixin.py:211} WARNING - Dependency <Task(_PythonDecoratedOperator): print_the_context>, log_sql_query already registered for DAG: example_python_operator
[2023-03-19T14:09:40.346+0000] {logging_mixin.py:137} INFO - [2023-03-19T14:09:40.346+0000] {taskmixin.py:211} WARNING - Dependency <Task(_PythonDecoratedOperator): log_sql_query>, print_the_context already registered for DAG: example_python_operator
[2023-03-19T14:09:40.347+0000] {logging_mixin.py:137} INFO - [2023-03-19T14:09:40.347+0000] {taskmixin.py:211} WARNING - Dependency <Task(_PythonDecoratedOperator): print_the_context>, log_sql_query already registered for DAG: example_python_operator
[2023-03-19T14:09:40.347+0000] {logging_mixin.py:137} INFO - [2023-03-19T14:09:40.347+0000] {taskmixin.py:211} WARNING - Dependency <Task(_PythonDecoratedOperator): log_sql_query>, print_the_context already registered for DAG: example_python_operator
[2023-03-19T14:09:40.352+0000] {processor.py:753} INFO - DAG(s) dict_keys(['example_python_operator']) retrieved from /home/airflow/.local/lib/python3.7/site-packages/airflow/example_dags/example_python_operator.py
[2023-03-19T14:09:40.390+0000] {logging_mixin.py:137} INFO - [2023-03-19T14:09:40.390+0000] {dag.py:2693} INFO - Sync 1 DAGs
[2023-03-19T14:09:40.403+0000] {logging_mixin.py:137} INFO - [2023-03-19T14:09:40.403+0000] {dag.py:3444} INFO - Setting next_dagrun for example_python_operator to None, run_after=None
[2023-03-19T14:09:40.414+0000] {processor.py:175} INFO - Processing /home/airflow/.local/lib/python3.7/site-packages/airflow/example_dags/example_python_operator.py took 0.088 seconds
[2023-03-19T14:10:10.995+0000] {processor.py:153} INFO - Started process (PID=144) to work on /home/airflow/.local/lib/python3.7/site-packages/airflow/example_dags/example_python_operator.py
[2023-03-19T14:10:10.997+0000] {processor.py:743} INFO - Processing file /home/airflow/.local/lib/python3.7/site-packages/airflow/example_dags/example_python_operator.py for tasks to queue
[2023-03-19T14:10:10.998+0000] {logging_mixin.py:137} INFO - [2023-03-19T14:10:10.997+0000] {dagbag.py:532} INFO - Filling up the DagBag from /home/airflow/.local/lib/python3.7/site-packages/airflow/example_dags/example_python_operator.py
[2023-03-19T14:10:11.008+0000] {logging_mixin.py:137} INFO - [2023-03-19T14:10:11.008+0000] {taskmixin.py:211} WARNING - Dependency <Task(_PythonDecoratedOperator): print_the_context>, log_sql_query already registered for DAG: example_python_operator
[2023-03-19T14:10:11.009+0000] {logging_mixin.py:137} INFO - [2023-03-19T14:10:11.009+0000] {taskmixin.py:211} WARNING - Dependency <Task(_PythonDecoratedOperator): log_sql_query>, print_the_context already registered for DAG: example_python_operator
[2023-03-19T14:10:11.010+0000] {logging_mixin.py:137} INFO - [2023-03-19T14:10:11.010+0000] {taskmixin.py:211} WARNING - Dependency <Task(_PythonDecoratedOperator): print_the_context>, log_sql_query already registered for DAG: example_python_operator
[2023-03-19T14:10:11.011+0000] {logging_mixin.py:137} INFO - [2023-03-19T14:10:11.010+0000] {taskmixin.py:211} WARNING - Dependency <Task(_PythonDecoratedOperator): log_sql_query>, print_the_context already registered for DAG: example_python_operator
[2023-03-19T14:10:11.011+0000] {logging_mixin.py:137} INFO - [2023-03-19T14:10:11.011+0000] {taskmixin.py:211} WARNING - Dependency <Task(_PythonDecoratedOperator): print_the_context>, log_sql_query already registered for DAG: example_python_operator
[2023-03-19T14:10:11.012+0000] {logging_mixin.py:137} INFO - [2023-03-19T14:10:11.012+0000] {taskmixin.py:211} WARNING - Dependency <Task(_PythonDecoratedOperator): log_sql_query>, print_the_context already registered for DAG: example_python_operator
[2023-03-19T14:10:11.013+0000] {logging_mixin.py:137} INFO - [2023-03-19T14:10:11.013+0000] {taskmixin.py:211} WARNING - Dependency <Task(_PythonDecoratedOperator): print_the_context>, log_sql_query already registered for DAG: example_python_operator
[2023-03-19T14:10:11.013+0000] {logging_mixin.py:137} INFO - [2023-03-19T14:10:11.013+0000] {taskmixin.py:211} WARNING - Dependency <Task(_PythonDecoratedOperator): log_sql_query>, print_the_context already registered for DAG: example_python_operator
[2023-03-19T14:10:11.018+0000] {processor.py:753} INFO - DAG(s) dict_keys(['example_python_operator']) retrieved from /home/airflow/.local/lib/python3.7/site-packages/airflow/example_dags/example_python_operator.py
[2023-03-19T14:10:11.036+0000] {logging_mixin.py:137} INFO - [2023-03-19T14:10:11.036+0000] {dag.py:2693} INFO - Sync 1 DAGs
[2023-03-19T14:10:11.049+0000] {logging_mixin.py:137} INFO - [2023-03-19T14:10:11.049+0000] {dag.py:3444} INFO - Setting next_dagrun for example_python_operator to None, run_after=None
[2023-03-19T14:10:11.059+0000] {processor.py:175} INFO - Processing /home/airflow/.local/lib/python3.7/site-packages/airflow/example_dags/example_python_operator.py took 0.067 seconds
[2023-03-19T14:10:41.979+0000] {processor.py:153} INFO - Started process (PID=193) to work on /home/airflow/.local/lib/python3.7/site-packages/airflow/example_dags/example_python_operator.py
[2023-03-19T14:10:41.980+0000] {processor.py:743} INFO - Processing file /home/airflow/.local/lib/python3.7/site-packages/airflow/example_dags/example_python_operator.py for tasks to queue
[2023-03-19T14:10:41.980+0000] {logging_mixin.py:137} INFO - [2023-03-19T14:10:41.980+0000] {dagbag.py:532} INFO - Filling up the DagBag from /home/airflow/.local/lib/python3.7/site-packages/airflow/example_dags/example_python_operator.py
[2023-03-19T14:10:41.994+0000] {logging_mixin.py:137} INFO - [2023-03-19T14:10:41.994+0000] {taskmixin.py:211} WARNING - Dependency <Task(_PythonDecoratedOperator): print_the_context>, log_sql_query already registered for DAG: example_python_operator
[2023-03-19T14:10:41.995+0000] {logging_mixin.py:137} INFO - [2023-03-19T14:10:41.995+0000] {taskmixin.py:211} WARNING - Dependency <Task(_PythonDecoratedOperator): log_sql_query>, print_the_context already registered for DAG: example_python_operator
[2023-03-19T14:10:41.996+0000] {logging_mixin.py:137} INFO - [2023-03-19T14:10:41.996+0000] {taskmixin.py:211} WARNING - Dependency <Task(_PythonDecoratedOperator): print_the_context>, log_sql_query already registered for DAG: example_python_operator
[2023-03-19T14:10:41.997+0000] {logging_mixin.py:137} INFO - [2023-03-19T14:10:41.997+0000] {taskmixin.py:211} WARNING - Dependency <Task(_PythonDecoratedOperator): log_sql_query>, print_the_context already registered for DAG: example_python_operator
[2023-03-19T14:10:41.998+0000] {logging_mixin.py:137} INFO - [2023-03-19T14:10:41.998+0000] {taskmixin.py:211} WARNING - Dependency <Task(_PythonDecoratedOperator): print_the_context>, log_sql_query already registered for DAG: example_python_operator
[2023-03-19T14:10:41.998+0000] {logging_mixin.py:137} INFO - [2023-03-19T14:10:41.998+0000] {taskmixin.py:211} WARNING - Dependency <Task(_PythonDecoratedOperator): log_sql_query>, print_the_context already registered for DAG: example_python_operator
[2023-03-19T14:10:41.999+0000] {logging_mixin.py:137} INFO - [2023-03-19T14:10:41.999+0000] {taskmixin.py:211} WARNING - Dependency <Task(_PythonDecoratedOperator): print_the_context>, log_sql_query already registered for DAG: example_python_operator
[2023-03-19T14:10:42.000+0000] {logging_mixin.py:137} INFO - [2023-03-19T14:10:42.000+0000] {taskmixin.py:211} WARNING - Dependency <Task(_PythonDecoratedOperator): log_sql_query>, print_the_context already registered for DAG: example_python_operator
[2023-03-19T14:10:42.004+0000] {processor.py:753} INFO - DAG(s) dict_keys(['example_python_operator']) retrieved from /home/airflow/.local/lib/python3.7/site-packages/airflow/example_dags/example_python_operator.py
[2023-03-19T14:10:42.023+0000] {logging_mixin.py:137} INFO - [2023-03-19T14:10:42.023+0000] {dag.py:2693} INFO - Sync 1 DAGs
[2023-03-19T14:10:42.039+0000] {logging_mixin.py:137} INFO - [2023-03-19T14:10:42.039+0000] {dag.py:3444} INFO - Setting next_dagrun for example_python_operator to None, run_after=None
[2023-03-19T14:10:42.050+0000] {processor.py:175} INFO - Processing /home/airflow/.local/lib/python3.7/site-packages/airflow/example_dags/example_python_operator.py took 0.074 seconds
[2023-03-19T14:11:12.469+0000] {processor.py:153} INFO - Started process (PID=242) to work on /home/airflow/.local/lib/python3.7/site-packages/airflow/example_dags/example_python_operator.py
[2023-03-19T14:11:12.470+0000] {processor.py:743} INFO - Processing file /home/airflow/.local/lib/python3.7/site-packages/airflow/example_dags/example_python_operator.py for tasks to queue
[2023-03-19T14:11:12.471+0000] {logging_mixin.py:137} INFO - [2023-03-19T14:11:12.471+0000] {dagbag.py:532} INFO - Filling up the DagBag from /home/airflow/.local/lib/python3.7/site-packages/airflow/example_dags/example_python_operator.py
[2023-03-19T14:11:12.483+0000] {logging_mixin.py:137} INFO - [2023-03-19T14:11:12.483+0000] {taskmixin.py:211} WARNING - Dependency <Task(_PythonDecoratedOperator): print_the_context>, log_sql_query already registered for DAG: example_python_operator
[2023-03-19T14:11:12.484+0000] {logging_mixin.py:137} INFO - [2023-03-19T14:11:12.484+0000] {taskmixin.py:211} WARNING - Dependency <Task(_PythonDecoratedOperator): log_sql_query>, print_the_context already registered for DAG: example_python_operator
[2023-03-19T14:11:12.484+0000] {logging_mixin.py:137} INFO - [2023-03-19T14:11:12.484+0000] {taskmixin.py:211} WARNING - Dependency <Task(_PythonDecoratedOperator): print_the_context>, log_sql_query already registered for DAG: example_python_operator
[2023-03-19T14:11:12.485+0000] {logging_mixin.py:137} INFO - [2023-03-19T14:11:12.485+0000] {taskmixin.py:211} WARNING - Dependency <Task(_PythonDecoratedOperator): log_sql_query>, print_the_context already registered for DAG: example_python_operator
[2023-03-19T14:11:12.486+0000] {logging_mixin.py:137} INFO - [2023-03-19T14:11:12.486+0000] {taskmixin.py:211} WARNING - Dependency <Task(_PythonDecoratedOperator): print_the_context>, log_sql_query already registered for DAG: example_python_operator
[2023-03-19T14:11:12.486+0000] {logging_mixin.py:137} INFO - [2023-03-19T14:11:12.486+0000] {taskmixin.py:211} WARNING - Dependency <Task(_PythonDecoratedOperator): log_sql_query>, print_the_context already registered for DAG: example_python_operator
[2023-03-19T14:11:12.487+0000] {logging_mixin.py:137} INFO - [2023-03-19T14:11:12.487+0000] {taskmixin.py:211} WARNING - Dependency <Task(_PythonDecoratedOperator): print_the_context>, log_sql_query already registered for DAG: example_python_operator
[2023-03-19T14:11:12.487+0000] {logging_mixin.py:137} INFO - [2023-03-19T14:11:12.487+0000] {taskmixin.py:211} WARNING - Dependency <Task(_PythonDecoratedOperator): log_sql_query>, print_the_context already registered for DAG: example_python_operator
[2023-03-19T14:11:12.491+0000] {processor.py:753} INFO - DAG(s) dict_keys(['example_python_operator']) retrieved from /home/airflow/.local/lib/python3.7/site-packages/airflow/example_dags/example_python_operator.py
[2023-03-19T14:11:12.508+0000] {logging_mixin.py:137} INFO - [2023-03-19T14:11:12.508+0000] {dag.py:2693} INFO - Sync 1 DAGs
[2023-03-19T14:11:12.522+0000] {logging_mixin.py:137} INFO - [2023-03-19T14:11:12.522+0000] {dag.py:3444} INFO - Setting next_dagrun for example_python_operator to None, run_after=None
[2023-03-19T14:11:12.531+0000] {processor.py:175} INFO - Processing /home/airflow/.local/lib/python3.7/site-packages/airflow/example_dags/example_python_operator.py took 0.065 seconds
[2023-03-19T14:11:42.875+0000] {processor.py:153} INFO - Started process (PID=291) to work on /home/airflow/.local/lib/python3.7/site-packages/airflow/example_dags/example_python_operator.py
[2023-03-19T14:11:42.876+0000] {processor.py:743} INFO - Processing file /home/airflow/.local/lib/python3.7/site-packages/airflow/example_dags/example_python_operator.py for tasks to queue
[2023-03-19T14:11:42.877+0000] {logging_mixin.py:137} INFO - [2023-03-19T14:11:42.877+0000] {dagbag.py:532} INFO - Filling up the DagBag from /home/airflow/.local/lib/python3.7/site-packages/airflow/example_dags/example_python_operator.py
[2023-03-19T14:11:42.888+0000] {logging_mixin.py:137} INFO - [2023-03-19T14:11:42.888+0000] {taskmixin.py:211} WARNING - Dependency <Task(_PythonDecoratedOperator): print_the_context>, log_sql_query already registered for DAG: example_python_operator
[2023-03-19T14:11:42.890+0000] {logging_mixin.py:137} INFO - [2023-03-19T14:11:42.890+0000] {taskmixin.py:211} WARNING - Dependency <Task(_PythonDecoratedOperator): log_sql_query>, print_the_context already registered for DAG: example_python_operator
[2023-03-19T14:11:42.891+0000] {logging_mixin.py:137} INFO - [2023-03-19T14:11:42.891+0000] {taskmixin.py:211} WARNING - Dependency <Task(_PythonDecoratedOperator): print_the_context>, log_sql_query already registered for DAG: example_python_operator
[2023-03-19T14:11:42.891+0000] {logging_mixin.py:137} INFO - [2023-03-19T14:11:42.891+0000] {taskmixin.py:211} WARNING - Dependency <Task(_PythonDecoratedOperator): log_sql_query>, print_the_context already registered for DAG: example_python_operator
[2023-03-19T14:11:42.892+0000] {logging_mixin.py:137} INFO - [2023-03-19T14:11:42.892+0000] {taskmixin.py:211} WARNING - Dependency <Task(_PythonDecoratedOperator): print_the_context>, log_sql_query already registered for DAG: example_python_operator
[2023-03-19T14:11:42.892+0000] {logging_mixin.py:137} INFO - [2023-03-19T14:11:42.892+0000] {taskmixin.py:211} WARNING - Dependency <Task(_PythonDecoratedOperator): log_sql_query>, print_the_context already registered for DAG: example_python_operator
[2023-03-19T14:11:42.893+0000] {logging_mixin.py:137} INFO - [2023-03-19T14:11:42.893+0000] {taskmixin.py:211} WARNING - Dependency <Task(_PythonDecoratedOperator): print_the_context>, log_sql_query already registered for DAG: example_python_operator
[2023-03-19T14:11:42.894+0000] {logging_mixin.py:137} INFO - [2023-03-19T14:11:42.894+0000] {taskmixin.py:211} WARNING - Dependency <Task(_PythonDecoratedOperator): log_sql_query>, print_the_context already registered for DAG: example_python_operator
[2023-03-19T14:11:42.898+0000] {processor.py:753} INFO - DAG(s) dict_keys(['example_python_operator']) retrieved from /home/airflow/.local/lib/python3.7/site-packages/airflow/example_dags/example_python_operator.py
[2023-03-19T14:11:42.919+0000] {logging_mixin.py:137} INFO - [2023-03-19T14:11:42.919+0000] {dag.py:2693} INFO - Sync 1 DAGs
[2023-03-19T14:11:42.933+0000] {logging_mixin.py:137} INFO - [2023-03-19T14:11:42.933+0000] {dag.py:3444} INFO - Setting next_dagrun for example_python_operator to None, run_after=None
[2023-03-19T14:11:42.942+0000] {processor.py:175} INFO - Processing /home/airflow/.local/lib/python3.7/site-packages/airflow/example_dags/example_python_operator.py took 0.069 seconds
[2023-03-19T14:12:13.420+0000] {processor.py:153} INFO - Started process (PID=340) to work on /home/airflow/.local/lib/python3.7/site-packages/airflow/example_dags/example_python_operator.py
[2023-03-19T14:12:13.423+0000] {processor.py:743} INFO - Processing file /home/airflow/.local/lib/python3.7/site-packages/airflow/example_dags/example_python_operator.py for tasks to queue
[2023-03-19T14:12:13.424+0000] {logging_mixin.py:137} INFO - [2023-03-19T14:12:13.424+0000] {dagbag.py:532} INFO - Filling up the DagBag from /home/airflow/.local/lib/python3.7/site-packages/airflow/example_dags/example_python_operator.py
[2023-03-19T14:12:13.438+0000] {logging_mixin.py:137} INFO - [2023-03-19T14:12:13.438+0000] {taskmixin.py:211} WARNING - Dependency <Task(_PythonDecoratedOperator): print_the_context>, log_sql_query already registered for DAG: example_python_operator
[2023-03-19T14:12:13.440+0000] {logging_mixin.py:137} INFO - [2023-03-19T14:12:13.439+0000] {taskmixin.py:211} WARNING - Dependency <Task(_PythonDecoratedOperator): log_sql_query>, print_the_context already registered for DAG: example_python_operator
[2023-03-19T14:12:13.445+0000] {logging_mixin.py:137} INFO - [2023-03-19T14:12:13.445+0000] {taskmixin.py:211} WARNING - Dependency <Task(_PythonDecoratedOperator): print_the_context>, log_sql_query already registered for DAG: example_python_operator
[2023-03-19T14:12:13.446+0000] {logging_mixin.py:137} INFO - [2023-03-19T14:12:13.446+0000] {taskmixin.py:211} WARNING - Dependency <Task(_PythonDecoratedOperator): log_sql_query>, print_the_context already registered for DAG: example_python_operator
[2023-03-19T14:12:13.447+0000] {logging_mixin.py:137} INFO - [2023-03-19T14:12:13.447+0000] {taskmixin.py:211} WARNING - Dependency <Task(_PythonDecoratedOperator): print_the_context>, log_sql_query already registered for DAG: example_python_operator
[2023-03-19T14:12:13.448+0000] {logging_mixin.py:137} INFO - [2023-03-19T14:12:13.448+0000] {taskmixin.py:211} WARNING - Dependency <Task(_PythonDecoratedOperator): log_sql_query>, print_the_context already registered for DAG: example_python_operator
[2023-03-19T14:12:13.449+0000] {logging_mixin.py:137} INFO - [2023-03-19T14:12:13.449+0000] {taskmixin.py:211} WARNING - Dependency <Task(_PythonDecoratedOperator): print_the_context>, log_sql_query already registered for DAG: example_python_operator
[2023-03-19T14:12:13.450+0000] {logging_mixin.py:137} INFO - [2023-03-19T14:12:13.450+0000] {taskmixin.py:211} WARNING - Dependency <Task(_PythonDecoratedOperator): log_sql_query>, print_the_context already registered for DAG: example_python_operator
[2023-03-19T14:12:13.456+0000] {processor.py:753} INFO - DAG(s) dict_keys(['example_python_operator']) retrieved from /home/airflow/.local/lib/python3.7/site-packages/airflow/example_dags/example_python_operator.py
[2023-03-19T14:12:13.493+0000] {logging_mixin.py:137} INFO - [2023-03-19T14:12:13.493+0000] {dag.py:2693} INFO - Sync 1 DAGs
[2023-03-19T14:12:13.523+0000] {logging_mixin.py:137} INFO - [2023-03-19T14:12:13.523+0000] {dag.py:3444} INFO - Setting next_dagrun for example_python_operator to None, run_after=None
[2023-03-19T14:12:13.543+0000] {processor.py:175} INFO - Processing /home/airflow/.local/lib/python3.7/site-packages/airflow/example_dags/example_python_operator.py took 0.126 seconds
