[2023-03-19T13:33:00.247+0000] {processor.py:153} INFO - Started process (PID=54) to work on /home/airflow/.local/lib/python3.7/site-packages/airflow/example_dags/example_subdag_operator.py
[2023-03-19T13:33:00.249+0000] {processor.py:743} INFO - Processing file /home/airflow/.local/lib/python3.7/site-packages/airflow/example_dags/example_subdag_operator.py for tasks to queue
[2023-03-19T13:33:00.251+0000] {logging_mixin.py:137} INFO - [2023-03-19T13:33:00.250+0000] {dagbag.py:532} INFO - Filling up the DagBag from /home/airflow/.local/lib/python3.7/site-packages/airflow/example_dags/example_subdag_operator.py
[2023-03-19T13:33:00.312+0000] {processor.py:753} INFO - DAG(s) dict_keys(['example_subdag_operator.section-1', 'example_subdag_operator.section-2', 'example_subdag_operator']) retrieved from /home/airflow/.local/lib/python3.7/site-packages/airflow/example_dags/example_subdag_operator.py
[2023-03-19T13:33:00.319+0000] {logging_mixin.py:137} INFO - [2023-03-19T13:33:00.318+0000] {dag.py:2693} INFO - Sync 3 DAGs
[2023-03-19T13:33:00.347+0000] {logging_mixin.py:137} INFO - [2023-03-19T13:33:00.347+0000] {dag.py:3444} INFO - Setting next_dagrun for example_subdag_operator to 2022-01-01T00:00:00+00:00, run_after=2022-01-01T00:00:00+00:00
[2023-03-19T13:33:00.351+0000] {logging_mixin.py:137} INFO - [2023-03-19T13:33:00.351+0000] {dag.py:3444} INFO - Setting next_dagrun for example_subdag_operator.section-1 to None, run_after=None
[2023-03-19T13:33:00.353+0000] {logging_mixin.py:137} INFO - [2023-03-19T13:33:00.353+0000] {dag.py:3444} INFO - Setting next_dagrun for example_subdag_operator.section-2 to None, run_after=None
[2023-03-19T13:33:00.362+0000] {logging_mixin.py:137} INFO - [2023-03-19T13:33:00.362+0000] {dag.py:2693} INFO - Sync 2 DAGs
[2023-03-19T13:33:00.368+0000] {logging_mixin.py:137} INFO - [2023-03-19T13:33:00.368+0000] {dag.py:3444} INFO - Setting next_dagrun for example_subdag_operator.section-1 to None, run_after=None
[2023-03-19T13:33:00.368+0000] {logging_mixin.py:137} INFO - [2023-03-19T13:33:00.368+0000] {dag.py:3444} INFO - Setting next_dagrun for example_subdag_operator.section-2 to None, run_after=None
[2023-03-19T13:33:00.379+0000] {processor.py:175} INFO - Processing /home/airflow/.local/lib/python3.7/site-packages/airflow/example_dags/example_subdag_operator.py took 0.138 seconds
[2023-03-19T13:33:30.459+0000] {processor.py:153} INFO - Started process (PID=104) to work on /home/airflow/.local/lib/python3.7/site-packages/airflow/example_dags/example_subdag_operator.py
[2023-03-19T13:33:30.460+0000] {processor.py:743} INFO - Processing file /home/airflow/.local/lib/python3.7/site-packages/airflow/example_dags/example_subdag_operator.py for tasks to queue
[2023-03-19T13:33:30.461+0000] {logging_mixin.py:137} INFO - [2023-03-19T13:33:30.461+0000] {dagbag.py:532} INFO - Filling up the DagBag from /home/airflow/.local/lib/python3.7/site-packages/airflow/example_dags/example_subdag_operator.py
[2023-03-19T13:33:30.481+0000] {processor.py:753} INFO - DAG(s) dict_keys(['example_subdag_operator.section-1', 'example_subdag_operator.section-2', 'example_subdag_operator']) retrieved from /home/airflow/.local/lib/python3.7/site-packages/airflow/example_dags/example_subdag_operator.py
[2023-03-19T13:33:30.492+0000] {logging_mixin.py:137} INFO - [2023-03-19T13:33:30.492+0000] {dag.py:2693} INFO - Sync 3 DAGs
[2023-03-19T13:33:30.506+0000] {logging_mixin.py:137} INFO - [2023-03-19T13:33:30.506+0000] {dag.py:3444} INFO - Setting next_dagrun for example_subdag_operator to 2022-01-01T00:00:00+00:00, run_after=2022-01-01T00:00:00+00:00
[2023-03-19T13:33:30.508+0000] {logging_mixin.py:137} INFO - [2023-03-19T13:33:30.508+0000] {dag.py:3444} INFO - Setting next_dagrun for example_subdag_operator.section-1 to None, run_after=None
[2023-03-19T13:33:30.509+0000] {logging_mixin.py:137} INFO - [2023-03-19T13:33:30.509+0000] {dag.py:3444} INFO - Setting next_dagrun for example_subdag_operator.section-2 to None, run_after=None
[2023-03-19T13:33:30.513+0000] {logging_mixin.py:137} INFO - [2023-03-19T13:33:30.513+0000] {dag.py:2693} INFO - Sync 2 DAGs
[2023-03-19T13:33:30.516+0000] {logging_mixin.py:137} INFO - [2023-03-19T13:33:30.516+0000] {dag.py:3444} INFO - Setting next_dagrun for example_subdag_operator.section-1 to None, run_after=None
[2023-03-19T13:33:30.516+0000] {logging_mixin.py:137} INFO - [2023-03-19T13:33:30.516+0000] {dag.py:3444} INFO - Setting next_dagrun for example_subdag_operator.section-2 to None, run_after=None
[2023-03-19T13:33:30.521+0000] {processor.py:175} INFO - Processing /home/airflow/.local/lib/python3.7/site-packages/airflow/example_dags/example_subdag_operator.py took 0.064 seconds
[2023-03-19T13:34:00.597+0000] {processor.py:153} INFO - Started process (PID=153) to work on /home/airflow/.local/lib/python3.7/site-packages/airflow/example_dags/example_subdag_operator.py
[2023-03-19T13:34:00.598+0000] {processor.py:743} INFO - Processing file /home/airflow/.local/lib/python3.7/site-packages/airflow/example_dags/example_subdag_operator.py for tasks to queue
[2023-03-19T13:34:00.599+0000] {logging_mixin.py:137} INFO - [2023-03-19T13:34:00.599+0000] {dagbag.py:532} INFO - Filling up the DagBag from /home/airflow/.local/lib/python3.7/site-packages/airflow/example_dags/example_subdag_operator.py
[2023-03-19T13:34:00.621+0000] {processor.py:753} INFO - DAG(s) dict_keys(['example_subdag_operator.section-1', 'example_subdag_operator.section-2', 'example_subdag_operator']) retrieved from /home/airflow/.local/lib/python3.7/site-packages/airflow/example_dags/example_subdag_operator.py
[2023-03-19T13:34:00.634+0000] {logging_mixin.py:137} INFO - [2023-03-19T13:34:00.633+0000] {dag.py:2693} INFO - Sync 3 DAGs
[2023-03-19T13:34:00.650+0000] {logging_mixin.py:137} INFO - [2023-03-19T13:34:00.650+0000] {dag.py:3444} INFO - Setting next_dagrun for example_subdag_operator to 2022-01-01T00:00:00+00:00, run_after=2022-01-01T00:00:00+00:00
[2023-03-19T13:34:00.652+0000] {logging_mixin.py:137} INFO - [2023-03-19T13:34:00.652+0000] {dag.py:3444} INFO - Setting next_dagrun for example_subdag_operator.section-1 to None, run_after=None
[2023-03-19T13:34:00.653+0000] {logging_mixin.py:137} INFO - [2023-03-19T13:34:00.652+0000] {dag.py:3444} INFO - Setting next_dagrun for example_subdag_operator.section-2 to None, run_after=None
[2023-03-19T13:34:00.656+0000] {logging_mixin.py:137} INFO - [2023-03-19T13:34:00.656+0000] {dag.py:2693} INFO - Sync 2 DAGs
[2023-03-19T13:34:00.660+0000] {logging_mixin.py:137} INFO - [2023-03-19T13:34:00.659+0000] {dag.py:3444} INFO - Setting next_dagrun for example_subdag_operator.section-1 to None, run_after=None
[2023-03-19T13:34:00.660+0000] {logging_mixin.py:137} INFO - [2023-03-19T13:34:00.660+0000] {dag.py:3444} INFO - Setting next_dagrun for example_subdag_operator.section-2 to None, run_after=None
[2023-03-19T13:34:00.665+0000] {processor.py:175} INFO - Processing /home/airflow/.local/lib/python3.7/site-packages/airflow/example_dags/example_subdag_operator.py took 0.070 seconds
[2023-03-19T13:34:30.897+0000] {processor.py:153} INFO - Started process (PID=202) to work on /home/airflow/.local/lib/python3.7/site-packages/airflow/example_dags/example_subdag_operator.py
[2023-03-19T13:34:30.898+0000] {processor.py:743} INFO - Processing file /home/airflow/.local/lib/python3.7/site-packages/airflow/example_dags/example_subdag_operator.py for tasks to queue
[2023-03-19T13:34:30.899+0000] {logging_mixin.py:137} INFO - [2023-03-19T13:34:30.899+0000] {dagbag.py:532} INFO - Filling up the DagBag from /home/airflow/.local/lib/python3.7/site-packages/airflow/example_dags/example_subdag_operator.py
[2023-03-19T13:34:30.928+0000] {processor.py:753} INFO - DAG(s) dict_keys(['example_subdag_operator.section-1', 'example_subdag_operator.section-2', 'example_subdag_operator']) retrieved from /home/airflow/.local/lib/python3.7/site-packages/airflow/example_dags/example_subdag_operator.py
[2023-03-19T13:34:30.942+0000] {logging_mixin.py:137} INFO - [2023-03-19T13:34:30.942+0000] {dag.py:2693} INFO - Sync 3 DAGs
[2023-03-19T13:34:30.956+0000] {logging_mixin.py:137} INFO - [2023-03-19T13:34:30.956+0000] {dag.py:3444} INFO - Setting next_dagrun for example_subdag_operator to 2022-01-01T00:00:00+00:00, run_after=2022-01-01T00:00:00+00:00
[2023-03-19T13:34:30.959+0000] {logging_mixin.py:137} INFO - [2023-03-19T13:34:30.959+0000] {dag.py:3444} INFO - Setting next_dagrun for example_subdag_operator.section-1 to None, run_after=None
[2023-03-19T13:34:30.960+0000] {logging_mixin.py:137} INFO - [2023-03-19T13:34:30.960+0000] {dag.py:3444} INFO - Setting next_dagrun for example_subdag_operator.section-2 to None, run_after=None
[2023-03-19T13:34:30.964+0000] {logging_mixin.py:137} INFO - [2023-03-19T13:34:30.964+0000] {dag.py:2693} INFO - Sync 2 DAGs
[2023-03-19T13:34:30.967+0000] {logging_mixin.py:137} INFO - [2023-03-19T13:34:30.967+0000] {dag.py:3444} INFO - Setting next_dagrun for example_subdag_operator.section-1 to None, run_after=None
[2023-03-19T13:34:30.967+0000] {logging_mixin.py:137} INFO - [2023-03-19T13:34:30.967+0000] {dag.py:3444} INFO - Setting next_dagrun for example_subdag_operator.section-2 to None, run_after=None
[2023-03-19T13:34:30.973+0000] {processor.py:175} INFO - Processing /home/airflow/.local/lib/python3.7/site-packages/airflow/example_dags/example_subdag_operator.py took 0.080 seconds
[2023-03-19T13:35:01.682+0000] {processor.py:153} INFO - Started process (PID=251) to work on /home/airflow/.local/lib/python3.7/site-packages/airflow/example_dags/example_subdag_operator.py
[2023-03-19T13:35:01.683+0000] {processor.py:743} INFO - Processing file /home/airflow/.local/lib/python3.7/site-packages/airflow/example_dags/example_subdag_operator.py for tasks to queue
[2023-03-19T13:35:01.684+0000] {logging_mixin.py:137} INFO - [2023-03-19T13:35:01.684+0000] {dagbag.py:532} INFO - Filling up the DagBag from /home/airflow/.local/lib/python3.7/site-packages/airflow/example_dags/example_subdag_operator.py
[2023-03-19T13:35:01.710+0000] {processor.py:753} INFO - DAG(s) dict_keys(['example_subdag_operator.section-1', 'example_subdag_operator.section-2', 'example_subdag_operator']) retrieved from /home/airflow/.local/lib/python3.7/site-packages/airflow/example_dags/example_subdag_operator.py
[2023-03-19T13:35:01.723+0000] {logging_mixin.py:137} INFO - [2023-03-19T13:35:01.723+0000] {dag.py:2693} INFO - Sync 3 DAGs
[2023-03-19T13:35:01.738+0000] {logging_mixin.py:137} INFO - [2023-03-19T13:35:01.738+0000] {dag.py:3444} INFO - Setting next_dagrun for example_subdag_operator to 2022-01-01T00:00:00+00:00, run_after=2022-01-01T00:00:00+00:00
[2023-03-19T13:35:01.740+0000] {logging_mixin.py:137} INFO - [2023-03-19T13:35:01.740+0000] {dag.py:3444} INFO - Setting next_dagrun for example_subdag_operator.section-1 to None, run_after=None
[2023-03-19T13:35:01.741+0000] {logging_mixin.py:137} INFO - [2023-03-19T13:35:01.741+0000] {dag.py:3444} INFO - Setting next_dagrun for example_subdag_operator.section-2 to None, run_after=None
[2023-03-19T13:35:01.745+0000] {logging_mixin.py:137} INFO - [2023-03-19T13:35:01.745+0000] {dag.py:2693} INFO - Sync 2 DAGs
[2023-03-19T13:35:01.748+0000] {logging_mixin.py:137} INFO - [2023-03-19T13:35:01.748+0000] {dag.py:3444} INFO - Setting next_dagrun for example_subdag_operator.section-1 to None, run_after=None
[2023-03-19T13:35:01.749+0000] {logging_mixin.py:137} INFO - [2023-03-19T13:35:01.749+0000] {dag.py:3444} INFO - Setting next_dagrun for example_subdag_operator.section-2 to None, run_after=None
[2023-03-19T13:35:01.754+0000] {processor.py:175} INFO - Processing /home/airflow/.local/lib/python3.7/site-packages/airflow/example_dags/example_subdag_operator.py took 0.075 seconds
[2023-03-19T13:35:31.864+0000] {processor.py:153} INFO - Started process (PID=299) to work on /home/airflow/.local/lib/python3.7/site-packages/airflow/example_dags/example_subdag_operator.py
[2023-03-19T13:35:31.865+0000] {processor.py:743} INFO - Processing file /home/airflow/.local/lib/python3.7/site-packages/airflow/example_dags/example_subdag_operator.py for tasks to queue
[2023-03-19T13:35:31.865+0000] {logging_mixin.py:137} INFO - [2023-03-19T13:35:31.865+0000] {dagbag.py:532} INFO - Filling up the DagBag from /home/airflow/.local/lib/python3.7/site-packages/airflow/example_dags/example_subdag_operator.py
[2023-03-19T13:35:31.886+0000] {processor.py:753} INFO - DAG(s) dict_keys(['example_subdag_operator.section-1', 'example_subdag_operator.section-2', 'example_subdag_operator']) retrieved from /home/airflow/.local/lib/python3.7/site-packages/airflow/example_dags/example_subdag_operator.py
[2023-03-19T13:35:31.897+0000] {logging_mixin.py:137} INFO - [2023-03-19T13:35:31.897+0000] {dag.py:2693} INFO - Sync 3 DAGs
[2023-03-19T13:35:31.911+0000] {logging_mixin.py:137} INFO - [2023-03-19T13:35:31.911+0000] {dag.py:3444} INFO - Setting next_dagrun for example_subdag_operator to 2022-01-01T00:00:00+00:00, run_after=2022-01-01T00:00:00+00:00
[2023-03-19T13:35:31.913+0000] {logging_mixin.py:137} INFO - [2023-03-19T13:35:31.913+0000] {dag.py:3444} INFO - Setting next_dagrun for example_subdag_operator.section-1 to None, run_after=None
[2023-03-19T13:35:31.914+0000] {logging_mixin.py:137} INFO - [2023-03-19T13:35:31.914+0000] {dag.py:3444} INFO - Setting next_dagrun for example_subdag_operator.section-2 to None, run_after=None
[2023-03-19T13:35:31.918+0000] {logging_mixin.py:137} INFO - [2023-03-19T13:35:31.918+0000] {dag.py:2693} INFO - Sync 2 DAGs
[2023-03-19T13:35:31.921+0000] {logging_mixin.py:137} INFO - [2023-03-19T13:35:31.921+0000] {dag.py:3444} INFO - Setting next_dagrun for example_subdag_operator.section-1 to None, run_after=None
[2023-03-19T13:35:31.922+0000] {logging_mixin.py:137} INFO - [2023-03-19T13:35:31.922+0000] {dag.py:3444} INFO - Setting next_dagrun for example_subdag_operator.section-2 to None, run_after=None
[2023-03-19T13:35:31.927+0000] {processor.py:175} INFO - Processing /home/airflow/.local/lib/python3.7/site-packages/airflow/example_dags/example_subdag_operator.py took 0.065 seconds
[2023-03-19T14:05:53.015+0000] {processor.py:153} INFO - Started process (PID=54) to work on /home/airflow/.local/lib/python3.7/site-packages/airflow/example_dags/example_subdag_operator.py
[2023-03-19T14:05:53.017+0000] {processor.py:743} INFO - Processing file /home/airflow/.local/lib/python3.7/site-packages/airflow/example_dags/example_subdag_operator.py for tasks to queue
[2023-03-19T14:05:53.019+0000] {logging_mixin.py:137} INFO - [2023-03-19T14:05:53.019+0000] {dagbag.py:532} INFO - Filling up the DagBag from /home/airflow/.local/lib/python3.7/site-packages/airflow/example_dags/example_subdag_operator.py
[2023-03-19T14:05:53.080+0000] {processor.py:753} INFO - DAG(s) dict_keys(['example_subdag_operator.section-1', 'example_subdag_operator.section-2', 'example_subdag_operator']) retrieved from /home/airflow/.local/lib/python3.7/site-packages/airflow/example_dags/example_subdag_operator.py
[2023-03-19T14:05:53.086+0000] {logging_mixin.py:137} INFO - [2023-03-19T14:05:53.086+0000] {dag.py:2693} INFO - Sync 3 DAGs
[2023-03-19T14:05:53.124+0000] {logging_mixin.py:137} INFO - [2023-03-19T14:05:53.123+0000] {dag.py:3444} INFO - Setting next_dagrun for example_subdag_operator to 2022-01-01T00:00:00+00:00, run_after=2022-01-01T00:00:00+00:00
[2023-03-19T14:05:53.128+0000] {logging_mixin.py:137} INFO - [2023-03-19T14:05:53.128+0000] {dag.py:3444} INFO - Setting next_dagrun for example_subdag_operator.section-1 to None, run_after=None
[2023-03-19T14:05:53.129+0000] {logging_mixin.py:137} INFO - [2023-03-19T14:05:53.129+0000] {dag.py:3444} INFO - Setting next_dagrun for example_subdag_operator.section-2 to None, run_after=None
[2023-03-19T14:05:53.138+0000] {logging_mixin.py:137} INFO - [2023-03-19T14:05:53.138+0000] {dag.py:2693} INFO - Sync 2 DAGs
[2023-03-19T14:05:53.142+0000] {logging_mixin.py:137} INFO - [2023-03-19T14:05:53.142+0000] {dag.py:3444} INFO - Setting next_dagrun for example_subdag_operator.section-1 to None, run_after=None
[2023-03-19T14:05:53.143+0000] {logging_mixin.py:137} INFO - [2023-03-19T14:05:53.143+0000] {dag.py:3444} INFO - Setting next_dagrun for example_subdag_operator.section-2 to None, run_after=None
[2023-03-19T14:05:53.155+0000] {processor.py:175} INFO - Processing /home/airflow/.local/lib/python3.7/site-packages/airflow/example_dags/example_subdag_operator.py took 0.144 seconds
[2023-03-19T14:06:23.534+0000] {processor.py:153} INFO - Started process (PID=103) to work on /home/airflow/.local/lib/python3.7/site-packages/airflow/example_dags/example_subdag_operator.py
[2023-03-19T14:06:23.535+0000] {processor.py:743} INFO - Processing file /home/airflow/.local/lib/python3.7/site-packages/airflow/example_dags/example_subdag_operator.py for tasks to queue
[2023-03-19T14:06:23.536+0000] {logging_mixin.py:137} INFO - [2023-03-19T14:06:23.536+0000] {dagbag.py:532} INFO - Filling up the DagBag from /home/airflow/.local/lib/python3.7/site-packages/airflow/example_dags/example_subdag_operator.py
[2023-03-19T14:06:23.557+0000] {processor.py:753} INFO - DAG(s) dict_keys(['example_subdag_operator.section-1', 'example_subdag_operator.section-2', 'example_subdag_operator']) retrieved from /home/airflow/.local/lib/python3.7/site-packages/airflow/example_dags/example_subdag_operator.py
[2023-03-19T14:06:23.569+0000] {logging_mixin.py:137} INFO - [2023-03-19T14:06:23.569+0000] {dag.py:2693} INFO - Sync 3 DAGs
[2023-03-19T14:06:23.582+0000] {logging_mixin.py:137} INFO - [2023-03-19T14:06:23.582+0000] {dag.py:3444} INFO - Setting next_dagrun for example_subdag_operator to 2022-01-01T00:00:00+00:00, run_after=2022-01-01T00:00:00+00:00
[2023-03-19T14:06:23.584+0000] {logging_mixin.py:137} INFO - [2023-03-19T14:06:23.584+0000] {dag.py:3444} INFO - Setting next_dagrun for example_subdag_operator.section-1 to None, run_after=None
[2023-03-19T14:06:23.585+0000] {logging_mixin.py:137} INFO - [2023-03-19T14:06:23.585+0000] {dag.py:3444} INFO - Setting next_dagrun for example_subdag_operator.section-2 to None, run_after=None
[2023-03-19T14:06:23.589+0000] {logging_mixin.py:137} INFO - [2023-03-19T14:06:23.589+0000] {dag.py:2693} INFO - Sync 2 DAGs
[2023-03-19T14:06:23.592+0000] {logging_mixin.py:137} INFO - [2023-03-19T14:06:23.591+0000] {dag.py:3444} INFO - Setting next_dagrun for example_subdag_operator.section-1 to None, run_after=None
[2023-03-19T14:06:23.592+0000] {logging_mixin.py:137} INFO - [2023-03-19T14:06:23.592+0000] {dag.py:3444} INFO - Setting next_dagrun for example_subdag_operator.section-2 to None, run_after=None
[2023-03-19T14:06:23.597+0000] {processor.py:175} INFO - Processing /home/airflow/.local/lib/python3.7/site-packages/airflow/example_dags/example_subdag_operator.py took 0.065 seconds
[2023-03-19T14:06:53.844+0000] {processor.py:153} INFO - Started process (PID=152) to work on /home/airflow/.local/lib/python3.7/site-packages/airflow/example_dags/example_subdag_operator.py
[2023-03-19T14:06:53.845+0000] {processor.py:743} INFO - Processing file /home/airflow/.local/lib/python3.7/site-packages/airflow/example_dags/example_subdag_operator.py for tasks to queue
[2023-03-19T14:06:53.846+0000] {logging_mixin.py:137} INFO - [2023-03-19T14:06:53.845+0000] {dagbag.py:532} INFO - Filling up the DagBag from /home/airflow/.local/lib/python3.7/site-packages/airflow/example_dags/example_subdag_operator.py
[2023-03-19T14:06:53.866+0000] {processor.py:753} INFO - DAG(s) dict_keys(['example_subdag_operator.section-1', 'example_subdag_operator.section-2', 'example_subdag_operator']) retrieved from /home/airflow/.local/lib/python3.7/site-packages/airflow/example_dags/example_subdag_operator.py
[2023-03-19T14:06:53.878+0000] {logging_mixin.py:137} INFO - [2023-03-19T14:06:53.878+0000] {dag.py:2693} INFO - Sync 3 DAGs
[2023-03-19T14:06:53.892+0000] {logging_mixin.py:137} INFO - [2023-03-19T14:06:53.892+0000] {dag.py:3444} INFO - Setting next_dagrun for example_subdag_operator to 2022-01-01T00:00:00+00:00, run_after=2022-01-01T00:00:00+00:00
[2023-03-19T14:06:53.894+0000] {logging_mixin.py:137} INFO - [2023-03-19T14:06:53.893+0000] {dag.py:3444} INFO - Setting next_dagrun for example_subdag_operator.section-1 to None, run_after=None
[2023-03-19T14:06:53.894+0000] {logging_mixin.py:137} INFO - [2023-03-19T14:06:53.894+0000] {dag.py:3444} INFO - Setting next_dagrun for example_subdag_operator.section-2 to None, run_after=None
[2023-03-19T14:06:53.898+0000] {logging_mixin.py:137} INFO - [2023-03-19T14:06:53.898+0000] {dag.py:2693} INFO - Sync 2 DAGs
[2023-03-19T14:06:53.901+0000] {logging_mixin.py:137} INFO - [2023-03-19T14:06:53.901+0000] {dag.py:3444} INFO - Setting next_dagrun for example_subdag_operator.section-1 to None, run_after=None
[2023-03-19T14:06:53.902+0000] {logging_mixin.py:137} INFO - [2023-03-19T14:06:53.901+0000] {dag.py:3444} INFO - Setting next_dagrun for example_subdag_operator.section-2 to None, run_after=None
[2023-03-19T14:06:53.907+0000] {processor.py:175} INFO - Processing /home/airflow/.local/lib/python3.7/site-packages/airflow/example_dags/example_subdag_operator.py took 0.065 seconds
[2023-03-19T14:07:24.231+0000] {processor.py:153} INFO - Started process (PID=201) to work on /home/airflow/.local/lib/python3.7/site-packages/airflow/example_dags/example_subdag_operator.py
[2023-03-19T14:07:24.232+0000] {processor.py:743} INFO - Processing file /home/airflow/.local/lib/python3.7/site-packages/airflow/example_dags/example_subdag_operator.py for tasks to queue
[2023-03-19T14:07:24.232+0000] {logging_mixin.py:137} INFO - [2023-03-19T14:07:24.232+0000] {dagbag.py:532} INFO - Filling up the DagBag from /home/airflow/.local/lib/python3.7/site-packages/airflow/example_dags/example_subdag_operator.py
[2023-03-19T14:07:24.279+0000] {processor.py:753} INFO - DAG(s) dict_keys(['example_subdag_operator.section-1', 'example_subdag_operator.section-2', 'example_subdag_operator']) retrieved from /home/airflow/.local/lib/python3.7/site-packages/airflow/example_dags/example_subdag_operator.py
[2023-03-19T14:07:24.295+0000] {logging_mixin.py:137} INFO - [2023-03-19T14:07:24.295+0000] {dag.py:2693} INFO - Sync 3 DAGs
[2023-03-19T14:07:24.311+0000] {logging_mixin.py:137} INFO - [2023-03-19T14:07:24.311+0000] {dag.py:3444} INFO - Setting next_dagrun for example_subdag_operator to 2022-01-01T00:00:00+00:00, run_after=2022-01-01T00:00:00+00:00
[2023-03-19T14:07:24.314+0000] {logging_mixin.py:137} INFO - [2023-03-19T14:07:24.314+0000] {dag.py:3444} INFO - Setting next_dagrun for example_subdag_operator.section-1 to None, run_after=None
[2023-03-19T14:07:24.314+0000] {logging_mixin.py:137} INFO - [2023-03-19T14:07:24.314+0000] {dag.py:3444} INFO - Setting next_dagrun for example_subdag_operator.section-2 to None, run_after=None
[2023-03-19T14:07:24.318+0000] {logging_mixin.py:137} INFO - [2023-03-19T14:07:24.318+0000] {dag.py:2693} INFO - Sync 2 DAGs
[2023-03-19T14:07:24.321+0000] {logging_mixin.py:137} INFO - [2023-03-19T14:07:24.321+0000] {dag.py:3444} INFO - Setting next_dagrun for example_subdag_operator.section-1 to None, run_after=None
[2023-03-19T14:07:24.321+0000] {logging_mixin.py:137} INFO - [2023-03-19T14:07:24.321+0000] {dag.py:3444} INFO - Setting next_dagrun for example_subdag_operator.section-2 to None, run_after=None
[2023-03-19T14:07:24.328+0000] {processor.py:175} INFO - Processing /home/airflow/.local/lib/python3.7/site-packages/airflow/example_dags/example_subdag_operator.py took 0.100 seconds
[2023-03-19T14:07:54.677+0000] {processor.py:153} INFO - Started process (PID=250) to work on /home/airflow/.local/lib/python3.7/site-packages/airflow/example_dags/example_subdag_operator.py
[2023-03-19T14:07:54.678+0000] {processor.py:743} INFO - Processing file /home/airflow/.local/lib/python3.7/site-packages/airflow/example_dags/example_subdag_operator.py for tasks to queue
[2023-03-19T14:07:54.679+0000] {logging_mixin.py:137} INFO - [2023-03-19T14:07:54.679+0000] {dagbag.py:532} INFO - Filling up the DagBag from /home/airflow/.local/lib/python3.7/site-packages/airflow/example_dags/example_subdag_operator.py
[2023-03-19T14:07:54.700+0000] {processor.py:753} INFO - DAG(s) dict_keys(['example_subdag_operator.section-1', 'example_subdag_operator.section-2', 'example_subdag_operator']) retrieved from /home/airflow/.local/lib/python3.7/site-packages/airflow/example_dags/example_subdag_operator.py
[2023-03-19T14:07:54.712+0000] {logging_mixin.py:137} INFO - [2023-03-19T14:07:54.712+0000] {dag.py:2693} INFO - Sync 3 DAGs
[2023-03-19T14:07:54.725+0000] {logging_mixin.py:137} INFO - [2023-03-19T14:07:54.725+0000] {dag.py:3444} INFO - Setting next_dagrun for example_subdag_operator to 2022-01-01T00:00:00+00:00, run_after=2022-01-01T00:00:00+00:00
[2023-03-19T14:07:54.728+0000] {logging_mixin.py:137} INFO - [2023-03-19T14:07:54.727+0000] {dag.py:3444} INFO - Setting next_dagrun for example_subdag_operator.section-1 to None, run_after=None
[2023-03-19T14:07:54.728+0000] {logging_mixin.py:137} INFO - [2023-03-19T14:07:54.728+0000] {dag.py:3444} INFO - Setting next_dagrun for example_subdag_operator.section-2 to None, run_after=None
[2023-03-19T14:07:54.732+0000] {logging_mixin.py:137} INFO - [2023-03-19T14:07:54.732+0000] {dag.py:2693} INFO - Sync 2 DAGs
[2023-03-19T14:07:54.735+0000] {logging_mixin.py:137} INFO - [2023-03-19T14:07:54.735+0000] {dag.py:3444} INFO - Setting next_dagrun for example_subdag_operator.section-1 to None, run_after=None
[2023-03-19T14:07:54.736+0000] {logging_mixin.py:137} INFO - [2023-03-19T14:07:54.736+0000] {dag.py:3444} INFO - Setting next_dagrun for example_subdag_operator.section-2 to None, run_after=None
[2023-03-19T14:07:54.741+0000] {processor.py:175} INFO - Processing /home/airflow/.local/lib/python3.7/site-packages/airflow/example_dags/example_subdag_operator.py took 0.066 seconds
[2023-03-19T14:08:25.490+0000] {processor.py:153} INFO - Started process (PID=300) to work on /home/airflow/.local/lib/python3.7/site-packages/airflow/example_dags/example_subdag_operator.py
[2023-03-19T14:08:25.491+0000] {processor.py:743} INFO - Processing file /home/airflow/.local/lib/python3.7/site-packages/airflow/example_dags/example_subdag_operator.py for tasks to queue
[2023-03-19T14:08:25.492+0000] {logging_mixin.py:137} INFO - [2023-03-19T14:08:25.492+0000] {dagbag.py:532} INFO - Filling up the DagBag from /home/airflow/.local/lib/python3.7/site-packages/airflow/example_dags/example_subdag_operator.py
[2023-03-19T14:08:25.513+0000] {processor.py:753} INFO - DAG(s) dict_keys(['example_subdag_operator.section-1', 'example_subdag_operator.section-2', 'example_subdag_operator']) retrieved from /home/airflow/.local/lib/python3.7/site-packages/airflow/example_dags/example_subdag_operator.py
[2023-03-19T14:08:25.524+0000] {logging_mixin.py:137} INFO - [2023-03-19T14:08:25.524+0000] {dag.py:2693} INFO - Sync 3 DAGs
[2023-03-19T14:08:25.538+0000] {logging_mixin.py:137} INFO - [2023-03-19T14:08:25.538+0000] {dag.py:3444} INFO - Setting next_dagrun for example_subdag_operator to 2022-01-01T00:00:00+00:00, run_after=2022-01-01T00:00:00+00:00
[2023-03-19T14:08:25.540+0000] {logging_mixin.py:137} INFO - [2023-03-19T14:08:25.540+0000] {dag.py:3444} INFO - Setting next_dagrun for example_subdag_operator.section-1 to None, run_after=None
[2023-03-19T14:08:25.541+0000] {logging_mixin.py:137} INFO - [2023-03-19T14:08:25.541+0000] {dag.py:3444} INFO - Setting next_dagrun for example_subdag_operator.section-2 to None, run_after=None
[2023-03-19T14:08:25.544+0000] {logging_mixin.py:137} INFO - [2023-03-19T14:08:25.544+0000] {dag.py:2693} INFO - Sync 2 DAGs
[2023-03-19T14:08:25.547+0000] {logging_mixin.py:137} INFO - [2023-03-19T14:08:25.547+0000] {dag.py:3444} INFO - Setting next_dagrun for example_subdag_operator.section-1 to None, run_after=None
[2023-03-19T14:08:25.548+0000] {logging_mixin.py:137} INFO - [2023-03-19T14:08:25.548+0000] {dag.py:3444} INFO - Setting next_dagrun for example_subdag_operator.section-2 to None, run_after=None
[2023-03-19T14:08:25.553+0000] {processor.py:175} INFO - Processing /home/airflow/.local/lib/python3.7/site-packages/airflow/example_dags/example_subdag_operator.py took 0.065 seconds
[2023-03-19T14:09:10.382+0000] {processor.py:153} INFO - Started process (PID=53) to work on /home/airflow/.local/lib/python3.7/site-packages/airflow/example_dags/example_subdag_operator.py
[2023-03-19T14:09:10.384+0000] {processor.py:743} INFO - Processing file /home/airflow/.local/lib/python3.7/site-packages/airflow/example_dags/example_subdag_operator.py for tasks to queue
[2023-03-19T14:09:10.385+0000] {logging_mixin.py:137} INFO - [2023-03-19T14:09:10.385+0000] {dagbag.py:532} INFO - Filling up the DagBag from /home/airflow/.local/lib/python3.7/site-packages/airflow/example_dags/example_subdag_operator.py
[2023-03-19T14:09:10.452+0000] {processor.py:753} INFO - DAG(s) dict_keys(['example_subdag_operator.section-1', 'example_subdag_operator.section-2', 'example_subdag_operator']) retrieved from /home/airflow/.local/lib/python3.7/site-packages/airflow/example_dags/example_subdag_operator.py
[2023-03-19T14:09:10.457+0000] {logging_mixin.py:137} INFO - [2023-03-19T14:09:10.457+0000] {dag.py:2693} INFO - Sync 3 DAGs
[2023-03-19T14:09:10.505+0000] {logging_mixin.py:137} INFO - [2023-03-19T14:09:10.505+0000] {dag.py:3444} INFO - Setting next_dagrun for example_subdag_operator to 2022-01-01T00:00:00+00:00, run_after=2022-01-01T00:00:00+00:00
[2023-03-19T14:09:10.518+0000] {logging_mixin.py:137} INFO - [2023-03-19T14:09:10.518+0000] {dag.py:3444} INFO - Setting next_dagrun for example_subdag_operator.section-1 to None, run_after=None
[2023-03-19T14:09:10.521+0000] {logging_mixin.py:137} INFO - [2023-03-19T14:09:10.521+0000] {dag.py:3444} INFO - Setting next_dagrun for example_subdag_operator.section-2 to None, run_after=None
[2023-03-19T14:09:10.541+0000] {logging_mixin.py:137} INFO - [2023-03-19T14:09:10.541+0000] {dag.py:2693} INFO - Sync 2 DAGs
[2023-03-19T14:09:10.553+0000] {logging_mixin.py:137} INFO - [2023-03-19T14:09:10.553+0000] {dag.py:3444} INFO - Setting next_dagrun for example_subdag_operator.section-1 to None, run_after=None
[2023-03-19T14:09:10.555+0000] {logging_mixin.py:137} INFO - [2023-03-19T14:09:10.554+0000] {dag.py:3444} INFO - Setting next_dagrun for example_subdag_operator.section-2 to None, run_after=None
[2023-03-19T14:09:10.574+0000] {processor.py:175} INFO - Processing /home/airflow/.local/lib/python3.7/site-packages/airflow/example_dags/example_subdag_operator.py took 0.197 seconds
[2023-03-19T14:09:40.599+0000] {processor.py:153} INFO - Started process (PID=102) to work on /home/airflow/.local/lib/python3.7/site-packages/airflow/example_dags/example_subdag_operator.py
[2023-03-19T14:09:40.600+0000] {processor.py:743} INFO - Processing file /home/airflow/.local/lib/python3.7/site-packages/airflow/example_dags/example_subdag_operator.py for tasks to queue
[2023-03-19T14:09:40.601+0000] {logging_mixin.py:137} INFO - [2023-03-19T14:09:40.601+0000] {dagbag.py:532} INFO - Filling up the DagBag from /home/airflow/.local/lib/python3.7/site-packages/airflow/example_dags/example_subdag_operator.py
[2023-03-19T14:09:40.623+0000] {processor.py:753} INFO - DAG(s) dict_keys(['example_subdag_operator.section-1', 'example_subdag_operator.section-2', 'example_subdag_operator']) retrieved from /home/airflow/.local/lib/python3.7/site-packages/airflow/example_dags/example_subdag_operator.py
[2023-03-19T14:09:40.636+0000] {logging_mixin.py:137} INFO - [2023-03-19T14:09:40.636+0000] {dag.py:2693} INFO - Sync 3 DAGs
[2023-03-19T14:09:40.657+0000] {logging_mixin.py:137} INFO - [2023-03-19T14:09:40.657+0000] {dag.py:3444} INFO - Setting next_dagrun for example_subdag_operator to 2022-01-01T00:00:00+00:00, run_after=2022-01-01T00:00:00+00:00
[2023-03-19T14:09:40.661+0000] {logging_mixin.py:137} INFO - [2023-03-19T14:09:40.661+0000] {dag.py:3444} INFO - Setting next_dagrun for example_subdag_operator.section-1 to None, run_after=None
[2023-03-19T14:09:40.663+0000] {logging_mixin.py:137} INFO - [2023-03-19T14:09:40.663+0000] {dag.py:3444} INFO - Setting next_dagrun for example_subdag_operator.section-2 to None, run_after=None
[2023-03-19T14:09:40.672+0000] {logging_mixin.py:137} INFO - [2023-03-19T14:09:40.672+0000] {dag.py:2693} INFO - Sync 2 DAGs
[2023-03-19T14:09:40.688+0000] {logging_mixin.py:137} INFO - [2023-03-19T14:09:40.688+0000] {dag.py:3444} INFO - Setting next_dagrun for example_subdag_operator.section-1 to None, run_after=None
[2023-03-19T14:09:40.689+0000] {logging_mixin.py:137} INFO - [2023-03-19T14:09:40.689+0000] {dag.py:3444} INFO - Setting next_dagrun for example_subdag_operator.section-2 to None, run_after=None
[2023-03-19T14:09:40.701+0000] {processor.py:175} INFO - Processing /home/airflow/.local/lib/python3.7/site-packages/airflow/example_dags/example_subdag_operator.py took 0.104 seconds
[2023-03-19T14:10:11.251+0000] {processor.py:153} INFO - Started process (PID=150) to work on /home/airflow/.local/lib/python3.7/site-packages/airflow/example_dags/example_subdag_operator.py
[2023-03-19T14:10:11.253+0000] {processor.py:743} INFO - Processing file /home/airflow/.local/lib/python3.7/site-packages/airflow/example_dags/example_subdag_operator.py for tasks to queue
[2023-03-19T14:10:11.254+0000] {logging_mixin.py:137} INFO - [2023-03-19T14:10:11.254+0000] {dagbag.py:532} INFO - Filling up the DagBag from /home/airflow/.local/lib/python3.7/site-packages/airflow/example_dags/example_subdag_operator.py
[2023-03-19T14:10:11.276+0000] {processor.py:753} INFO - DAG(s) dict_keys(['example_subdag_operator.section-1', 'example_subdag_operator.section-2', 'example_subdag_operator']) retrieved from /home/airflow/.local/lib/python3.7/site-packages/airflow/example_dags/example_subdag_operator.py
[2023-03-19T14:10:11.288+0000] {logging_mixin.py:137} INFO - [2023-03-19T14:10:11.288+0000] {dag.py:2693} INFO - Sync 3 DAGs
[2023-03-19T14:10:11.302+0000] {logging_mixin.py:137} INFO - [2023-03-19T14:10:11.302+0000] {dag.py:3444} INFO - Setting next_dagrun for example_subdag_operator to 2022-01-01T00:00:00+00:00, run_after=2022-01-01T00:00:00+00:00
[2023-03-19T14:10:11.304+0000] {logging_mixin.py:137} INFO - [2023-03-19T14:10:11.304+0000] {dag.py:3444} INFO - Setting next_dagrun for example_subdag_operator.section-1 to None, run_after=None
[2023-03-19T14:10:11.305+0000] {logging_mixin.py:137} INFO - [2023-03-19T14:10:11.305+0000] {dag.py:3444} INFO - Setting next_dagrun for example_subdag_operator.section-2 to None, run_after=None
[2023-03-19T14:10:11.310+0000] {logging_mixin.py:137} INFO - [2023-03-19T14:10:11.309+0000] {dag.py:2693} INFO - Sync 2 DAGs
[2023-03-19T14:10:11.313+0000] {logging_mixin.py:137} INFO - [2023-03-19T14:10:11.313+0000] {dag.py:3444} INFO - Setting next_dagrun for example_subdag_operator.section-1 to None, run_after=None
[2023-03-19T14:10:11.314+0000] {logging_mixin.py:137} INFO - [2023-03-19T14:10:11.314+0000] {dag.py:3444} INFO - Setting next_dagrun for example_subdag_operator.section-2 to None, run_after=None
[2023-03-19T14:10:11.320+0000] {processor.py:175} INFO - Processing /home/airflow/.local/lib/python3.7/site-packages/airflow/example_dags/example_subdag_operator.py took 0.071 seconds
[2023-03-19T14:10:42.271+0000] {processor.py:153} INFO - Started process (PID=199) to work on /home/airflow/.local/lib/python3.7/site-packages/airflow/example_dags/example_subdag_operator.py
[2023-03-19T14:10:42.272+0000] {processor.py:743} INFO - Processing file /home/airflow/.local/lib/python3.7/site-packages/airflow/example_dags/example_subdag_operator.py for tasks to queue
[2023-03-19T14:10:42.273+0000] {logging_mixin.py:137} INFO - [2023-03-19T14:10:42.273+0000] {dagbag.py:532} INFO - Filling up the DagBag from /home/airflow/.local/lib/python3.7/site-packages/airflow/example_dags/example_subdag_operator.py
[2023-03-19T14:10:42.313+0000] {processor.py:753} INFO - DAG(s) dict_keys(['example_subdag_operator.section-1', 'example_subdag_operator.section-2', 'example_subdag_operator']) retrieved from /home/airflow/.local/lib/python3.7/site-packages/airflow/example_dags/example_subdag_operator.py
[2023-03-19T14:10:42.337+0000] {logging_mixin.py:137} INFO - [2023-03-19T14:10:42.337+0000] {dag.py:2693} INFO - Sync 3 DAGs
[2023-03-19T14:10:42.356+0000] {logging_mixin.py:137} INFO - [2023-03-19T14:10:42.356+0000] {dag.py:3444} INFO - Setting next_dagrun for example_subdag_operator to 2022-01-01T00:00:00+00:00, run_after=2022-01-01T00:00:00+00:00
[2023-03-19T14:10:42.360+0000] {logging_mixin.py:137} INFO - [2023-03-19T14:10:42.360+0000] {dag.py:3444} INFO - Setting next_dagrun for example_subdag_operator.section-1 to None, run_after=None
[2023-03-19T14:10:42.361+0000] {logging_mixin.py:137} INFO - [2023-03-19T14:10:42.361+0000] {dag.py:3444} INFO - Setting next_dagrun for example_subdag_operator.section-2 to None, run_after=None
[2023-03-19T14:10:42.366+0000] {logging_mixin.py:137} INFO - [2023-03-19T14:10:42.366+0000] {dag.py:2693} INFO - Sync 2 DAGs
[2023-03-19T14:10:42.369+0000] {logging_mixin.py:137} INFO - [2023-03-19T14:10:42.369+0000] {dag.py:3444} INFO - Setting next_dagrun for example_subdag_operator.section-1 to None, run_after=None
[2023-03-19T14:10:42.369+0000] {logging_mixin.py:137} INFO - [2023-03-19T14:10:42.369+0000] {dag.py:3444} INFO - Setting next_dagrun for example_subdag_operator.section-2 to None, run_after=None
[2023-03-19T14:10:42.376+0000] {processor.py:175} INFO - Processing /home/airflow/.local/lib/python3.7/site-packages/airflow/example_dags/example_subdag_operator.py took 0.108 seconds
[2023-03-19T14:11:12.741+0000] {processor.py:153} INFO - Started process (PID=248) to work on /home/airflow/.local/lib/python3.7/site-packages/airflow/example_dags/example_subdag_operator.py
[2023-03-19T14:11:12.742+0000] {processor.py:743} INFO - Processing file /home/airflow/.local/lib/python3.7/site-packages/airflow/example_dags/example_subdag_operator.py for tasks to queue
[2023-03-19T14:11:12.743+0000] {logging_mixin.py:137} INFO - [2023-03-19T14:11:12.743+0000] {dagbag.py:532} INFO - Filling up the DagBag from /home/airflow/.local/lib/python3.7/site-packages/airflow/example_dags/example_subdag_operator.py
[2023-03-19T14:11:12.765+0000] {processor.py:753} INFO - DAG(s) dict_keys(['example_subdag_operator.section-1', 'example_subdag_operator.section-2', 'example_subdag_operator']) retrieved from /home/airflow/.local/lib/python3.7/site-packages/airflow/example_dags/example_subdag_operator.py
[2023-03-19T14:11:12.779+0000] {logging_mixin.py:137} INFO - [2023-03-19T14:11:12.779+0000] {dag.py:2693} INFO - Sync 3 DAGs
[2023-03-19T14:11:12.793+0000] {logging_mixin.py:137} INFO - [2023-03-19T14:11:12.793+0000] {dag.py:3444} INFO - Setting next_dagrun for example_subdag_operator to 2022-01-01T00:00:00+00:00, run_after=2022-01-01T00:00:00+00:00
[2023-03-19T14:11:12.795+0000] {logging_mixin.py:137} INFO - [2023-03-19T14:11:12.795+0000] {dag.py:3444} INFO - Setting next_dagrun for example_subdag_operator.section-1 to None, run_after=None
[2023-03-19T14:11:12.796+0000] {logging_mixin.py:137} INFO - [2023-03-19T14:11:12.796+0000] {dag.py:3444} INFO - Setting next_dagrun for example_subdag_operator.section-2 to None, run_after=None
[2023-03-19T14:11:12.800+0000] {logging_mixin.py:137} INFO - [2023-03-19T14:11:12.799+0000] {dag.py:2693} INFO - Sync 2 DAGs
[2023-03-19T14:11:12.802+0000] {logging_mixin.py:137} INFO - [2023-03-19T14:11:12.802+0000] {dag.py:3444} INFO - Setting next_dagrun for example_subdag_operator.section-1 to None, run_after=None
[2023-03-19T14:11:12.803+0000] {logging_mixin.py:137} INFO - [2023-03-19T14:11:12.803+0000] {dag.py:3444} INFO - Setting next_dagrun for example_subdag_operator.section-2 to None, run_after=None
[2023-03-19T14:11:12.809+0000] {processor.py:175} INFO - Processing /home/airflow/.local/lib/python3.7/site-packages/airflow/example_dags/example_subdag_operator.py took 0.069 seconds
[2023-03-19T14:11:43.134+0000] {processor.py:153} INFO - Started process (PID=297) to work on /home/airflow/.local/lib/python3.7/site-packages/airflow/example_dags/example_subdag_operator.py
[2023-03-19T14:11:43.135+0000] {processor.py:743} INFO - Processing file /home/airflow/.local/lib/python3.7/site-packages/airflow/example_dags/example_subdag_operator.py for tasks to queue
[2023-03-19T14:11:43.137+0000] {logging_mixin.py:137} INFO - [2023-03-19T14:11:43.137+0000] {dagbag.py:532} INFO - Filling up the DagBag from /home/airflow/.local/lib/python3.7/site-packages/airflow/example_dags/example_subdag_operator.py
[2023-03-19T14:11:43.159+0000] {processor.py:753} INFO - DAG(s) dict_keys(['example_subdag_operator.section-1', 'example_subdag_operator.section-2', 'example_subdag_operator']) retrieved from /home/airflow/.local/lib/python3.7/site-packages/airflow/example_dags/example_subdag_operator.py
[2023-03-19T14:11:43.170+0000] {logging_mixin.py:137} INFO - [2023-03-19T14:11:43.170+0000] {dag.py:2693} INFO - Sync 3 DAGs
[2023-03-19T14:11:43.185+0000] {logging_mixin.py:137} INFO - [2023-03-19T14:11:43.185+0000] {dag.py:3444} INFO - Setting next_dagrun for example_subdag_operator to 2022-01-01T00:00:00+00:00, run_after=2022-01-01T00:00:00+00:00
[2023-03-19T14:11:43.187+0000] {logging_mixin.py:137} INFO - [2023-03-19T14:11:43.187+0000] {dag.py:3444} INFO - Setting next_dagrun for example_subdag_operator.section-1 to None, run_after=None
[2023-03-19T14:11:43.188+0000] {logging_mixin.py:137} INFO - [2023-03-19T14:11:43.188+0000] {dag.py:3444} INFO - Setting next_dagrun for example_subdag_operator.section-2 to None, run_after=None
[2023-03-19T14:11:43.192+0000] {logging_mixin.py:137} INFO - [2023-03-19T14:11:43.192+0000] {dag.py:2693} INFO - Sync 2 DAGs
[2023-03-19T14:11:43.195+0000] {logging_mixin.py:137} INFO - [2023-03-19T14:11:43.195+0000] {dag.py:3444} INFO - Setting next_dagrun for example_subdag_operator.section-1 to None, run_after=None
[2023-03-19T14:11:43.196+0000] {logging_mixin.py:137} INFO - [2023-03-19T14:11:43.196+0000] {dag.py:3444} INFO - Setting next_dagrun for example_subdag_operator.section-2 to None, run_after=None
[2023-03-19T14:11:43.201+0000] {processor.py:175} INFO - Processing /home/airflow/.local/lib/python3.7/site-packages/airflow/example_dags/example_subdag_operator.py took 0.069 seconds
[2023-03-19T14:12:14.124+0000] {processor.py:153} INFO - Started process (PID=346) to work on /home/airflow/.local/lib/python3.7/site-packages/airflow/example_dags/example_subdag_operator.py
[2023-03-19T14:12:14.125+0000] {processor.py:743} INFO - Processing file /home/airflow/.local/lib/python3.7/site-packages/airflow/example_dags/example_subdag_operator.py for tasks to queue
[2023-03-19T14:12:14.126+0000] {logging_mixin.py:137} INFO - [2023-03-19T14:12:14.126+0000] {dagbag.py:532} INFO - Filling up the DagBag from /home/airflow/.local/lib/python3.7/site-packages/airflow/example_dags/example_subdag_operator.py
[2023-03-19T14:12:14.153+0000] {processor.py:753} INFO - DAG(s) dict_keys(['example_subdag_operator.section-1', 'example_subdag_operator.section-2', 'example_subdag_operator']) retrieved from /home/airflow/.local/lib/python3.7/site-packages/airflow/example_dags/example_subdag_operator.py
[2023-03-19T14:12:14.171+0000] {logging_mixin.py:137} INFO - [2023-03-19T14:12:14.171+0000] {dag.py:2693} INFO - Sync 3 DAGs
[2023-03-19T14:12:14.194+0000] {logging_mixin.py:137} INFO - [2023-03-19T14:12:14.194+0000] {dag.py:3444} INFO - Setting next_dagrun for example_subdag_operator to 2022-01-01T00:00:00+00:00, run_after=2022-01-01T00:00:00+00:00
[2023-03-19T14:12:14.198+0000] {logging_mixin.py:137} INFO - [2023-03-19T14:12:14.198+0000] {dag.py:3444} INFO - Setting next_dagrun for example_subdag_operator.section-1 to None, run_after=None
[2023-03-19T14:12:14.203+0000] {logging_mixin.py:137} INFO - [2023-03-19T14:12:14.203+0000] {dag.py:3444} INFO - Setting next_dagrun for example_subdag_operator.section-2 to None, run_after=None
[2023-03-19T14:12:14.221+0000] {logging_mixin.py:137} INFO - [2023-03-19T14:12:14.221+0000] {dag.py:2693} INFO - Sync 2 DAGs
[2023-03-19T14:12:14.233+0000] {logging_mixin.py:137} INFO - [2023-03-19T14:12:14.233+0000] {dag.py:3444} INFO - Setting next_dagrun for example_subdag_operator.section-1 to None, run_after=None
[2023-03-19T14:12:14.236+0000] {logging_mixin.py:137} INFO - [2023-03-19T14:12:14.236+0000] {dag.py:3444} INFO - Setting next_dagrun for example_subdag_operator.section-2 to None, run_after=None
[2023-03-19T14:12:14.249+0000] {processor.py:175} INFO - Processing /home/airflow/.local/lib/python3.7/site-packages/airflow/example_dags/example_subdag_operator.py took 0.128 seconds
