[2023-03-19T13:33:00.725+0000] {processor.py:153} INFO - Started process (PID=61) to work on /home/airflow/.local/lib/python3.7/site-packages/airflow/example_dags/example_latest_only_with_trigger.py
[2023-03-19T13:33:00.727+0000] {processor.py:743} INFO - Processing file /home/airflow/.local/lib/python3.7/site-packages/airflow/example_dags/example_latest_only_with_trigger.py for tasks to queue
[2023-03-19T13:33:00.729+0000] {logging_mixin.py:137} INFO - [2023-03-19T13:33:00.728+0000] {dagbag.py:532} INFO - Filling up the DagBag from /home/airflow/.local/lib/python3.7/site-packages/airflow/example_dags/example_latest_only_with_trigger.py
[2023-03-19T13:33:00.745+0000] {processor.py:753} INFO - DAG(s) dict_keys(['latest_only_with_trigger']) retrieved from /home/airflow/.local/lib/python3.7/site-packages/airflow/example_dags/example_latest_only_with_trigger.py
[2023-03-19T13:33:00.763+0000] {logging_mixin.py:137} INFO - [2023-03-19T13:33:00.763+0000] {dag.py:2693} INFO - Sync 1 DAGs
[2023-03-19T13:33:00.794+0000] {logging_mixin.py:137} INFO - [2023-03-19T13:33:00.794+0000] {dag.py:3444} INFO - Setting next_dagrun for latest_only_with_trigger to 2023-03-19T09:33:00.793642+00:00, run_after=2023-03-19T13:33:00.793642+00:00
[2023-03-19T13:33:00.815+0000] {processor.py:175} INFO - Processing /home/airflow/.local/lib/python3.7/site-packages/airflow/example_dags/example_latest_only_with_trigger.py took 0.095 seconds
[2023-03-19T13:33:31.689+0000] {processor.py:153} INFO - Started process (PID=110) to work on /home/airflow/.local/lib/python3.7/site-packages/airflow/example_dags/example_latest_only_with_trigger.py
[2023-03-19T13:33:31.690+0000] {processor.py:743} INFO - Processing file /home/airflow/.local/lib/python3.7/site-packages/airflow/example_dags/example_latest_only_with_trigger.py for tasks to queue
[2023-03-19T13:33:31.691+0000] {logging_mixin.py:137} INFO - [2023-03-19T13:33:31.690+0000] {dagbag.py:532} INFO - Filling up the DagBag from /home/airflow/.local/lib/python3.7/site-packages/airflow/example_dags/example_latest_only_with_trigger.py
[2023-03-19T13:33:31.700+0000] {processor.py:753} INFO - DAG(s) dict_keys(['latest_only_with_trigger']) retrieved from /home/airflow/.local/lib/python3.7/site-packages/airflow/example_dags/example_latest_only_with_trigger.py
[2023-03-19T13:33:31.717+0000] {logging_mixin.py:137} INFO - [2023-03-19T13:33:31.717+0000] {dag.py:2693} INFO - Sync 1 DAGs
[2023-03-19T13:33:31.732+0000] {logging_mixin.py:137} INFO - [2023-03-19T13:33:31.732+0000] {dag.py:3444} INFO - Setting next_dagrun for latest_only_with_trigger to 2023-03-19T09:33:31.732410+00:00, run_after=2023-03-19T13:33:31.732410+00:00
[2023-03-19T13:33:31.741+0000] {processor.py:175} INFO - Processing /home/airflow/.local/lib/python3.7/site-packages/airflow/example_dags/example_latest_only_with_trigger.py took 0.056 seconds
[2023-03-19T13:34:01.884+0000] {processor.py:153} INFO - Started process (PID=160) to work on /home/airflow/.local/lib/python3.7/site-packages/airflow/example_dags/example_latest_only_with_trigger.py
[2023-03-19T13:34:01.885+0000] {processor.py:743} INFO - Processing file /home/airflow/.local/lib/python3.7/site-packages/airflow/example_dags/example_latest_only_with_trigger.py for tasks to queue
[2023-03-19T13:34:01.886+0000] {logging_mixin.py:137} INFO - [2023-03-19T13:34:01.886+0000] {dagbag.py:532} INFO - Filling up the DagBag from /home/airflow/.local/lib/python3.7/site-packages/airflow/example_dags/example_latest_only_with_trigger.py
[2023-03-19T13:34:01.894+0000] {processor.py:753} INFO - DAG(s) dict_keys(['latest_only_with_trigger']) retrieved from /home/airflow/.local/lib/python3.7/site-packages/airflow/example_dags/example_latest_only_with_trigger.py
[2023-03-19T13:34:01.912+0000] {logging_mixin.py:137} INFO - [2023-03-19T13:34:01.912+0000] {dag.py:2693} INFO - Sync 1 DAGs
[2023-03-19T13:34:01.928+0000] {logging_mixin.py:137} INFO - [2023-03-19T13:34:01.928+0000] {dag.py:3444} INFO - Setting next_dagrun for latest_only_with_trigger to 2023-03-19T09:34:01.927899+00:00, run_after=2023-03-19T13:34:01.927899+00:00
[2023-03-19T13:34:01.937+0000] {processor.py:175} INFO - Processing /home/airflow/.local/lib/python3.7/site-packages/airflow/example_dags/example_latest_only_with_trigger.py took 0.055 seconds
[2023-03-19T13:34:32.208+0000] {processor.py:153} INFO - Started process (PID=209) to work on /home/airflow/.local/lib/python3.7/site-packages/airflow/example_dags/example_latest_only_with_trigger.py
[2023-03-19T13:34:32.209+0000] {processor.py:743} INFO - Processing file /home/airflow/.local/lib/python3.7/site-packages/airflow/example_dags/example_latest_only_with_trigger.py for tasks to queue
[2023-03-19T13:34:32.210+0000] {logging_mixin.py:137} INFO - [2023-03-19T13:34:32.210+0000] {dagbag.py:532} INFO - Filling up the DagBag from /home/airflow/.local/lib/python3.7/site-packages/airflow/example_dags/example_latest_only_with_trigger.py
[2023-03-19T13:34:32.224+0000] {processor.py:753} INFO - DAG(s) dict_keys(['latest_only_with_trigger']) retrieved from /home/airflow/.local/lib/python3.7/site-packages/airflow/example_dags/example_latest_only_with_trigger.py
[2023-03-19T13:34:32.251+0000] {logging_mixin.py:137} INFO - [2023-03-19T13:34:32.250+0000] {dag.py:2693} INFO - Sync 1 DAGs
[2023-03-19T13:34:32.283+0000] {logging_mixin.py:137} INFO - [2023-03-19T13:34:32.283+0000] {dag.py:3444} INFO - Setting next_dagrun for latest_only_with_trigger to 2023-03-19T09:34:32.282737+00:00, run_after=2023-03-19T13:34:32.282737+00:00
[2023-03-19T13:34:32.299+0000] {processor.py:175} INFO - Processing /home/airflow/.local/lib/python3.7/site-packages/airflow/example_dags/example_latest_only_with_trigger.py took 0.094 seconds
[2023-03-19T13:35:02.985+0000] {processor.py:153} INFO - Started process (PID=258) to work on /home/airflow/.local/lib/python3.7/site-packages/airflow/example_dags/example_latest_only_with_trigger.py
[2023-03-19T13:35:02.987+0000] {processor.py:743} INFO - Processing file /home/airflow/.local/lib/python3.7/site-packages/airflow/example_dags/example_latest_only_with_trigger.py for tasks to queue
[2023-03-19T13:35:02.987+0000] {logging_mixin.py:137} INFO - [2023-03-19T13:35:02.987+0000] {dagbag.py:532} INFO - Filling up the DagBag from /home/airflow/.local/lib/python3.7/site-packages/airflow/example_dags/example_latest_only_with_trigger.py
[2023-03-19T13:35:02.996+0000] {processor.py:753} INFO - DAG(s) dict_keys(['latest_only_with_trigger']) retrieved from /home/airflow/.local/lib/python3.7/site-packages/airflow/example_dags/example_latest_only_with_trigger.py
[2023-03-19T13:35:03.014+0000] {logging_mixin.py:137} INFO - [2023-03-19T13:35:03.014+0000] {dag.py:2693} INFO - Sync 1 DAGs
[2023-03-19T13:35:03.029+0000] {logging_mixin.py:137} INFO - [2023-03-19T13:35:03.029+0000] {dag.py:3444} INFO - Setting next_dagrun for latest_only_with_trigger to 2023-03-19T09:35:03.029005+00:00, run_after=2023-03-19T13:35:03.029005+00:00
[2023-03-19T13:35:03.040+0000] {processor.py:175} INFO - Processing /home/airflow/.local/lib/python3.7/site-packages/airflow/example_dags/example_latest_only_with_trigger.py took 0.057 seconds
[2023-03-19T13:35:33.157+0000] {processor.py:153} INFO - Started process (PID=306) to work on /home/airflow/.local/lib/python3.7/site-packages/airflow/example_dags/example_latest_only_with_trigger.py
[2023-03-19T13:35:33.158+0000] {processor.py:743} INFO - Processing file /home/airflow/.local/lib/python3.7/site-packages/airflow/example_dags/example_latest_only_with_trigger.py for tasks to queue
[2023-03-19T13:35:33.158+0000] {logging_mixin.py:137} INFO - [2023-03-19T13:35:33.158+0000] {dagbag.py:532} INFO - Filling up the DagBag from /home/airflow/.local/lib/python3.7/site-packages/airflow/example_dags/example_latest_only_with_trigger.py
[2023-03-19T13:35:33.171+0000] {processor.py:753} INFO - DAG(s) dict_keys(['latest_only_with_trigger']) retrieved from /home/airflow/.local/lib/python3.7/site-packages/airflow/example_dags/example_latest_only_with_trigger.py
[2023-03-19T13:35:33.198+0000] {logging_mixin.py:137} INFO - [2023-03-19T13:35:33.198+0000] {dag.py:2693} INFO - Sync 1 DAGs
[2023-03-19T13:35:33.212+0000] {logging_mixin.py:137} INFO - [2023-03-19T13:35:33.212+0000] {dag.py:3444} INFO - Setting next_dagrun for latest_only_with_trigger to 2023-03-19T09:35:33.212629+00:00, run_after=2023-03-19T13:35:33.212629+00:00
[2023-03-19T13:35:33.222+0000] {processor.py:175} INFO - Processing /home/airflow/.local/lib/python3.7/site-packages/airflow/example_dags/example_latest_only_with_trigger.py took 0.068 seconds
[2023-03-19T14:05:53.931+0000] {processor.py:153} INFO - Started process (PID=61) to work on /home/airflow/.local/lib/python3.7/site-packages/airflow/example_dags/example_latest_only_with_trigger.py
[2023-03-19T14:05:53.935+0000] {processor.py:743} INFO - Processing file /home/airflow/.local/lib/python3.7/site-packages/airflow/example_dags/example_latest_only_with_trigger.py for tasks to queue
[2023-03-19T14:05:53.937+0000] {logging_mixin.py:137} INFO - [2023-03-19T14:05:53.936+0000] {dagbag.py:532} INFO - Filling up the DagBag from /home/airflow/.local/lib/python3.7/site-packages/airflow/example_dags/example_latest_only_with_trigger.py
[2023-03-19T14:05:54.045+0000] {processor.py:753} INFO - DAG(s) dict_keys(['latest_only_with_trigger']) retrieved from /home/airflow/.local/lib/python3.7/site-packages/airflow/example_dags/example_latest_only_with_trigger.py
[2023-03-19T14:05:54.088+0000] {logging_mixin.py:137} INFO - [2023-03-19T14:05:54.087+0000] {dag.py:2693} INFO - Sync 1 DAGs
[2023-03-19T14:05:54.125+0000] {logging_mixin.py:137} INFO - [2023-03-19T14:05:54.124+0000] {dag.py:3444} INFO - Setting next_dagrun for latest_only_with_trigger to 2023-03-19T10:05:54.124648+00:00, run_after=2023-03-19T14:05:54.124648+00:00
[2023-03-19T14:05:54.143+0000] {processor.py:175} INFO - Processing /home/airflow/.local/lib/python3.7/site-packages/airflow/example_dags/example_latest_only_with_trigger.py took 0.224 seconds
[2023-03-19T14:06:24.811+0000] {processor.py:153} INFO - Started process (PID=110) to work on /home/airflow/.local/lib/python3.7/site-packages/airflow/example_dags/example_latest_only_with_trigger.py
[2023-03-19T14:06:24.812+0000] {processor.py:743} INFO - Processing file /home/airflow/.local/lib/python3.7/site-packages/airflow/example_dags/example_latest_only_with_trigger.py for tasks to queue
[2023-03-19T14:06:24.812+0000] {logging_mixin.py:137} INFO - [2023-03-19T14:06:24.812+0000] {dagbag.py:532} INFO - Filling up the DagBag from /home/airflow/.local/lib/python3.7/site-packages/airflow/example_dags/example_latest_only_with_trigger.py
[2023-03-19T14:06:24.821+0000] {processor.py:753} INFO - DAG(s) dict_keys(['latest_only_with_trigger']) retrieved from /home/airflow/.local/lib/python3.7/site-packages/airflow/example_dags/example_latest_only_with_trigger.py
[2023-03-19T14:06:24.840+0000] {logging_mixin.py:137} INFO - [2023-03-19T14:06:24.840+0000] {dag.py:2693} INFO - Sync 1 DAGs
[2023-03-19T14:06:24.854+0000] {logging_mixin.py:137} INFO - [2023-03-19T14:06:24.854+0000] {dag.py:3444} INFO - Setting next_dagrun for latest_only_with_trigger to 2023-03-19T10:06:24.854277+00:00, run_after=2023-03-19T14:06:24.854277+00:00
[2023-03-19T14:06:24.864+0000] {processor.py:175} INFO - Processing /home/airflow/.local/lib/python3.7/site-packages/airflow/example_dags/example_latest_only_with_trigger.py took 0.055 seconds
[2023-03-19T14:06:55.186+0000] {processor.py:153} INFO - Started process (PID=159) to work on /home/airflow/.local/lib/python3.7/site-packages/airflow/example_dags/example_latest_only_with_trigger.py
[2023-03-19T14:06:55.188+0000] {processor.py:743} INFO - Processing file /home/airflow/.local/lib/python3.7/site-packages/airflow/example_dags/example_latest_only_with_trigger.py for tasks to queue
[2023-03-19T14:06:55.188+0000] {logging_mixin.py:137} INFO - [2023-03-19T14:06:55.188+0000] {dagbag.py:532} INFO - Filling up the DagBag from /home/airflow/.local/lib/python3.7/site-packages/airflow/example_dags/example_latest_only_with_trigger.py
[2023-03-19T14:06:55.198+0000] {processor.py:753} INFO - DAG(s) dict_keys(['latest_only_with_trigger']) retrieved from /home/airflow/.local/lib/python3.7/site-packages/airflow/example_dags/example_latest_only_with_trigger.py
[2023-03-19T14:06:55.215+0000] {logging_mixin.py:137} INFO - [2023-03-19T14:06:55.215+0000] {dag.py:2693} INFO - Sync 1 DAGs
[2023-03-19T14:06:55.229+0000] {logging_mixin.py:137} INFO - [2023-03-19T14:06:55.229+0000] {dag.py:3444} INFO - Setting next_dagrun for latest_only_with_trigger to 2023-03-19T10:06:55.229039+00:00, run_after=2023-03-19T14:06:55.229039+00:00
[2023-03-19T14:06:55.239+0000] {processor.py:175} INFO - Processing /home/airflow/.local/lib/python3.7/site-packages/airflow/example_dags/example_latest_only_with_trigger.py took 0.055 seconds
[2023-03-19T14:07:25.625+0000] {processor.py:153} INFO - Started process (PID=208) to work on /home/airflow/.local/lib/python3.7/site-packages/airflow/example_dags/example_latest_only_with_trigger.py
[2023-03-19T14:07:25.627+0000] {processor.py:743} INFO - Processing file /home/airflow/.local/lib/python3.7/site-packages/airflow/example_dags/example_latest_only_with_trigger.py for tasks to queue
[2023-03-19T14:07:25.628+0000] {logging_mixin.py:137} INFO - [2023-03-19T14:07:25.628+0000] {dagbag.py:532} INFO - Filling up the DagBag from /home/airflow/.local/lib/python3.7/site-packages/airflow/example_dags/example_latest_only_with_trigger.py
[2023-03-19T14:07:25.640+0000] {processor.py:753} INFO - DAG(s) dict_keys(['latest_only_with_trigger']) retrieved from /home/airflow/.local/lib/python3.7/site-packages/airflow/example_dags/example_latest_only_with_trigger.py
[2023-03-19T14:07:25.697+0000] {logging_mixin.py:137} INFO - [2023-03-19T14:07:25.697+0000] {dag.py:2693} INFO - Sync 1 DAGs
[2023-03-19T14:07:25.729+0000] {logging_mixin.py:137} INFO - [2023-03-19T14:07:25.729+0000] {dag.py:3444} INFO - Setting next_dagrun for latest_only_with_trigger to 2023-03-19T10:07:25.729164+00:00, run_after=2023-03-19T14:07:25.729164+00:00
[2023-03-19T14:07:25.744+0000] {processor.py:175} INFO - Processing /home/airflow/.local/lib/python3.7/site-packages/airflow/example_dags/example_latest_only_with_trigger.py took 0.122 seconds
[2023-03-19T14:07:56.049+0000] {processor.py:153} INFO - Started process (PID=257) to work on /home/airflow/.local/lib/python3.7/site-packages/airflow/example_dags/example_latest_only_with_trigger.py
[2023-03-19T14:07:56.051+0000] {processor.py:743} INFO - Processing file /home/airflow/.local/lib/python3.7/site-packages/airflow/example_dags/example_latest_only_with_trigger.py for tasks to queue
[2023-03-19T14:07:56.051+0000] {logging_mixin.py:137} INFO - [2023-03-19T14:07:56.051+0000] {dagbag.py:532} INFO - Filling up the DagBag from /home/airflow/.local/lib/python3.7/site-packages/airflow/example_dags/example_latest_only_with_trigger.py
[2023-03-19T14:07:56.060+0000] {processor.py:753} INFO - DAG(s) dict_keys(['latest_only_with_trigger']) retrieved from /home/airflow/.local/lib/python3.7/site-packages/airflow/example_dags/example_latest_only_with_trigger.py
[2023-03-19T14:07:56.078+0000] {logging_mixin.py:137} INFO - [2023-03-19T14:07:56.078+0000] {dag.py:2693} INFO - Sync 1 DAGs
[2023-03-19T14:07:56.092+0000] {logging_mixin.py:137} INFO - [2023-03-19T14:07:56.092+0000] {dag.py:3444} INFO - Setting next_dagrun for latest_only_with_trigger to 2023-03-19T10:07:56.092060+00:00, run_after=2023-03-19T14:07:56.092060+00:00
[2023-03-19T14:07:56.101+0000] {processor.py:175} INFO - Processing /home/airflow/.local/lib/python3.7/site-packages/airflow/example_dags/example_latest_only_with_trigger.py took 0.055 seconds
[2023-03-19T14:08:26.773+0000] {processor.py:153} INFO - Started process (PID=307) to work on /home/airflow/.local/lib/python3.7/site-packages/airflow/example_dags/example_latest_only_with_trigger.py
[2023-03-19T14:08:26.774+0000] {processor.py:743} INFO - Processing file /home/airflow/.local/lib/python3.7/site-packages/airflow/example_dags/example_latest_only_with_trigger.py for tasks to queue
[2023-03-19T14:08:26.775+0000] {logging_mixin.py:137} INFO - [2023-03-19T14:08:26.775+0000] {dagbag.py:532} INFO - Filling up the DagBag from /home/airflow/.local/lib/python3.7/site-packages/airflow/example_dags/example_latest_only_with_trigger.py
[2023-03-19T14:08:26.783+0000] {processor.py:753} INFO - DAG(s) dict_keys(['latest_only_with_trigger']) retrieved from /home/airflow/.local/lib/python3.7/site-packages/airflow/example_dags/example_latest_only_with_trigger.py
[2023-03-19T14:08:26.803+0000] {logging_mixin.py:137} INFO - [2023-03-19T14:08:26.803+0000] {dag.py:2693} INFO - Sync 1 DAGs
[2023-03-19T14:08:26.819+0000] {logging_mixin.py:137} INFO - [2023-03-19T14:08:26.819+0000] {dag.py:3444} INFO - Setting next_dagrun for latest_only_with_trigger to 2023-03-19T10:08:26.819675+00:00, run_after=2023-03-19T14:08:26.819675+00:00
[2023-03-19T14:08:26.829+0000] {processor.py:175} INFO - Processing /home/airflow/.local/lib/python3.7/site-packages/airflow/example_dags/example_latest_only_with_trigger.py took 0.058 seconds
[2023-03-19T14:09:11.202+0000] {processor.py:153} INFO - Started process (PID=60) to work on /home/airflow/.local/lib/python3.7/site-packages/airflow/example_dags/example_latest_only_with_trigger.py
[2023-03-19T14:09:11.205+0000] {processor.py:743} INFO - Processing file /home/airflow/.local/lib/python3.7/site-packages/airflow/example_dags/example_latest_only_with_trigger.py for tasks to queue
[2023-03-19T14:09:11.209+0000] {logging_mixin.py:137} INFO - [2023-03-19T14:09:11.209+0000] {dagbag.py:532} INFO - Filling up the DagBag from /home/airflow/.local/lib/python3.7/site-packages/airflow/example_dags/example_latest_only_with_trigger.py
[2023-03-19T14:09:11.225+0000] {processor.py:753} INFO - DAG(s) dict_keys(['latest_only_with_trigger']) retrieved from /home/airflow/.local/lib/python3.7/site-packages/airflow/example_dags/example_latest_only_with_trigger.py
[2023-03-19T14:09:11.257+0000] {logging_mixin.py:137} INFO - [2023-03-19T14:09:11.257+0000] {dag.py:2693} INFO - Sync 1 DAGs
[2023-03-19T14:09:11.275+0000] {logging_mixin.py:137} INFO - [2023-03-19T14:09:11.275+0000] {dag.py:3444} INFO - Setting next_dagrun for latest_only_with_trigger to 2023-03-19T10:09:11.275096+00:00, run_after=2023-03-19T14:09:11.275096+00:00
[2023-03-19T14:09:11.287+0000] {processor.py:175} INFO - Processing /home/airflow/.local/lib/python3.7/site-packages/airflow/example_dags/example_latest_only_with_trigger.py took 0.090 seconds
[2023-03-19T14:09:42.064+0000] {processor.py:153} INFO - Started process (PID=109) to work on /home/airflow/.local/lib/python3.7/site-packages/airflow/example_dags/example_latest_only_with_trigger.py
[2023-03-19T14:09:42.067+0000] {processor.py:743} INFO - Processing file /home/airflow/.local/lib/python3.7/site-packages/airflow/example_dags/example_latest_only_with_trigger.py for tasks to queue
[2023-03-19T14:09:42.068+0000] {logging_mixin.py:137} INFO - [2023-03-19T14:09:42.068+0000] {dagbag.py:532} INFO - Filling up the DagBag from /home/airflow/.local/lib/python3.7/site-packages/airflow/example_dags/example_latest_only_with_trigger.py
[2023-03-19T14:09:42.077+0000] {processor.py:753} INFO - DAG(s) dict_keys(['latest_only_with_trigger']) retrieved from /home/airflow/.local/lib/python3.7/site-packages/airflow/example_dags/example_latest_only_with_trigger.py
[2023-03-19T14:09:42.096+0000] {logging_mixin.py:137} INFO - [2023-03-19T14:09:42.096+0000] {dag.py:2693} INFO - Sync 1 DAGs
[2023-03-19T14:09:42.112+0000] {logging_mixin.py:137} INFO - [2023-03-19T14:09:42.112+0000] {dag.py:3444} INFO - Setting next_dagrun for latest_only_with_trigger to 2023-03-19T10:09:42.111807+00:00, run_after=2023-03-19T14:09:42.111807+00:00
[2023-03-19T14:09:42.122+0000] {processor.py:175} INFO - Processing /home/airflow/.local/lib/python3.7/site-packages/airflow/example_dags/example_latest_only_with_trigger.py took 0.060 seconds
[2023-03-19T14:10:13.016+0000] {processor.py:153} INFO - Started process (PID=157) to work on /home/airflow/.local/lib/python3.7/site-packages/airflow/example_dags/example_latest_only_with_trigger.py
[2023-03-19T14:10:13.017+0000] {processor.py:743} INFO - Processing file /home/airflow/.local/lib/python3.7/site-packages/airflow/example_dags/example_latest_only_with_trigger.py for tasks to queue
[2023-03-19T14:10:13.018+0000] {logging_mixin.py:137} INFO - [2023-03-19T14:10:13.018+0000] {dagbag.py:532} INFO - Filling up the DagBag from /home/airflow/.local/lib/python3.7/site-packages/airflow/example_dags/example_latest_only_with_trigger.py
[2023-03-19T14:10:13.035+0000] {processor.py:753} INFO - DAG(s) dict_keys(['latest_only_with_trigger']) retrieved from /home/airflow/.local/lib/python3.7/site-packages/airflow/example_dags/example_latest_only_with_trigger.py
[2023-03-19T14:10:13.076+0000] {logging_mixin.py:137} INFO - [2023-03-19T14:10:13.075+0000] {dag.py:2693} INFO - Sync 1 DAGs
[2023-03-19T14:10:13.097+0000] {logging_mixin.py:137} INFO - [2023-03-19T14:10:13.097+0000] {dag.py:3444} INFO - Setting next_dagrun for latest_only_with_trigger to 2023-03-19T10:10:13.097114+00:00, run_after=2023-03-19T14:10:13.097114+00:00
[2023-03-19T14:10:13.114+0000] {processor.py:175} INFO - Processing /home/airflow/.local/lib/python3.7/site-packages/airflow/example_dags/example_latest_only_with_trigger.py took 0.101 seconds
[2023-03-19T14:10:43.656+0000] {processor.py:153} INFO - Started process (PID=206) to work on /home/airflow/.local/lib/python3.7/site-packages/airflow/example_dags/example_latest_only_with_trigger.py
[2023-03-19T14:10:43.657+0000] {processor.py:743} INFO - Processing file /home/airflow/.local/lib/python3.7/site-packages/airflow/example_dags/example_latest_only_with_trigger.py for tasks to queue
[2023-03-19T14:10:43.658+0000] {logging_mixin.py:137} INFO - [2023-03-19T14:10:43.657+0000] {dagbag.py:532} INFO - Filling up the DagBag from /home/airflow/.local/lib/python3.7/site-packages/airflow/example_dags/example_latest_only_with_trigger.py
[2023-03-19T14:10:43.668+0000] {processor.py:753} INFO - DAG(s) dict_keys(['latest_only_with_trigger']) retrieved from /home/airflow/.local/lib/python3.7/site-packages/airflow/example_dags/example_latest_only_with_trigger.py
[2023-03-19T14:10:43.692+0000] {logging_mixin.py:137} INFO - [2023-03-19T14:10:43.692+0000] {dag.py:2693} INFO - Sync 1 DAGs
[2023-03-19T14:10:43.709+0000] {logging_mixin.py:137} INFO - [2023-03-19T14:10:43.709+0000] {dag.py:3444} INFO - Setting next_dagrun for latest_only_with_trigger to 2023-03-19T10:10:43.709026+00:00, run_after=2023-03-19T14:10:43.709026+00:00
[2023-03-19T14:10:43.719+0000] {processor.py:175} INFO - Processing /home/airflow/.local/lib/python3.7/site-packages/airflow/example_dags/example_latest_only_with_trigger.py took 0.066 seconds
[2023-03-19T14:11:14.010+0000] {processor.py:153} INFO - Started process (PID=255) to work on /home/airflow/.local/lib/python3.7/site-packages/airflow/example_dags/example_latest_only_with_trigger.py
[2023-03-19T14:11:14.011+0000] {processor.py:743} INFO - Processing file /home/airflow/.local/lib/python3.7/site-packages/airflow/example_dags/example_latest_only_with_trigger.py for tasks to queue
[2023-03-19T14:11:14.012+0000] {logging_mixin.py:137} INFO - [2023-03-19T14:11:14.012+0000] {dagbag.py:532} INFO - Filling up the DagBag from /home/airflow/.local/lib/python3.7/site-packages/airflow/example_dags/example_latest_only_with_trigger.py
[2023-03-19T14:11:14.021+0000] {processor.py:753} INFO - DAG(s) dict_keys(['latest_only_with_trigger']) retrieved from /home/airflow/.local/lib/python3.7/site-packages/airflow/example_dags/example_latest_only_with_trigger.py
[2023-03-19T14:11:14.039+0000] {logging_mixin.py:137} INFO - [2023-03-19T14:11:14.039+0000] {dag.py:2693} INFO - Sync 1 DAGs
[2023-03-19T14:11:14.054+0000] {logging_mixin.py:137} INFO - [2023-03-19T14:11:14.054+0000] {dag.py:3444} INFO - Setting next_dagrun for latest_only_with_trigger to 2023-03-19T10:11:14.053834+00:00, run_after=2023-03-19T14:11:14.053834+00:00
[2023-03-19T14:11:14.063+0000] {processor.py:175} INFO - Processing /home/airflow/.local/lib/python3.7/site-packages/airflow/example_dags/example_latest_only_with_trigger.py took 0.056 seconds
[2023-03-19T14:11:44.418+0000] {processor.py:153} INFO - Started process (PID=304) to work on /home/airflow/.local/lib/python3.7/site-packages/airflow/example_dags/example_latest_only_with_trigger.py
[2023-03-19T14:11:44.419+0000] {processor.py:743} INFO - Processing file /home/airflow/.local/lib/python3.7/site-packages/airflow/example_dags/example_latest_only_with_trigger.py for tasks to queue
[2023-03-19T14:11:44.421+0000] {logging_mixin.py:137} INFO - [2023-03-19T14:11:44.421+0000] {dagbag.py:532} INFO - Filling up the DagBag from /home/airflow/.local/lib/python3.7/site-packages/airflow/example_dags/example_latest_only_with_trigger.py
[2023-03-19T14:11:44.430+0000] {processor.py:753} INFO - DAG(s) dict_keys(['latest_only_with_trigger']) retrieved from /home/airflow/.local/lib/python3.7/site-packages/airflow/example_dags/example_latest_only_with_trigger.py
[2023-03-19T14:11:44.447+0000] {logging_mixin.py:137} INFO - [2023-03-19T14:11:44.447+0000] {dag.py:2693} INFO - Sync 1 DAGs
[2023-03-19T14:11:44.460+0000] {logging_mixin.py:137} INFO - [2023-03-19T14:11:44.460+0000] {dag.py:3444} INFO - Setting next_dagrun for latest_only_with_trigger to 2023-03-19T10:11:44.460587+00:00, run_after=2023-03-19T14:11:44.460587+00:00
[2023-03-19T14:11:44.470+0000] {processor.py:175} INFO - Processing /home/airflow/.local/lib/python3.7/site-packages/airflow/example_dags/example_latest_only_with_trigger.py took 0.055 seconds
[2023-03-19T14:12:14.584+0000] {processor.py:153} INFO - Started process (PID=353) to work on /home/airflow/.local/lib/python3.7/site-packages/airflow/example_dags/example_latest_only_with_trigger.py
[2023-03-19T14:12:14.585+0000] {processor.py:743} INFO - Processing file /home/airflow/.local/lib/python3.7/site-packages/airflow/example_dags/example_latest_only_with_trigger.py for tasks to queue
[2023-03-19T14:12:14.586+0000] {logging_mixin.py:137} INFO - [2023-03-19T14:12:14.586+0000] {dagbag.py:532} INFO - Filling up the DagBag from /home/airflow/.local/lib/python3.7/site-packages/airflow/example_dags/example_latest_only_with_trigger.py
[2023-03-19T14:12:14.596+0000] {processor.py:753} INFO - DAG(s) dict_keys(['latest_only_with_trigger']) retrieved from /home/airflow/.local/lib/python3.7/site-packages/airflow/example_dags/example_latest_only_with_trigger.py
[2023-03-19T14:12:14.615+0000] {logging_mixin.py:137} INFO - [2023-03-19T14:12:14.615+0000] {dag.py:2693} INFO - Sync 1 DAGs
[2023-03-19T14:12:14.629+0000] {logging_mixin.py:137} INFO - [2023-03-19T14:12:14.629+0000] {dag.py:3444} INFO - Setting next_dagrun for latest_only_with_trigger to 2023-03-19T10:12:14.629561+00:00, run_after=2023-03-19T14:12:14.629561+00:00
[2023-03-19T14:12:14.641+0000] {processor.py:175} INFO - Processing /home/airflow/.local/lib/python3.7/site-packages/airflow/example_dags/example_latest_only_with_trigger.py took 0.059 seconds
