[2023-03-19T13:32:58.926+0000] {processor.py:153} INFO - Started process (PID=37) to work on /home/airflow/.local/lib/python3.7/site-packages/airflow/example_dags/example_branch_labels.py
[2023-03-19T13:32:58.928+0000] {processor.py:743} INFO - Processing file /home/airflow/.local/lib/python3.7/site-packages/airflow/example_dags/example_branch_labels.py for tasks to queue
[2023-03-19T13:32:58.929+0000] {logging_mixin.py:137} INFO - [2023-03-19T13:32:58.929+0000] {dagbag.py:532} INFO - Filling up the DagBag from /home/airflow/.local/lib/python3.7/site-packages/airflow/example_dags/example_branch_labels.py
[2023-03-19T13:32:58.942+0000] {processor.py:753} INFO - DAG(s) dict_keys(['example_branch_labels']) retrieved from /home/airflow/.local/lib/python3.7/site-packages/airflow/example_dags/example_branch_labels.py
[2023-03-19T13:32:58.954+0000] {logging_mixin.py:137} INFO - [2023-03-19T13:32:58.954+0000] {dag.py:2693} INFO - Sync 1 DAGs
[2023-03-19T13:32:58.974+0000] {logging_mixin.py:137} INFO - [2023-03-19T13:32:58.974+0000] {dag.py:3444} INFO - Setting next_dagrun for example_branch_labels to 2023-03-18T00:00:00+00:00, run_after=2023-03-19T00:00:00+00:00
[2023-03-19T13:32:58.986+0000] {processor.py:175} INFO - Processing /home/airflow/.local/lib/python3.7/site-packages/airflow/example_dags/example_branch_labels.py took 0.064 seconds
[2023-03-19T13:33:29.563+0000] {processor.py:153} INFO - Started process (PID=86) to work on /home/airflow/.local/lib/python3.7/site-packages/airflow/example_dags/example_branch_labels.py
[2023-03-19T13:33:29.564+0000] {processor.py:743} INFO - Processing file /home/airflow/.local/lib/python3.7/site-packages/airflow/example_dags/example_branch_labels.py for tasks to queue
[2023-03-19T13:33:29.564+0000] {logging_mixin.py:137} INFO - [2023-03-19T13:33:29.564+0000] {dagbag.py:532} INFO - Filling up the DagBag from /home/airflow/.local/lib/python3.7/site-packages/airflow/example_dags/example_branch_labels.py
[2023-03-19T13:33:29.575+0000] {processor.py:753} INFO - DAG(s) dict_keys(['example_branch_labels']) retrieved from /home/airflow/.local/lib/python3.7/site-packages/airflow/example_dags/example_branch_labels.py
[2023-03-19T13:33:29.594+0000] {logging_mixin.py:137} INFO - [2023-03-19T13:33:29.594+0000] {dag.py:2693} INFO - Sync 1 DAGs
[2023-03-19T13:33:29.611+0000] {logging_mixin.py:137} INFO - [2023-03-19T13:33:29.611+0000] {dag.py:3444} INFO - Setting next_dagrun for example_branch_labels to 2023-03-18T00:00:00+00:00, run_after=2023-03-19T00:00:00+00:00
[2023-03-19T13:33:29.622+0000] {processor.py:175} INFO - Processing /home/airflow/.local/lib/python3.7/site-packages/airflow/example_dags/example_branch_labels.py took 0.062 seconds
[2023-03-19T13:33:59.878+0000] {processor.py:153} INFO - Started process (PID=136) to work on /home/airflow/.local/lib/python3.7/site-packages/airflow/example_dags/example_branch_labels.py
[2023-03-19T13:33:59.879+0000] {processor.py:743} INFO - Processing file /home/airflow/.local/lib/python3.7/site-packages/airflow/example_dags/example_branch_labels.py for tasks to queue
[2023-03-19T13:33:59.880+0000] {logging_mixin.py:137} INFO - [2023-03-19T13:33:59.880+0000] {dagbag.py:532} INFO - Filling up the DagBag from /home/airflow/.local/lib/python3.7/site-packages/airflow/example_dags/example_branch_labels.py
[2023-03-19T13:33:59.892+0000] {processor.py:753} INFO - DAG(s) dict_keys(['example_branch_labels']) retrieved from /home/airflow/.local/lib/python3.7/site-packages/airflow/example_dags/example_branch_labels.py
[2023-03-19T13:33:59.909+0000] {logging_mixin.py:137} INFO - [2023-03-19T13:33:59.909+0000] {dag.py:2693} INFO - Sync 1 DAGs
[2023-03-19T13:33:59.924+0000] {logging_mixin.py:137} INFO - [2023-03-19T13:33:59.924+0000] {dag.py:3444} INFO - Setting next_dagrun for example_branch_labels to 2023-03-18T00:00:00+00:00, run_after=2023-03-19T00:00:00+00:00
[2023-03-19T13:33:59.934+0000] {processor.py:175} INFO - Processing /home/airflow/.local/lib/python3.7/site-packages/airflow/example_dags/example_branch_labels.py took 0.060 seconds
[2023-03-19T13:34:30.078+0000] {processor.py:153} INFO - Started process (PID=185) to work on /home/airflow/.local/lib/python3.7/site-packages/airflow/example_dags/example_branch_labels.py
[2023-03-19T13:34:30.080+0000] {processor.py:743} INFO - Processing file /home/airflow/.local/lib/python3.7/site-packages/airflow/example_dags/example_branch_labels.py for tasks to queue
[2023-03-19T13:34:30.081+0000] {logging_mixin.py:137} INFO - [2023-03-19T13:34:30.081+0000] {dagbag.py:532} INFO - Filling up the DagBag from /home/airflow/.local/lib/python3.7/site-packages/airflow/example_dags/example_branch_labels.py
[2023-03-19T13:34:30.090+0000] {processor.py:753} INFO - DAG(s) dict_keys(['example_branch_labels']) retrieved from /home/airflow/.local/lib/python3.7/site-packages/airflow/example_dags/example_branch_labels.py
[2023-03-19T13:34:30.115+0000] {logging_mixin.py:137} INFO - [2023-03-19T13:34:30.115+0000] {dag.py:2693} INFO - Sync 1 DAGs
[2023-03-19T13:34:30.131+0000] {logging_mixin.py:137} INFO - [2023-03-19T13:34:30.131+0000] {dag.py:3444} INFO - Setting next_dagrun for example_branch_labels to 2023-03-18T00:00:00+00:00, run_after=2023-03-19T00:00:00+00:00
[2023-03-19T13:34:30.144+0000] {processor.py:175} INFO - Processing /home/airflow/.local/lib/python3.7/site-packages/airflow/example_dags/example_branch_labels.py took 0.073 seconds
[2023-03-19T13:35:00.670+0000] {processor.py:153} INFO - Started process (PID=234) to work on /home/airflow/.local/lib/python3.7/site-packages/airflow/example_dags/example_branch_labels.py
[2023-03-19T13:35:00.671+0000] {processor.py:743} INFO - Processing file /home/airflow/.local/lib/python3.7/site-packages/airflow/example_dags/example_branch_labels.py for tasks to queue
[2023-03-19T13:35:00.672+0000] {logging_mixin.py:137} INFO - [2023-03-19T13:35:00.671+0000] {dagbag.py:532} INFO - Filling up the DagBag from /home/airflow/.local/lib/python3.7/site-packages/airflow/example_dags/example_branch_labels.py
[2023-03-19T13:35:00.682+0000] {processor.py:753} INFO - DAG(s) dict_keys(['example_branch_labels']) retrieved from /home/airflow/.local/lib/python3.7/site-packages/airflow/example_dags/example_branch_labels.py
[2023-03-19T13:35:00.701+0000] {logging_mixin.py:137} INFO - [2023-03-19T13:35:00.701+0000] {dag.py:2693} INFO - Sync 1 DAGs
[2023-03-19T13:35:00.717+0000] {logging_mixin.py:137} INFO - [2023-03-19T13:35:00.717+0000] {dag.py:3444} INFO - Setting next_dagrun for example_branch_labels to 2023-03-18T00:00:00+00:00, run_after=2023-03-19T00:00:00+00:00
[2023-03-19T13:35:00.726+0000] {processor.py:175} INFO - Processing /home/airflow/.local/lib/python3.7/site-packages/airflow/example_dags/example_branch_labels.py took 0.060 seconds
[2023-03-19T13:35:31.057+0000] {processor.py:153} INFO - Started process (PID=282) to work on /home/airflow/.local/lib/python3.7/site-packages/airflow/example_dags/example_branch_labels.py
[2023-03-19T13:35:31.058+0000] {processor.py:743} INFO - Processing file /home/airflow/.local/lib/python3.7/site-packages/airflow/example_dags/example_branch_labels.py for tasks to queue
[2023-03-19T13:35:31.060+0000] {logging_mixin.py:137} INFO - [2023-03-19T13:35:31.060+0000] {dagbag.py:532} INFO - Filling up the DagBag from /home/airflow/.local/lib/python3.7/site-packages/airflow/example_dags/example_branch_labels.py
[2023-03-19T13:35:31.071+0000] {processor.py:753} INFO - DAG(s) dict_keys(['example_branch_labels']) retrieved from /home/airflow/.local/lib/python3.7/site-packages/airflow/example_dags/example_branch_labels.py
[2023-03-19T13:35:31.089+0000] {logging_mixin.py:137} INFO - [2023-03-19T13:35:31.089+0000] {dag.py:2693} INFO - Sync 1 DAGs
[2023-03-19T13:35:31.104+0000] {logging_mixin.py:137} INFO - [2023-03-19T13:35:31.104+0000] {dag.py:3444} INFO - Setting next_dagrun for example_branch_labels to 2023-03-18T00:00:00+00:00, run_after=2023-03-19T00:00:00+00:00
[2023-03-19T13:35:31.113+0000] {processor.py:175} INFO - Processing /home/airflow/.local/lib/python3.7/site-packages/airflow/example_dags/example_branch_labels.py took 0.059 seconds
[2023-03-19T14:05:50.898+0000] {processor.py:153} INFO - Started process (PID=37) to work on /home/airflow/.local/lib/python3.7/site-packages/airflow/example_dags/example_branch_labels.py
[2023-03-19T14:05:50.905+0000] {processor.py:743} INFO - Processing file /home/airflow/.local/lib/python3.7/site-packages/airflow/example_dags/example_branch_labels.py for tasks to queue
[2023-03-19T14:05:50.912+0000] {logging_mixin.py:137} INFO - [2023-03-19T14:05:50.912+0000] {dagbag.py:532} INFO - Filling up the DagBag from /home/airflow/.local/lib/python3.7/site-packages/airflow/example_dags/example_branch_labels.py
[2023-03-19T14:05:50.933+0000] {processor.py:753} INFO - DAG(s) dict_keys(['example_branch_labels']) retrieved from /home/airflow/.local/lib/python3.7/site-packages/airflow/example_dags/example_branch_labels.py
[2023-03-19T14:05:50.965+0000] {logging_mixin.py:137} INFO - [2023-03-19T14:05:50.965+0000] {dag.py:2693} INFO - Sync 1 DAGs
[2023-03-19T14:05:51.001+0000] {logging_mixin.py:137} INFO - [2023-03-19T14:05:51.001+0000] {dag.py:3444} INFO - Setting next_dagrun for example_branch_labels to 2023-03-18T00:00:00+00:00, run_after=2023-03-19T00:00:00+00:00
[2023-03-19T14:05:51.015+0000] {processor.py:175} INFO - Processing /home/airflow/.local/lib/python3.7/site-packages/airflow/example_dags/example_branch_labels.py took 0.144 seconds
[2023-03-19T14:06:21.643+0000] {processor.py:153} INFO - Started process (PID=86) to work on /home/airflow/.local/lib/python3.7/site-packages/airflow/example_dags/example_branch_labels.py
[2023-03-19T14:06:21.644+0000] {processor.py:743} INFO - Processing file /home/airflow/.local/lib/python3.7/site-packages/airflow/example_dags/example_branch_labels.py for tasks to queue
[2023-03-19T14:06:21.645+0000] {logging_mixin.py:137} INFO - [2023-03-19T14:06:21.645+0000] {dagbag.py:532} INFO - Filling up the DagBag from /home/airflow/.local/lib/python3.7/site-packages/airflow/example_dags/example_branch_labels.py
[2023-03-19T14:06:21.654+0000] {processor.py:753} INFO - DAG(s) dict_keys(['example_branch_labels']) retrieved from /home/airflow/.local/lib/python3.7/site-packages/airflow/example_dags/example_branch_labels.py
[2023-03-19T14:06:21.672+0000] {logging_mixin.py:137} INFO - [2023-03-19T14:06:21.672+0000] {dag.py:2693} INFO - Sync 1 DAGs
[2023-03-19T14:06:21.687+0000] {logging_mixin.py:137} INFO - [2023-03-19T14:06:21.687+0000] {dag.py:3444} INFO - Setting next_dagrun for example_branch_labels to 2023-03-18T00:00:00+00:00, run_after=2023-03-19T00:00:00+00:00
[2023-03-19T14:06:21.695+0000] {processor.py:175} INFO - Processing /home/airflow/.local/lib/python3.7/site-packages/airflow/example_dags/example_branch_labels.py took 0.055 seconds
[2023-03-19T14:06:52.079+0000] {processor.py:153} INFO - Started process (PID=135) to work on /home/airflow/.local/lib/python3.7/site-packages/airflow/example_dags/example_branch_labels.py
[2023-03-19T14:06:52.080+0000] {processor.py:743} INFO - Processing file /home/airflow/.local/lib/python3.7/site-packages/airflow/example_dags/example_branch_labels.py for tasks to queue
[2023-03-19T14:06:52.081+0000] {logging_mixin.py:137} INFO - [2023-03-19T14:06:52.081+0000] {dagbag.py:532} INFO - Filling up the DagBag from /home/airflow/.local/lib/python3.7/site-packages/airflow/example_dags/example_branch_labels.py
[2023-03-19T14:06:52.094+0000] {processor.py:753} INFO - DAG(s) dict_keys(['example_branch_labels']) retrieved from /home/airflow/.local/lib/python3.7/site-packages/airflow/example_dags/example_branch_labels.py
[2023-03-19T14:06:52.114+0000] {logging_mixin.py:137} INFO - [2023-03-19T14:06:52.114+0000] {dag.py:2693} INFO - Sync 1 DAGs
[2023-03-19T14:06:52.129+0000] {logging_mixin.py:137} INFO - [2023-03-19T14:06:52.129+0000] {dag.py:3444} INFO - Setting next_dagrun for example_branch_labels to 2023-03-18T00:00:00+00:00, run_after=2023-03-19T00:00:00+00:00
[2023-03-19T14:06:52.139+0000] {processor.py:175} INFO - Processing /home/airflow/.local/lib/python3.7/site-packages/airflow/example_dags/example_branch_labels.py took 0.064 seconds
[2023-03-19T14:07:22.444+0000] {processor.py:153} INFO - Started process (PID=184) to work on /home/airflow/.local/lib/python3.7/site-packages/airflow/example_dags/example_branch_labels.py
[2023-03-19T14:07:22.446+0000] {processor.py:743} INFO - Processing file /home/airflow/.local/lib/python3.7/site-packages/airflow/example_dags/example_branch_labels.py for tasks to queue
[2023-03-19T14:07:22.446+0000] {logging_mixin.py:137} INFO - [2023-03-19T14:07:22.446+0000] {dagbag.py:532} INFO - Filling up the DagBag from /home/airflow/.local/lib/python3.7/site-packages/airflow/example_dags/example_branch_labels.py
[2023-03-19T14:07:22.457+0000] {processor.py:753} INFO - DAG(s) dict_keys(['example_branch_labels']) retrieved from /home/airflow/.local/lib/python3.7/site-packages/airflow/example_dags/example_branch_labels.py
[2023-03-19T14:07:22.475+0000] {logging_mixin.py:137} INFO - [2023-03-19T14:07:22.475+0000] {dag.py:2693} INFO - Sync 1 DAGs
[2023-03-19T14:07:22.489+0000] {logging_mixin.py:137} INFO - [2023-03-19T14:07:22.489+0000] {dag.py:3444} INFO - Setting next_dagrun for example_branch_labels to 2023-03-18T00:00:00+00:00, run_after=2023-03-19T00:00:00+00:00
[2023-03-19T14:07:22.498+0000] {processor.py:175} INFO - Processing /home/airflow/.local/lib/python3.7/site-packages/airflow/example_dags/example_branch_labels.py took 0.056 seconds
[2023-03-19T14:07:52.880+0000] {processor.py:153} INFO - Started process (PID=233) to work on /home/airflow/.local/lib/python3.7/site-packages/airflow/example_dags/example_branch_labels.py
[2023-03-19T14:07:52.881+0000] {processor.py:743} INFO - Processing file /home/airflow/.local/lib/python3.7/site-packages/airflow/example_dags/example_branch_labels.py for tasks to queue
[2023-03-19T14:07:52.882+0000] {logging_mixin.py:137} INFO - [2023-03-19T14:07:52.882+0000] {dagbag.py:532} INFO - Filling up the DagBag from /home/airflow/.local/lib/python3.7/site-packages/airflow/example_dags/example_branch_labels.py
[2023-03-19T14:07:52.892+0000] {processor.py:753} INFO - DAG(s) dict_keys(['example_branch_labels']) retrieved from /home/airflow/.local/lib/python3.7/site-packages/airflow/example_dags/example_branch_labels.py
[2023-03-19T14:07:52.910+0000] {logging_mixin.py:137} INFO - [2023-03-19T14:07:52.910+0000] {dag.py:2693} INFO - Sync 1 DAGs
[2023-03-19T14:07:52.926+0000] {logging_mixin.py:137} INFO - [2023-03-19T14:07:52.926+0000] {dag.py:3444} INFO - Setting next_dagrun for example_branch_labels to 2023-03-18T00:00:00+00:00, run_after=2023-03-19T00:00:00+00:00
[2023-03-19T14:07:52.939+0000] {processor.py:175} INFO - Processing /home/airflow/.local/lib/python3.7/site-packages/airflow/example_dags/example_branch_labels.py took 0.062 seconds
[2023-03-19T14:08:23.448+0000] {processor.py:153} INFO - Started process (PID=283) to work on /home/airflow/.local/lib/python3.7/site-packages/airflow/example_dags/example_branch_labels.py
[2023-03-19T14:08:23.450+0000] {processor.py:743} INFO - Processing file /home/airflow/.local/lib/python3.7/site-packages/airflow/example_dags/example_branch_labels.py for tasks to queue
[2023-03-19T14:08:23.450+0000] {logging_mixin.py:137} INFO - [2023-03-19T14:08:23.450+0000] {dagbag.py:532} INFO - Filling up the DagBag from /home/airflow/.local/lib/python3.7/site-packages/airflow/example_dags/example_branch_labels.py
[2023-03-19T14:08:23.461+0000] {processor.py:753} INFO - DAG(s) dict_keys(['example_branch_labels']) retrieved from /home/airflow/.local/lib/python3.7/site-packages/airflow/example_dags/example_branch_labels.py
[2023-03-19T14:08:23.490+0000] {logging_mixin.py:137} INFO - [2023-03-19T14:08:23.490+0000] {dag.py:2693} INFO - Sync 1 DAGs
[2023-03-19T14:08:23.509+0000] {logging_mixin.py:137} INFO - [2023-03-19T14:08:23.508+0000] {dag.py:3444} INFO - Setting next_dagrun for example_branch_labels to 2023-03-18T00:00:00+00:00, run_after=2023-03-19T00:00:00+00:00
[2023-03-19T14:08:23.520+0000] {processor.py:175} INFO - Processing /home/airflow/.local/lib/python3.7/site-packages/airflow/example_dags/example_branch_labels.py took 0.076 seconds
[2023-03-19T14:09:07.833+0000] {processor.py:153} INFO - Started process (PID=36) to work on /home/airflow/.local/lib/python3.7/site-packages/airflow/example_dags/example_branch_labels.py
[2023-03-19T14:09:07.836+0000] {processor.py:743} INFO - Processing file /home/airflow/.local/lib/python3.7/site-packages/airflow/example_dags/example_branch_labels.py for tasks to queue
[2023-03-19T14:09:07.838+0000] {logging_mixin.py:137} INFO - [2023-03-19T14:09:07.838+0000] {dagbag.py:532} INFO - Filling up the DagBag from /home/airflow/.local/lib/python3.7/site-packages/airflow/example_dags/example_branch_labels.py
[2023-03-19T14:09:07.864+0000] {processor.py:753} INFO - DAG(s) dict_keys(['example_branch_labels']) retrieved from /home/airflow/.local/lib/python3.7/site-packages/airflow/example_dags/example_branch_labels.py
[2023-03-19T14:09:07.901+0000] {logging_mixin.py:137} INFO - [2023-03-19T14:09:07.900+0000] {dag.py:2693} INFO - Sync 1 DAGs
[2023-03-19T14:09:07.978+0000] {logging_mixin.py:137} INFO - [2023-03-19T14:09:07.977+0000] {dag.py:3444} INFO - Setting next_dagrun for example_branch_labels to 2023-03-18T00:00:00+00:00, run_after=2023-03-19T00:00:00+00:00
[2023-03-19T14:09:08.020+0000] {processor.py:175} INFO - Processing /home/airflow/.local/lib/python3.7/site-packages/airflow/example_dags/example_branch_labels.py took 0.192 seconds
[2023-03-19T14:09:38.675+0000] {processor.py:153} INFO - Started process (PID=85) to work on /home/airflow/.local/lib/python3.7/site-packages/airflow/example_dags/example_branch_labels.py
[2023-03-19T14:09:38.677+0000] {processor.py:743} INFO - Processing file /home/airflow/.local/lib/python3.7/site-packages/airflow/example_dags/example_branch_labels.py for tasks to queue
[2023-03-19T14:09:38.678+0000] {logging_mixin.py:137} INFO - [2023-03-19T14:09:38.677+0000] {dagbag.py:532} INFO - Filling up the DagBag from /home/airflow/.local/lib/python3.7/site-packages/airflow/example_dags/example_branch_labels.py
[2023-03-19T14:09:38.687+0000] {processor.py:753} INFO - DAG(s) dict_keys(['example_branch_labels']) retrieved from /home/airflow/.local/lib/python3.7/site-packages/airflow/example_dags/example_branch_labels.py
[2023-03-19T14:09:38.705+0000] {logging_mixin.py:137} INFO - [2023-03-19T14:09:38.705+0000] {dag.py:2693} INFO - Sync 1 DAGs
[2023-03-19T14:09:38.720+0000] {logging_mixin.py:137} INFO - [2023-03-19T14:09:38.720+0000] {dag.py:3444} INFO - Setting next_dagrun for example_branch_labels to 2023-03-18T00:00:00+00:00, run_after=2023-03-19T00:00:00+00:00
[2023-03-19T14:09:38.729+0000] {processor.py:175} INFO - Processing /home/airflow/.local/lib/python3.7/site-packages/airflow/example_dags/example_branch_labels.py took 0.056 seconds
[2023-03-19T14:10:09.399+0000] {processor.py:153} INFO - Started process (PID=133) to work on /home/airflow/.local/lib/python3.7/site-packages/airflow/example_dags/example_branch_labels.py
[2023-03-19T14:10:09.400+0000] {processor.py:743} INFO - Processing file /home/airflow/.local/lib/python3.7/site-packages/airflow/example_dags/example_branch_labels.py for tasks to queue
[2023-03-19T14:10:09.401+0000] {logging_mixin.py:137} INFO - [2023-03-19T14:10:09.401+0000] {dagbag.py:532} INFO - Filling up the DagBag from /home/airflow/.local/lib/python3.7/site-packages/airflow/example_dags/example_branch_labels.py
[2023-03-19T14:10:09.410+0000] {processor.py:753} INFO - DAG(s) dict_keys(['example_branch_labels']) retrieved from /home/airflow/.local/lib/python3.7/site-packages/airflow/example_dags/example_branch_labels.py
[2023-03-19T14:10:09.429+0000] {logging_mixin.py:137} INFO - [2023-03-19T14:10:09.429+0000] {dag.py:2693} INFO - Sync 1 DAGs
[2023-03-19T14:10:09.443+0000] {logging_mixin.py:137} INFO - [2023-03-19T14:10:09.443+0000] {dag.py:3444} INFO - Setting next_dagrun for example_branch_labels to 2023-03-18T00:00:00+00:00, run_after=2023-03-19T00:00:00+00:00
[2023-03-19T14:10:09.452+0000] {processor.py:175} INFO - Processing /home/airflow/.local/lib/python3.7/site-packages/airflow/example_dags/example_branch_labels.py took 0.056 seconds
[2023-03-19T14:10:40.430+0000] {processor.py:153} INFO - Started process (PID=182) to work on /home/airflow/.local/lib/python3.7/site-packages/airflow/example_dags/example_branch_labels.py
[2023-03-19T14:10:40.431+0000] {processor.py:743} INFO - Processing file /home/airflow/.local/lib/python3.7/site-packages/airflow/example_dags/example_branch_labels.py for tasks to queue
[2023-03-19T14:10:40.432+0000] {logging_mixin.py:137} INFO - [2023-03-19T14:10:40.432+0000] {dagbag.py:532} INFO - Filling up the DagBag from /home/airflow/.local/lib/python3.7/site-packages/airflow/example_dags/example_branch_labels.py
[2023-03-19T14:10:40.441+0000] {processor.py:753} INFO - DAG(s) dict_keys(['example_branch_labels']) retrieved from /home/airflow/.local/lib/python3.7/site-packages/airflow/example_dags/example_branch_labels.py
[2023-03-19T14:10:40.461+0000] {logging_mixin.py:137} INFO - [2023-03-19T14:10:40.461+0000] {dag.py:2693} INFO - Sync 1 DAGs
[2023-03-19T14:10:40.477+0000] {logging_mixin.py:137} INFO - [2023-03-19T14:10:40.477+0000] {dag.py:3444} INFO - Setting next_dagrun for example_branch_labels to 2023-03-18T00:00:00+00:00, run_after=2023-03-19T00:00:00+00:00
[2023-03-19T14:10:40.487+0000] {processor.py:175} INFO - Processing /home/airflow/.local/lib/python3.7/site-packages/airflow/example_dags/example_branch_labels.py took 0.059 seconds
[2023-03-19T14:11:10.841+0000] {processor.py:153} INFO - Started process (PID=231) to work on /home/airflow/.local/lib/python3.7/site-packages/airflow/example_dags/example_branch_labels.py
[2023-03-19T14:11:10.844+0000] {processor.py:743} INFO - Processing file /home/airflow/.local/lib/python3.7/site-packages/airflow/example_dags/example_branch_labels.py for tasks to queue
[2023-03-19T14:11:10.845+0000] {logging_mixin.py:137} INFO - [2023-03-19T14:11:10.845+0000] {dagbag.py:532} INFO - Filling up the DagBag from /home/airflow/.local/lib/python3.7/site-packages/airflow/example_dags/example_branch_labels.py
[2023-03-19T14:11:10.855+0000] {processor.py:753} INFO - DAG(s) dict_keys(['example_branch_labels']) retrieved from /home/airflow/.local/lib/python3.7/site-packages/airflow/example_dags/example_branch_labels.py
[2023-03-19T14:11:10.874+0000] {logging_mixin.py:137} INFO - [2023-03-19T14:11:10.874+0000] {dag.py:2693} INFO - Sync 1 DAGs
[2023-03-19T14:11:10.894+0000] {logging_mixin.py:137} INFO - [2023-03-19T14:11:10.894+0000] {dag.py:3444} INFO - Setting next_dagrun for example_branch_labels to 2023-03-18T00:00:00+00:00, run_after=2023-03-19T00:00:00+00:00
[2023-03-19T14:11:10.909+0000] {processor.py:175} INFO - Processing /home/airflow/.local/lib/python3.7/site-packages/airflow/example_dags/example_branch_labels.py took 0.072 seconds
[2023-03-19T14:11:41.137+0000] {processor.py:153} INFO - Started process (PID=280) to work on /home/airflow/.local/lib/python3.7/site-packages/airflow/example_dags/example_branch_labels.py
[2023-03-19T14:11:41.139+0000] {processor.py:743} INFO - Processing file /home/airflow/.local/lib/python3.7/site-packages/airflow/example_dags/example_branch_labels.py for tasks to queue
[2023-03-19T14:11:41.140+0000] {logging_mixin.py:137} INFO - [2023-03-19T14:11:41.140+0000] {dagbag.py:532} INFO - Filling up the DagBag from /home/airflow/.local/lib/python3.7/site-packages/airflow/example_dags/example_branch_labels.py
[2023-03-19T14:11:41.151+0000] {processor.py:753} INFO - DAG(s) dict_keys(['example_branch_labels']) retrieved from /home/airflow/.local/lib/python3.7/site-packages/airflow/example_dags/example_branch_labels.py
[2023-03-19T14:11:41.186+0000] {logging_mixin.py:137} INFO - [2023-03-19T14:11:41.186+0000] {dag.py:2693} INFO - Sync 1 DAGs
[2023-03-19T14:11:41.214+0000] {logging_mixin.py:137} INFO - [2023-03-19T14:11:41.213+0000] {dag.py:3444} INFO - Setting next_dagrun for example_branch_labels to 2023-03-18T00:00:00+00:00, run_after=2023-03-19T00:00:00+00:00
[2023-03-19T14:11:41.242+0000] {processor.py:175} INFO - Processing /home/airflow/.local/lib/python3.7/site-packages/airflow/example_dags/example_branch_labels.py took 0.108 seconds
[2023-03-19T14:12:11.565+0000] {processor.py:153} INFO - Started process (PID=329) to work on /home/airflow/.local/lib/python3.7/site-packages/airflow/example_dags/example_branch_labels.py
[2023-03-19T14:12:11.566+0000] {processor.py:743} INFO - Processing file /home/airflow/.local/lib/python3.7/site-packages/airflow/example_dags/example_branch_labels.py for tasks to queue
[2023-03-19T14:12:11.567+0000] {logging_mixin.py:137} INFO - [2023-03-19T14:12:11.567+0000] {dagbag.py:532} INFO - Filling up the DagBag from /home/airflow/.local/lib/python3.7/site-packages/airflow/example_dags/example_branch_labels.py
[2023-03-19T14:12:11.576+0000] {processor.py:753} INFO - DAG(s) dict_keys(['example_branch_labels']) retrieved from /home/airflow/.local/lib/python3.7/site-packages/airflow/example_dags/example_branch_labels.py
[2023-03-19T14:12:11.593+0000] {logging_mixin.py:137} INFO - [2023-03-19T14:12:11.593+0000] {dag.py:2693} INFO - Sync 1 DAGs
[2023-03-19T14:12:11.607+0000] {logging_mixin.py:137} INFO - [2023-03-19T14:12:11.607+0000] {dag.py:3444} INFO - Setting next_dagrun for example_branch_labels to 2023-03-18T00:00:00+00:00, run_after=2023-03-19T00:00:00+00:00
[2023-03-19T14:12:11.616+0000] {processor.py:175} INFO - Processing /home/airflow/.local/lib/python3.7/site-packages/airflow/example_dags/example_branch_labels.py took 0.054 seconds
