[2023-03-19T13:33:00.140+0000] {processor.py:153} INFO - Started process (PID=53) to work on /home/airflow/.local/lib/python3.7/site-packages/airflow/example_dags/example_branch_datetime_operator.py
[2023-03-19T13:33:00.145+0000] {processor.py:743} INFO - Processing file /home/airflow/.local/lib/python3.7/site-packages/airflow/example_dags/example_branch_datetime_operator.py for tasks to queue
[2023-03-19T13:33:00.148+0000] {logging_mixin.py:137} INFO - [2023-03-19T13:33:00.148+0000] {dagbag.py:532} INFO - Filling up the DagBag from /home/airflow/.local/lib/python3.7/site-packages/airflow/example_dags/example_branch_datetime_operator.py
[2023-03-19T13:33:00.182+0000] {processor.py:753} INFO - DAG(s) dict_keys(['example_branch_datetime_operator', 'example_branch_datetime_operator_3', 'example_branch_datetime_operator_2']) retrieved from /home/airflow/.local/lib/python3.7/site-packages/airflow/example_dags/example_branch_datetime_operator.py
[2023-03-19T13:33:00.198+0000] {logging_mixin.py:137} INFO - [2023-03-19T13:33:00.198+0000] {dag.py:2693} INFO - Sync 3 DAGs
[2023-03-19T13:33:00.221+0000] {logging_mixin.py:137} INFO - [2023-03-19T13:33:00.221+0000] {dag.py:3444} INFO - Setting next_dagrun for example_branch_datetime_operator to 2023-03-18T00:00:00+00:00, run_after=2023-03-19T00:00:00+00:00
[2023-03-19T13:33:00.227+0000] {logging_mixin.py:137} INFO - [2023-03-19T13:33:00.227+0000] {dag.py:3444} INFO - Setting next_dagrun for example_branch_datetime_operator_2 to 2023-03-18T00:00:00+00:00, run_after=2023-03-19T00:00:00+00:00
[2023-03-19T13:33:00.229+0000] {logging_mixin.py:137} INFO - [2023-03-19T13:33:00.229+0000] {dag.py:3444} INFO - Setting next_dagrun for example_branch_datetime_operator_3 to 2023-03-18T00:00:00+00:00, run_after=2023-03-19T00:00:00+00:00
[2023-03-19T13:33:00.247+0000] {processor.py:175} INFO - Processing /home/airflow/.local/lib/python3.7/site-packages/airflow/example_dags/example_branch_datetime_operator.py took 0.114 seconds
[2023-03-19T13:33:30.314+0000] {processor.py:153} INFO - Started process (PID=102) to work on /home/airflow/.local/lib/python3.7/site-packages/airflow/example_dags/example_branch_datetime_operator.py
[2023-03-19T13:33:30.315+0000] {processor.py:743} INFO - Processing file /home/airflow/.local/lib/python3.7/site-packages/airflow/example_dags/example_branch_datetime_operator.py for tasks to queue
[2023-03-19T13:33:30.315+0000] {logging_mixin.py:137} INFO - [2023-03-19T13:33:30.315+0000] {dagbag.py:532} INFO - Filling up the DagBag from /home/airflow/.local/lib/python3.7/site-packages/airflow/example_dags/example_branch_datetime_operator.py
[2023-03-19T13:33:30.326+0000] {processor.py:753} INFO - DAG(s) dict_keys(['example_branch_datetime_operator_2', 'example_branch_datetime_operator_3', 'example_branch_datetime_operator']) retrieved from /home/airflow/.local/lib/python3.7/site-packages/airflow/example_dags/example_branch_datetime_operator.py
[2023-03-19T13:33:30.347+0000] {logging_mixin.py:137} INFO - [2023-03-19T13:33:30.347+0000] {dag.py:2693} INFO - Sync 3 DAGs
[2023-03-19T13:33:30.362+0000] {logging_mixin.py:137} INFO - [2023-03-19T13:33:30.362+0000] {dag.py:3444} INFO - Setting next_dagrun for example_branch_datetime_operator to 2023-03-18T00:00:00+00:00, run_after=2023-03-19T00:00:00+00:00
[2023-03-19T13:33:30.367+0000] {logging_mixin.py:137} INFO - [2023-03-19T13:33:30.367+0000] {dag.py:3444} INFO - Setting next_dagrun for example_branch_datetime_operator_2 to 2023-03-18T00:00:00+00:00, run_after=2023-03-19T00:00:00+00:00
[2023-03-19T13:33:30.368+0000] {logging_mixin.py:137} INFO - [2023-03-19T13:33:30.368+0000] {dag.py:3444} INFO - Setting next_dagrun for example_branch_datetime_operator_3 to 2023-03-18T00:00:00+00:00, run_after=2023-03-19T00:00:00+00:00
[2023-03-19T13:33:30.377+0000] {processor.py:175} INFO - Processing /home/airflow/.local/lib/python3.7/site-packages/airflow/example_dags/example_branch_datetime_operator.py took 0.065 seconds
[2023-03-19T13:34:00.556+0000] {processor.py:153} INFO - Started process (PID=152) to work on /home/airflow/.local/lib/python3.7/site-packages/airflow/example_dags/example_branch_datetime_operator.py
[2023-03-19T13:34:00.557+0000] {processor.py:743} INFO - Processing file /home/airflow/.local/lib/python3.7/site-packages/airflow/example_dags/example_branch_datetime_operator.py for tasks to queue
[2023-03-19T13:34:00.558+0000] {logging_mixin.py:137} INFO - [2023-03-19T13:34:00.558+0000] {dagbag.py:532} INFO - Filling up the DagBag from /home/airflow/.local/lib/python3.7/site-packages/airflow/example_dags/example_branch_datetime_operator.py
[2023-03-19T13:34:00.568+0000] {processor.py:753} INFO - DAG(s) dict_keys(['example_branch_datetime_operator', 'example_branch_datetime_operator_3', 'example_branch_datetime_operator_2']) retrieved from /home/airflow/.local/lib/python3.7/site-packages/airflow/example_dags/example_branch_datetime_operator.py
[2023-03-19T13:34:00.589+0000] {logging_mixin.py:137} INFO - [2023-03-19T13:34:00.589+0000] {dag.py:2693} INFO - Sync 3 DAGs
[2023-03-19T13:34:00.604+0000] {logging_mixin.py:137} INFO - [2023-03-19T13:34:00.604+0000] {dag.py:3444} INFO - Setting next_dagrun for example_branch_datetime_operator to 2023-03-18T00:00:00+00:00, run_after=2023-03-19T00:00:00+00:00
[2023-03-19T13:34:00.607+0000] {logging_mixin.py:137} INFO - [2023-03-19T13:34:00.607+0000] {dag.py:3444} INFO - Setting next_dagrun for example_branch_datetime_operator_2 to 2023-03-18T00:00:00+00:00, run_after=2023-03-19T00:00:00+00:00
[2023-03-19T13:34:00.608+0000] {logging_mixin.py:137} INFO - [2023-03-19T13:34:00.608+0000] {dag.py:3444} INFO - Setting next_dagrun for example_branch_datetime_operator_3 to 2023-03-18T00:00:00+00:00, run_after=2023-03-19T00:00:00+00:00
[2023-03-19T13:34:00.617+0000] {processor.py:175} INFO - Processing /home/airflow/.local/lib/python3.7/site-packages/airflow/example_dags/example_branch_datetime_operator.py took 0.064 seconds
[2023-03-19T13:34:30.839+0000] {processor.py:153} INFO - Started process (PID=201) to work on /home/airflow/.local/lib/python3.7/site-packages/airflow/example_dags/example_branch_datetime_operator.py
[2023-03-19T13:34:30.841+0000] {processor.py:743} INFO - Processing file /home/airflow/.local/lib/python3.7/site-packages/airflow/example_dags/example_branch_datetime_operator.py for tasks to queue
[2023-03-19T13:34:30.842+0000] {logging_mixin.py:137} INFO - [2023-03-19T13:34:30.842+0000] {dagbag.py:532} INFO - Filling up the DagBag from /home/airflow/.local/lib/python3.7/site-packages/airflow/example_dags/example_branch_datetime_operator.py
[2023-03-19T13:34:30.856+0000] {processor.py:753} INFO - DAG(s) dict_keys(['example_branch_datetime_operator_2', 'example_branch_datetime_operator_3', 'example_branch_datetime_operator']) retrieved from /home/airflow/.local/lib/python3.7/site-packages/airflow/example_dags/example_branch_datetime_operator.py
[2023-03-19T13:34:30.880+0000] {logging_mixin.py:137} INFO - [2023-03-19T13:34:30.879+0000] {dag.py:2693} INFO - Sync 3 DAGs
[2023-03-19T13:34:30.903+0000] {logging_mixin.py:137} INFO - [2023-03-19T13:34:30.903+0000] {dag.py:3444} INFO - Setting next_dagrun for example_branch_datetime_operator to 2023-03-18T00:00:00+00:00, run_after=2023-03-19T00:00:00+00:00
[2023-03-19T13:34:30.906+0000] {logging_mixin.py:137} INFO - [2023-03-19T13:34:30.906+0000] {dag.py:3444} INFO - Setting next_dagrun for example_branch_datetime_operator_2 to 2023-03-18T00:00:00+00:00, run_after=2023-03-19T00:00:00+00:00
[2023-03-19T13:34:30.908+0000] {logging_mixin.py:137} INFO - [2023-03-19T13:34:30.908+0000] {dag.py:3444} INFO - Setting next_dagrun for example_branch_datetime_operator_3 to 2023-03-18T00:00:00+00:00, run_after=2023-03-19T00:00:00+00:00
[2023-03-19T13:34:30.918+0000] {processor.py:175} INFO - Processing /home/airflow/.local/lib/python3.7/site-packages/airflow/example_dags/example_branch_datetime_operator.py took 0.084 seconds
[2023-03-19T13:35:01.678+0000] {processor.py:153} INFO - Started process (PID=250) to work on /home/airflow/.local/lib/python3.7/site-packages/airflow/example_dags/example_branch_datetime_operator.py
[2023-03-19T13:35:01.679+0000] {processor.py:743} INFO - Processing file /home/airflow/.local/lib/python3.7/site-packages/airflow/example_dags/example_branch_datetime_operator.py for tasks to queue
[2023-03-19T13:35:01.681+0000] {logging_mixin.py:137} INFO - [2023-03-19T13:35:01.681+0000] {dagbag.py:532} INFO - Filling up the DagBag from /home/airflow/.local/lib/python3.7/site-packages/airflow/example_dags/example_branch_datetime_operator.py
[2023-03-19T13:35:01.694+0000] {processor.py:753} INFO - DAG(s) dict_keys(['example_branch_datetime_operator_3', 'example_branch_datetime_operator', 'example_branch_datetime_operator_2']) retrieved from /home/airflow/.local/lib/python3.7/site-packages/airflow/example_dags/example_branch_datetime_operator.py
[2023-03-19T13:35:01.719+0000] {logging_mixin.py:137} INFO - [2023-03-19T13:35:01.719+0000] {dag.py:2693} INFO - Sync 3 DAGs
[2023-03-19T13:35:01.736+0000] {logging_mixin.py:137} INFO - [2023-03-19T13:35:01.736+0000] {dag.py:3444} INFO - Setting next_dagrun for example_branch_datetime_operator to 2023-03-18T00:00:00+00:00, run_after=2023-03-19T00:00:00+00:00
[2023-03-19T13:35:01.739+0000] {logging_mixin.py:137} INFO - [2023-03-19T13:35:01.739+0000] {dag.py:3444} INFO - Setting next_dagrun for example_branch_datetime_operator_2 to 2023-03-18T00:00:00+00:00, run_after=2023-03-19T00:00:00+00:00
[2023-03-19T13:35:01.740+0000] {logging_mixin.py:137} INFO - [2023-03-19T13:35:01.740+0000] {dag.py:3444} INFO - Setting next_dagrun for example_branch_datetime_operator_3 to 2023-03-18T00:00:00+00:00, run_after=2023-03-19T00:00:00+00:00
[2023-03-19T13:35:01.750+0000] {processor.py:175} INFO - Processing /home/airflow/.local/lib/python3.7/site-packages/airflow/example_dags/example_branch_datetime_operator.py took 0.075 seconds
[2023-03-19T13:35:31.787+0000] {processor.py:153} INFO - Started process (PID=298) to work on /home/airflow/.local/lib/python3.7/site-packages/airflow/example_dags/example_branch_datetime_operator.py
[2023-03-19T13:35:31.788+0000] {processor.py:743} INFO - Processing file /home/airflow/.local/lib/python3.7/site-packages/airflow/example_dags/example_branch_datetime_operator.py for tasks to queue
[2023-03-19T13:35:31.788+0000] {logging_mixin.py:137} INFO - [2023-03-19T13:35:31.788+0000] {dagbag.py:532} INFO - Filling up the DagBag from /home/airflow/.local/lib/python3.7/site-packages/airflow/example_dags/example_branch_datetime_operator.py
[2023-03-19T13:35:31.798+0000] {processor.py:753} INFO - DAG(s) dict_keys(['example_branch_datetime_operator_3', 'example_branch_datetime_operator_2', 'example_branch_datetime_operator']) retrieved from /home/airflow/.local/lib/python3.7/site-packages/airflow/example_dags/example_branch_datetime_operator.py
[2023-03-19T13:35:31.818+0000] {logging_mixin.py:137} INFO - [2023-03-19T13:35:31.818+0000] {dag.py:2693} INFO - Sync 3 DAGs
[2023-03-19T13:35:31.833+0000] {logging_mixin.py:137} INFO - [2023-03-19T13:35:31.833+0000] {dag.py:3444} INFO - Setting next_dagrun for example_branch_datetime_operator to 2023-03-18T00:00:00+00:00, run_after=2023-03-19T00:00:00+00:00
[2023-03-19T13:35:31.836+0000] {logging_mixin.py:137} INFO - [2023-03-19T13:35:31.836+0000] {dag.py:3444} INFO - Setting next_dagrun for example_branch_datetime_operator_2 to 2023-03-18T00:00:00+00:00, run_after=2023-03-19T00:00:00+00:00
[2023-03-19T13:35:31.837+0000] {logging_mixin.py:137} INFO - [2023-03-19T13:35:31.837+0000] {dag.py:3444} INFO - Setting next_dagrun for example_branch_datetime_operator_3 to 2023-03-18T00:00:00+00:00, run_after=2023-03-19T00:00:00+00:00
[2023-03-19T13:35:31.847+0000] {processor.py:175} INFO - Processing /home/airflow/.local/lib/python3.7/site-packages/airflow/example_dags/example_branch_datetime_operator.py took 0.062 seconds
[2023-03-19T14:05:52.846+0000] {processor.py:153} INFO - Started process (PID=53) to work on /home/airflow/.local/lib/python3.7/site-packages/airflow/example_dags/example_branch_datetime_operator.py
[2023-03-19T14:05:52.849+0000] {processor.py:743} INFO - Processing file /home/airflow/.local/lib/python3.7/site-packages/airflow/example_dags/example_branch_datetime_operator.py for tasks to queue
[2023-03-19T14:05:52.850+0000] {logging_mixin.py:137} INFO - [2023-03-19T14:05:52.850+0000] {dagbag.py:532} INFO - Filling up the DagBag from /home/airflow/.local/lib/python3.7/site-packages/airflow/example_dags/example_branch_datetime_operator.py
[2023-03-19T14:05:52.885+0000] {processor.py:753} INFO - DAG(s) dict_keys(['example_branch_datetime_operator_2', 'example_branch_datetime_operator_3', 'example_branch_datetime_operator']) retrieved from /home/airflow/.local/lib/python3.7/site-packages/airflow/example_dags/example_branch_datetime_operator.py
[2023-03-19T14:05:52.918+0000] {logging_mixin.py:137} INFO - [2023-03-19T14:05:52.917+0000] {dag.py:2693} INFO - Sync 3 DAGs
[2023-03-19T14:05:52.949+0000] {logging_mixin.py:137} INFO - [2023-03-19T14:05:52.949+0000] {dag.py:3444} INFO - Setting next_dagrun for example_branch_datetime_operator to 2023-03-18T00:00:00+00:00, run_after=2023-03-19T00:00:00+00:00
[2023-03-19T14:05:52.955+0000] {logging_mixin.py:137} INFO - [2023-03-19T14:05:52.955+0000] {dag.py:3444} INFO - Setting next_dagrun for example_branch_datetime_operator_2 to 2023-03-18T00:00:00+00:00, run_after=2023-03-19T00:00:00+00:00
[2023-03-19T14:05:52.958+0000] {logging_mixin.py:137} INFO - [2023-03-19T14:05:52.958+0000] {dag.py:3444} INFO - Setting next_dagrun for example_branch_datetime_operator_3 to 2023-03-18T00:00:00+00:00, run_after=2023-03-19T00:00:00+00:00
[2023-03-19T14:05:52.974+0000] {processor.py:175} INFO - Processing /home/airflow/.local/lib/python3.7/site-packages/airflow/example_dags/example_branch_datetime_operator.py took 0.133 seconds
[2023-03-19T14:06:23.498+0000] {processor.py:153} INFO - Started process (PID=102) to work on /home/airflow/.local/lib/python3.7/site-packages/airflow/example_dags/example_branch_datetime_operator.py
[2023-03-19T14:06:23.499+0000] {processor.py:743} INFO - Processing file /home/airflow/.local/lib/python3.7/site-packages/airflow/example_dags/example_branch_datetime_operator.py for tasks to queue
[2023-03-19T14:06:23.500+0000] {logging_mixin.py:137} INFO - [2023-03-19T14:06:23.500+0000] {dagbag.py:532} INFO - Filling up the DagBag from /home/airflow/.local/lib/python3.7/site-packages/airflow/example_dags/example_branch_datetime_operator.py
[2023-03-19T14:06:23.511+0000] {processor.py:753} INFO - DAG(s) dict_keys(['example_branch_datetime_operator', 'example_branch_datetime_operator_2', 'example_branch_datetime_operator_3']) retrieved from /home/airflow/.local/lib/python3.7/site-packages/airflow/example_dags/example_branch_datetime_operator.py
[2023-03-19T14:06:23.532+0000] {logging_mixin.py:137} INFO - [2023-03-19T14:06:23.532+0000] {dag.py:2693} INFO - Sync 3 DAGs
[2023-03-19T14:06:23.547+0000] {logging_mixin.py:137} INFO - [2023-03-19T14:06:23.547+0000] {dag.py:3444} INFO - Setting next_dagrun for example_branch_datetime_operator to 2023-03-18T00:00:00+00:00, run_after=2023-03-19T00:00:00+00:00
[2023-03-19T14:06:23.550+0000] {logging_mixin.py:137} INFO - [2023-03-19T14:06:23.550+0000] {dag.py:3444} INFO - Setting next_dagrun for example_branch_datetime_operator_2 to 2023-03-18T00:00:00+00:00, run_after=2023-03-19T00:00:00+00:00
[2023-03-19T14:06:23.552+0000] {logging_mixin.py:137} INFO - [2023-03-19T14:06:23.552+0000] {dag.py:3444} INFO - Setting next_dagrun for example_branch_datetime_operator_3 to 2023-03-18T00:00:00+00:00, run_after=2023-03-19T00:00:00+00:00
[2023-03-19T14:06:23.560+0000] {processor.py:175} INFO - Processing /home/airflow/.local/lib/python3.7/site-packages/airflow/example_dags/example_branch_datetime_operator.py took 0.064 seconds
[2023-03-19T14:06:53.807+0000] {processor.py:153} INFO - Started process (PID=151) to work on /home/airflow/.local/lib/python3.7/site-packages/airflow/example_dags/example_branch_datetime_operator.py
[2023-03-19T14:06:53.808+0000] {processor.py:743} INFO - Processing file /home/airflow/.local/lib/python3.7/site-packages/airflow/example_dags/example_branch_datetime_operator.py for tasks to queue
[2023-03-19T14:06:53.808+0000] {logging_mixin.py:137} INFO - [2023-03-19T14:06:53.808+0000] {dagbag.py:532} INFO - Filling up the DagBag from /home/airflow/.local/lib/python3.7/site-packages/airflow/example_dags/example_branch_datetime_operator.py
[2023-03-19T14:06:53.819+0000] {processor.py:753} INFO - DAG(s) dict_keys(['example_branch_datetime_operator_3', 'example_branch_datetime_operator', 'example_branch_datetime_operator_2']) retrieved from /home/airflow/.local/lib/python3.7/site-packages/airflow/example_dags/example_branch_datetime_operator.py
[2023-03-19T14:06:53.841+0000] {logging_mixin.py:137} INFO - [2023-03-19T14:06:53.841+0000] {dag.py:2693} INFO - Sync 3 DAGs
[2023-03-19T14:06:53.855+0000] {logging_mixin.py:137} INFO - [2023-03-19T14:06:53.855+0000] {dag.py:3444} INFO - Setting next_dagrun for example_branch_datetime_operator to 2023-03-18T00:00:00+00:00, run_after=2023-03-19T00:00:00+00:00
[2023-03-19T14:06:53.858+0000] {logging_mixin.py:137} INFO - [2023-03-19T14:06:53.858+0000] {dag.py:3444} INFO - Setting next_dagrun for example_branch_datetime_operator_2 to 2023-03-18T00:00:00+00:00, run_after=2023-03-19T00:00:00+00:00
[2023-03-19T14:06:53.859+0000] {logging_mixin.py:137} INFO - [2023-03-19T14:06:53.859+0000] {dag.py:3444} INFO - Setting next_dagrun for example_branch_datetime_operator_3 to 2023-03-18T00:00:00+00:00, run_after=2023-03-19T00:00:00+00:00
[2023-03-19T14:06:53.867+0000] {processor.py:175} INFO - Processing /home/airflow/.local/lib/python3.7/site-packages/airflow/example_dags/example_branch_datetime_operator.py took 0.063 seconds
[2023-03-19T14:07:24.190+0000] {processor.py:153} INFO - Started process (PID=200) to work on /home/airflow/.local/lib/python3.7/site-packages/airflow/example_dags/example_branch_datetime_operator.py
[2023-03-19T14:07:24.192+0000] {processor.py:743} INFO - Processing file /home/airflow/.local/lib/python3.7/site-packages/airflow/example_dags/example_branch_datetime_operator.py for tasks to queue
[2023-03-19T14:07:24.193+0000] {logging_mixin.py:137} INFO - [2023-03-19T14:07:24.193+0000] {dagbag.py:532} INFO - Filling up the DagBag from /home/airflow/.local/lib/python3.7/site-packages/airflow/example_dags/example_branch_datetime_operator.py
[2023-03-19T14:07:24.203+0000] {processor.py:753} INFO - DAG(s) dict_keys(['example_branch_datetime_operator', 'example_branch_datetime_operator_3', 'example_branch_datetime_operator_2']) retrieved from /home/airflow/.local/lib/python3.7/site-packages/airflow/example_dags/example_branch_datetime_operator.py
[2023-03-19T14:07:24.230+0000] {logging_mixin.py:137} INFO - [2023-03-19T14:07:24.230+0000] {dag.py:2693} INFO - Sync 3 DAGs
[2023-03-19T14:07:24.265+0000] {logging_mixin.py:137} INFO - [2023-03-19T14:07:24.265+0000] {dag.py:3444} INFO - Setting next_dagrun for example_branch_datetime_operator to 2023-03-18T00:00:00+00:00, run_after=2023-03-19T00:00:00+00:00
[2023-03-19T14:07:24.272+0000] {logging_mixin.py:137} INFO - [2023-03-19T14:07:24.271+0000] {dag.py:3444} INFO - Setting next_dagrun for example_branch_datetime_operator_2 to 2023-03-18T00:00:00+00:00, run_after=2023-03-19T00:00:00+00:00
[2023-03-19T14:07:24.274+0000] {logging_mixin.py:137} INFO - [2023-03-19T14:07:24.274+0000] {dag.py:3444} INFO - Setting next_dagrun for example_branch_datetime_operator_3 to 2023-03-18T00:00:00+00:00, run_after=2023-03-19T00:00:00+00:00
[2023-03-19T14:07:24.286+0000] {processor.py:175} INFO - Processing /home/airflow/.local/lib/python3.7/site-packages/airflow/example_dags/example_branch_datetime_operator.py took 0.098 seconds
[2023-03-19T14:07:54.637+0000] {processor.py:153} INFO - Started process (PID=249) to work on /home/airflow/.local/lib/python3.7/site-packages/airflow/example_dags/example_branch_datetime_operator.py
[2023-03-19T14:07:54.638+0000] {processor.py:743} INFO - Processing file /home/airflow/.local/lib/python3.7/site-packages/airflow/example_dags/example_branch_datetime_operator.py for tasks to queue
[2023-03-19T14:07:54.639+0000] {logging_mixin.py:137} INFO - [2023-03-19T14:07:54.638+0000] {dagbag.py:532} INFO - Filling up the DagBag from /home/airflow/.local/lib/python3.7/site-packages/airflow/example_dags/example_branch_datetime_operator.py
[2023-03-19T14:07:54.649+0000] {processor.py:753} INFO - DAG(s) dict_keys(['example_branch_datetime_operator_3', 'example_branch_datetime_operator', 'example_branch_datetime_operator_2']) retrieved from /home/airflow/.local/lib/python3.7/site-packages/airflow/example_dags/example_branch_datetime_operator.py
[2023-03-19T14:07:54.670+0000] {logging_mixin.py:137} INFO - [2023-03-19T14:07:54.670+0000] {dag.py:2693} INFO - Sync 3 DAGs
[2023-03-19T14:07:54.685+0000] {logging_mixin.py:137} INFO - [2023-03-19T14:07:54.685+0000] {dag.py:3444} INFO - Setting next_dagrun for example_branch_datetime_operator to 2023-03-18T00:00:00+00:00, run_after=2023-03-19T00:00:00+00:00
[2023-03-19T14:07:54.687+0000] {logging_mixin.py:137} INFO - [2023-03-19T14:07:54.687+0000] {dag.py:3444} INFO - Setting next_dagrun for example_branch_datetime_operator_2 to 2023-03-18T00:00:00+00:00, run_after=2023-03-19T00:00:00+00:00
[2023-03-19T14:07:54.689+0000] {logging_mixin.py:137} INFO - [2023-03-19T14:07:54.689+0000] {dag.py:3444} INFO - Setting next_dagrun for example_branch_datetime_operator_3 to 2023-03-18T00:00:00+00:00, run_after=2023-03-19T00:00:00+00:00
[2023-03-19T14:07:54.697+0000] {processor.py:175} INFO - Processing /home/airflow/.local/lib/python3.7/site-packages/airflow/example_dags/example_branch_datetime_operator.py took 0.063 seconds
[2023-03-19T14:08:25.454+0000] {processor.py:153} INFO - Started process (PID=299) to work on /home/airflow/.local/lib/python3.7/site-packages/airflow/example_dags/example_branch_datetime_operator.py
[2023-03-19T14:08:25.456+0000] {processor.py:743} INFO - Processing file /home/airflow/.local/lib/python3.7/site-packages/airflow/example_dags/example_branch_datetime_operator.py for tasks to queue
[2023-03-19T14:08:25.456+0000] {logging_mixin.py:137} INFO - [2023-03-19T14:08:25.456+0000] {dagbag.py:532} INFO - Filling up the DagBag from /home/airflow/.local/lib/python3.7/site-packages/airflow/example_dags/example_branch_datetime_operator.py
[2023-03-19T14:08:25.468+0000] {processor.py:753} INFO - DAG(s) dict_keys(['example_branch_datetime_operator_2', 'example_branch_datetime_operator_3', 'example_branch_datetime_operator']) retrieved from /home/airflow/.local/lib/python3.7/site-packages/airflow/example_dags/example_branch_datetime_operator.py
[2023-03-19T14:08:25.490+0000] {logging_mixin.py:137} INFO - [2023-03-19T14:08:25.490+0000] {dag.py:2693} INFO - Sync 3 DAGs
[2023-03-19T14:08:25.505+0000] {logging_mixin.py:137} INFO - [2023-03-19T14:08:25.505+0000] {dag.py:3444} INFO - Setting next_dagrun for example_branch_datetime_operator to 2023-03-18T00:00:00+00:00, run_after=2023-03-19T00:00:00+00:00
[2023-03-19T14:08:25.508+0000] {logging_mixin.py:137} INFO - [2023-03-19T14:08:25.508+0000] {dag.py:3444} INFO - Setting next_dagrun for example_branch_datetime_operator_2 to 2023-03-18T00:00:00+00:00, run_after=2023-03-19T00:00:00+00:00
[2023-03-19T14:08:25.509+0000] {logging_mixin.py:137} INFO - [2023-03-19T14:08:25.509+0000] {dag.py:3444} INFO - Setting next_dagrun for example_branch_datetime_operator_3 to 2023-03-18T00:00:00+00:00, run_after=2023-03-19T00:00:00+00:00
[2023-03-19T14:08:25.518+0000] {processor.py:175} INFO - Processing /home/airflow/.local/lib/python3.7/site-packages/airflow/example_dags/example_branch_datetime_operator.py took 0.066 seconds
[2023-03-19T14:09:10.377+0000] {processor.py:153} INFO - Started process (PID=52) to work on /home/airflow/.local/lib/python3.7/site-packages/airflow/example_dags/example_branch_datetime_operator.py
[2023-03-19T14:09:10.378+0000] {processor.py:743} INFO - Processing file /home/airflow/.local/lib/python3.7/site-packages/airflow/example_dags/example_branch_datetime_operator.py for tasks to queue
[2023-03-19T14:09:10.379+0000] {logging_mixin.py:137} INFO - [2023-03-19T14:09:10.379+0000] {dagbag.py:532} INFO - Filling up the DagBag from /home/airflow/.local/lib/python3.7/site-packages/airflow/example_dags/example_branch_datetime_operator.py
[2023-03-19T14:09:10.411+0000] {processor.py:753} INFO - DAG(s) dict_keys(['example_branch_datetime_operator', 'example_branch_datetime_operator_2', 'example_branch_datetime_operator_3']) retrieved from /home/airflow/.local/lib/python3.7/site-packages/airflow/example_dags/example_branch_datetime_operator.py
[2023-03-19T14:09:10.440+0000] {logging_mixin.py:137} INFO - [2023-03-19T14:09:10.439+0000] {dag.py:2693} INFO - Sync 3 DAGs
[2023-03-19T14:09:10.474+0000] {logging_mixin.py:137} INFO - [2023-03-19T14:09:10.474+0000] {dag.py:3444} INFO - Setting next_dagrun for example_branch_datetime_operator to 2023-03-18T00:00:00+00:00, run_after=2023-03-19T00:00:00+00:00
[2023-03-19T14:09:10.483+0000] {logging_mixin.py:137} INFO - [2023-03-19T14:09:10.483+0000] {dag.py:3444} INFO - Setting next_dagrun for example_branch_datetime_operator_2 to 2023-03-18T00:00:00+00:00, run_after=2023-03-19T00:00:00+00:00
[2023-03-19T14:09:10.492+0000] {logging_mixin.py:137} INFO - [2023-03-19T14:09:10.491+0000] {dag.py:3444} INFO - Setting next_dagrun for example_branch_datetime_operator_3 to 2023-03-18T00:00:00+00:00, run_after=2023-03-19T00:00:00+00:00
[2023-03-19T14:09:10.525+0000] {processor.py:175} INFO - Processing /home/airflow/.local/lib/python3.7/site-packages/airflow/example_dags/example_branch_datetime_operator.py took 0.153 seconds
[2023-03-19T14:09:40.597+0000] {processor.py:153} INFO - Started process (PID=101) to work on /home/airflow/.local/lib/python3.7/site-packages/airflow/example_dags/example_branch_datetime_operator.py
[2023-03-19T14:09:40.598+0000] {processor.py:743} INFO - Processing file /home/airflow/.local/lib/python3.7/site-packages/airflow/example_dags/example_branch_datetime_operator.py for tasks to queue
[2023-03-19T14:09:40.598+0000] {logging_mixin.py:137} INFO - [2023-03-19T14:09:40.598+0000] {dagbag.py:532} INFO - Filling up the DagBag from /home/airflow/.local/lib/python3.7/site-packages/airflow/example_dags/example_branch_datetime_operator.py
[2023-03-19T14:09:40.610+0000] {processor.py:753} INFO - DAG(s) dict_keys(['example_branch_datetime_operator', 'example_branch_datetime_operator_3', 'example_branch_datetime_operator_2']) retrieved from /home/airflow/.local/lib/python3.7/site-packages/airflow/example_dags/example_branch_datetime_operator.py
[2023-03-19T14:09:40.632+0000] {logging_mixin.py:137} INFO - [2023-03-19T14:09:40.632+0000] {dag.py:2693} INFO - Sync 3 DAGs
[2023-03-19T14:09:40.650+0000] {logging_mixin.py:137} INFO - [2023-03-19T14:09:40.650+0000] {dag.py:3444} INFO - Setting next_dagrun for example_branch_datetime_operator to 2023-03-18T00:00:00+00:00, run_after=2023-03-19T00:00:00+00:00
[2023-03-19T14:09:40.656+0000] {logging_mixin.py:137} INFO - [2023-03-19T14:09:40.656+0000] {dag.py:3444} INFO - Setting next_dagrun for example_branch_datetime_operator_2 to 2023-03-18T00:00:00+00:00, run_after=2023-03-19T00:00:00+00:00
[2023-03-19T14:09:40.660+0000] {logging_mixin.py:137} INFO - [2023-03-19T14:09:40.660+0000] {dag.py:3444} INFO - Setting next_dagrun for example_branch_datetime_operator_3 to 2023-03-18T00:00:00+00:00, run_after=2023-03-19T00:00:00+00:00
[2023-03-19T14:09:40.691+0000] {processor.py:175} INFO - Processing /home/airflow/.local/lib/python3.7/site-packages/airflow/example_dags/example_branch_datetime_operator.py took 0.097 seconds
[2023-03-19T14:10:11.172+0000] {processor.py:153} INFO - Started process (PID=149) to work on /home/airflow/.local/lib/python3.7/site-packages/airflow/example_dags/example_branch_datetime_operator.py
[2023-03-19T14:10:11.173+0000] {processor.py:743} INFO - Processing file /home/airflow/.local/lib/python3.7/site-packages/airflow/example_dags/example_branch_datetime_operator.py for tasks to queue
[2023-03-19T14:10:11.174+0000] {logging_mixin.py:137} INFO - [2023-03-19T14:10:11.174+0000] {dagbag.py:532} INFO - Filling up the DagBag from /home/airflow/.local/lib/python3.7/site-packages/airflow/example_dags/example_branch_datetime_operator.py
[2023-03-19T14:10:11.184+0000] {processor.py:753} INFO - DAG(s) dict_keys(['example_branch_datetime_operator', 'example_branch_datetime_operator_3', 'example_branch_datetime_operator_2']) retrieved from /home/airflow/.local/lib/python3.7/site-packages/airflow/example_dags/example_branch_datetime_operator.py
[2023-03-19T14:10:11.218+0000] {logging_mixin.py:137} INFO - [2023-03-19T14:10:11.218+0000] {dag.py:2693} INFO - Sync 3 DAGs
[2023-03-19T14:10:11.237+0000] {logging_mixin.py:137} INFO - [2023-03-19T14:10:11.236+0000] {dag.py:3444} INFO - Setting next_dagrun for example_branch_datetime_operator to 2023-03-18T00:00:00+00:00, run_after=2023-03-19T00:00:00+00:00
[2023-03-19T14:10:11.240+0000] {logging_mixin.py:137} INFO - [2023-03-19T14:10:11.240+0000] {dag.py:3444} INFO - Setting next_dagrun for example_branch_datetime_operator_2 to 2023-03-18T00:00:00+00:00, run_after=2023-03-19T00:00:00+00:00
[2023-03-19T14:10:11.241+0000] {logging_mixin.py:137} INFO - [2023-03-19T14:10:11.241+0000] {dag.py:3444} INFO - Setting next_dagrun for example_branch_datetime_operator_3 to 2023-03-18T00:00:00+00:00, run_after=2023-03-19T00:00:00+00:00
[2023-03-19T14:10:11.252+0000] {processor.py:175} INFO - Processing /home/airflow/.local/lib/python3.7/site-packages/airflow/example_dags/example_branch_datetime_operator.py took 0.083 seconds
[2023-03-19T14:10:42.230+0000] {processor.py:153} INFO - Started process (PID=198) to work on /home/airflow/.local/lib/python3.7/site-packages/airflow/example_dags/example_branch_datetime_operator.py
[2023-03-19T14:10:42.231+0000] {processor.py:743} INFO - Processing file /home/airflow/.local/lib/python3.7/site-packages/airflow/example_dags/example_branch_datetime_operator.py for tasks to queue
[2023-03-19T14:10:42.232+0000] {logging_mixin.py:137} INFO - [2023-03-19T14:10:42.232+0000] {dagbag.py:532} INFO - Filling up the DagBag from /home/airflow/.local/lib/python3.7/site-packages/airflow/example_dags/example_branch_datetime_operator.py
[2023-03-19T14:10:42.243+0000] {processor.py:753} INFO - DAG(s) dict_keys(['example_branch_datetime_operator', 'example_branch_datetime_operator_2', 'example_branch_datetime_operator_3']) retrieved from /home/airflow/.local/lib/python3.7/site-packages/airflow/example_dags/example_branch_datetime_operator.py
[2023-03-19T14:10:42.267+0000] {logging_mixin.py:137} INFO - [2023-03-19T14:10:42.267+0000] {dag.py:2693} INFO - Sync 3 DAGs
[2023-03-19T14:10:42.284+0000] {logging_mixin.py:137} INFO - [2023-03-19T14:10:42.284+0000] {dag.py:3444} INFO - Setting next_dagrun for example_branch_datetime_operator to 2023-03-18T00:00:00+00:00, run_after=2023-03-19T00:00:00+00:00
[2023-03-19T14:10:42.288+0000] {logging_mixin.py:137} INFO - [2023-03-19T14:10:42.287+0000] {dag.py:3444} INFO - Setting next_dagrun for example_branch_datetime_operator_2 to 2023-03-18T00:00:00+00:00, run_after=2023-03-19T00:00:00+00:00
[2023-03-19T14:10:42.290+0000] {logging_mixin.py:137} INFO - [2023-03-19T14:10:42.290+0000] {dag.py:3444} INFO - Setting next_dagrun for example_branch_datetime_operator_3 to 2023-03-18T00:00:00+00:00, run_after=2023-03-19T00:00:00+00:00
[2023-03-19T14:10:42.320+0000] {processor.py:175} INFO - Processing /home/airflow/.local/lib/python3.7/site-packages/airflow/example_dags/example_branch_datetime_operator.py took 0.092 seconds
[2023-03-19T14:11:12.734+0000] {processor.py:153} INFO - Started process (PID=247) to work on /home/airflow/.local/lib/python3.7/site-packages/airflow/example_dags/example_branch_datetime_operator.py
[2023-03-19T14:11:12.735+0000] {processor.py:743} INFO - Processing file /home/airflow/.local/lib/python3.7/site-packages/airflow/example_dags/example_branch_datetime_operator.py for tasks to queue
[2023-03-19T14:11:12.736+0000] {logging_mixin.py:137} INFO - [2023-03-19T14:11:12.736+0000] {dagbag.py:532} INFO - Filling up the DagBag from /home/airflow/.local/lib/python3.7/site-packages/airflow/example_dags/example_branch_datetime_operator.py
[2023-03-19T14:11:12.748+0000] {processor.py:753} INFO - DAG(s) dict_keys(['example_branch_datetime_operator_3', 'example_branch_datetime_operator', 'example_branch_datetime_operator_2']) retrieved from /home/airflow/.local/lib/python3.7/site-packages/airflow/example_dags/example_branch_datetime_operator.py
[2023-03-19T14:11:12.770+0000] {logging_mixin.py:137} INFO - [2023-03-19T14:11:12.770+0000] {dag.py:2693} INFO - Sync 3 DAGs
[2023-03-19T14:11:12.787+0000] {logging_mixin.py:137} INFO - [2023-03-19T14:11:12.787+0000] {dag.py:3444} INFO - Setting next_dagrun for example_branch_datetime_operator to 2023-03-18T00:00:00+00:00, run_after=2023-03-19T00:00:00+00:00
[2023-03-19T14:11:12.790+0000] {logging_mixin.py:137} INFO - [2023-03-19T14:11:12.790+0000] {dag.py:3444} INFO - Setting next_dagrun for example_branch_datetime_operator_2 to 2023-03-18T00:00:00+00:00, run_after=2023-03-19T00:00:00+00:00
[2023-03-19T14:11:12.791+0000] {logging_mixin.py:137} INFO - [2023-03-19T14:11:12.791+0000] {dag.py:3444} INFO - Setting next_dagrun for example_branch_datetime_operator_3 to 2023-03-18T00:00:00+00:00, run_after=2023-03-19T00:00:00+00:00
[2023-03-19T14:11:12.801+0000] {processor.py:175} INFO - Processing /home/airflow/.local/lib/python3.7/site-packages/airflow/example_dags/example_branch_datetime_operator.py took 0.068 seconds
[2023-03-19T14:11:43.067+0000] {processor.py:153} INFO - Started process (PID=296) to work on /home/airflow/.local/lib/python3.7/site-packages/airflow/example_dags/example_branch_datetime_operator.py
[2023-03-19T14:11:43.068+0000] {processor.py:743} INFO - Processing file /home/airflow/.local/lib/python3.7/site-packages/airflow/example_dags/example_branch_datetime_operator.py for tasks to queue
[2023-03-19T14:11:43.069+0000] {logging_mixin.py:137} INFO - [2023-03-19T14:11:43.069+0000] {dagbag.py:532} INFO - Filling up the DagBag from /home/airflow/.local/lib/python3.7/site-packages/airflow/example_dags/example_branch_datetime_operator.py
[2023-03-19T14:11:43.079+0000] {processor.py:753} INFO - DAG(s) dict_keys(['example_branch_datetime_operator', 'example_branch_datetime_operator_2', 'example_branch_datetime_operator_3']) retrieved from /home/airflow/.local/lib/python3.7/site-packages/airflow/example_dags/example_branch_datetime_operator.py
[2023-03-19T14:11:43.107+0000] {logging_mixin.py:137} INFO - [2023-03-19T14:11:43.107+0000] {dag.py:2693} INFO - Sync 3 DAGs
[2023-03-19T14:11:43.123+0000] {logging_mixin.py:137} INFO - [2023-03-19T14:11:43.123+0000] {dag.py:3444} INFO - Setting next_dagrun for example_branch_datetime_operator to 2023-03-18T00:00:00+00:00, run_after=2023-03-19T00:00:00+00:00
[2023-03-19T14:11:43.126+0000] {logging_mixin.py:137} INFO - [2023-03-19T14:11:43.126+0000] {dag.py:3444} INFO - Setting next_dagrun for example_branch_datetime_operator_2 to 2023-03-18T00:00:00+00:00, run_after=2023-03-19T00:00:00+00:00
[2023-03-19T14:11:43.128+0000] {logging_mixin.py:137} INFO - [2023-03-19T14:11:43.128+0000] {dag.py:3444} INFO - Setting next_dagrun for example_branch_datetime_operator_3 to 2023-03-18T00:00:00+00:00, run_after=2023-03-19T00:00:00+00:00
[2023-03-19T14:11:43.137+0000] {processor.py:175} INFO - Processing /home/airflow/.local/lib/python3.7/site-packages/airflow/example_dags/example_branch_datetime_operator.py took 0.072 seconds
[2023-03-19T14:12:13.975+0000] {processor.py:153} INFO - Started process (PID=345) to work on /home/airflow/.local/lib/python3.7/site-packages/airflow/example_dags/example_branch_datetime_operator.py
[2023-03-19T14:12:13.978+0000] {processor.py:743} INFO - Processing file /home/airflow/.local/lib/python3.7/site-packages/airflow/example_dags/example_branch_datetime_operator.py for tasks to queue
[2023-03-19T14:12:13.979+0000] {logging_mixin.py:137} INFO - [2023-03-19T14:12:13.979+0000] {dagbag.py:532} INFO - Filling up the DagBag from /home/airflow/.local/lib/python3.7/site-packages/airflow/example_dags/example_branch_datetime_operator.py
[2023-03-19T14:12:14.012+0000] {processor.py:753} INFO - DAG(s) dict_keys(['example_branch_datetime_operator_2', 'example_branch_datetime_operator_3', 'example_branch_datetime_operator']) retrieved from /home/airflow/.local/lib/python3.7/site-packages/airflow/example_dags/example_branch_datetime_operator.py
[2023-03-19T14:12:14.066+0000] {logging_mixin.py:137} INFO - [2023-03-19T14:12:14.066+0000] {dag.py:2693} INFO - Sync 3 DAGs
[2023-03-19T14:12:14.086+0000] {logging_mixin.py:137} INFO - [2023-03-19T14:12:14.085+0000] {dag.py:3444} INFO - Setting next_dagrun for example_branch_datetime_operator to 2023-03-18T00:00:00+00:00, run_after=2023-03-19T00:00:00+00:00
[2023-03-19T14:12:14.089+0000] {logging_mixin.py:137} INFO - [2023-03-19T14:12:14.089+0000] {dag.py:3444} INFO - Setting next_dagrun for example_branch_datetime_operator_2 to 2023-03-18T00:00:00+00:00, run_after=2023-03-19T00:00:00+00:00
[2023-03-19T14:12:14.091+0000] {logging_mixin.py:137} INFO - [2023-03-19T14:12:14.091+0000] {dag.py:3444} INFO - Setting next_dagrun for example_branch_datetime_operator_3 to 2023-03-18T00:00:00+00:00, run_after=2023-03-19T00:00:00+00:00
[2023-03-19T14:12:14.100+0000] {processor.py:175} INFO - Processing /home/airflow/.local/lib/python3.7/site-packages/airflow/example_dags/example_branch_datetime_operator.py took 0.130 seconds
