[2023-03-19T13:33:00.549+0000] {processor.py:153} INFO - Started process (PID=58) to work on /home/airflow/.local/lib/python3.7/site-packages/airflow/example_dags/example_branch_day_of_week_operator.py
[2023-03-19T13:33:00.550+0000] {processor.py:743} INFO - Processing file /home/airflow/.local/lib/python3.7/site-packages/airflow/example_dags/example_branch_day_of_week_operator.py for tasks to queue
[2023-03-19T13:33:00.553+0000] {logging_mixin.py:137} INFO - [2023-03-19T13:33:00.553+0000] {dagbag.py:532} INFO - Filling up the DagBag from /home/airflow/.local/lib/python3.7/site-packages/airflow/example_dags/example_branch_day_of_week_operator.py
[2023-03-19T13:33:00.573+0000] {processor.py:753} INFO - DAG(s) dict_keys(['example_weekday_branch_operator']) retrieved from /home/airflow/.local/lib/python3.7/site-packages/airflow/example_dags/example_branch_day_of_week_operator.py
[2023-03-19T13:33:00.607+0000] {logging_mixin.py:137} INFO - [2023-03-19T13:33:00.607+0000] {dag.py:2693} INFO - Sync 1 DAGs
[2023-03-19T13:33:00.681+0000] {logging_mixin.py:137} INFO - [2023-03-19T13:33:00.681+0000] {dag.py:3444} INFO - Setting next_dagrun for example_weekday_branch_operator to 2023-03-18T00:00:00+00:00, run_after=2023-03-19T00:00:00+00:00
[2023-03-19T13:33:00.696+0000] {processor.py:175} INFO - Processing /home/airflow/.local/lib/python3.7/site-packages/airflow/example_dags/example_branch_day_of_week_operator.py took 0.151 seconds
[2023-03-19T13:33:31.587+0000] {processor.py:153} INFO - Started process (PID=107) to work on /home/airflow/.local/lib/python3.7/site-packages/airflow/example_dags/example_branch_day_of_week_operator.py
[2023-03-19T13:33:31.590+0000] {processor.py:743} INFO - Processing file /home/airflow/.local/lib/python3.7/site-packages/airflow/example_dags/example_branch_day_of_week_operator.py for tasks to queue
[2023-03-19T13:33:31.591+0000] {logging_mixin.py:137} INFO - [2023-03-19T13:33:31.591+0000] {dagbag.py:532} INFO - Filling up the DagBag from /home/airflow/.local/lib/python3.7/site-packages/airflow/example_dags/example_branch_day_of_week_operator.py
[2023-03-19T13:33:31.604+0000] {processor.py:753} INFO - DAG(s) dict_keys(['example_weekday_branch_operator']) retrieved from /home/airflow/.local/lib/python3.7/site-packages/airflow/example_dags/example_branch_day_of_week_operator.py
[2023-03-19T13:33:31.624+0000] {logging_mixin.py:137} INFO - [2023-03-19T13:33:31.623+0000] {dag.py:2693} INFO - Sync 1 DAGs
[2023-03-19T13:33:31.640+0000] {logging_mixin.py:137} INFO - [2023-03-19T13:33:31.640+0000] {dag.py:3444} INFO - Setting next_dagrun for example_weekday_branch_operator to 2023-03-18T00:00:00+00:00, run_after=2023-03-19T00:00:00+00:00
[2023-03-19T13:33:31.651+0000] {processor.py:175} INFO - Processing /home/airflow/.local/lib/python3.7/site-packages/airflow/example_dags/example_branch_day_of_week_operator.py took 0.067 seconds
[2023-03-19T13:34:01.805+0000] {processor.py:153} INFO - Started process (PID=157) to work on /home/airflow/.local/lib/python3.7/site-packages/airflow/example_dags/example_branch_day_of_week_operator.py
[2023-03-19T13:34:01.805+0000] {processor.py:743} INFO - Processing file /home/airflow/.local/lib/python3.7/site-packages/airflow/example_dags/example_branch_day_of_week_operator.py for tasks to queue
[2023-03-19T13:34:01.806+0000] {logging_mixin.py:137} INFO - [2023-03-19T13:34:01.806+0000] {dagbag.py:532} INFO - Filling up the DagBag from /home/airflow/.local/lib/python3.7/site-packages/airflow/example_dags/example_branch_day_of_week_operator.py
[2023-03-19T13:34:01.816+0000] {processor.py:753} INFO - DAG(s) dict_keys(['example_weekday_branch_operator']) retrieved from /home/airflow/.local/lib/python3.7/site-packages/airflow/example_dags/example_branch_day_of_week_operator.py
[2023-03-19T13:34:01.833+0000] {logging_mixin.py:137} INFO - [2023-03-19T13:34:01.833+0000] {dag.py:2693} INFO - Sync 1 DAGs
[2023-03-19T13:34:01.847+0000] {logging_mixin.py:137} INFO - [2023-03-19T13:34:01.847+0000] {dag.py:3444} INFO - Setting next_dagrun for example_weekday_branch_operator to 2023-03-18T00:00:00+00:00, run_after=2023-03-19T00:00:00+00:00
[2023-03-19T13:34:01.856+0000] {processor.py:175} INFO - Processing /home/airflow/.local/lib/python3.7/site-packages/airflow/example_dags/example_branch_day_of_week_operator.py took 0.054 seconds
[2023-03-19T13:34:32.106+0000] {processor.py:153} INFO - Started process (PID=206) to work on /home/airflow/.local/lib/python3.7/site-packages/airflow/example_dags/example_branch_day_of_week_operator.py
[2023-03-19T13:34:32.107+0000] {processor.py:743} INFO - Processing file /home/airflow/.local/lib/python3.7/site-packages/airflow/example_dags/example_branch_day_of_week_operator.py for tasks to queue
[2023-03-19T13:34:32.108+0000] {logging_mixin.py:137} INFO - [2023-03-19T13:34:32.108+0000] {dagbag.py:532} INFO - Filling up the DagBag from /home/airflow/.local/lib/python3.7/site-packages/airflow/example_dags/example_branch_day_of_week_operator.py
[2023-03-19T13:34:32.119+0000] {processor.py:753} INFO - DAG(s) dict_keys(['example_weekday_branch_operator']) retrieved from /home/airflow/.local/lib/python3.7/site-packages/airflow/example_dags/example_branch_day_of_week_operator.py
[2023-03-19T13:34:32.138+0000] {logging_mixin.py:137} INFO - [2023-03-19T13:34:32.138+0000] {dag.py:2693} INFO - Sync 1 DAGs
[2023-03-19T13:34:32.153+0000] {logging_mixin.py:137} INFO - [2023-03-19T13:34:32.153+0000] {dag.py:3444} INFO - Setting next_dagrun for example_weekday_branch_operator to 2023-03-18T00:00:00+00:00, run_after=2023-03-19T00:00:00+00:00
[2023-03-19T13:34:32.162+0000] {processor.py:175} INFO - Processing /home/airflow/.local/lib/python3.7/site-packages/airflow/example_dags/example_branch_day_of_week_operator.py took 0.057 seconds
[2023-03-19T13:35:02.897+0000] {processor.py:153} INFO - Started process (PID=255) to work on /home/airflow/.local/lib/python3.7/site-packages/airflow/example_dags/example_branch_day_of_week_operator.py
[2023-03-19T13:35:02.898+0000] {processor.py:743} INFO - Processing file /home/airflow/.local/lib/python3.7/site-packages/airflow/example_dags/example_branch_day_of_week_operator.py for tasks to queue
[2023-03-19T13:35:02.899+0000] {logging_mixin.py:137} INFO - [2023-03-19T13:35:02.898+0000] {dagbag.py:532} INFO - Filling up the DagBag from /home/airflow/.local/lib/python3.7/site-packages/airflow/example_dags/example_branch_day_of_week_operator.py
[2023-03-19T13:35:02.909+0000] {processor.py:753} INFO - DAG(s) dict_keys(['example_weekday_branch_operator']) retrieved from /home/airflow/.local/lib/python3.7/site-packages/airflow/example_dags/example_branch_day_of_week_operator.py
[2023-03-19T13:35:02.926+0000] {logging_mixin.py:137} INFO - [2023-03-19T13:35:02.926+0000] {dag.py:2693} INFO - Sync 1 DAGs
[2023-03-19T13:35:02.940+0000] {logging_mixin.py:137} INFO - [2023-03-19T13:35:02.940+0000] {dag.py:3444} INFO - Setting next_dagrun for example_weekday_branch_operator to 2023-03-18T00:00:00+00:00, run_after=2023-03-19T00:00:00+00:00
[2023-03-19T13:35:02.951+0000] {processor.py:175} INFO - Processing /home/airflow/.local/lib/python3.7/site-packages/airflow/example_dags/example_branch_day_of_week_operator.py took 0.056 seconds
[2023-03-19T13:35:33.066+0000] {processor.py:153} INFO - Started process (PID=303) to work on /home/airflow/.local/lib/python3.7/site-packages/airflow/example_dags/example_branch_day_of_week_operator.py
[2023-03-19T13:35:33.067+0000] {processor.py:743} INFO - Processing file /home/airflow/.local/lib/python3.7/site-packages/airflow/example_dags/example_branch_day_of_week_operator.py for tasks to queue
[2023-03-19T13:35:33.067+0000] {logging_mixin.py:137} INFO - [2023-03-19T13:35:33.067+0000] {dagbag.py:532} INFO - Filling up the DagBag from /home/airflow/.local/lib/python3.7/site-packages/airflow/example_dags/example_branch_day_of_week_operator.py
[2023-03-19T13:35:33.077+0000] {processor.py:753} INFO - DAG(s) dict_keys(['example_weekday_branch_operator']) retrieved from /home/airflow/.local/lib/python3.7/site-packages/airflow/example_dags/example_branch_day_of_week_operator.py
[2023-03-19T13:35:33.095+0000] {logging_mixin.py:137} INFO - [2023-03-19T13:35:33.095+0000] {dag.py:2693} INFO - Sync 1 DAGs
[2023-03-19T13:35:33.110+0000] {logging_mixin.py:137} INFO - [2023-03-19T13:35:33.110+0000] {dag.py:3444} INFO - Setting next_dagrun for example_weekday_branch_operator to 2023-03-18T00:00:00+00:00, run_after=2023-03-19T00:00:00+00:00
[2023-03-19T13:35:33.120+0000] {processor.py:175} INFO - Processing /home/airflow/.local/lib/python3.7/site-packages/airflow/example_dags/example_branch_day_of_week_operator.py took 0.056 seconds
[2023-03-19T14:05:53.586+0000] {processor.py:153} INFO - Started process (PID=58) to work on /home/airflow/.local/lib/python3.7/site-packages/airflow/example_dags/example_branch_day_of_week_operator.py
[2023-03-19T14:05:53.589+0000] {processor.py:743} INFO - Processing file /home/airflow/.local/lib/python3.7/site-packages/airflow/example_dags/example_branch_day_of_week_operator.py for tasks to queue
[2023-03-19T14:05:53.591+0000] {logging_mixin.py:137} INFO - [2023-03-19T14:05:53.591+0000] {dagbag.py:532} INFO - Filling up the DagBag from /home/airflow/.local/lib/python3.7/site-packages/airflow/example_dags/example_branch_day_of_week_operator.py
[2023-03-19T14:05:53.611+0000] {processor.py:753} INFO - DAG(s) dict_keys(['example_weekday_branch_operator']) retrieved from /home/airflow/.local/lib/python3.7/site-packages/airflow/example_dags/example_branch_day_of_week_operator.py
[2023-03-19T14:05:53.666+0000] {logging_mixin.py:137} INFO - [2023-03-19T14:05:53.666+0000] {dag.py:2693} INFO - Sync 1 DAGs
[2023-03-19T14:05:53.785+0000] {logging_mixin.py:137} INFO - [2023-03-19T14:05:53.785+0000] {dag.py:3444} INFO - Setting next_dagrun for example_weekday_branch_operator to 2023-03-18T00:00:00+00:00, run_after=2023-03-19T00:00:00+00:00
[2023-03-19T14:05:53.865+0000] {processor.py:175} INFO - Processing /home/airflow/.local/lib/python3.7/site-packages/airflow/example_dags/example_branch_day_of_week_operator.py took 0.290 seconds
[2023-03-19T14:06:24.722+0000] {processor.py:153} INFO - Started process (PID=107) to work on /home/airflow/.local/lib/python3.7/site-packages/airflow/example_dags/example_branch_day_of_week_operator.py
[2023-03-19T14:06:24.724+0000] {processor.py:743} INFO - Processing file /home/airflow/.local/lib/python3.7/site-packages/airflow/example_dags/example_branch_day_of_week_operator.py for tasks to queue
[2023-03-19T14:06:24.725+0000] {logging_mixin.py:137} INFO - [2023-03-19T14:06:24.725+0000] {dagbag.py:532} INFO - Filling up the DagBag from /home/airflow/.local/lib/python3.7/site-packages/airflow/example_dags/example_branch_day_of_week_operator.py
[2023-03-19T14:06:24.742+0000] {processor.py:753} INFO - DAG(s) dict_keys(['example_weekday_branch_operator']) retrieved from /home/airflow/.local/lib/python3.7/site-packages/airflow/example_dags/example_branch_day_of_week_operator.py
[2023-03-19T14:06:24.765+0000] {logging_mixin.py:137} INFO - [2023-03-19T14:06:24.765+0000] {dag.py:2693} INFO - Sync 1 DAGs
[2023-03-19T14:06:24.782+0000] {logging_mixin.py:137} INFO - [2023-03-19T14:06:24.782+0000] {dag.py:3444} INFO - Setting next_dagrun for example_weekday_branch_operator to 2023-03-18T00:00:00+00:00, run_after=2023-03-19T00:00:00+00:00
[2023-03-19T14:06:24.791+0000] {processor.py:175} INFO - Processing /home/airflow/.local/lib/python3.7/site-packages/airflow/example_dags/example_branch_day_of_week_operator.py took 0.076 seconds
[2023-03-19T14:06:55.033+0000] {processor.py:153} INFO - Started process (PID=156) to work on /home/airflow/.local/lib/python3.7/site-packages/airflow/example_dags/example_branch_day_of_week_operator.py
[2023-03-19T14:06:55.035+0000] {processor.py:743} INFO - Processing file /home/airflow/.local/lib/python3.7/site-packages/airflow/example_dags/example_branch_day_of_week_operator.py for tasks to queue
[2023-03-19T14:06:55.036+0000] {logging_mixin.py:137} INFO - [2023-03-19T14:06:55.036+0000] {dagbag.py:532} INFO - Filling up the DagBag from /home/airflow/.local/lib/python3.7/site-packages/airflow/example_dags/example_branch_day_of_week_operator.py
[2023-03-19T14:06:55.052+0000] {processor.py:753} INFO - DAG(s) dict_keys(['example_weekday_branch_operator']) retrieved from /home/airflow/.local/lib/python3.7/site-packages/airflow/example_dags/example_branch_day_of_week_operator.py
[2023-03-19T14:06:55.074+0000] {logging_mixin.py:137} INFO - [2023-03-19T14:06:55.074+0000] {dag.py:2693} INFO - Sync 1 DAGs
[2023-03-19T14:06:55.088+0000] {logging_mixin.py:137} INFO - [2023-03-19T14:06:55.088+0000] {dag.py:3444} INFO - Setting next_dagrun for example_weekday_branch_operator to 2023-03-18T00:00:00+00:00, run_after=2023-03-19T00:00:00+00:00
[2023-03-19T14:06:55.098+0000] {processor.py:175} INFO - Processing /home/airflow/.local/lib/python3.7/site-packages/airflow/example_dags/example_branch_day_of_week_operator.py took 0.070 seconds
[2023-03-19T14:07:25.461+0000] {processor.py:153} INFO - Started process (PID=205) to work on /home/airflow/.local/lib/python3.7/site-packages/airflow/example_dags/example_branch_day_of_week_operator.py
[2023-03-19T14:07:25.463+0000] {processor.py:743} INFO - Processing file /home/airflow/.local/lib/python3.7/site-packages/airflow/example_dags/example_branch_day_of_week_operator.py for tasks to queue
[2023-03-19T14:07:25.464+0000] {logging_mixin.py:137} INFO - [2023-03-19T14:07:25.464+0000] {dagbag.py:532} INFO - Filling up the DagBag from /home/airflow/.local/lib/python3.7/site-packages/airflow/example_dags/example_branch_day_of_week_operator.py
[2023-03-19T14:07:25.481+0000] {processor.py:753} INFO - DAG(s) dict_keys(['example_weekday_branch_operator']) retrieved from /home/airflow/.local/lib/python3.7/site-packages/airflow/example_dags/example_branch_day_of_week_operator.py
[2023-03-19T14:07:25.503+0000] {logging_mixin.py:137} INFO - [2023-03-19T14:07:25.503+0000] {dag.py:2693} INFO - Sync 1 DAGs
[2023-03-19T14:07:25.518+0000] {logging_mixin.py:137} INFO - [2023-03-19T14:07:25.518+0000] {dag.py:3444} INFO - Setting next_dagrun for example_weekday_branch_operator to 2023-03-18T00:00:00+00:00, run_after=2023-03-19T00:00:00+00:00
[2023-03-19T14:07:25.529+0000] {processor.py:175} INFO - Processing /home/airflow/.local/lib/python3.7/site-packages/airflow/example_dags/example_branch_day_of_week_operator.py took 0.074 seconds
[2023-03-19T14:07:55.869+0000] {processor.py:153} INFO - Started process (PID=254) to work on /home/airflow/.local/lib/python3.7/site-packages/airflow/example_dags/example_branch_day_of_week_operator.py
[2023-03-19T14:07:55.871+0000] {processor.py:743} INFO - Processing file /home/airflow/.local/lib/python3.7/site-packages/airflow/example_dags/example_branch_day_of_week_operator.py for tasks to queue
[2023-03-19T14:07:55.873+0000] {logging_mixin.py:137} INFO - [2023-03-19T14:07:55.872+0000] {dagbag.py:532} INFO - Filling up the DagBag from /home/airflow/.local/lib/python3.7/site-packages/airflow/example_dags/example_branch_day_of_week_operator.py
[2023-03-19T14:07:55.890+0000] {processor.py:753} INFO - DAG(s) dict_keys(['example_weekday_branch_operator']) retrieved from /home/airflow/.local/lib/python3.7/site-packages/airflow/example_dags/example_branch_day_of_week_operator.py
[2023-03-19T14:07:55.913+0000] {logging_mixin.py:137} INFO - [2023-03-19T14:07:55.913+0000] {dag.py:2693} INFO - Sync 1 DAGs
[2023-03-19T14:07:55.928+0000] {logging_mixin.py:137} INFO - [2023-03-19T14:07:55.928+0000] {dag.py:3444} INFO - Setting next_dagrun for example_weekday_branch_operator to 2023-03-18T00:00:00+00:00, run_after=2023-03-19T00:00:00+00:00
[2023-03-19T14:07:55.942+0000] {processor.py:175} INFO - Processing /home/airflow/.local/lib/python3.7/site-packages/airflow/example_dags/example_branch_day_of_week_operator.py took 0.079 seconds
[2023-03-19T14:08:26.682+0000] {processor.py:153} INFO - Started process (PID=304) to work on /home/airflow/.local/lib/python3.7/site-packages/airflow/example_dags/example_branch_day_of_week_operator.py
[2023-03-19T14:08:26.684+0000] {processor.py:743} INFO - Processing file /home/airflow/.local/lib/python3.7/site-packages/airflow/example_dags/example_branch_day_of_week_operator.py for tasks to queue
[2023-03-19T14:08:26.685+0000] {logging_mixin.py:137} INFO - [2023-03-19T14:08:26.685+0000] {dagbag.py:532} INFO - Filling up the DagBag from /home/airflow/.local/lib/python3.7/site-packages/airflow/example_dags/example_branch_day_of_week_operator.py
[2023-03-19T14:08:26.702+0000] {processor.py:753} INFO - DAG(s) dict_keys(['example_weekday_branch_operator']) retrieved from /home/airflow/.local/lib/python3.7/site-packages/airflow/example_dags/example_branch_day_of_week_operator.py
[2023-03-19T14:08:26.725+0000] {logging_mixin.py:137} INFO - [2023-03-19T14:08:26.725+0000] {dag.py:2693} INFO - Sync 1 DAGs
[2023-03-19T14:08:26.740+0000] {logging_mixin.py:137} INFO - [2023-03-19T14:08:26.739+0000] {dag.py:3444} INFO - Setting next_dagrun for example_weekday_branch_operator to 2023-03-18T00:00:00+00:00, run_after=2023-03-19T00:00:00+00:00
[2023-03-19T14:08:26.749+0000] {processor.py:175} INFO - Processing /home/airflow/.local/lib/python3.7/site-packages/airflow/example_dags/example_branch_day_of_week_operator.py took 0.073 seconds
[2023-03-19T14:09:10.779+0000] {processor.py:153} INFO - Started process (PID=57) to work on /home/airflow/.local/lib/python3.7/site-packages/airflow/example_dags/example_branch_day_of_week_operator.py
[2023-03-19T14:09:10.788+0000] {processor.py:743} INFO - Processing file /home/airflow/.local/lib/python3.7/site-packages/airflow/example_dags/example_branch_day_of_week_operator.py for tasks to queue
[2023-03-19T14:09:10.793+0000] {logging_mixin.py:137} INFO - [2023-03-19T14:09:10.793+0000] {dagbag.py:532} INFO - Filling up the DagBag from /home/airflow/.local/lib/python3.7/site-packages/airflow/example_dags/example_branch_day_of_week_operator.py
[2023-03-19T14:09:10.839+0000] {processor.py:753} INFO - DAG(s) dict_keys(['example_weekday_branch_operator']) retrieved from /home/airflow/.local/lib/python3.7/site-packages/airflow/example_dags/example_branch_day_of_week_operator.py
[2023-03-19T14:09:10.871+0000] {logging_mixin.py:137} INFO - [2023-03-19T14:09:10.870+0000] {dag.py:2693} INFO - Sync 1 DAGs
[2023-03-19T14:09:10.915+0000] {logging_mixin.py:137} INFO - [2023-03-19T14:09:10.915+0000] {dag.py:3444} INFO - Setting next_dagrun for example_weekday_branch_operator to 2023-03-18T00:00:00+00:00, run_after=2023-03-19T00:00:00+00:00
[2023-03-19T14:09:10.967+0000] {processor.py:175} INFO - Processing /home/airflow/.local/lib/python3.7/site-packages/airflow/example_dags/example_branch_day_of_week_operator.py took 0.190 seconds
[2023-03-19T14:09:41.828+0000] {processor.py:153} INFO - Started process (PID=106) to work on /home/airflow/.local/lib/python3.7/site-packages/airflow/example_dags/example_branch_day_of_week_operator.py
[2023-03-19T14:09:41.829+0000] {processor.py:743} INFO - Processing file /home/airflow/.local/lib/python3.7/site-packages/airflow/example_dags/example_branch_day_of_week_operator.py for tasks to queue
[2023-03-19T14:09:41.830+0000] {logging_mixin.py:137} INFO - [2023-03-19T14:09:41.830+0000] {dagbag.py:532} INFO - Filling up the DagBag from /home/airflow/.local/lib/python3.7/site-packages/airflow/example_dags/example_branch_day_of_week_operator.py
[2023-03-19T14:09:41.860+0000] {processor.py:753} INFO - DAG(s) dict_keys(['example_weekday_branch_operator']) retrieved from /home/airflow/.local/lib/python3.7/site-packages/airflow/example_dags/example_branch_day_of_week_operator.py
[2023-03-19T14:09:41.898+0000] {logging_mixin.py:137} INFO - [2023-03-19T14:09:41.898+0000] {dag.py:2693} INFO - Sync 1 DAGs
[2023-03-19T14:09:41.930+0000] {logging_mixin.py:137} INFO - [2023-03-19T14:09:41.930+0000] {dag.py:3444} INFO - Setting next_dagrun for example_weekday_branch_operator to 2023-03-18T00:00:00+00:00, run_after=2023-03-19T00:00:00+00:00
[2023-03-19T14:09:41.943+0000] {processor.py:175} INFO - Processing /home/airflow/.local/lib/python3.7/site-packages/airflow/example_dags/example_branch_day_of_week_operator.py took 0.119 seconds
[2023-03-19T14:10:12.371+0000] {processor.py:153} INFO - Started process (PID=154) to work on /home/airflow/.local/lib/python3.7/site-packages/airflow/example_dags/example_branch_day_of_week_operator.py
[2023-03-19T14:10:12.372+0000] {processor.py:743} INFO - Processing file /home/airflow/.local/lib/python3.7/site-packages/airflow/example_dags/example_branch_day_of_week_operator.py for tasks to queue
[2023-03-19T14:10:12.374+0000] {logging_mixin.py:137} INFO - [2023-03-19T14:10:12.374+0000] {dagbag.py:532} INFO - Filling up the DagBag from /home/airflow/.local/lib/python3.7/site-packages/airflow/example_dags/example_branch_day_of_week_operator.py
[2023-03-19T14:10:12.388+0000] {processor.py:753} INFO - DAG(s) dict_keys(['example_weekday_branch_operator']) retrieved from /home/airflow/.local/lib/python3.7/site-packages/airflow/example_dags/example_branch_day_of_week_operator.py
[2023-03-19T14:10:12.411+0000] {logging_mixin.py:137} INFO - [2023-03-19T14:10:12.410+0000] {dag.py:2693} INFO - Sync 1 DAGs
[2023-03-19T14:10:12.428+0000] {logging_mixin.py:137} INFO - [2023-03-19T14:10:12.428+0000] {dag.py:3444} INFO - Setting next_dagrun for example_weekday_branch_operator to 2023-03-18T00:00:00+00:00, run_after=2023-03-19T00:00:00+00:00
[2023-03-19T14:10:12.440+0000] {processor.py:175} INFO - Processing /home/airflow/.local/lib/python3.7/site-packages/airflow/example_dags/example_branch_day_of_week_operator.py took 0.071 seconds
[2023-03-19T14:10:42.480+0000] {processor.py:153} INFO - Started process (PID=203) to work on /home/airflow/.local/lib/python3.7/site-packages/airflow/example_dags/example_branch_day_of_week_operator.py
[2023-03-19T14:10:42.481+0000] {processor.py:743} INFO - Processing file /home/airflow/.local/lib/python3.7/site-packages/airflow/example_dags/example_branch_day_of_week_operator.py for tasks to queue
[2023-03-19T14:10:42.481+0000] {logging_mixin.py:137} INFO - [2023-03-19T14:10:42.481+0000] {dagbag.py:532} INFO - Filling up the DagBag from /home/airflow/.local/lib/python3.7/site-packages/airflow/example_dags/example_branch_day_of_week_operator.py
[2023-03-19T14:10:42.491+0000] {processor.py:753} INFO - DAG(s) dict_keys(['example_weekday_branch_operator']) retrieved from /home/airflow/.local/lib/python3.7/site-packages/airflow/example_dags/example_branch_day_of_week_operator.py
[2023-03-19T14:10:42.509+0000] {logging_mixin.py:137} INFO - [2023-03-19T14:10:42.509+0000] {dag.py:2693} INFO - Sync 1 DAGs
[2023-03-19T14:10:42.524+0000] {logging_mixin.py:137} INFO - [2023-03-19T14:10:42.524+0000] {dag.py:3444} INFO - Setting next_dagrun for example_weekday_branch_operator to 2023-03-18T00:00:00+00:00, run_after=2023-03-19T00:00:00+00:00
[2023-03-19T14:10:42.534+0000] {processor.py:175} INFO - Processing /home/airflow/.local/lib/python3.7/site-packages/airflow/example_dags/example_branch_day_of_week_operator.py took 0.057 seconds
[2023-03-19T14:11:12.901+0000] {processor.py:153} INFO - Started process (PID=252) to work on /home/airflow/.local/lib/python3.7/site-packages/airflow/example_dags/example_branch_day_of_week_operator.py
[2023-03-19T14:11:12.903+0000] {processor.py:743} INFO - Processing file /home/airflow/.local/lib/python3.7/site-packages/airflow/example_dags/example_branch_day_of_week_operator.py for tasks to queue
[2023-03-19T14:11:12.903+0000] {logging_mixin.py:137} INFO - [2023-03-19T14:11:12.903+0000] {dagbag.py:532} INFO - Filling up the DagBag from /home/airflow/.local/lib/python3.7/site-packages/airflow/example_dags/example_branch_day_of_week_operator.py
[2023-03-19T14:11:12.914+0000] {processor.py:753} INFO - DAG(s) dict_keys(['example_weekday_branch_operator']) retrieved from /home/airflow/.local/lib/python3.7/site-packages/airflow/example_dags/example_branch_day_of_week_operator.py
[2023-03-19T14:11:12.931+0000] {logging_mixin.py:137} INFO - [2023-03-19T14:11:12.931+0000] {dag.py:2693} INFO - Sync 1 DAGs
[2023-03-19T14:11:12.946+0000] {logging_mixin.py:137} INFO - [2023-03-19T14:11:12.946+0000] {dag.py:3444} INFO - Setting next_dagrun for example_weekday_branch_operator to 2023-03-18T00:00:00+00:00, run_after=2023-03-19T00:00:00+00:00
[2023-03-19T14:11:12.956+0000] {processor.py:175} INFO - Processing /home/airflow/.local/lib/python3.7/site-packages/airflow/example_dags/example_branch_day_of_week_operator.py took 0.057 seconds
[2023-03-19T14:11:43.296+0000] {processor.py:153} INFO - Started process (PID=301) to work on /home/airflow/.local/lib/python3.7/site-packages/airflow/example_dags/example_branch_day_of_week_operator.py
[2023-03-19T14:11:43.297+0000] {processor.py:743} INFO - Processing file /home/airflow/.local/lib/python3.7/site-packages/airflow/example_dags/example_branch_day_of_week_operator.py for tasks to queue
[2023-03-19T14:11:43.297+0000] {logging_mixin.py:137} INFO - [2023-03-19T14:11:43.297+0000] {dagbag.py:532} INFO - Filling up the DagBag from /home/airflow/.local/lib/python3.7/site-packages/airflow/example_dags/example_branch_day_of_week_operator.py
[2023-03-19T14:11:43.307+0000] {processor.py:753} INFO - DAG(s) dict_keys(['example_weekday_branch_operator']) retrieved from /home/airflow/.local/lib/python3.7/site-packages/airflow/example_dags/example_branch_day_of_week_operator.py
[2023-03-19T14:11:43.323+0000] {logging_mixin.py:137} INFO - [2023-03-19T14:11:43.323+0000] {dag.py:2693} INFO - Sync 1 DAGs
[2023-03-19T14:11:43.338+0000] {logging_mixin.py:137} INFO - [2023-03-19T14:11:43.337+0000] {dag.py:3444} INFO - Setting next_dagrun for example_weekday_branch_operator to 2023-03-18T00:00:00+00:00, run_after=2023-03-19T00:00:00+00:00
[2023-03-19T14:11:43.347+0000] {processor.py:175} INFO - Processing /home/airflow/.local/lib/python3.7/site-packages/airflow/example_dags/example_branch_day_of_week_operator.py took 0.054 seconds
[2023-03-19T14:12:14.378+0000] {processor.py:153} INFO - Started process (PID=350) to work on /home/airflow/.local/lib/python3.7/site-packages/airflow/example_dags/example_branch_day_of_week_operator.py
[2023-03-19T14:12:14.379+0000] {processor.py:743} INFO - Processing file /home/airflow/.local/lib/python3.7/site-packages/airflow/example_dags/example_branch_day_of_week_operator.py for tasks to queue
[2023-03-19T14:12:14.380+0000] {logging_mixin.py:137} INFO - [2023-03-19T14:12:14.380+0000] {dagbag.py:532} INFO - Filling up the DagBag from /home/airflow/.local/lib/python3.7/site-packages/airflow/example_dags/example_branch_day_of_week_operator.py
[2023-03-19T14:12:14.390+0000] {processor.py:753} INFO - DAG(s) dict_keys(['example_weekday_branch_operator']) retrieved from /home/airflow/.local/lib/python3.7/site-packages/airflow/example_dags/example_branch_day_of_week_operator.py
[2023-03-19T14:12:14.413+0000] {logging_mixin.py:137} INFO - [2023-03-19T14:12:14.413+0000] {dag.py:2693} INFO - Sync 1 DAGs
[2023-03-19T14:12:14.433+0000] {logging_mixin.py:137} INFO - [2023-03-19T14:12:14.432+0000] {dag.py:3444} INFO - Setting next_dagrun for example_weekday_branch_operator to 2023-03-18T00:00:00+00:00, run_after=2023-03-19T00:00:00+00:00
[2023-03-19T14:12:14.446+0000] {processor.py:175} INFO - Processing /home/airflow/.local/lib/python3.7/site-packages/airflow/example_dags/example_branch_day_of_week_operator.py took 0.073 seconds
