[2023-03-19T13:33:00.278+0000] {processor.py:153} INFO - Started process (PID=55) to work on /home/airflow/.local/lib/python3.7/site-packages/airflow/example_dags/example_skip_dag.py
[2023-03-19T13:33:00.279+0000] {processor.py:743} INFO - Processing file /home/airflow/.local/lib/python3.7/site-packages/airflow/example_dags/example_skip_dag.py for tasks to queue
[2023-03-19T13:33:00.280+0000] {logging_mixin.py:137} INFO - [2023-03-19T13:33:00.280+0000] {dagbag.py:532} INFO - Filling up the DagBag from /home/airflow/.local/lib/python3.7/site-packages/airflow/example_dags/example_skip_dag.py
[2023-03-19T13:33:00.300+0000] {processor.py:753} INFO - DAG(s) dict_keys(['example_skip_dag']) retrieved from /home/airflow/.local/lib/python3.7/site-packages/airflow/example_dags/example_skip_dag.py
[2023-03-19T13:33:00.321+0000] {logging_mixin.py:137} INFO - [2023-03-19T13:33:00.321+0000] {dag.py:2693} INFO - Sync 1 DAGs
[2023-03-19T13:33:00.344+0000] {logging_mixin.py:137} INFO - [2023-03-19T13:33:00.344+0000] {dag.py:3444} INFO - Setting next_dagrun for example_skip_dag to 2023-03-18T13:33:00.343797+00:00, run_after=2023-03-19T13:33:00.343797+00:00
[2023-03-19T13:33:00.366+0000] {processor.py:175} INFO - Processing /home/airflow/.local/lib/python3.7/site-packages/airflow/example_dags/example_skip_dag.py took 0.093 seconds
[2023-03-19T13:33:30.393+0000] {processor.py:153} INFO - Started process (PID=103) to work on /home/airflow/.local/lib/python3.7/site-packages/airflow/example_dags/example_skip_dag.py
[2023-03-19T13:33:30.394+0000] {processor.py:743} INFO - Processing file /home/airflow/.local/lib/python3.7/site-packages/airflow/example_dags/example_skip_dag.py for tasks to queue
[2023-03-19T13:33:30.395+0000] {logging_mixin.py:137} INFO - [2023-03-19T13:33:30.395+0000] {dagbag.py:532} INFO - Filling up the DagBag from /home/airflow/.local/lib/python3.7/site-packages/airflow/example_dags/example_skip_dag.py
[2023-03-19T13:33:30.403+0000] {processor.py:753} INFO - DAG(s) dict_keys(['example_skip_dag']) retrieved from /home/airflow/.local/lib/python3.7/site-packages/airflow/example_dags/example_skip_dag.py
[2023-03-19T13:33:30.419+0000] {logging_mixin.py:137} INFO - [2023-03-19T13:33:30.419+0000] {dag.py:2693} INFO - Sync 1 DAGs
[2023-03-19T13:33:30.433+0000] {logging_mixin.py:137} INFO - [2023-03-19T13:33:30.433+0000] {dag.py:3444} INFO - Setting next_dagrun for example_skip_dag to 2023-03-18T13:33:30.433493+00:00, run_after=2023-03-19T13:33:30.433493+00:00
[2023-03-19T13:33:30.442+0000] {processor.py:175} INFO - Processing /home/airflow/.local/lib/python3.7/site-packages/airflow/example_dags/example_skip_dag.py took 0.051 seconds
[2023-03-19T13:34:00.635+0000] {processor.py:153} INFO - Started process (PID=154) to work on /home/airflow/.local/lib/python3.7/site-packages/airflow/example_dags/example_skip_dag.py
[2023-03-19T13:34:00.636+0000] {processor.py:743} INFO - Processing file /home/airflow/.local/lib/python3.7/site-packages/airflow/example_dags/example_skip_dag.py for tasks to queue
[2023-03-19T13:34:00.638+0000] {logging_mixin.py:137} INFO - [2023-03-19T13:34:00.637+0000] {dagbag.py:532} INFO - Filling up the DagBag from /home/airflow/.local/lib/python3.7/site-packages/airflow/example_dags/example_skip_dag.py
[2023-03-19T13:34:00.649+0000] {processor.py:753} INFO - DAG(s) dict_keys(['example_skip_dag']) retrieved from /home/airflow/.local/lib/python3.7/site-packages/airflow/example_dags/example_skip_dag.py
[2023-03-19T13:34:00.666+0000] {logging_mixin.py:137} INFO - [2023-03-19T13:34:00.666+0000] {dag.py:2693} INFO - Sync 1 DAGs
[2023-03-19T13:34:00.681+0000] {logging_mixin.py:137} INFO - [2023-03-19T13:34:00.681+0000] {dag.py:3444} INFO - Setting next_dagrun for example_skip_dag to 2023-03-18T13:34:00.681314+00:00, run_after=2023-03-19T13:34:00.681314+00:00
[2023-03-19T13:34:00.690+0000] {processor.py:175} INFO - Processing /home/airflow/.local/lib/python3.7/site-packages/airflow/example_dags/example_skip_dag.py took 0.057 seconds
[2023-03-19T13:34:30.939+0000] {processor.py:153} INFO - Started process (PID=203) to work on /home/airflow/.local/lib/python3.7/site-packages/airflow/example_dags/example_skip_dag.py
[2023-03-19T13:34:30.942+0000] {processor.py:743} INFO - Processing file /home/airflow/.local/lib/python3.7/site-packages/airflow/example_dags/example_skip_dag.py for tasks to queue
[2023-03-19T13:34:30.942+0000] {logging_mixin.py:137} INFO - [2023-03-19T13:34:30.942+0000] {dagbag.py:532} INFO - Filling up the DagBag from /home/airflow/.local/lib/python3.7/site-packages/airflow/example_dags/example_skip_dag.py
[2023-03-19T13:34:30.951+0000] {processor.py:753} INFO - DAG(s) dict_keys(['example_skip_dag']) retrieved from /home/airflow/.local/lib/python3.7/site-packages/airflow/example_dags/example_skip_dag.py
[2023-03-19T13:34:30.970+0000] {logging_mixin.py:137} INFO - [2023-03-19T13:34:30.970+0000] {dag.py:2693} INFO - Sync 1 DAGs
[2023-03-19T13:34:30.985+0000] {logging_mixin.py:137} INFO - [2023-03-19T13:34:30.985+0000] {dag.py:3444} INFO - Setting next_dagrun for example_skip_dag to 2023-03-18T13:34:30.985546+00:00, run_after=2023-03-19T13:34:30.985546+00:00
[2023-03-19T13:34:30.994+0000] {processor.py:175} INFO - Processing /home/airflow/.local/lib/python3.7/site-packages/airflow/example_dags/example_skip_dag.py took 0.058 seconds
[2023-03-19T13:35:01.768+0000] {processor.py:153} INFO - Started process (PID=252) to work on /home/airflow/.local/lib/python3.7/site-packages/airflow/example_dags/example_skip_dag.py
[2023-03-19T13:35:01.769+0000] {processor.py:743} INFO - Processing file /home/airflow/.local/lib/python3.7/site-packages/airflow/example_dags/example_skip_dag.py for tasks to queue
[2023-03-19T13:35:01.770+0000] {logging_mixin.py:137} INFO - [2023-03-19T13:35:01.770+0000] {dagbag.py:532} INFO - Filling up the DagBag from /home/airflow/.local/lib/python3.7/site-packages/airflow/example_dags/example_skip_dag.py
[2023-03-19T13:35:01.779+0000] {processor.py:753} INFO - DAG(s) dict_keys(['example_skip_dag']) retrieved from /home/airflow/.local/lib/python3.7/site-packages/airflow/example_dags/example_skip_dag.py
[2023-03-19T13:35:01.796+0000] {logging_mixin.py:137} INFO - [2023-03-19T13:35:01.796+0000] {dag.py:2693} INFO - Sync 1 DAGs
[2023-03-19T13:35:01.810+0000] {logging_mixin.py:137} INFO - [2023-03-19T13:35:01.810+0000] {dag.py:3444} INFO - Setting next_dagrun for example_skip_dag to 2023-03-18T13:35:01.810481+00:00, run_after=2023-03-19T13:35:01.810481+00:00
[2023-03-19T13:35:01.820+0000] {processor.py:175} INFO - Processing /home/airflow/.local/lib/python3.7/site-packages/airflow/example_dags/example_skip_dag.py took 0.054 seconds
[2023-03-19T13:35:31.944+0000] {processor.py:153} INFO - Started process (PID=300) to work on /home/airflow/.local/lib/python3.7/site-packages/airflow/example_dags/example_skip_dag.py
[2023-03-19T13:35:31.945+0000] {processor.py:743} INFO - Processing file /home/airflow/.local/lib/python3.7/site-packages/airflow/example_dags/example_skip_dag.py for tasks to queue
[2023-03-19T13:35:31.946+0000] {logging_mixin.py:137} INFO - [2023-03-19T13:35:31.946+0000] {dagbag.py:532} INFO - Filling up the DagBag from /home/airflow/.local/lib/python3.7/site-packages/airflow/example_dags/example_skip_dag.py
[2023-03-19T13:35:31.954+0000] {processor.py:753} INFO - DAG(s) dict_keys(['example_skip_dag']) retrieved from /home/airflow/.local/lib/python3.7/site-packages/airflow/example_dags/example_skip_dag.py
[2023-03-19T13:35:31.971+0000] {logging_mixin.py:137} INFO - [2023-03-19T13:35:31.971+0000] {dag.py:2693} INFO - Sync 1 DAGs
[2023-03-19T13:35:31.986+0000] {logging_mixin.py:137} INFO - [2023-03-19T13:35:31.985+0000] {dag.py:3444} INFO - Setting next_dagrun for example_skip_dag to 2023-03-18T13:35:31.985812+00:00, run_after=2023-03-19T13:35:31.985812+00:00
[2023-03-19T13:35:31.995+0000] {processor.py:175} INFO - Processing /home/airflow/.local/lib/python3.7/site-packages/airflow/example_dags/example_skip_dag.py took 0.053 seconds
[2023-03-19T14:05:53.221+0000] {processor.py:153} INFO - Started process (PID=55) to work on /home/airflow/.local/lib/python3.7/site-packages/airflow/example_dags/example_skip_dag.py
[2023-03-19T14:05:53.226+0000] {processor.py:743} INFO - Processing file /home/airflow/.local/lib/python3.7/site-packages/airflow/example_dags/example_skip_dag.py for tasks to queue
[2023-03-19T14:05:53.229+0000] {logging_mixin.py:137} INFO - [2023-03-19T14:05:53.228+0000] {dagbag.py:532} INFO - Filling up the DagBag from /home/airflow/.local/lib/python3.7/site-packages/airflow/example_dags/example_skip_dag.py
[2023-03-19T14:05:53.259+0000] {processor.py:753} INFO - DAG(s) dict_keys(['example_skip_dag']) retrieved from /home/airflow/.local/lib/python3.7/site-packages/airflow/example_dags/example_skip_dag.py
[2023-03-19T14:05:53.302+0000] {logging_mixin.py:137} INFO - [2023-03-19T14:05:53.302+0000] {dag.py:2693} INFO - Sync 1 DAGs
[2023-03-19T14:05:53.346+0000] {logging_mixin.py:137} INFO - [2023-03-19T14:05:53.345+0000] {dag.py:3444} INFO - Setting next_dagrun for example_skip_dag to 2023-03-18T14:05:53.345454+00:00, run_after=2023-03-19T14:05:53.345454+00:00
[2023-03-19T14:05:53.378+0000] {processor.py:175} INFO - Processing /home/airflow/.local/lib/python3.7/site-packages/airflow/example_dags/example_skip_dag.py took 0.176 seconds
[2023-03-19T14:06:23.578+0000] {processor.py:153} INFO - Started process (PID=104) to work on /home/airflow/.local/lib/python3.7/site-packages/airflow/example_dags/example_skip_dag.py
[2023-03-19T14:06:23.579+0000] {processor.py:743} INFO - Processing file /home/airflow/.local/lib/python3.7/site-packages/airflow/example_dags/example_skip_dag.py for tasks to queue
[2023-03-19T14:06:23.580+0000] {logging_mixin.py:137} INFO - [2023-03-19T14:06:23.580+0000] {dagbag.py:532} INFO - Filling up the DagBag from /home/airflow/.local/lib/python3.7/site-packages/airflow/example_dags/example_skip_dag.py
[2023-03-19T14:06:23.589+0000] {processor.py:753} INFO - DAG(s) dict_keys(['example_skip_dag']) retrieved from /home/airflow/.local/lib/python3.7/site-packages/airflow/example_dags/example_skip_dag.py
[2023-03-19T14:06:23.607+0000] {logging_mixin.py:137} INFO - [2023-03-19T14:06:23.607+0000] {dag.py:2693} INFO - Sync 1 DAGs
[2023-03-19T14:06:23.622+0000] {logging_mixin.py:137} INFO - [2023-03-19T14:06:23.622+0000] {dag.py:3444} INFO - Setting next_dagrun for example_skip_dag to 2023-03-18T14:06:23.621906+00:00, run_after=2023-03-19T14:06:23.621906+00:00
[2023-03-19T14:06:23.631+0000] {processor.py:175} INFO - Processing /home/airflow/.local/lib/python3.7/site-packages/airflow/example_dags/example_skip_dag.py took 0.055 seconds
[2023-03-19T14:06:53.885+0000] {processor.py:153} INFO - Started process (PID=153) to work on /home/airflow/.local/lib/python3.7/site-packages/airflow/example_dags/example_skip_dag.py
[2023-03-19T14:06:53.886+0000] {processor.py:743} INFO - Processing file /home/airflow/.local/lib/python3.7/site-packages/airflow/example_dags/example_skip_dag.py for tasks to queue
[2023-03-19T14:06:53.886+0000] {logging_mixin.py:137} INFO - [2023-03-19T14:06:53.886+0000] {dagbag.py:532} INFO - Filling up the DagBag from /home/airflow/.local/lib/python3.7/site-packages/airflow/example_dags/example_skip_dag.py
[2023-03-19T14:06:53.895+0000] {processor.py:753} INFO - DAG(s) dict_keys(['example_skip_dag']) retrieved from /home/airflow/.local/lib/python3.7/site-packages/airflow/example_dags/example_skip_dag.py
[2023-03-19T14:06:53.912+0000] {logging_mixin.py:137} INFO - [2023-03-19T14:06:53.912+0000] {dag.py:2693} INFO - Sync 1 DAGs
[2023-03-19T14:06:53.926+0000] {logging_mixin.py:137} INFO - [2023-03-19T14:06:53.926+0000] {dag.py:3444} INFO - Setting next_dagrun for example_skip_dag to 2023-03-18T14:06:53.926501+00:00, run_after=2023-03-19T14:06:53.926501+00:00
[2023-03-19T14:06:53.935+0000] {processor.py:175} INFO - Processing /home/airflow/.local/lib/python3.7/site-packages/airflow/example_dags/example_skip_dag.py took 0.052 seconds
[2023-03-19T14:07:24.310+0000] {processor.py:153} INFO - Started process (PID=202) to work on /home/airflow/.local/lib/python3.7/site-packages/airflow/example_dags/example_skip_dag.py
[2023-03-19T14:07:24.311+0000] {processor.py:743} INFO - Processing file /home/airflow/.local/lib/python3.7/site-packages/airflow/example_dags/example_skip_dag.py for tasks to queue
[2023-03-19T14:07:24.313+0000] {logging_mixin.py:137} INFO - [2023-03-19T14:07:24.312+0000] {dagbag.py:532} INFO - Filling up the DagBag from /home/airflow/.local/lib/python3.7/site-packages/airflow/example_dags/example_skip_dag.py
[2023-03-19T14:07:24.322+0000] {processor.py:753} INFO - DAG(s) dict_keys(['example_skip_dag']) retrieved from /home/airflow/.local/lib/python3.7/site-packages/airflow/example_dags/example_skip_dag.py
[2023-03-19T14:07:24.341+0000] {logging_mixin.py:137} INFO - [2023-03-19T14:07:24.341+0000] {dag.py:2693} INFO - Sync 1 DAGs
[2023-03-19T14:07:24.356+0000] {logging_mixin.py:137} INFO - [2023-03-19T14:07:24.356+0000] {dag.py:3444} INFO - Setting next_dagrun for example_skip_dag to 2023-03-18T14:07:24.355843+00:00, run_after=2023-03-19T14:07:24.355843+00:00
[2023-03-19T14:07:24.365+0000] {processor.py:175} INFO - Processing /home/airflow/.local/lib/python3.7/site-packages/airflow/example_dags/example_skip_dag.py took 0.058 seconds
[2023-03-19T14:07:54.715+0000] {processor.py:153} INFO - Started process (PID=251) to work on /home/airflow/.local/lib/python3.7/site-packages/airflow/example_dags/example_skip_dag.py
[2023-03-19T14:07:54.716+0000] {processor.py:743} INFO - Processing file /home/airflow/.local/lib/python3.7/site-packages/airflow/example_dags/example_skip_dag.py for tasks to queue
[2023-03-19T14:07:54.717+0000] {logging_mixin.py:137} INFO - [2023-03-19T14:07:54.717+0000] {dagbag.py:532} INFO - Filling up the DagBag from /home/airflow/.local/lib/python3.7/site-packages/airflow/example_dags/example_skip_dag.py
[2023-03-19T14:07:54.726+0000] {processor.py:753} INFO - DAG(s) dict_keys(['example_skip_dag']) retrieved from /home/airflow/.local/lib/python3.7/site-packages/airflow/example_dags/example_skip_dag.py
[2023-03-19T14:07:54.743+0000] {logging_mixin.py:137} INFO - [2023-03-19T14:07:54.743+0000] {dag.py:2693} INFO - Sync 1 DAGs
[2023-03-19T14:07:54.758+0000] {logging_mixin.py:137} INFO - [2023-03-19T14:07:54.758+0000] {dag.py:3444} INFO - Setting next_dagrun for example_skip_dag to 2023-03-18T14:07:54.758067+00:00, run_after=2023-03-19T14:07:54.758067+00:00
[2023-03-19T14:07:54.770+0000] {processor.py:175} INFO - Processing /home/airflow/.local/lib/python3.7/site-packages/airflow/example_dags/example_skip_dag.py took 0.057 seconds
[2023-03-19T14:08:25.536+0000] {processor.py:153} INFO - Started process (PID=301) to work on /home/airflow/.local/lib/python3.7/site-packages/airflow/example_dags/example_skip_dag.py
[2023-03-19T14:08:25.537+0000] {processor.py:743} INFO - Processing file /home/airflow/.local/lib/python3.7/site-packages/airflow/example_dags/example_skip_dag.py for tasks to queue
[2023-03-19T14:08:25.538+0000] {logging_mixin.py:137} INFO - [2023-03-19T14:08:25.538+0000] {dagbag.py:532} INFO - Filling up the DagBag from /home/airflow/.local/lib/python3.7/site-packages/airflow/example_dags/example_skip_dag.py
[2023-03-19T14:08:25.546+0000] {processor.py:753} INFO - DAG(s) dict_keys(['example_skip_dag']) retrieved from /home/airflow/.local/lib/python3.7/site-packages/airflow/example_dags/example_skip_dag.py
[2023-03-19T14:08:25.564+0000] {logging_mixin.py:137} INFO - [2023-03-19T14:08:25.564+0000] {dag.py:2693} INFO - Sync 1 DAGs
[2023-03-19T14:08:25.579+0000] {logging_mixin.py:137} INFO - [2023-03-19T14:08:25.579+0000] {dag.py:3444} INFO - Setting next_dagrun for example_skip_dag to 2023-03-18T14:08:25.579050+00:00, run_after=2023-03-19T14:08:25.579050+00:00
[2023-03-19T14:08:25.588+0000] {processor.py:175} INFO - Processing /home/airflow/.local/lib/python3.7/site-packages/airflow/example_dags/example_skip_dag.py took 0.055 seconds
[2023-03-19T14:09:10.570+0000] {processor.py:153} INFO - Started process (PID=54) to work on /home/airflow/.local/lib/python3.7/site-packages/airflow/example_dags/example_skip_dag.py
[2023-03-19T14:09:10.572+0000] {processor.py:743} INFO - Processing file /home/airflow/.local/lib/python3.7/site-packages/airflow/example_dags/example_skip_dag.py for tasks to queue
[2023-03-19T14:09:10.573+0000] {logging_mixin.py:137} INFO - [2023-03-19T14:09:10.573+0000] {dagbag.py:532} INFO - Filling up the DagBag from /home/airflow/.local/lib/python3.7/site-packages/airflow/example_dags/example_skip_dag.py
[2023-03-19T14:09:10.591+0000] {processor.py:753} INFO - DAG(s) dict_keys(['example_skip_dag']) retrieved from /home/airflow/.local/lib/python3.7/site-packages/airflow/example_dags/example_skip_dag.py
[2023-03-19T14:09:10.619+0000] {logging_mixin.py:137} INFO - [2023-03-19T14:09:10.619+0000] {dag.py:2693} INFO - Sync 1 DAGs
[2023-03-19T14:09:10.658+0000] {logging_mixin.py:137} INFO - [2023-03-19T14:09:10.657+0000] {dag.py:3444} INFO - Setting next_dagrun for example_skip_dag to 2023-03-18T14:09:10.656745+00:00, run_after=2023-03-19T14:09:10.656745+00:00
[2023-03-19T14:09:10.693+0000] {processor.py:175} INFO - Processing /home/airflow/.local/lib/python3.7/site-packages/airflow/example_dags/example_skip_dag.py took 0.127 seconds
[2023-03-19T14:09:40.724+0000] {processor.py:153} INFO - Started process (PID=103) to work on /home/airflow/.local/lib/python3.7/site-packages/airflow/example_dags/example_skip_dag.py
[2023-03-19T14:09:40.725+0000] {processor.py:743} INFO - Processing file /home/airflow/.local/lib/python3.7/site-packages/airflow/example_dags/example_skip_dag.py for tasks to queue
[2023-03-19T14:09:40.726+0000] {logging_mixin.py:137} INFO - [2023-03-19T14:09:40.726+0000] {dagbag.py:532} INFO - Filling up the DagBag from /home/airflow/.local/lib/python3.7/site-packages/airflow/example_dags/example_skip_dag.py
[2023-03-19T14:09:40.740+0000] {processor.py:753} INFO - DAG(s) dict_keys(['example_skip_dag']) retrieved from /home/airflow/.local/lib/python3.7/site-packages/airflow/example_dags/example_skip_dag.py
[2023-03-19T14:09:40.760+0000] {logging_mixin.py:137} INFO - [2023-03-19T14:09:40.760+0000] {dag.py:2693} INFO - Sync 1 DAGs
[2023-03-19T14:09:40.775+0000] {logging_mixin.py:137} INFO - [2023-03-19T14:09:40.775+0000] {dag.py:3444} INFO - Setting next_dagrun for example_skip_dag to 2023-03-18T14:09:40.775451+00:00, run_after=2023-03-19T14:09:40.775451+00:00
[2023-03-19T14:09:40.786+0000] {processor.py:175} INFO - Processing /home/airflow/.local/lib/python3.7/site-packages/airflow/example_dags/example_skip_dag.py took 0.064 seconds
[2023-03-19T14:10:11.273+0000] {processor.py:153} INFO - Started process (PID=151) to work on /home/airflow/.local/lib/python3.7/site-packages/airflow/example_dags/example_skip_dag.py
[2023-03-19T14:10:11.274+0000] {processor.py:743} INFO - Processing file /home/airflow/.local/lib/python3.7/site-packages/airflow/example_dags/example_skip_dag.py for tasks to queue
[2023-03-19T14:10:11.275+0000] {logging_mixin.py:137} INFO - [2023-03-19T14:10:11.275+0000] {dagbag.py:532} INFO - Filling up the DagBag from /home/airflow/.local/lib/python3.7/site-packages/airflow/example_dags/example_skip_dag.py
[2023-03-19T14:10:11.284+0000] {processor.py:753} INFO - DAG(s) dict_keys(['example_skip_dag']) retrieved from /home/airflow/.local/lib/python3.7/site-packages/airflow/example_dags/example_skip_dag.py
[2023-03-19T14:10:11.302+0000] {logging_mixin.py:137} INFO - [2023-03-19T14:10:11.302+0000] {dag.py:2693} INFO - Sync 1 DAGs
[2023-03-19T14:10:11.316+0000] {logging_mixin.py:137} INFO - [2023-03-19T14:10:11.316+0000] {dag.py:3444} INFO - Setting next_dagrun for example_skip_dag to 2023-03-18T14:10:11.316629+00:00, run_after=2023-03-19T14:10:11.316629+00:00
[2023-03-19T14:10:11.329+0000] {processor.py:175} INFO - Processing /home/airflow/.local/lib/python3.7/site-packages/airflow/example_dags/example_skip_dag.py took 0.059 seconds
[2023-03-19T14:10:42.353+0000] {processor.py:153} INFO - Started process (PID=200) to work on /home/airflow/.local/lib/python3.7/site-packages/airflow/example_dags/example_skip_dag.py
[2023-03-19T14:10:42.354+0000] {processor.py:743} INFO - Processing file /home/airflow/.local/lib/python3.7/site-packages/airflow/example_dags/example_skip_dag.py for tasks to queue
[2023-03-19T14:10:42.356+0000] {logging_mixin.py:137} INFO - [2023-03-19T14:10:42.355+0000] {dagbag.py:532} INFO - Filling up the DagBag from /home/airflow/.local/lib/python3.7/site-packages/airflow/example_dags/example_skip_dag.py
[2023-03-19T14:10:42.369+0000] {processor.py:753} INFO - DAG(s) dict_keys(['example_skip_dag']) retrieved from /home/airflow/.local/lib/python3.7/site-packages/airflow/example_dags/example_skip_dag.py
[2023-03-19T14:10:42.393+0000] {logging_mixin.py:137} INFO - [2023-03-19T14:10:42.393+0000] {dag.py:2693} INFO - Sync 1 DAGs
[2023-03-19T14:10:42.410+0000] {logging_mixin.py:137} INFO - [2023-03-19T14:10:42.410+0000] {dag.py:3444} INFO - Setting next_dagrun for example_skip_dag to 2023-03-18T14:10:42.410564+00:00, run_after=2023-03-19T14:10:42.410564+00:00
[2023-03-19T14:10:42.422+0000] {processor.py:175} INFO - Processing /home/airflow/.local/lib/python3.7/site-packages/airflow/example_dags/example_skip_dag.py took 0.072 seconds
[2023-03-19T14:11:12.819+0000] {processor.py:153} INFO - Started process (PID=249) to work on /home/airflow/.local/lib/python3.7/site-packages/airflow/example_dags/example_skip_dag.py
[2023-03-19T14:11:12.820+0000] {processor.py:743} INFO - Processing file /home/airflow/.local/lib/python3.7/site-packages/airflow/example_dags/example_skip_dag.py for tasks to queue
[2023-03-19T14:11:12.821+0000] {logging_mixin.py:137} INFO - [2023-03-19T14:11:12.820+0000] {dagbag.py:532} INFO - Filling up the DagBag from /home/airflow/.local/lib/python3.7/site-packages/airflow/example_dags/example_skip_dag.py
[2023-03-19T14:11:12.830+0000] {processor.py:753} INFO - DAG(s) dict_keys(['example_skip_dag']) retrieved from /home/airflow/.local/lib/python3.7/site-packages/airflow/example_dags/example_skip_dag.py
[2023-03-19T14:11:12.847+0000] {logging_mixin.py:137} INFO - [2023-03-19T14:11:12.847+0000] {dag.py:2693} INFO - Sync 1 DAGs
[2023-03-19T14:11:12.861+0000] {logging_mixin.py:137} INFO - [2023-03-19T14:11:12.861+0000] {dag.py:3444} INFO - Setting next_dagrun for example_skip_dag to 2023-03-18T14:11:12.860940+00:00, run_after=2023-03-19T14:11:12.860940+00:00
[2023-03-19T14:11:12.870+0000] {processor.py:175} INFO - Processing /home/airflow/.local/lib/python3.7/site-packages/airflow/example_dags/example_skip_dag.py took 0.053 seconds
[2023-03-19T14:11:43.157+0000] {processor.py:153} INFO - Started process (PID=298) to work on /home/airflow/.local/lib/python3.7/site-packages/airflow/example_dags/example_skip_dag.py
[2023-03-19T14:11:43.158+0000] {processor.py:743} INFO - Processing file /home/airflow/.local/lib/python3.7/site-packages/airflow/example_dags/example_skip_dag.py for tasks to queue
[2023-03-19T14:11:43.158+0000] {logging_mixin.py:137} INFO - [2023-03-19T14:11:43.158+0000] {dagbag.py:532} INFO - Filling up the DagBag from /home/airflow/.local/lib/python3.7/site-packages/airflow/example_dags/example_skip_dag.py
[2023-03-19T14:11:43.167+0000] {processor.py:753} INFO - DAG(s) dict_keys(['example_skip_dag']) retrieved from /home/airflow/.local/lib/python3.7/site-packages/airflow/example_dags/example_skip_dag.py
[2023-03-19T14:11:43.184+0000] {logging_mixin.py:137} INFO - [2023-03-19T14:11:43.184+0000] {dag.py:2693} INFO - Sync 1 DAGs
[2023-03-19T14:11:43.199+0000] {logging_mixin.py:137} INFO - [2023-03-19T14:11:43.199+0000] {dag.py:3444} INFO - Setting next_dagrun for example_skip_dag to 2023-03-18T14:11:43.199283+00:00, run_after=2023-03-19T14:11:43.199283+00:00
[2023-03-19T14:11:43.210+0000] {processor.py:175} INFO - Processing /home/airflow/.local/lib/python3.7/site-packages/airflow/example_dags/example_skip_dag.py took 0.056 seconds
[2023-03-19T14:12:14.125+0000] {processor.py:153} INFO - Started process (PID=347) to work on /home/airflow/.local/lib/python3.7/site-packages/airflow/example_dags/example_skip_dag.py
[2023-03-19T14:12:14.126+0000] {processor.py:743} INFO - Processing file /home/airflow/.local/lib/python3.7/site-packages/airflow/example_dags/example_skip_dag.py for tasks to queue
[2023-03-19T14:12:14.127+0000] {logging_mixin.py:137} INFO - [2023-03-19T14:12:14.127+0000] {dagbag.py:532} INFO - Filling up the DagBag from /home/airflow/.local/lib/python3.7/site-packages/airflow/example_dags/example_skip_dag.py
[2023-03-19T14:12:14.138+0000] {processor.py:753} INFO - DAG(s) dict_keys(['example_skip_dag']) retrieved from /home/airflow/.local/lib/python3.7/site-packages/airflow/example_dags/example_skip_dag.py
[2023-03-19T14:12:14.157+0000] {logging_mixin.py:137} INFO - [2023-03-19T14:12:14.157+0000] {dag.py:2693} INFO - Sync 1 DAGs
[2023-03-19T14:12:14.178+0000] {logging_mixin.py:137} INFO - [2023-03-19T14:12:14.178+0000] {dag.py:3444} INFO - Setting next_dagrun for example_skip_dag to 2023-03-18T14:12:14.178456+00:00, run_after=2023-03-19T14:12:14.178456+00:00
[2023-03-19T14:12:14.215+0000] {processor.py:175} INFO - Processing /home/airflow/.local/lib/python3.7/site-packages/airflow/example_dags/example_skip_dag.py took 0.092 seconds
