[2023-03-19T13:33:00.400+0000] {processor.py:153} INFO - Started process (PID=56) to work on /home/airflow/.local/lib/python3.7/site-packages/airflow/example_dags/tutorial.py
[2023-03-19T13:33:00.401+0000] {processor.py:743} INFO - Processing file /home/airflow/.local/lib/python3.7/site-packages/airflow/example_dags/tutorial.py for tasks to queue
[2023-03-19T13:33:00.403+0000] {logging_mixin.py:137} INFO - [2023-03-19T13:33:00.402+0000] {dagbag.py:532} INFO - Filling up the DagBag from /home/airflow/.local/lib/python3.7/site-packages/airflow/example_dags/tutorial.py
[2023-03-19T13:33:00.440+0000] {processor.py:753} INFO - DAG(s) dict_keys(['tutorial']) retrieved from /home/airflow/.local/lib/python3.7/site-packages/airflow/example_dags/tutorial.py
[2023-03-19T13:33:00.479+0000] {logging_mixin.py:137} INFO - [2023-03-19T13:33:00.479+0000] {dag.py:2693} INFO - Sync 1 DAGs
[2023-03-19T13:33:00.502+0000] {logging_mixin.py:137} INFO - [2023-03-19T13:33:00.502+0000] {dag.py:3444} INFO - Setting next_dagrun for tutorial to 2023-03-18T13:33:00.502057+00:00, run_after=2023-03-19T13:33:00.502057+00:00
[2023-03-19T13:33:00.516+0000] {processor.py:175} INFO - Processing /home/airflow/.local/lib/python3.7/site-packages/airflow/example_dags/tutorial.py took 0.122 seconds
[2023-03-19T13:33:31.496+0000] {processor.py:153} INFO - Started process (PID=105) to work on /home/airflow/.local/lib/python3.7/site-packages/airflow/example_dags/tutorial.py
[2023-03-19T13:33:31.497+0000] {processor.py:743} INFO - Processing file /home/airflow/.local/lib/python3.7/site-packages/airflow/example_dags/tutorial.py for tasks to queue
[2023-03-19T13:33:31.499+0000] {logging_mixin.py:137} INFO - [2023-03-19T13:33:31.499+0000] {dagbag.py:532} INFO - Filling up the DagBag from /home/airflow/.local/lib/python3.7/site-packages/airflow/example_dags/tutorial.py
[2023-03-19T13:33:31.514+0000] {processor.py:753} INFO - DAG(s) dict_keys(['tutorial']) retrieved from /home/airflow/.local/lib/python3.7/site-packages/airflow/example_dags/tutorial.py
[2023-03-19T13:33:31.539+0000] {logging_mixin.py:137} INFO - [2023-03-19T13:33:31.539+0000] {dag.py:2693} INFO - Sync 1 DAGs
[2023-03-19T13:33:31.556+0000] {logging_mixin.py:137} INFO - [2023-03-19T13:33:31.556+0000] {dag.py:3444} INFO - Setting next_dagrun for tutorial to 2023-03-18T13:33:31.556053+00:00, run_after=2023-03-19T13:33:31.556053+00:00
[2023-03-19T13:33:31.567+0000] {processor.py:175} INFO - Processing /home/airflow/.local/lib/python3.7/site-packages/airflow/example_dags/tutorial.py took 0.079 seconds
[2023-03-19T13:34:01.721+0000] {processor.py:153} INFO - Started process (PID=155) to work on /home/airflow/.local/lib/python3.7/site-packages/airflow/example_dags/tutorial.py
[2023-03-19T13:34:01.723+0000] {processor.py:743} INFO - Processing file /home/airflow/.local/lib/python3.7/site-packages/airflow/example_dags/tutorial.py for tasks to queue
[2023-03-19T13:34:01.724+0000] {logging_mixin.py:137} INFO - [2023-03-19T13:34:01.724+0000] {dagbag.py:532} INFO - Filling up the DagBag from /home/airflow/.local/lib/python3.7/site-packages/airflow/example_dags/tutorial.py
[2023-03-19T13:34:01.740+0000] {processor.py:753} INFO - DAG(s) dict_keys(['tutorial']) retrieved from /home/airflow/.local/lib/python3.7/site-packages/airflow/example_dags/tutorial.py
[2023-03-19T13:34:01.762+0000] {logging_mixin.py:137} INFO - [2023-03-19T13:34:01.762+0000] {dag.py:2693} INFO - Sync 1 DAGs
[2023-03-19T13:34:01.777+0000] {logging_mixin.py:137} INFO - [2023-03-19T13:34:01.777+0000] {dag.py:3444} INFO - Setting next_dagrun for tutorial to 2023-03-18T13:34:01.777175+00:00, run_after=2023-03-19T13:34:01.777175+00:00
[2023-03-19T13:34:01.787+0000] {processor.py:175} INFO - Processing /home/airflow/.local/lib/python3.7/site-packages/airflow/example_dags/tutorial.py took 0.071 seconds
[2023-03-19T13:34:32.026+0000] {processor.py:153} INFO - Started process (PID=204) to work on /home/airflow/.local/lib/python3.7/site-packages/airflow/example_dags/tutorial.py
[2023-03-19T13:34:32.028+0000] {processor.py:743} INFO - Processing file /home/airflow/.local/lib/python3.7/site-packages/airflow/example_dags/tutorial.py for tasks to queue
[2023-03-19T13:34:32.030+0000] {logging_mixin.py:137} INFO - [2023-03-19T13:34:32.030+0000] {dagbag.py:532} INFO - Filling up the DagBag from /home/airflow/.local/lib/python3.7/site-packages/airflow/example_dags/tutorial.py
[2023-03-19T13:34:32.044+0000] {processor.py:753} INFO - DAG(s) dict_keys(['tutorial']) retrieved from /home/airflow/.local/lib/python3.7/site-packages/airflow/example_dags/tutorial.py
[2023-03-19T13:34:32.066+0000] {logging_mixin.py:137} INFO - [2023-03-19T13:34:32.066+0000] {dag.py:2693} INFO - Sync 1 DAGs
[2023-03-19T13:34:32.080+0000] {logging_mixin.py:137} INFO - [2023-03-19T13:34:32.080+0000] {dag.py:3444} INFO - Setting next_dagrun for tutorial to 2023-03-18T13:34:32.080104+00:00, run_after=2023-03-19T13:34:32.080104+00:00
[2023-03-19T13:34:32.090+0000] {processor.py:175} INFO - Processing /home/airflow/.local/lib/python3.7/site-packages/airflow/example_dags/tutorial.py took 0.071 seconds
[2023-03-19T13:35:02.809+0000] {processor.py:153} INFO - Started process (PID=253) to work on /home/airflow/.local/lib/python3.7/site-packages/airflow/example_dags/tutorial.py
[2023-03-19T13:35:02.811+0000] {processor.py:743} INFO - Processing file /home/airflow/.local/lib/python3.7/site-packages/airflow/example_dags/tutorial.py for tasks to queue
[2023-03-19T13:35:02.812+0000] {logging_mixin.py:137} INFO - [2023-03-19T13:35:02.812+0000] {dagbag.py:532} INFO - Filling up the DagBag from /home/airflow/.local/lib/python3.7/site-packages/airflow/example_dags/tutorial.py
[2023-03-19T13:35:02.829+0000] {processor.py:753} INFO - DAG(s) dict_keys(['tutorial']) retrieved from /home/airflow/.local/lib/python3.7/site-packages/airflow/example_dags/tutorial.py
[2023-03-19T13:35:02.852+0000] {logging_mixin.py:137} INFO - [2023-03-19T13:35:02.852+0000] {dag.py:2693} INFO - Sync 1 DAGs
[2023-03-19T13:35:02.867+0000] {logging_mixin.py:137} INFO - [2023-03-19T13:35:02.867+0000] {dag.py:3444} INFO - Setting next_dagrun for tutorial to 2023-03-18T13:35:02.867528+00:00, run_after=2023-03-19T13:35:02.867528+00:00
[2023-03-19T13:35:02.879+0000] {processor.py:175} INFO - Processing /home/airflow/.local/lib/python3.7/site-packages/airflow/example_dags/tutorial.py took 0.076 seconds
[2023-03-19T13:35:32.982+0000] {processor.py:153} INFO - Started process (PID=301) to work on /home/airflow/.local/lib/python3.7/site-packages/airflow/example_dags/tutorial.py
[2023-03-19T13:35:32.984+0000] {processor.py:743} INFO - Processing file /home/airflow/.local/lib/python3.7/site-packages/airflow/example_dags/tutorial.py for tasks to queue
[2023-03-19T13:35:32.986+0000] {logging_mixin.py:137} INFO - [2023-03-19T13:35:32.986+0000] {dagbag.py:532} INFO - Filling up the DagBag from /home/airflow/.local/lib/python3.7/site-packages/airflow/example_dags/tutorial.py
[2023-03-19T13:35:33.002+0000] {processor.py:753} INFO - DAG(s) dict_keys(['tutorial']) retrieved from /home/airflow/.local/lib/python3.7/site-packages/airflow/example_dags/tutorial.py
[2023-03-19T13:35:33.024+0000] {logging_mixin.py:137} INFO - [2023-03-19T13:35:33.024+0000] {dag.py:2693} INFO - Sync 1 DAGs
[2023-03-19T13:35:33.039+0000] {logging_mixin.py:137} INFO - [2023-03-19T13:35:33.039+0000] {dag.py:3444} INFO - Setting next_dagrun for tutorial to 2023-03-18T13:35:33.039049+00:00, run_after=2023-03-19T13:35:33.039049+00:00
[2023-03-19T13:35:33.048+0000] {processor.py:175} INFO - Processing /home/airflow/.local/lib/python3.7/site-packages/airflow/example_dags/tutorial.py took 0.072 seconds
[2023-03-19T14:05:53.238+0000] {processor.py:153} INFO - Started process (PID=56) to work on /home/airflow/.local/lib/python3.7/site-packages/airflow/example_dags/tutorial.py
[2023-03-19T14:05:53.250+0000] {processor.py:743} INFO - Processing file /home/airflow/.local/lib/python3.7/site-packages/airflow/example_dags/tutorial.py for tasks to queue
[2023-03-19T14:05:53.252+0000] {logging_mixin.py:137} INFO - [2023-03-19T14:05:53.252+0000] {dagbag.py:532} INFO - Filling up the DagBag from /home/airflow/.local/lib/python3.7/site-packages/airflow/example_dags/tutorial.py
[2023-03-19T14:05:53.291+0000] {processor.py:753} INFO - DAG(s) dict_keys(['tutorial']) retrieved from /home/airflow/.local/lib/python3.7/site-packages/airflow/example_dags/tutorial.py
[2023-03-19T14:05:53.315+0000] {logging_mixin.py:137} INFO - [2023-03-19T14:05:53.315+0000] {dag.py:2693} INFO - Sync 1 DAGs
[2023-03-19T14:05:53.364+0000] {logging_mixin.py:137} INFO - [2023-03-19T14:05:53.364+0000] {dag.py:3444} INFO - Setting next_dagrun for tutorial to 2023-03-18T14:05:53.363902+00:00, run_after=2023-03-19T14:05:53.363902+00:00
[2023-03-19T14:05:53.387+0000] {processor.py:175} INFO - Processing /home/airflow/.local/lib/python3.7/site-packages/airflow/example_dags/tutorial.py took 0.177 seconds
[2023-03-19T14:06:23.616+0000] {processor.py:153} INFO - Started process (PID=105) to work on /home/airflow/.local/lib/python3.7/site-packages/airflow/example_dags/tutorial.py
[2023-03-19T14:06:23.617+0000] {processor.py:743} INFO - Processing file /home/airflow/.local/lib/python3.7/site-packages/airflow/example_dags/tutorial.py for tasks to queue
[2023-03-19T14:06:23.618+0000] {logging_mixin.py:137} INFO - [2023-03-19T14:06:23.618+0000] {dagbag.py:532} INFO - Filling up the DagBag from /home/airflow/.local/lib/python3.7/site-packages/airflow/example_dags/tutorial.py
[2023-03-19T14:06:23.628+0000] {processor.py:753} INFO - DAG(s) dict_keys(['tutorial']) retrieved from /home/airflow/.local/lib/python3.7/site-packages/airflow/example_dags/tutorial.py
[2023-03-19T14:06:23.645+0000] {logging_mixin.py:137} INFO - [2023-03-19T14:06:23.645+0000] {dag.py:2693} INFO - Sync 1 DAGs
[2023-03-19T14:06:23.659+0000] {logging_mixin.py:137} INFO - [2023-03-19T14:06:23.659+0000] {dag.py:3444} INFO - Setting next_dagrun for tutorial to 2023-03-18T14:06:23.659690+00:00, run_after=2023-03-19T14:06:23.659690+00:00
[2023-03-19T14:06:23.669+0000] {processor.py:175} INFO - Processing /home/airflow/.local/lib/python3.7/site-packages/airflow/example_dags/tutorial.py took 0.055 seconds
[2023-03-19T14:06:53.925+0000] {processor.py:153} INFO - Started process (PID=154) to work on /home/airflow/.local/lib/python3.7/site-packages/airflow/example_dags/tutorial.py
[2023-03-19T14:06:53.926+0000] {processor.py:743} INFO - Processing file /home/airflow/.local/lib/python3.7/site-packages/airflow/example_dags/tutorial.py for tasks to queue
[2023-03-19T14:06:53.927+0000] {logging_mixin.py:137} INFO - [2023-03-19T14:06:53.926+0000] {dagbag.py:532} INFO - Filling up the DagBag from /home/airflow/.local/lib/python3.7/site-packages/airflow/example_dags/tutorial.py
[2023-03-19T14:06:53.935+0000] {processor.py:753} INFO - DAG(s) dict_keys(['tutorial']) retrieved from /home/airflow/.local/lib/python3.7/site-packages/airflow/example_dags/tutorial.py
[2023-03-19T14:06:53.952+0000] {logging_mixin.py:137} INFO - [2023-03-19T14:06:53.952+0000] {dag.py:2693} INFO - Sync 1 DAGs
[2023-03-19T14:06:53.965+0000] {logging_mixin.py:137} INFO - [2023-03-19T14:06:53.965+0000] {dag.py:3444} INFO - Setting next_dagrun for tutorial to 2023-03-18T14:06:53.965632+00:00, run_after=2023-03-19T14:06:53.965632+00:00
[2023-03-19T14:06:53.975+0000] {processor.py:175} INFO - Processing /home/airflow/.local/lib/python3.7/site-packages/airflow/example_dags/tutorial.py took 0.053 seconds
[2023-03-19T14:07:24.347+0000] {processor.py:153} INFO - Started process (PID=203) to work on /home/airflow/.local/lib/python3.7/site-packages/airflow/example_dags/tutorial.py
[2023-03-19T14:07:24.348+0000] {processor.py:743} INFO - Processing file /home/airflow/.local/lib/python3.7/site-packages/airflow/example_dags/tutorial.py for tasks to queue
[2023-03-19T14:07:24.349+0000] {logging_mixin.py:137} INFO - [2023-03-19T14:07:24.349+0000] {dagbag.py:532} INFO - Filling up the DagBag from /home/airflow/.local/lib/python3.7/site-packages/airflow/example_dags/tutorial.py
[2023-03-19T14:07:24.358+0000] {processor.py:753} INFO - DAG(s) dict_keys(['tutorial']) retrieved from /home/airflow/.local/lib/python3.7/site-packages/airflow/example_dags/tutorial.py
[2023-03-19T14:07:24.376+0000] {logging_mixin.py:137} INFO - [2023-03-19T14:07:24.376+0000] {dag.py:2693} INFO - Sync 1 DAGs
[2023-03-19T14:07:24.391+0000] {logging_mixin.py:137} INFO - [2023-03-19T14:07:24.391+0000] {dag.py:3444} INFO - Setting next_dagrun for tutorial to 2023-03-18T14:07:24.391347+00:00, run_after=2023-03-19T14:07:24.391347+00:00
[2023-03-19T14:07:24.401+0000] {processor.py:175} INFO - Processing /home/airflow/.local/lib/python3.7/site-packages/airflow/example_dags/tutorial.py took 0.056 seconds
[2023-03-19T14:07:54.760+0000] {processor.py:153} INFO - Started process (PID=252) to work on /home/airflow/.local/lib/python3.7/site-packages/airflow/example_dags/tutorial.py
[2023-03-19T14:07:54.761+0000] {processor.py:743} INFO - Processing file /home/airflow/.local/lib/python3.7/site-packages/airflow/example_dags/tutorial.py for tasks to queue
[2023-03-19T14:07:54.763+0000] {logging_mixin.py:137} INFO - [2023-03-19T14:07:54.763+0000] {dagbag.py:532} INFO - Filling up the DagBag from /home/airflow/.local/lib/python3.7/site-packages/airflow/example_dags/tutorial.py
[2023-03-19T14:07:54.775+0000] {processor.py:753} INFO - DAG(s) dict_keys(['tutorial']) retrieved from /home/airflow/.local/lib/python3.7/site-packages/airflow/example_dags/tutorial.py
[2023-03-19T14:07:54.792+0000] {logging_mixin.py:137} INFO - [2023-03-19T14:07:54.792+0000] {dag.py:2693} INFO - Sync 1 DAGs
[2023-03-19T14:07:54.805+0000] {logging_mixin.py:137} INFO - [2023-03-19T14:07:54.805+0000] {dag.py:3444} INFO - Setting next_dagrun for tutorial to 2023-03-18T14:07:54.805438+00:00, run_after=2023-03-19T14:07:54.805438+00:00
[2023-03-19T14:07:54.815+0000] {processor.py:175} INFO - Processing /home/airflow/.local/lib/python3.7/site-packages/airflow/example_dags/tutorial.py took 0.058 seconds
[2023-03-19T14:08:25.571+0000] {processor.py:153} INFO - Started process (PID=302) to work on /home/airflow/.local/lib/python3.7/site-packages/airflow/example_dags/tutorial.py
[2023-03-19T14:08:25.572+0000] {processor.py:743} INFO - Processing file /home/airflow/.local/lib/python3.7/site-packages/airflow/example_dags/tutorial.py for tasks to queue
[2023-03-19T14:08:25.573+0000] {logging_mixin.py:137} INFO - [2023-03-19T14:08:25.573+0000] {dagbag.py:532} INFO - Filling up the DagBag from /home/airflow/.local/lib/python3.7/site-packages/airflow/example_dags/tutorial.py
[2023-03-19T14:08:25.583+0000] {processor.py:753} INFO - DAG(s) dict_keys(['tutorial']) retrieved from /home/airflow/.local/lib/python3.7/site-packages/airflow/example_dags/tutorial.py
[2023-03-19T14:08:25.602+0000] {logging_mixin.py:137} INFO - [2023-03-19T14:08:25.602+0000] {dag.py:2693} INFO - Sync 1 DAGs
[2023-03-19T14:08:25.616+0000] {logging_mixin.py:137} INFO - [2023-03-19T14:08:25.616+0000] {dag.py:3444} INFO - Setting next_dagrun for tutorial to 2023-03-18T14:08:25.615846+00:00, run_after=2023-03-19T14:08:25.615846+00:00
[2023-03-19T14:08:25.625+0000] {processor.py:175} INFO - Processing /home/airflow/.local/lib/python3.7/site-packages/airflow/example_dags/tutorial.py took 0.056 seconds
[2023-03-19T14:09:10.602+0000] {processor.py:153} INFO - Started process (PID=55) to work on /home/airflow/.local/lib/python3.7/site-packages/airflow/example_dags/tutorial.py
[2023-03-19T14:09:10.604+0000] {processor.py:743} INFO - Processing file /home/airflow/.local/lib/python3.7/site-packages/airflow/example_dags/tutorial.py for tasks to queue
[2023-03-19T14:09:10.605+0000] {logging_mixin.py:137} INFO - [2023-03-19T14:09:10.605+0000] {dagbag.py:532} INFO - Filling up the DagBag from /home/airflow/.local/lib/python3.7/site-packages/airflow/example_dags/tutorial.py
[2023-03-19T14:09:10.633+0000] {processor.py:753} INFO - DAG(s) dict_keys(['tutorial']) retrieved from /home/airflow/.local/lib/python3.7/site-packages/airflow/example_dags/tutorial.py
[2023-03-19T14:09:10.654+0000] {logging_mixin.py:137} INFO - [2023-03-19T14:09:10.653+0000] {dag.py:2693} INFO - Sync 1 DAGs
[2023-03-19T14:09:10.703+0000] {logging_mixin.py:137} INFO - [2023-03-19T14:09:10.703+0000] {dag.py:3444} INFO - Setting next_dagrun for tutorial to 2023-03-18T14:09:10.702940+00:00, run_after=2023-03-19T14:09:10.702940+00:00
[2023-03-19T14:09:10.726+0000] {processor.py:175} INFO - Processing /home/airflow/.local/lib/python3.7/site-packages/airflow/example_dags/tutorial.py took 0.128 seconds
[2023-03-19T14:09:40.805+0000] {processor.py:153} INFO - Started process (PID=104) to work on /home/airflow/.local/lib/python3.7/site-packages/airflow/example_dags/tutorial.py
[2023-03-19T14:09:40.806+0000] {processor.py:743} INFO - Processing file /home/airflow/.local/lib/python3.7/site-packages/airflow/example_dags/tutorial.py for tasks to queue
[2023-03-19T14:09:40.807+0000] {logging_mixin.py:137} INFO - [2023-03-19T14:09:40.807+0000] {dagbag.py:532} INFO - Filling up the DagBag from /home/airflow/.local/lib/python3.7/site-packages/airflow/example_dags/tutorial.py
[2023-03-19T14:09:40.817+0000] {processor.py:753} INFO - DAG(s) dict_keys(['tutorial']) retrieved from /home/airflow/.local/lib/python3.7/site-packages/airflow/example_dags/tutorial.py
[2023-03-19T14:09:40.834+0000] {logging_mixin.py:137} INFO - [2023-03-19T14:09:40.834+0000] {dag.py:2693} INFO - Sync 1 DAGs
[2023-03-19T14:09:40.848+0000] {logging_mixin.py:137} INFO - [2023-03-19T14:09:40.848+0000] {dag.py:3444} INFO - Setting next_dagrun for tutorial to 2023-03-18T14:09:40.848313+00:00, run_after=2023-03-19T14:09:40.848313+00:00
[2023-03-19T14:09:40.858+0000] {processor.py:175} INFO - Processing /home/airflow/.local/lib/python3.7/site-packages/airflow/example_dags/tutorial.py took 0.056 seconds
[2023-03-19T14:10:11.347+0000] {processor.py:153} INFO - Started process (PID=152) to work on /home/airflow/.local/lib/python3.7/site-packages/airflow/example_dags/tutorial.py
[2023-03-19T14:10:11.349+0000] {processor.py:743} INFO - Processing file /home/airflow/.local/lib/python3.7/site-packages/airflow/example_dags/tutorial.py for tasks to queue
[2023-03-19T14:10:11.349+0000] {logging_mixin.py:137} INFO - [2023-03-19T14:10:11.349+0000] {dagbag.py:532} INFO - Filling up the DagBag from /home/airflow/.local/lib/python3.7/site-packages/airflow/example_dags/tutorial.py
[2023-03-19T14:10:11.366+0000] {processor.py:753} INFO - DAG(s) dict_keys(['tutorial']) retrieved from /home/airflow/.local/lib/python3.7/site-packages/airflow/example_dags/tutorial.py
[2023-03-19T14:10:11.389+0000] {logging_mixin.py:137} INFO - [2023-03-19T14:10:11.389+0000] {dag.py:2693} INFO - Sync 1 DAGs
[2023-03-19T14:10:11.404+0000] {logging_mixin.py:137} INFO - [2023-03-19T14:10:11.404+0000] {dag.py:3444} INFO - Setting next_dagrun for tutorial to 2023-03-18T14:10:11.404362+00:00, run_after=2023-03-19T14:10:11.404362+00:00
[2023-03-19T14:10:11.414+0000] {processor.py:175} INFO - Processing /home/airflow/.local/lib/python3.7/site-packages/airflow/example_dags/tutorial.py took 0.071 seconds
[2023-03-19T14:10:42.401+0000] {processor.py:153} INFO - Started process (PID=201) to work on /home/airflow/.local/lib/python3.7/site-packages/airflow/example_dags/tutorial.py
[2023-03-19T14:10:42.403+0000] {processor.py:743} INFO - Processing file /home/airflow/.local/lib/python3.7/site-packages/airflow/example_dags/tutorial.py for tasks to queue
[2023-03-19T14:10:42.404+0000] {logging_mixin.py:137} INFO - [2023-03-19T14:10:42.404+0000] {dagbag.py:532} INFO - Filling up the DagBag from /home/airflow/.local/lib/python3.7/site-packages/airflow/example_dags/tutorial.py
[2023-03-19T14:10:42.416+0000] {processor.py:753} INFO - DAG(s) dict_keys(['tutorial']) retrieved from /home/airflow/.local/lib/python3.7/site-packages/airflow/example_dags/tutorial.py
[2023-03-19T14:10:42.435+0000] {logging_mixin.py:137} INFO - [2023-03-19T14:10:42.435+0000] {dag.py:2693} INFO - Sync 1 DAGs
[2023-03-19T14:10:42.449+0000] {logging_mixin.py:137} INFO - [2023-03-19T14:10:42.449+0000] {dag.py:3444} INFO - Setting next_dagrun for tutorial to 2023-03-18T14:10:42.449140+00:00, run_after=2023-03-19T14:10:42.449140+00:00
[2023-03-19T14:10:42.459+0000] {processor.py:175} INFO - Processing /home/airflow/.local/lib/python3.7/site-packages/airflow/example_dags/tutorial.py took 0.061 seconds
[2023-03-19T14:11:12.828+0000] {processor.py:153} INFO - Started process (PID=250) to work on /home/airflow/.local/lib/python3.7/site-packages/airflow/example_dags/tutorial.py
[2023-03-19T14:11:12.830+0000] {processor.py:743} INFO - Processing file /home/airflow/.local/lib/python3.7/site-packages/airflow/example_dags/tutorial.py for tasks to queue
[2023-03-19T14:11:12.830+0000] {logging_mixin.py:137} INFO - [2023-03-19T14:11:12.830+0000] {dagbag.py:532} INFO - Filling up the DagBag from /home/airflow/.local/lib/python3.7/site-packages/airflow/example_dags/tutorial.py
[2023-03-19T14:11:12.839+0000] {processor.py:753} INFO - DAG(s) dict_keys(['tutorial']) retrieved from /home/airflow/.local/lib/python3.7/site-packages/airflow/example_dags/tutorial.py
[2023-03-19T14:11:12.855+0000] {logging_mixin.py:137} INFO - [2023-03-19T14:11:12.855+0000] {dag.py:2693} INFO - Sync 1 DAGs
[2023-03-19T14:11:12.869+0000] {logging_mixin.py:137} INFO - [2023-03-19T14:11:12.869+0000] {dag.py:3444} INFO - Setting next_dagrun for tutorial to 2023-03-18T14:11:12.869721+00:00, run_after=2023-03-19T14:11:12.869721+00:00
[2023-03-19T14:11:12.879+0000] {processor.py:175} INFO - Processing /home/airflow/.local/lib/python3.7/site-packages/airflow/example_dags/tutorial.py took 0.053 seconds
[2023-03-19T14:11:43.221+0000] {processor.py:153} INFO - Started process (PID=299) to work on /home/airflow/.local/lib/python3.7/site-packages/airflow/example_dags/tutorial.py
[2023-03-19T14:11:43.223+0000] {processor.py:743} INFO - Processing file /home/airflow/.local/lib/python3.7/site-packages/airflow/example_dags/tutorial.py for tasks to queue
[2023-03-19T14:11:43.224+0000] {logging_mixin.py:137} INFO - [2023-03-19T14:11:43.224+0000] {dagbag.py:532} INFO - Filling up the DagBag from /home/airflow/.local/lib/python3.7/site-packages/airflow/example_dags/tutorial.py
[2023-03-19T14:11:43.235+0000] {processor.py:753} INFO - DAG(s) dict_keys(['tutorial']) retrieved from /home/airflow/.local/lib/python3.7/site-packages/airflow/example_dags/tutorial.py
[2023-03-19T14:11:43.253+0000] {logging_mixin.py:137} INFO - [2023-03-19T14:11:43.253+0000] {dag.py:2693} INFO - Sync 1 DAGs
[2023-03-19T14:11:43.267+0000] {logging_mixin.py:137} INFO - [2023-03-19T14:11:43.267+0000] {dag.py:3444} INFO - Setting next_dagrun for tutorial to 2023-03-18T14:11:43.267158+00:00, run_after=2023-03-19T14:11:43.267158+00:00
[2023-03-19T14:11:43.277+0000] {processor.py:175} INFO - Processing /home/airflow/.local/lib/python3.7/site-packages/airflow/example_dags/tutorial.py took 0.057 seconds
[2023-03-19T14:12:14.258+0000] {processor.py:153} INFO - Started process (PID=348) to work on /home/airflow/.local/lib/python3.7/site-packages/airflow/example_dags/tutorial.py
[2023-03-19T14:12:14.262+0000] {processor.py:743} INFO - Processing file /home/airflow/.local/lib/python3.7/site-packages/airflow/example_dags/tutorial.py for tasks to queue
[2023-03-19T14:12:14.264+0000] {logging_mixin.py:137} INFO - [2023-03-19T14:12:14.264+0000] {dagbag.py:532} INFO - Filling up the DagBag from /home/airflow/.local/lib/python3.7/site-packages/airflow/example_dags/tutorial.py
[2023-03-19T14:12:14.284+0000] {processor.py:753} INFO - DAG(s) dict_keys(['tutorial']) retrieved from /home/airflow/.local/lib/python3.7/site-packages/airflow/example_dags/tutorial.py
[2023-03-19T14:12:14.304+0000] {logging_mixin.py:137} INFO - [2023-03-19T14:12:14.304+0000] {dag.py:2693} INFO - Sync 1 DAGs
[2023-03-19T14:12:14.336+0000] {logging_mixin.py:137} INFO - [2023-03-19T14:12:14.336+0000] {dag.py:3444} INFO - Setting next_dagrun for tutorial to 2023-03-18T14:12:14.336061+00:00, run_after=2023-03-19T14:12:14.336061+00:00
[2023-03-19T14:12:14.352+0000] {processor.py:175} INFO - Processing /home/airflow/.local/lib/python3.7/site-packages/airflow/example_dags/tutorial.py took 0.099 seconds
