[2023-03-19T13:32:59.903+0000] {processor.py:153} INFO - Started process (PID=49) to work on /home/airflow/.local/lib/python3.7/site-packages/airflow/example_dags/tutorial_taskflow_api.py
[2023-03-19T13:32:59.904+0000] {processor.py:743} INFO - Processing file /home/airflow/.local/lib/python3.7/site-packages/airflow/example_dags/tutorial_taskflow_api.py for tasks to queue
[2023-03-19T13:32:59.905+0000] {logging_mixin.py:137} INFO - [2023-03-19T13:32:59.904+0000] {dagbag.py:532} INFO - Filling up the DagBag from /home/airflow/.local/lib/python3.7/site-packages/airflow/example_dags/tutorial_taskflow_api.py
[2023-03-19T13:32:59.923+0000] {processor.py:753} INFO - DAG(s) dict_keys(['tutorial_taskflow_api']) retrieved from /home/airflow/.local/lib/python3.7/site-packages/airflow/example_dags/tutorial_taskflow_api.py
[2023-03-19T13:32:59.939+0000] {logging_mixin.py:137} INFO - [2023-03-19T13:32:59.939+0000] {dag.py:2693} INFO - Sync 1 DAGs
[2023-03-19T13:32:59.975+0000] {logging_mixin.py:137} INFO - [2023-03-19T13:32:59.975+0000] {dag.py:3444} INFO - Setting next_dagrun for tutorial_taskflow_api to None, run_after=None
[2023-03-19T13:32:59.993+0000] {processor.py:175} INFO - Processing /home/airflow/.local/lib/python3.7/site-packages/airflow/example_dags/tutorial_taskflow_api.py took 0.097 seconds
[2023-03-19T13:33:30.059+0000] {processor.py:153} INFO - Started process (PID=98) to work on /home/airflow/.local/lib/python3.7/site-packages/airflow/example_dags/tutorial_taskflow_api.py
[2023-03-19T13:33:30.060+0000] {processor.py:743} INFO - Processing file /home/airflow/.local/lib/python3.7/site-packages/airflow/example_dags/tutorial_taskflow_api.py for tasks to queue
[2023-03-19T13:33:30.061+0000] {logging_mixin.py:137} INFO - [2023-03-19T13:33:30.061+0000] {dagbag.py:532} INFO - Filling up the DagBag from /home/airflow/.local/lib/python3.7/site-packages/airflow/example_dags/tutorial_taskflow_api.py
[2023-03-19T13:33:30.074+0000] {processor.py:753} INFO - DAG(s) dict_keys(['tutorial_taskflow_api']) retrieved from /home/airflow/.local/lib/python3.7/site-packages/airflow/example_dags/tutorial_taskflow_api.py
[2023-03-19T13:33:30.092+0000] {logging_mixin.py:137} INFO - [2023-03-19T13:33:30.092+0000] {dag.py:2693} INFO - Sync 1 DAGs
[2023-03-19T13:33:30.107+0000] {logging_mixin.py:137} INFO - [2023-03-19T13:33:30.107+0000] {dag.py:3444} INFO - Setting next_dagrun for tutorial_taskflow_api to None, run_after=None
[2023-03-19T13:33:30.117+0000] {processor.py:175} INFO - Processing /home/airflow/.local/lib/python3.7/site-packages/airflow/example_dags/tutorial_taskflow_api.py took 0.060 seconds
[2023-03-19T13:34:00.390+0000] {processor.py:153} INFO - Started process (PID=148) to work on /home/airflow/.local/lib/python3.7/site-packages/airflow/example_dags/tutorial_taskflow_api.py
[2023-03-19T13:34:00.391+0000] {processor.py:743} INFO - Processing file /home/airflow/.local/lib/python3.7/site-packages/airflow/example_dags/tutorial_taskflow_api.py for tasks to queue
[2023-03-19T13:34:00.392+0000] {logging_mixin.py:137} INFO - [2023-03-19T13:34:00.392+0000] {dagbag.py:532} INFO - Filling up the DagBag from /home/airflow/.local/lib/python3.7/site-packages/airflow/example_dags/tutorial_taskflow_api.py
[2023-03-19T13:34:00.407+0000] {processor.py:753} INFO - DAG(s) dict_keys(['tutorial_taskflow_api']) retrieved from /home/airflow/.local/lib/python3.7/site-packages/airflow/example_dags/tutorial_taskflow_api.py
[2023-03-19T13:34:00.424+0000] {logging_mixin.py:137} INFO - [2023-03-19T13:34:00.424+0000] {dag.py:2693} INFO - Sync 1 DAGs
[2023-03-19T13:34:00.439+0000] {logging_mixin.py:137} INFO - [2023-03-19T13:34:00.438+0000] {dag.py:3444} INFO - Setting next_dagrun for tutorial_taskflow_api to None, run_after=None
[2023-03-19T13:34:00.447+0000] {processor.py:175} INFO - Processing /home/airflow/.local/lib/python3.7/site-packages/airflow/example_dags/tutorial_taskflow_api.py took 0.060 seconds
[2023-03-19T13:34:30.662+0000] {processor.py:153} INFO - Started process (PID=197) to work on /home/airflow/.local/lib/python3.7/site-packages/airflow/example_dags/tutorial_taskflow_api.py
[2023-03-19T13:34:30.663+0000] {processor.py:743} INFO - Processing file /home/airflow/.local/lib/python3.7/site-packages/airflow/example_dags/tutorial_taskflow_api.py for tasks to queue
[2023-03-19T13:34:30.664+0000] {logging_mixin.py:137} INFO - [2023-03-19T13:34:30.664+0000] {dagbag.py:532} INFO - Filling up the DagBag from /home/airflow/.local/lib/python3.7/site-packages/airflow/example_dags/tutorial_taskflow_api.py
[2023-03-19T13:34:30.677+0000] {processor.py:753} INFO - DAG(s) dict_keys(['tutorial_taskflow_api']) retrieved from /home/airflow/.local/lib/python3.7/site-packages/airflow/example_dags/tutorial_taskflow_api.py
[2023-03-19T13:34:30.696+0000] {logging_mixin.py:137} INFO - [2023-03-19T13:34:30.696+0000] {dag.py:2693} INFO - Sync 1 DAGs
[2023-03-19T13:34:30.709+0000] {logging_mixin.py:137} INFO - [2023-03-19T13:34:30.709+0000] {dag.py:3444} INFO - Setting next_dagrun for tutorial_taskflow_api to None, run_after=None
[2023-03-19T13:34:30.721+0000] {processor.py:175} INFO - Processing /home/airflow/.local/lib/python3.7/site-packages/airflow/example_dags/tutorial_taskflow_api.py took 0.061 seconds
[2023-03-19T13:35:01.398+0000] {processor.py:153} INFO - Started process (PID=246) to work on /home/airflow/.local/lib/python3.7/site-packages/airflow/example_dags/tutorial_taskflow_api.py
[2023-03-19T13:35:01.399+0000] {processor.py:743} INFO - Processing file /home/airflow/.local/lib/python3.7/site-packages/airflow/example_dags/tutorial_taskflow_api.py for tasks to queue
[2023-03-19T13:35:01.400+0000] {logging_mixin.py:137} INFO - [2023-03-19T13:35:01.400+0000] {dagbag.py:532} INFO - Filling up the DagBag from /home/airflow/.local/lib/python3.7/site-packages/airflow/example_dags/tutorial_taskflow_api.py
[2023-03-19T13:35:01.415+0000] {processor.py:753} INFO - DAG(s) dict_keys(['tutorial_taskflow_api']) retrieved from /home/airflow/.local/lib/python3.7/site-packages/airflow/example_dags/tutorial_taskflow_api.py
[2023-03-19T13:35:01.436+0000] {logging_mixin.py:137} INFO - [2023-03-19T13:35:01.436+0000] {dag.py:2693} INFO - Sync 1 DAGs
[2023-03-19T13:35:01.453+0000] {logging_mixin.py:137} INFO - [2023-03-19T13:35:01.453+0000] {dag.py:3444} INFO - Setting next_dagrun for tutorial_taskflow_api to None, run_after=None
[2023-03-19T13:35:01.464+0000] {processor.py:175} INFO - Processing /home/airflow/.local/lib/python3.7/site-packages/airflow/example_dags/tutorial_taskflow_api.py took 0.069 seconds
[2023-03-19T13:35:31.553+0000] {processor.py:153} INFO - Started process (PID=294) to work on /home/airflow/.local/lib/python3.7/site-packages/airflow/example_dags/tutorial_taskflow_api.py
[2023-03-19T13:35:31.554+0000] {processor.py:743} INFO - Processing file /home/airflow/.local/lib/python3.7/site-packages/airflow/example_dags/tutorial_taskflow_api.py for tasks to queue
[2023-03-19T13:35:31.554+0000] {logging_mixin.py:137} INFO - [2023-03-19T13:35:31.554+0000] {dagbag.py:532} INFO - Filling up the DagBag from /home/airflow/.local/lib/python3.7/site-packages/airflow/example_dags/tutorial_taskflow_api.py
[2023-03-19T13:35:31.567+0000] {processor.py:753} INFO - DAG(s) dict_keys(['tutorial_taskflow_api']) retrieved from /home/airflow/.local/lib/python3.7/site-packages/airflow/example_dags/tutorial_taskflow_api.py
[2023-03-19T13:35:31.583+0000] {logging_mixin.py:137} INFO - [2023-03-19T13:35:31.583+0000] {dag.py:2693} INFO - Sync 1 DAGs
[2023-03-19T13:35:31.596+0000] {logging_mixin.py:137} INFO - [2023-03-19T13:35:31.596+0000] {dag.py:3444} INFO - Setting next_dagrun for tutorial_taskflow_api to None, run_after=None
[2023-03-19T13:35:31.605+0000] {processor.py:175} INFO - Processing /home/airflow/.local/lib/python3.7/site-packages/airflow/example_dags/tutorial_taskflow_api.py took 0.054 seconds
[2023-03-19T14:05:52.405+0000] {processor.py:153} INFO - Started process (PID=49) to work on /home/airflow/.local/lib/python3.7/site-packages/airflow/example_dags/tutorial_taskflow_api.py
[2023-03-19T14:05:52.407+0000] {processor.py:743} INFO - Processing file /home/airflow/.local/lib/python3.7/site-packages/airflow/example_dags/tutorial_taskflow_api.py for tasks to queue
[2023-03-19T14:05:52.410+0000] {logging_mixin.py:137} INFO - [2023-03-19T14:05:52.410+0000] {dagbag.py:532} INFO - Filling up the DagBag from /home/airflow/.local/lib/python3.7/site-packages/airflow/example_dags/tutorial_taskflow_api.py
[2023-03-19T14:05:52.448+0000] {processor.py:753} INFO - DAG(s) dict_keys(['tutorial_taskflow_api']) retrieved from /home/airflow/.local/lib/python3.7/site-packages/airflow/example_dags/tutorial_taskflow_api.py
[2023-03-19T14:05:52.475+0000] {logging_mixin.py:137} INFO - [2023-03-19T14:05:52.475+0000] {dag.py:2693} INFO - Sync 1 DAGs
[2023-03-19T14:05:52.499+0000] {logging_mixin.py:137} INFO - [2023-03-19T14:05:52.499+0000] {dag.py:3444} INFO - Setting next_dagrun for tutorial_taskflow_api to None, run_after=None
[2023-03-19T14:05:52.523+0000] {processor.py:175} INFO - Processing /home/airflow/.local/lib/python3.7/site-packages/airflow/example_dags/tutorial_taskflow_api.py took 0.123 seconds
[2023-03-19T14:06:23.293+0000] {processor.py:153} INFO - Started process (PID=98) to work on /home/airflow/.local/lib/python3.7/site-packages/airflow/example_dags/tutorial_taskflow_api.py
[2023-03-19T14:06:23.294+0000] {processor.py:743} INFO - Processing file /home/airflow/.local/lib/python3.7/site-packages/airflow/example_dags/tutorial_taskflow_api.py for tasks to queue
[2023-03-19T14:06:23.294+0000] {logging_mixin.py:137} INFO - [2023-03-19T14:06:23.294+0000] {dagbag.py:532} INFO - Filling up the DagBag from /home/airflow/.local/lib/python3.7/site-packages/airflow/example_dags/tutorial_taskflow_api.py
[2023-03-19T14:06:23.308+0000] {processor.py:753} INFO - DAG(s) dict_keys(['tutorial_taskflow_api']) retrieved from /home/airflow/.local/lib/python3.7/site-packages/airflow/example_dags/tutorial_taskflow_api.py
[2023-03-19T14:06:23.326+0000] {logging_mixin.py:137} INFO - [2023-03-19T14:06:23.326+0000] {dag.py:2693} INFO - Sync 1 DAGs
[2023-03-19T14:06:23.341+0000] {logging_mixin.py:137} INFO - [2023-03-19T14:06:23.341+0000] {dag.py:3444} INFO - Setting next_dagrun for tutorial_taskflow_api to None, run_after=None
[2023-03-19T14:06:23.350+0000] {processor.py:175} INFO - Processing /home/airflow/.local/lib/python3.7/site-packages/airflow/example_dags/tutorial_taskflow_api.py took 0.060 seconds
[2023-03-19T14:06:53.654+0000] {processor.py:153} INFO - Started process (PID=147) to work on /home/airflow/.local/lib/python3.7/site-packages/airflow/example_dags/tutorial_taskflow_api.py
[2023-03-19T14:06:53.655+0000] {processor.py:743} INFO - Processing file /home/airflow/.local/lib/python3.7/site-packages/airflow/example_dags/tutorial_taskflow_api.py for tasks to queue
[2023-03-19T14:06:53.656+0000] {logging_mixin.py:137} INFO - [2023-03-19T14:06:53.656+0000] {dagbag.py:532} INFO - Filling up the DagBag from /home/airflow/.local/lib/python3.7/site-packages/airflow/example_dags/tutorial_taskflow_api.py
[2023-03-19T14:06:53.670+0000] {processor.py:753} INFO - DAG(s) dict_keys(['tutorial_taskflow_api']) retrieved from /home/airflow/.local/lib/python3.7/site-packages/airflow/example_dags/tutorial_taskflow_api.py
[2023-03-19T14:06:53.687+0000] {logging_mixin.py:137} INFO - [2023-03-19T14:06:53.687+0000] {dag.py:2693} INFO - Sync 1 DAGs
[2023-03-19T14:06:53.700+0000] {logging_mixin.py:137} INFO - [2023-03-19T14:06:53.700+0000] {dag.py:3444} INFO - Setting next_dagrun for tutorial_taskflow_api to None, run_after=None
[2023-03-19T14:06:53.710+0000] {processor.py:175} INFO - Processing /home/airflow/.local/lib/python3.7/site-packages/airflow/example_dags/tutorial_taskflow_api.py took 0.058 seconds
[2023-03-19T14:07:23.994+0000] {processor.py:153} INFO - Started process (PID=196) to work on /home/airflow/.local/lib/python3.7/site-packages/airflow/example_dags/tutorial_taskflow_api.py
[2023-03-19T14:07:23.997+0000] {processor.py:743} INFO - Processing file /home/airflow/.local/lib/python3.7/site-packages/airflow/example_dags/tutorial_taskflow_api.py for tasks to queue
[2023-03-19T14:07:23.998+0000] {logging_mixin.py:137} INFO - [2023-03-19T14:07:23.998+0000] {dagbag.py:532} INFO - Filling up the DagBag from /home/airflow/.local/lib/python3.7/site-packages/airflow/example_dags/tutorial_taskflow_api.py
[2023-03-19T14:07:24.020+0000] {processor.py:753} INFO - DAG(s) dict_keys(['tutorial_taskflow_api']) retrieved from /home/airflow/.local/lib/python3.7/site-packages/airflow/example_dags/tutorial_taskflow_api.py
[2023-03-19T14:07:24.053+0000] {logging_mixin.py:137} INFO - [2023-03-19T14:07:24.053+0000] {dag.py:2693} INFO - Sync 1 DAGs
[2023-03-19T14:07:24.071+0000] {logging_mixin.py:137} INFO - [2023-03-19T14:07:24.071+0000] {dag.py:3444} INFO - Setting next_dagrun for tutorial_taskflow_api to None, run_after=None
[2023-03-19T14:07:24.084+0000] {processor.py:175} INFO - Processing /home/airflow/.local/lib/python3.7/site-packages/airflow/example_dags/tutorial_taskflow_api.py took 0.093 seconds
[2023-03-19T14:07:54.486+0000] {processor.py:153} INFO - Started process (PID=245) to work on /home/airflow/.local/lib/python3.7/site-packages/airflow/example_dags/tutorial_taskflow_api.py
[2023-03-19T14:07:54.488+0000] {processor.py:743} INFO - Processing file /home/airflow/.local/lib/python3.7/site-packages/airflow/example_dags/tutorial_taskflow_api.py for tasks to queue
[2023-03-19T14:07:54.488+0000] {logging_mixin.py:137} INFO - [2023-03-19T14:07:54.488+0000] {dagbag.py:532} INFO - Filling up the DagBag from /home/airflow/.local/lib/python3.7/site-packages/airflow/example_dags/tutorial_taskflow_api.py
[2023-03-19T14:07:54.503+0000] {processor.py:753} INFO - DAG(s) dict_keys(['tutorial_taskflow_api']) retrieved from /home/airflow/.local/lib/python3.7/site-packages/airflow/example_dags/tutorial_taskflow_api.py
[2023-03-19T14:07:54.520+0000] {logging_mixin.py:137} INFO - [2023-03-19T14:07:54.520+0000] {dag.py:2693} INFO - Sync 1 DAGs
[2023-03-19T14:07:54.534+0000] {logging_mixin.py:137} INFO - [2023-03-19T14:07:54.534+0000] {dag.py:3444} INFO - Setting next_dagrun for tutorial_taskflow_api to None, run_after=None
[2023-03-19T14:07:54.543+0000] {processor.py:175} INFO - Processing /home/airflow/.local/lib/python3.7/site-packages/airflow/example_dags/tutorial_taskflow_api.py took 0.059 seconds
[2023-03-19T14:08:25.282+0000] {processor.py:153} INFO - Started process (PID=295) to work on /home/airflow/.local/lib/python3.7/site-packages/airflow/example_dags/tutorial_taskflow_api.py
[2023-03-19T14:08:25.283+0000] {processor.py:743} INFO - Processing file /home/airflow/.local/lib/python3.7/site-packages/airflow/example_dags/tutorial_taskflow_api.py for tasks to queue
[2023-03-19T14:08:25.284+0000] {logging_mixin.py:137} INFO - [2023-03-19T14:08:25.284+0000] {dagbag.py:532} INFO - Filling up the DagBag from /home/airflow/.local/lib/python3.7/site-packages/airflow/example_dags/tutorial_taskflow_api.py
[2023-03-19T14:08:25.298+0000] {processor.py:753} INFO - DAG(s) dict_keys(['tutorial_taskflow_api']) retrieved from /home/airflow/.local/lib/python3.7/site-packages/airflow/example_dags/tutorial_taskflow_api.py
[2023-03-19T14:08:25.316+0000] {logging_mixin.py:137} INFO - [2023-03-19T14:08:25.316+0000] {dag.py:2693} INFO - Sync 1 DAGs
[2023-03-19T14:08:25.331+0000] {logging_mixin.py:137} INFO - [2023-03-19T14:08:25.331+0000] {dag.py:3444} INFO - Setting next_dagrun for tutorial_taskflow_api to None, run_after=None
[2023-03-19T14:08:25.340+0000] {processor.py:175} INFO - Processing /home/airflow/.local/lib/python3.7/site-packages/airflow/example_dags/tutorial_taskflow_api.py took 0.061 seconds
[2023-03-19T14:09:09.621+0000] {processor.py:153} INFO - Started process (PID=48) to work on /home/airflow/.local/lib/python3.7/site-packages/airflow/example_dags/tutorial_taskflow_api.py
[2023-03-19T14:09:09.623+0000] {processor.py:743} INFO - Processing file /home/airflow/.local/lib/python3.7/site-packages/airflow/example_dags/tutorial_taskflow_api.py for tasks to queue
[2023-03-19T14:09:09.624+0000] {logging_mixin.py:137} INFO - [2023-03-19T14:09:09.624+0000] {dagbag.py:532} INFO - Filling up the DagBag from /home/airflow/.local/lib/python3.7/site-packages/airflow/example_dags/tutorial_taskflow_api.py
[2023-03-19T14:09:09.683+0000] {processor.py:753} INFO - DAG(s) dict_keys(['tutorial_taskflow_api']) retrieved from /home/airflow/.local/lib/python3.7/site-packages/airflow/example_dags/tutorial_taskflow_api.py
[2023-03-19T14:09:09.722+0000] {logging_mixin.py:137} INFO - [2023-03-19T14:09:09.722+0000] {dag.py:2693} INFO - Sync 1 DAGs
[2023-03-19T14:09:09.783+0000] {logging_mixin.py:137} INFO - [2023-03-19T14:09:09.783+0000] {dag.py:3444} INFO - Setting next_dagrun for tutorial_taskflow_api to None, run_after=None
[2023-03-19T14:09:09.822+0000] {processor.py:175} INFO - Processing /home/airflow/.local/lib/python3.7/site-packages/airflow/example_dags/tutorial_taskflow_api.py took 0.213 seconds
[2023-03-19T14:09:40.331+0000] {processor.py:153} INFO - Started process (PID=97) to work on /home/airflow/.local/lib/python3.7/site-packages/airflow/example_dags/tutorial_taskflow_api.py
[2023-03-19T14:09:40.332+0000] {processor.py:743} INFO - Processing file /home/airflow/.local/lib/python3.7/site-packages/airflow/example_dags/tutorial_taskflow_api.py for tasks to queue
[2023-03-19T14:09:40.333+0000] {logging_mixin.py:137} INFO - [2023-03-19T14:09:40.333+0000] {dagbag.py:532} INFO - Filling up the DagBag from /home/airflow/.local/lib/python3.7/site-packages/airflow/example_dags/tutorial_taskflow_api.py
[2023-03-19T14:09:40.346+0000] {processor.py:753} INFO - DAG(s) dict_keys(['tutorial_taskflow_api']) retrieved from /home/airflow/.local/lib/python3.7/site-packages/airflow/example_dags/tutorial_taskflow_api.py
[2023-03-19T14:09:40.365+0000] {logging_mixin.py:137} INFO - [2023-03-19T14:09:40.365+0000] {dag.py:2693} INFO - Sync 1 DAGs
[2023-03-19T14:09:40.379+0000] {logging_mixin.py:137} INFO - [2023-03-19T14:09:40.379+0000] {dag.py:3444} INFO - Setting next_dagrun for tutorial_taskflow_api to None, run_after=None
[2023-03-19T14:09:40.389+0000] {processor.py:175} INFO - Processing /home/airflow/.local/lib/python3.7/site-packages/airflow/example_dags/tutorial_taskflow_api.py took 0.060 seconds
[2023-03-19T14:10:10.997+0000] {processor.py:153} INFO - Started process (PID=145) to work on /home/airflow/.local/lib/python3.7/site-packages/airflow/example_dags/tutorial_taskflow_api.py
[2023-03-19T14:10:10.998+0000] {processor.py:743} INFO - Processing file /home/airflow/.local/lib/python3.7/site-packages/airflow/example_dags/tutorial_taskflow_api.py for tasks to queue
[2023-03-19T14:10:10.998+0000] {logging_mixin.py:137} INFO - [2023-03-19T14:10:10.998+0000] {dagbag.py:532} INFO - Filling up the DagBag from /home/airflow/.local/lib/python3.7/site-packages/airflow/example_dags/tutorial_taskflow_api.py
[2023-03-19T14:10:11.011+0000] {processor.py:753} INFO - DAG(s) dict_keys(['tutorial_taskflow_api']) retrieved from /home/airflow/.local/lib/python3.7/site-packages/airflow/example_dags/tutorial_taskflow_api.py
[2023-03-19T14:10:11.029+0000] {logging_mixin.py:137} INFO - [2023-03-19T14:10:11.029+0000] {dag.py:2693} INFO - Sync 1 DAGs
[2023-03-19T14:10:11.044+0000] {logging_mixin.py:137} INFO - [2023-03-19T14:10:11.044+0000] {dag.py:3444} INFO - Setting next_dagrun for tutorial_taskflow_api to None, run_after=None
[2023-03-19T14:10:11.053+0000] {processor.py:175} INFO - Processing /home/airflow/.local/lib/python3.7/site-packages/airflow/example_dags/tutorial_taskflow_api.py took 0.059 seconds
[2023-03-19T14:10:42.071+0000] {processor.py:153} INFO - Started process (PID=194) to work on /home/airflow/.local/lib/python3.7/site-packages/airflow/example_dags/tutorial_taskflow_api.py
[2023-03-19T14:10:42.073+0000] {processor.py:743} INFO - Processing file /home/airflow/.local/lib/python3.7/site-packages/airflow/example_dags/tutorial_taskflow_api.py for tasks to queue
[2023-03-19T14:10:42.075+0000] {logging_mixin.py:137} INFO - [2023-03-19T14:10:42.074+0000] {dagbag.py:532} INFO - Filling up the DagBag from /home/airflow/.local/lib/python3.7/site-packages/airflow/example_dags/tutorial_taskflow_api.py
[2023-03-19T14:10:42.088+0000] {processor.py:753} INFO - DAG(s) dict_keys(['tutorial_taskflow_api']) retrieved from /home/airflow/.local/lib/python3.7/site-packages/airflow/example_dags/tutorial_taskflow_api.py
[2023-03-19T14:10:42.107+0000] {logging_mixin.py:137} INFO - [2023-03-19T14:10:42.106+0000] {dag.py:2693} INFO - Sync 1 DAGs
[2023-03-19T14:10:42.120+0000] {logging_mixin.py:137} INFO - [2023-03-19T14:10:42.120+0000] {dag.py:3444} INFO - Setting next_dagrun for tutorial_taskflow_api to None, run_after=None
[2023-03-19T14:10:42.130+0000] {processor.py:175} INFO - Processing /home/airflow/.local/lib/python3.7/site-packages/airflow/example_dags/tutorial_taskflow_api.py took 0.061 seconds
[2023-03-19T14:11:12.471+0000] {processor.py:153} INFO - Started process (PID=243) to work on /home/airflow/.local/lib/python3.7/site-packages/airflow/example_dags/tutorial_taskflow_api.py
[2023-03-19T14:11:12.472+0000] {processor.py:743} INFO - Processing file /home/airflow/.local/lib/python3.7/site-packages/airflow/example_dags/tutorial_taskflow_api.py for tasks to queue
[2023-03-19T14:11:12.473+0000] {logging_mixin.py:137} INFO - [2023-03-19T14:11:12.473+0000] {dagbag.py:532} INFO - Filling up the DagBag from /home/airflow/.local/lib/python3.7/site-packages/airflow/example_dags/tutorial_taskflow_api.py
[2023-03-19T14:11:12.485+0000] {processor.py:753} INFO - DAG(s) dict_keys(['tutorial_taskflow_api']) retrieved from /home/airflow/.local/lib/python3.7/site-packages/airflow/example_dags/tutorial_taskflow_api.py
[2023-03-19T14:11:12.502+0000] {logging_mixin.py:137} INFO - [2023-03-19T14:11:12.502+0000] {dag.py:2693} INFO - Sync 1 DAGs
[2023-03-19T14:11:12.516+0000] {logging_mixin.py:137} INFO - [2023-03-19T14:11:12.516+0000] {dag.py:3444} INFO - Setting next_dagrun for tutorial_taskflow_api to None, run_after=None
[2023-03-19T14:11:12.526+0000] {processor.py:175} INFO - Processing /home/airflow/.local/lib/python3.7/site-packages/airflow/example_dags/tutorial_taskflow_api.py took 0.057 seconds
[2023-03-19T14:11:42.915+0000] {processor.py:153} INFO - Started process (PID=292) to work on /home/airflow/.local/lib/python3.7/site-packages/airflow/example_dags/tutorial_taskflow_api.py
[2023-03-19T14:11:42.917+0000] {processor.py:743} INFO - Processing file /home/airflow/.local/lib/python3.7/site-packages/airflow/example_dags/tutorial_taskflow_api.py for tasks to queue
[2023-03-19T14:11:42.917+0000] {logging_mixin.py:137} INFO - [2023-03-19T14:11:42.917+0000] {dagbag.py:532} INFO - Filling up the DagBag from /home/airflow/.local/lib/python3.7/site-packages/airflow/example_dags/tutorial_taskflow_api.py
[2023-03-19T14:11:42.930+0000] {processor.py:753} INFO - DAG(s) dict_keys(['tutorial_taskflow_api']) retrieved from /home/airflow/.local/lib/python3.7/site-packages/airflow/example_dags/tutorial_taskflow_api.py
[2023-03-19T14:11:42.948+0000] {logging_mixin.py:137} INFO - [2023-03-19T14:11:42.948+0000] {dag.py:2693} INFO - Sync 1 DAGs
[2023-03-19T14:11:42.963+0000] {logging_mixin.py:137} INFO - [2023-03-19T14:11:42.963+0000] {dag.py:3444} INFO - Setting next_dagrun for tutorial_taskflow_api to None, run_after=None
[2023-03-19T14:11:42.971+0000] {processor.py:175} INFO - Processing /home/airflow/.local/lib/python3.7/site-packages/airflow/example_dags/tutorial_taskflow_api.py took 0.058 seconds
[2023-03-19T14:12:13.444+0000] {processor.py:153} INFO - Started process (PID=341) to work on /home/airflow/.local/lib/python3.7/site-packages/airflow/example_dags/tutorial_taskflow_api.py
[2023-03-19T14:12:13.445+0000] {processor.py:743} INFO - Processing file /home/airflow/.local/lib/python3.7/site-packages/airflow/example_dags/tutorial_taskflow_api.py for tasks to queue
[2023-03-19T14:12:13.446+0000] {logging_mixin.py:137} INFO - [2023-03-19T14:12:13.446+0000] {dagbag.py:532} INFO - Filling up the DagBag from /home/airflow/.local/lib/python3.7/site-packages/airflow/example_dags/tutorial_taskflow_api.py
[2023-03-19T14:12:13.462+0000] {processor.py:753} INFO - DAG(s) dict_keys(['tutorial_taskflow_api']) retrieved from /home/airflow/.local/lib/python3.7/site-packages/airflow/example_dags/tutorial_taskflow_api.py
[2023-03-19T14:12:13.496+0000] {logging_mixin.py:137} INFO - [2023-03-19T14:12:13.496+0000] {dag.py:2693} INFO - Sync 1 DAGs
[2023-03-19T14:12:13.533+0000] {logging_mixin.py:137} INFO - [2023-03-19T14:12:13.533+0000] {dag.py:3444} INFO - Setting next_dagrun for tutorial_taskflow_api to None, run_after=None
[2023-03-19T14:12:13.552+0000] {processor.py:175} INFO - Processing /home/airflow/.local/lib/python3.7/site-packages/airflow/example_dags/tutorial_taskflow_api.py took 0.111 seconds
